1934d6e2aee70d21f4a7d16c0d1ff2867764c085.c: In function ‘badfunc’:
1934d6e2aee70d21f4a7d16c0d1ff2867764c085.c:20:27: error: expected ‘;’ before ‘typedef’
   20 |     static const short ntf/* corpus/76efea38142c0ee9807e15d5d8a679ed_731_test2113538949.c */
      |                           ^
      |                           ;
In file included from /usr/include/stdio.h:859,
                 from /home/user42/data/csmith/runtime/platform_generic.h:39,
                 from /home/user42/data/csmith/runtime/random_inc.h:89,
                 from /home/user42/data/csmith/runtime/csmith.h:45,
                 from 1934d6e2aee70d21f4a7d16c0d1ff2867764c085.c:21:
/usr/include/x86_64-linux-gnu/bits/stdio.h:36:1: error: nested function ‘vprintf’ declared ‘extern’
   36 | vprintf (const char *__restrict __fmt, _G_va_list __arg)
      | ^~~~~~~
/usr/include/x86_64-linux-gnu/bits/stdio.h:36:1: error: static declaration of ‘vprintf’ follows non-static declaration
/usr/include/stdio.h:333:12: note: previous declaration of ‘vprintf’ with type ‘int(const char * restrict,  __va_list_tag *)’
  333 | extern int vprintf (const char *__restrict __format, _G_va_list __arg);
      |            ^~~~~~~
/usr/include/x86_64-linux-gnu/bits/stdio.h:44:1: error: nested function ‘getchar’ declared ‘extern’
   44 | getchar (void)
      | ^~~~~~~
/usr/include/x86_64-linux-gnu/bits/stdio.h:44:1: error: static declaration of ‘getchar’ follows non-static declaration
/usr/include/stdio.h:484:12: note: previous declaration of ‘getchar’ with type ‘int(void)’
  484 | extern int getchar (void);
      |            ^~~~~~~
/usr/include/x86_64-linux-gnu/bits/stdio.h:53:1: error: nested function ‘fgetc_unlocked’ declared ‘extern’
   53 | fgetc_unlocked (FILE *__fp)
      | ^~~~~~~~~~~~~~
/usr/include/x86_64-linux-gnu/bits/stdio.h:53:1: error: static declaration of ‘fgetc_unlocked’ follows non-static declaration
/usr/include/stdio.h:506:12: note: previous declaration of ‘fgetc_unlocked’ with type ‘int(FILE *)’
  506 | extern int fgetc_unlocked (FILE *__stream);
      |            ^~~~~~~~~~~~~~
/usr/include/x86_64-linux-gnu/bits/stdio.h:63:1: error: nested function ‘getc_unlocked’ declared ‘extern’
   63 | getc_unlocked (FILE *__fp)
      | ^~~~~~~~~~~~~
/usr/include/x86_64-linux-gnu/bits/stdio.h:63:1: error: static declaration of ‘getc_unlocked’ follows non-static declaration
/usr/include/stdio.h:495:12: note: previous declaration of ‘getc_unlocked’ with type ‘int(FILE *)’
  495 | extern int getc_unlocked (FILE *__stream);
      |            ^~~~~~~~~~~~~
/usr/include/x86_64-linux-gnu/bits/stdio.h:70:1: error: nested function ‘getchar_unlocked’ declared ‘extern’
   70 | getchar_unlocked (void)
      | ^~~~~~~~~~~~~~~~
/usr/include/x86_64-linux-gnu/bits/stdio.h:70:1: error: static declaration of ‘getchar_unlocked’ follows non-static declaration
/usr/include/stdio.h:496:12: note: previous declaration of ‘getchar_unlocked’ with type ‘int(void)’
  496 | extern int getchar_unlocked (void);
      |            ^~~~~~~~~~~~~~~~
/usr/include/x86_64-linux-gnu/bits/stdio.h:79:1: error: nested function ‘putchar’ declared ‘extern’
   79 | putchar (int __c)
      | ^~~~~~~
/usr/include/x86_64-linux-gnu/bits/stdio.h:79:1: error: static declaration of ‘putchar’ follows non-static declaration
/usr/include/stdio.h:524:12: note: previous declaration of ‘putchar’ with type ‘int(int)’
  524 | extern int putchar (int __c);
      |            ^~~~~~~
/usr/include/x86_64-linux-gnu/bits/stdio.h:88:1: error: nested function ‘fputc_unlocked’ declared ‘extern’
   88 | fputc_unlocked (int __c, FILE *__stream)
      | ^~~~~~~~~~~~~~
/usr/include/x86_64-linux-gnu/bits/stdio.h:88:1: error: static declaration of ‘fputc_unlocked’ follows non-static declaration
/usr/include/stdio.h:537:12: note: previous declaration of ‘fputc_unlocked’ with type ‘int(int,  FILE *)’
  537 | extern int fputc_unlocked (int __c, FILE *__stream);
      |            ^~~~~~~~~~~~~~
/usr/include/x86_64-linux-gnu/bits/stdio.h:98:1: error: nested function ‘putc_unlocked’ declared ‘extern’
   98 | putc_unlocked (int __c, FILE *__stream)
      | ^~~~~~~~~~~~~
/usr/include/x86_64-linux-gnu/bits/stdio.h:98:1: error: static declaration of ‘putc_unlocked’ follows non-static declaration
/usr/include/stdio.h:545:12: note: previous declaration of ‘putc_unlocked’ with type ‘int(int,  FILE *)’
  545 | extern int putc_unlocked (int __c, FILE *__stream);
      |            ^~~~~~~~~~~~~
/usr/include/x86_64-linux-gnu/bits/stdio.h:105:1: error: nested function ‘putchar_unlocked’ declared ‘extern’
  105 | putchar_unlocked (int __c)
      | ^~~~~~~~~~~~~~~~
/usr/include/x86_64-linux-gnu/bits/stdio.h:105:1: error: static declaration of ‘putchar_unlocked’ follows non-static declaration
/usr/include/stdio.h:546:12: note: previous declaration of ‘putchar_unlocked’ with type ‘int(int)’
  546 | extern int putchar_unlocked (int __c);
      |            ^~~~~~~~~~~~~~~~
In file included from /usr/include/features.h:424,
                 from /usr/include/x86_64-linux-gnu/bits/libc-header-start.h:33,
                 from /usr/include/string.h:26,
                 from /home/user42/data/csmith/runtime/csmith.h:40:
/usr/include/x86_64-linux-gnu/bits/stdio.h:125:1: error: nested function ‘feof_unlocked’ declared ‘extern’
  125 | __NTH (feof_unlocked (FILE *__stream))
      | ^~~~~
/usr/include/x86_64-linux-gnu/bits/stdio.h:125:1: error: static declaration of ‘feof_unlocked’ follows non-static declaration
/usr/include/stdio.h:766:12: note: previous declaration of ‘feof_unlocked’ with type ‘int(FILE *)’
  766 | extern int feof_unlocked (FILE *__stream) __THROW __wur;
      |            ^~~~~~~~~~~~~
/usr/include/x86_64-linux-gnu/bits/stdio.h:132:1: error: nested function ‘ferror_unlocked’ declared ‘extern’
  132 | __NTH (ferror_unlocked (FILE *__stream))
      | ^~~~~
/usr/include/x86_64-linux-gnu/bits/stdio.h:132:1: error: static declaration of ‘ferror_unlocked’ follows non-static declaration
/usr/include/stdio.h:767:12: note: previous declaration of ‘ferror_unlocked’ with type ‘int(FILE *)’
  767 | extern int ferror_unlocked (FILE *__stream) __THROW __wur;
      |            ^~~~~~~~~~~~~~~
/home/user42/data/csmith/runtime/platform_generic.h:43:1: error: invalid storage class for function ‘platform_main_begin’
   43 | platform_main_begin(void)
      | ^~~~~~~~~~~~~~~~~~~
/home/user42/data/csmith/runtime/platform_generic.h:49:1: error: invalid storage class for function ‘platform_main_end’
   49 | platform_main_end(uint32_t crc, int flag)
      | ^~~~~~~~~~~~~~~~~
/home/user42/data/csmith/runtime/random_inc.h:99:23: error: invalid storage class for function ‘safe_unary_minus_func_int8_t_s’
   99 | #define FUNC_NAME(x) (safe_##x)
      |                       ^~~~~
/home/user42/data/csmith/build/runtime/safe_math.h:14:1: note: in expansion of macro ‘FUNC_NAME’
   14 | FUNC_NAME(unary_minus_func_int8_t_s)(int8_t si LOG_INDEX)
      | ^~~~~~~~~
/home/user42/data/csmith/runtime/random_inc.h:99:23: error: invalid storage class for function ‘safe_add_func_int8_t_s_s’
   99 | #define FUNC_NAME(x) (safe_##x)
      |                       ^~~~~
/home/user42/data/csmith/build/runtime/safe_math.h:28:1: note: in expansion of macro ‘FUNC_NAME’
   28 | FUNC_NAME(add_func_int8_t_s_s)(int8_t si1, int8_t si2 LOG_INDEX)
      | ^~~~~~~~~
/home/user42/data/csmith/runtime/random_inc.h:99:23: error: invalid storage class for function ‘safe_sub_func_int8_t_s_s’
   99 | #define FUNC_NAME(x) (safe_##x)
      |                       ^~~~~
/home/user42/data/csmith/build/runtime/safe_math.h:42:1: note: in expansion of macro ‘FUNC_NAME’
   42 | FUNC_NAME(sub_func_int8_t_s_s)(int8_t si1, int8_t si2 LOG_INDEX)
      | ^~~~~~~~~
/home/user42/data/csmith/runtime/random_inc.h:99:23: error: invalid storage class for function ‘safe_mul_func_int8_t_s_s’
   99 | #define FUNC_NAME(x) (safe_##x)
      |                       ^~~~~
/home/user42/data/csmith/build/runtime/safe_math.h:56:1: note: in expansion of macro ‘FUNC_NAME’
   56 | FUNC_NAME(mul_func_int8_t_s_s)(int8_t si1, int8_t si2 LOG_INDEX)
      | ^~~~~~~~~
/home/user42/data/csmith/runtime/random_inc.h:99:23: error: invalid storage class for function ‘safe_mod_func_int8_t_s_s’
   99 | #define FUNC_NAME(x) (safe_##x)
      |                       ^~~~~
/home/user42/data/csmith/build/runtime/safe_math.h:70:1: note: in expansion of macro ‘FUNC_NAME’
   70 | FUNC_NAME(mod_func_int8_t_s_s)(int8_t si1, int8_t si2 LOG_INDEX)
      | ^~~~~~~~~
/home/user42/data/csmith/runtime/random_inc.h:99:23: error: invalid storage class for function ‘safe_div_func_int8_t_s_s’
   99 | #define FUNC_NAME(x) (safe_##x)
      |                       ^~~~~
/home/user42/data/csmith/build/runtime/safe_math.h:82:1: note: in expansion of macro ‘FUNC_NAME’
   82 | FUNC_NAME(div_func_int8_t_s_s)(int8_t si1, int8_t si2 LOG_INDEX)
      | ^~~~~~~~~
/home/user42/data/csmith/runtime/random_inc.h:99:23: error: invalid storage class for function ‘safe_lshift_func_int8_t_s_s’
   99 | #define FUNC_NAME(x) (safe_##x)
      |                       ^~~~~
/home/user42/data/csmith/build/runtime/safe_math.h:94:1: note: in expansion of macro ‘FUNC_NAME’
   94 | FUNC_NAME(lshift_func_int8_t_s_s)(int8_t left, int right LOG_INDEX)
      | ^~~~~~~~~
/home/user42/data/csmith/runtime/random_inc.h:99:23: error: invalid storage class for function ‘safe_lshift_func_int8_t_s_u’
   99 | #define FUNC_NAME(x) (safe_##x)
      |                       ^~~~~
/home/user42/data/csmith/build/runtime/safe_math.h:106:1: note: in expansion of macro ‘FUNC_NAME’
  106 | FUNC_NAME(lshift_func_int8_t_s_u)(int8_t left, unsigned int right LOG_INDEX)
      | ^~~~~~~~~
/home/user42/data/csmith/runtime/random_inc.h:99:23: error: invalid storage class for function ‘safe_rshift_func_int8_t_s_s’
   99 | #define FUNC_NAME(x) (safe_##x)
      |                       ^~~~~
/home/user42/data/csmith/build/runtime/safe_math.h:118:1: note: in expansion of macro ‘FUNC_NAME’
  118 | FUNC_NAME(rshift_func_int8_t_s_s)(int8_t left, int right LOG_INDEX)
      | ^~~~~~~~~
/home/user42/data/csmith/runtime/random_inc.h:99:23: error: invalid storage class for function ‘safe_rshift_func_int8_t_s_u’
   99 | #define FUNC_NAME(x) (safe_##x)
      |                       ^~~~~
/home/user42/data/csmith/build/runtime/safe_math.h:130:1: note: in expansion of macro ‘FUNC_NAME’
  130 | FUNC_NAME(rshift_func_int8_t_s_u)(int8_t left, unsigned int right LOG_INDEX)
      | ^~~~~~~~~
/home/user42/data/csmith/runtime/random_inc.h:99:23: error: invalid storage class for function ‘safe_unary_minus_func_int16_t_s’
   99 | #define FUNC_NAME(x) (safe_##x)
      |                       ^~~~~
/home/user42/data/csmith/build/runtime/safe_math.h:144:1: note: in expansion of macro ‘FUNC_NAME’
  144 | FUNC_NAME(unary_minus_func_int16_t_s)(int16_t si LOG_INDEX)
      | ^~~~~~~~~
/home/user42/data/csmith/runtime/random_inc.h:99:23: error: invalid storage class for function ‘safe_add_func_int16_t_s_s’
   99 | #define FUNC_NAME(x) (safe_##x)
      |                       ^~~~~
/home/user42/data/csmith/build/runtime/safe_math.h:158:1: note: in expansion of macro ‘FUNC_NAME’
  158 | FUNC_NAME(add_func_int16_t_s_s)(int16_t si1, int16_t si2 LOG_INDEX)
      | ^~~~~~~~~
/home/user42/data/csmith/runtime/random_inc.h:99:23: error: invalid storage class for function ‘safe_sub_func_int16_t_s_s’
   99 | #define FUNC_NAME(x) (safe_##x)
      |                       ^~~~~
/home/user42/data/csmith/build/runtime/safe_math.h:172:1: note: in expansion of macro ‘FUNC_NAME’
  172 | FUNC_NAME(sub_func_int16_t_s_s)(int16_t si1, int16_t si2 LOG_INDEX)
      | ^~~~~~~~~
/home/user42/data/csmith/runtime/random_inc.h:99:23: error: invalid storage class for function ‘safe_mul_func_int16_t_s_s’
   99 | #define FUNC_NAME(x) (safe_##x)
      |                       ^~~~~
/home/user42/data/csmith/build/runtime/safe_math.h:186:1: note: in expansion of macro ‘FUNC_NAME’
  186 | FUNC_NAME(mul_func_int16_t_s_s)(int16_t si1, int16_t si2 LOG_INDEX)
      | ^~~~~~~~~
/home/user42/data/csmith/runtime/random_inc.h:99:23: error: invalid storage class for function ‘safe_mod_func_int16_t_s_s’
   99 | #define FUNC_NAME(x) (safe_##x)
      |                       ^~~~~
/home/user42/data/csmith/build/runtime/safe_math.h:200:1: note: in expansion of macro ‘FUNC_NAME’
  200 | FUNC_NAME(mod_func_int16_t_s_s)(int16_t si1, int16_t si2 LOG_INDEX)
      | ^~~~~~~~~
/home/user42/data/csmith/runtime/random_inc.h:99:23: error: invalid storage class for function ‘safe_div_func_int16_t_s_s’
   99 | #define FUNC_NAME(x) (safe_##x)
      |                       ^~~~~
/home/user42/data/csmith/build/runtime/safe_math.h:212:1: note: in expansion of macro ‘FUNC_NAME’
  212 | FUNC_NAME(div_func_int16_t_s_s)(int16_t si1, int16_t si2 LOG_INDEX)
      | ^~~~~~~~~
/home/user42/data/csmith/runtime/random_inc.h:99:23: error: invalid storage class for function ‘safe_lshift_func_int16_t_s_s’
   99 | #define FUNC_NAME(x) (safe_##x)
      |                       ^~~~~
/home/user42/data/csmith/build/runtime/safe_math.h:224:1: note: in expansion of macro ‘FUNC_NAME’
  224 | FUNC_NAME(lshift_func_int16_t_s_s)(int16_t left, int right LOG_INDEX)
      | ^~~~~~~~~
/home/user42/data/csmith/runtime/random_inc.h:99:23: error: invalid storage class for function ‘safe_lshift_func_int16_t_s_u’
   99 | #define FUNC_NAME(x) (safe_##x)
      |                       ^~~~~
/home/user42/data/csmith/build/runtime/safe_math.h:236:1: note: in expansion of macro ‘FUNC_NAME’
  236 | FUNC_NAME(lshift_func_int16_t_s_u)(int16_t left, unsigned int right LOG_INDEX)
      | ^~~~~~~~~
/home/user42/data/csmith/runtime/random_inc.h:99:23: error: invalid storage class for function ‘safe_rshift_func_int16_t_s_s’
   99 | #define FUNC_NAME(x) (safe_##x)
      |                       ^~~~~
/home/user42/data/csmith/build/runtime/safe_math.h:248:1: note: in expansion of macro ‘FUNC_NAME’
  248 | FUNC_NAME(rshift_func_int16_t_s_s)(int16_t left, int right LOG_INDEX)
      | ^~~~~~~~~
/home/user42/data/csmith/runtime/random_inc.h:99:23: error: invalid storage class for function ‘safe_rshift_func_int16_t_s_u’
   99 | #define FUNC_NAME(x) (safe_##x)
      |                       ^~~~~
/home/user42/data/csmith/build/runtime/safe_math.h:260:1: note: in expansion of macro ‘FUNC_NAME’
  260 | FUNC_NAME(rshift_func_int16_t_s_u)(int16_t left, unsigned int right LOG_INDEX)
      | ^~~~~~~~~
/home/user42/data/csmith/runtime/random_inc.h:99:23: error: invalid storage class for function ‘safe_unary_minus_func_int32_t_s’
   99 | #define FUNC_NAME(x) (safe_##x)
      |                       ^~~~~
/home/user42/data/csmith/build/runtime/safe_math.h:274:1: note: in expansion of macro ‘FUNC_NAME’
  274 | FUNC_NAME(unary_minus_func_int32_t_s)(int32_t si LOG_INDEX)
      | ^~~~~~~~~
/home/user42/data/csmith/runtime/random_inc.h:99:23: error: invalid storage class for function ‘safe_add_func_int32_t_s_s’
   99 | #define FUNC_NAME(x) (safe_##x)
      |                       ^~~~~
/home/user42/data/csmith/build/runtime/safe_math.h:288:1: note: in expansion of macro ‘FUNC_NAME’
  288 | FUNC_NAME(add_func_int32_t_s_s)(int32_t si1, int32_t si2 LOG_INDEX)
      | ^~~~~~~~~
/home/user42/data/csmith/runtime/random_inc.h:99:23: error: invalid storage class for function ‘safe_sub_func_int32_t_s_s’
   99 | #define FUNC_NAME(x) (safe_##x)
      |                       ^~~~~
/home/user42/data/csmith/build/runtime/safe_math.h:302:1: note: in expansion of macro ‘FUNC_NAME’
  302 | FUNC_NAME(sub_func_int32_t_s_s)(int32_t si1, int32_t si2 LOG_INDEX)
      | ^~~~~~~~~
/home/user42/data/csmith/runtime/random_inc.h:99:23: error: invalid storage class for function ‘safe_mul_func_int32_t_s_s’
   99 | #define FUNC_NAME(x) (safe_##x)
      |                       ^~~~~
/home/user42/data/csmith/build/runtime/safe_math.h:316:1: note: in expansion of macro ‘FUNC_NAME’
  316 | FUNC_NAME(mul_func_int32_t_s_s)(int32_t si1, int32_t si2 LOG_INDEX)
      | ^~~~~~~~~
/home/user42/data/csmith/runtime/random_inc.h:99:23: error: invalid storage class for function ‘safe_mod_func_int32_t_s_s’
   99 | #define FUNC_NAME(x) (safe_##x)
      |                       ^~~~~
/home/user42/data/csmith/build/runtime/safe_math.h:330:1: note: in expansion of macro ‘FUNC_NAME’
  330 | FUNC_NAME(mod_func_int32_t_s_s)(int32_t si1, int32_t si2 LOG_INDEX)
      | ^~~~~~~~~
/home/user42/data/csmith/runtime/random_inc.h:99:23: error: invalid storage class for function ‘safe_div_func_int32_t_s_s’
   99 | #define FUNC_NAME(x) (safe_##x)
      |                       ^~~~~
/home/user42/data/csmith/build/runtime/safe_math.h:342:1: note: in expansion of macro ‘FUNC_NAME’
  342 | FUNC_NAME(div_func_int32_t_s_s)(int32_t si1, int32_t si2 LOG_INDEX)
      | ^~~~~~~~~
/home/user42/data/csmith/runtime/random_inc.h:99:23: error: invalid storage class for function ‘safe_lshift_func_int32_t_s_s’
   99 | #define FUNC_NAME(x) (safe_##x)
      |                       ^~~~~
/home/user42/data/csmith/build/runtime/safe_math.h:354:1: note: in expansion of macro ‘FUNC_NAME’
  354 | FUNC_NAME(lshift_func_int32_t_s_s)(int32_t left, int right LOG_INDEX)
      | ^~~~~~~~~
/home/user42/data/csmith/runtime/random_inc.h:99:23: error: invalid storage class for function ‘safe_lshift_func_int32_t_s_u’
   99 | #define FUNC_NAME(x) (safe_##x)
      |                       ^~~~~
/home/user42/data/csmith/build/runtime/safe_math.h:366:1: note: in expansion of macro ‘FUNC_NAME’
  366 | FUNC_NAME(lshift_func_int32_t_s_u)(int32_t left, unsigned int right LOG_INDEX)
      | ^~~~~~~~~
/home/user42/data/csmith/runtime/random_inc.h:99:23: error: invalid storage class for function ‘safe_rshift_func_int32_t_s_s’
   99 | #define FUNC_NAME(x) (safe_##x)
      |                       ^~~~~
/home/user42/data/csmith/build/runtime/safe_math.h:378:1: note: in expansion of macro ‘FUNC_NAME’
  378 | FUNC_NAME(rshift_func_int32_t_s_s)(int32_t left, int right LOG_INDEX)
      | ^~~~~~~~~
/home/user42/data/csmith/runtime/random_inc.h:99:23: error: invalid storage class for function ‘safe_rshift_func_int32_t_s_u’
   99 | #define FUNC_NAME(x) (safe_##x)
      |                       ^~~~~
/home/user42/data/csmith/build/runtime/safe_math.h:390:1: note: in expansion of macro ‘FUNC_NAME’
  390 | FUNC_NAME(rshift_func_int32_t_s_u)(int32_t left, unsigned int right LOG_INDEX)
      | ^~~~~~~~~
/home/user42/data/csmith/runtime/random_inc.h:99:23: error: invalid storage class for function ‘safe_unary_minus_func_int64_t_s’
   99 | #define FUNC_NAME(x) (safe_##x)
      |                       ^~~~~
/home/user42/data/csmith/build/runtime/safe_math.h:405:1: note: in expansion of macro ‘FUNC_NAME’
  405 | FUNC_NAME(unary_minus_func_int64_t_s)(int64_t si LOG_INDEX)
      | ^~~~~~~~~
/home/user42/data/csmith/runtime/random_inc.h:99:23: error: invalid storage class for function ‘safe_add_func_int64_t_s_s’
   99 | #define FUNC_NAME(x) (safe_##x)
      |                       ^~~~~
/home/user42/data/csmith/build/runtime/safe_math.h:419:1: note: in expansion of macro ‘FUNC_NAME’
  419 | FUNC_NAME(add_func_int64_t_s_s)(int64_t si1, int64_t si2 LOG_INDEX)
      | ^~~~~~~~~
/home/user42/data/csmith/runtime/random_inc.h:99:23: error: invalid storage class for function ‘safe_sub_func_int64_t_s_s’
   99 | #define FUNC_NAME(x) (safe_##x)
      |                       ^~~~~
/home/user42/data/csmith/build/runtime/safe_math.h:433:1: note: in expansion of macro ‘FUNC_NAME’
  433 | FUNC_NAME(sub_func_int64_t_s_s)(int64_t si1, int64_t si2 LOG_INDEX)
      | ^~~~~~~~~
/home/user42/data/csmith/runtime/random_inc.h:99:23: error: invalid storage class for function ‘safe_mul_func_int64_t_s_s’
   99 | #define FUNC_NAME(x) (safe_##x)
      |                       ^~~~~
/home/user42/data/csmith/build/runtime/safe_math.h:447:1: note: in expansion of macro ‘FUNC_NAME’
  447 | FUNC_NAME(mul_func_int64_t_s_s)(int64_t si1, int64_t si2 LOG_INDEX)
      | ^~~~~~~~~
/home/user42/data/csmith/runtime/random_inc.h:99:23: error: invalid storage class for function ‘safe_mod_func_int64_t_s_s’
   99 | #define FUNC_NAME(x) (safe_##x)
      |                       ^~~~~
/home/user42/data/csmith/build/runtime/safe_math.h:461:1: note: in expansion of macro ‘FUNC_NAME’
  461 | FUNC_NAME(mod_func_int64_t_s_s)(int64_t si1, int64_t si2 LOG_INDEX)
      | ^~~~~~~~~
/home/user42/data/csmith/runtime/random_inc.h:99:23: error: invalid storage class for function ‘safe_div_func_int64_t_s_s’
   99 | #define FUNC_NAME(x) (safe_##x)
      |                       ^~~~~
/home/user42/data/csmith/build/runtime/safe_math.h:473:1: note: in expansion of macro ‘FUNC_NAME’
  473 | FUNC_NAME(div_func_int64_t_s_s)(int64_t si1, int64_t si2 LOG_INDEX)
      | ^~~~~~~~~
/home/user42/data/csmith/runtime/random_inc.h:99:23: error: invalid storage class for function ‘safe_lshift_func_int64_t_s_s’
   99 | #define FUNC_NAME(x) (safe_##x)
      |                       ^~~~~
/home/user42/data/csmith/build/runtime/safe_math.h:485:1: note: in expansion of macro ‘FUNC_NAME’
  485 | FUNC_NAME(lshift_func_int64_t_s_s)(int64_t left, int right LOG_INDEX)
      | ^~~~~~~~~
/home/user42/data/csmith/runtime/random_inc.h:99:23: error: invalid storage class for function ‘safe_lshift_func_int64_t_s_u’
   99 | #define FUNC_NAME(x) (safe_##x)
      |                       ^~~~~
/home/user42/data/csmith/build/runtime/safe_math.h:497:1: note: in expansion of macro ‘FUNC_NAME’
  497 | FUNC_NAME(lshift_func_int64_t_s_u)(int64_t left, unsigned int right LOG_INDEX)
      | ^~~~~~~~~
/home/user42/data/csmith/runtime/random_inc.h:99:23: error: invalid storage class for function ‘safe_rshift_func_int64_t_s_s’
   99 | #define FUNC_NAME(x) (safe_##x)
      |                       ^~~~~
/home/user42/data/csmith/build/runtime/safe_math.h:509:1: note: in expansion of macro ‘FUNC_NAME’
  509 | FUNC_NAME(rshift_func_int64_t_s_s)(int64_t left, int right LOG_INDEX)
      | ^~~~~~~~~
/home/user42/data/csmith/runtime/random_inc.h:99:23: error: invalid storage class for function ‘safe_rshift_func_int64_t_s_u’
   99 | #define FUNC_NAME(x) (safe_##x)
      |                       ^~~~~
/home/user42/data/csmith/build/runtime/safe_math.h:521:1: note: in expansion of macro ‘FUNC_NAME’
  521 | FUNC_NAME(rshift_func_int64_t_s_u)(int64_t left, unsigned int right LOG_INDEX)
      | ^~~~~~~~~
/home/user42/data/csmith/runtime/random_inc.h:99:23: error: invalid storage class for function ‘safe_unary_minus_func_uint8_t_u’
   99 | #define FUNC_NAME(x) (safe_##x)
      |                       ^~~~~
/home/user42/data/csmith/build/runtime/safe_math.h:539:1: note: in expansion of macro ‘FUNC_NAME’
  539 | FUNC_NAME(unary_minus_func_uint8_t_u)(uint8_t ui LOG_INDEX)
      | ^~~~~~~~~
/home/user42/data/csmith/runtime/random_inc.h:99:23: error: invalid storage class for function ‘safe_add_func_uint8_t_u_u’
   99 | #define FUNC_NAME(x) (safe_##x)
      |                       ^~~~~
/home/user42/data/csmith/build/runtime/safe_math.h:546:1: note: in expansion of macro ‘FUNC_NAME’
  546 | FUNC_NAME(add_func_uint8_t_u_u)(uint8_t ui1, uint8_t ui2 LOG_INDEX)
      | ^~~~~~~~~
/home/user42/data/csmith/runtime/random_inc.h:99:23: error: invalid storage class for function ‘safe_sub_func_uint8_t_u_u’
   99 | #define FUNC_NAME(x) (safe_##x)
      |                       ^~~~~
/home/user42/data/csmith/build/runtime/safe_math.h:553:1: note: in expansion of macro ‘FUNC_NAME’
  553 | FUNC_NAME(sub_func_uint8_t_u_u)(uint8_t ui1, uint8_t ui2 LOG_INDEX)
      | ^~~~~~~~~
/home/user42/data/csmith/runtime/random_inc.h:99:23: error: invalid storage class for function ‘safe_mul_func_uint8_t_u_u’
   99 | #define FUNC_NAME(x) (safe_##x)
      |                       ^~~~~
/home/user42/data/csmith/build/runtime/safe_math.h:560:1: note: in expansion of macro ‘FUNC_NAME’
  560 | FUNC_NAME(mul_func_uint8_t_u_u)(uint8_t ui1, uint8_t ui2 LOG_INDEX)
      | ^~~~~~~~~
/home/user42/data/csmith/runtime/random_inc.h:99:23: error: invalid storage class for function ‘safe_mod_func_uint8_t_u_u’
   99 | #define FUNC_NAME(x) (safe_##x)
      |                       ^~~~~
/home/user42/data/csmith/build/runtime/safe_math.h:567:1: note: in expansion of macro ‘FUNC_NAME’
  567 | FUNC_NAME(mod_func_uint8_t_u_u)(uint8_t ui1, uint8_t ui2 LOG_INDEX)
      | ^~~~~~~~~
/home/user42/data/csmith/runtime/random_inc.h:99:23: error: invalid storage class for function ‘safe_div_func_uint8_t_u_u’
   99 | #define FUNC_NAME(x) (safe_##x)
      |                       ^~~~~
/home/user42/data/csmith/build/runtime/safe_math.h:579:1: note: in expansion of macro ‘FUNC_NAME’
  579 | FUNC_NAME(div_func_uint8_t_u_u)(uint8_t ui1, uint8_t ui2 LOG_INDEX)
      | ^~~~~~~~~
/home/user42/data/csmith/runtime/random_inc.h:99:23: error: invalid storage class for function ‘safe_lshift_func_uint8_t_u_s’
   99 | #define FUNC_NAME(x) (safe_##x)
      |                       ^~~~~
/home/user42/data/csmith/build/runtime/safe_math.h:591:1: note: in expansion of macro ‘FUNC_NAME’
  591 | FUNC_NAME(lshift_func_uint8_t_u_s)(uint8_t left, int right LOG_INDEX)
      | ^~~~~~~~~
/home/user42/data/csmith/runtime/random_inc.h:99:23: error: invalid storage class for function ‘safe_lshift_func_uint8_t_u_u’
   99 | #define FUNC_NAME(x) (safe_##x)
      |                       ^~~~~
/home/user42/data/csmith/build/runtime/safe_math.h:603:1: note: in expansion of macro ‘FUNC_NAME’
  603 | FUNC_NAME(lshift_func_uint8_t_u_u)(uint8_t left, unsigned int right LOG_INDEX)
      | ^~~~~~~~~
/home/user42/data/csmith/runtime/random_inc.h:99:23: error: invalid storage class for function ‘safe_rshift_func_uint8_t_u_s’
   99 | #define FUNC_NAME(x) (safe_##x)
      |                       ^~~~~
/home/user42/data/csmith/build/runtime/safe_math.h:615:1: note: in expansion of macro ‘FUNC_NAME’
  615 | FUNC_NAME(rshift_func_uint8_t_u_s)(uint8_t left, int right LOG_INDEX)
      | ^~~~~~~~~
/home/user42/data/csmith/runtime/random_inc.h:99:23: error: invalid storage class for function ‘safe_rshift_func_uint8_t_u_u’
   99 | #define FUNC_NAME(x) (safe_##x)
      |                       ^~~~~
/home/user42/data/csmith/build/runtime/safe_math.h:627:1: note: in expansion of macro ‘FUNC_NAME’
  627 | FUNC_NAME(rshift_func_uint8_t_u_u)(uint8_t left, unsigned int right LOG_INDEX)
      | ^~~~~~~~~
/home/user42/data/csmith/runtime/random_inc.h:99:23: error: invalid storage class for function ‘safe_unary_minus_func_uint16_t_u’
   99 | #define FUNC_NAME(x) (safe_##x)
      |                       ^~~~~
/home/user42/data/csmith/build/runtime/safe_math.h:641:1: note: in expansion of macro ‘FUNC_NAME’
  641 | FUNC_NAME(unary_minus_func_uint16_t_u)(uint16_t ui LOG_INDEX)
      | ^~~~~~~~~
/home/user42/data/csmith/runtime/random_inc.h:99:23: error: invalid storage class for function ‘safe_add_func_uint16_t_u_u’
   99 | #define FUNC_NAME(x) (safe_##x)
      |                       ^~~~~
/home/user42/data/csmith/build/runtime/safe_math.h:648:1: note: in expansion of macro ‘FUNC_NAME’
  648 | FUNC_NAME(add_func_uint16_t_u_u)(uint16_t ui1, uint16_t ui2 LOG_INDEX)
      | ^~~~~~~~~
/home/user42/data/csmith/runtime/random_inc.h:99:23: error: invalid storage class for function ‘safe_sub_func_uint16_t_u_u’
   99 | #define FUNC_NAME(x) (safe_##x)
      |                       ^~~~~
/home/user42/data/csmith/build/runtime/safe_math.h:655:1: note: in expansion of macro ‘FUNC_NAME’
  655 | FUNC_NAME(sub_func_uint16_t_u_u)(uint16_t ui1, uint16_t ui2 LOG_INDEX)
      | ^~~~~~~~~
/home/user42/data/csmith/runtime/random_inc.h:99:23: error: invalid storage class for function ‘safe_mul_func_uint16_t_u_u’
   99 | #define FUNC_NAME(x) (safe_##x)
      |                       ^~~~~
/home/user42/data/csmith/build/runtime/safe_math.h:662:1: note: in expansion of macro ‘FUNC_NAME’
  662 | FUNC_NAME(mul_func_uint16_t_u_u)(uint16_t ui1, uint16_t ui2 LOG_INDEX)
      | ^~~~~~~~~
/home/user42/data/csmith/runtime/random_inc.h:99:23: error: invalid storage class for function ‘safe_mod_func_uint16_t_u_u’
   99 | #define FUNC_NAME(x) (safe_##x)
      |                       ^~~~~
/home/user42/data/csmith/build/runtime/safe_math.h:669:1: note: in expansion of macro ‘FUNC_NAME’
  669 | FUNC_NAME(mod_func_uint16_t_u_u)(uint16_t ui1, uint16_t ui2 LOG_INDEX)
      | ^~~~~~~~~
/home/user42/data/csmith/runtime/random_inc.h:99:23: error: invalid storage class for function ‘safe_div_func_uint16_t_u_u’
   99 | #define FUNC_NAME(x) (safe_##x)
      |                       ^~~~~
/home/user42/data/csmith/build/runtime/safe_math.h:681:1: note: in expansion of macro ‘FUNC_NAME’
  681 | FUNC_NAME(div_func_uint16_t_u_u)(uint16_t ui1, uint16_t ui2 LOG_INDEX)
      | ^~~~~~~~~
/home/user42/data/csmith/runtime/random_inc.h:99:23: error: invalid storage class for function ‘safe_lshift_func_uint16_t_u_s’
   99 | #define FUNC_NAME(x) (safe_##x)
      |                       ^~~~~
/home/user42/data/csmith/build/runtime/safe_math.h:693:1: note: in expansion of macro ‘FUNC_NAME’
  693 | FUNC_NAME(lshift_func_uint16_t_u_s)(uint16_t left, int right LOG_INDEX)
      | ^~~~~~~~~
/home/user42/data/csmith/runtime/random_inc.h:99:23: error: invalid storage class for function ‘safe_lshift_func_uint16_t_u_u’
   99 | #define FUNC_NAME(x) (safe_##x)
      |                       ^~~~~
/home/user42/data/csmith/build/runtime/safe_math.h:705:1: note: in expansion of macro ‘FUNC_NAME’
  705 | FUNC_NAME(lshift_func_uint16_t_u_u)(uint16_t left, unsigned int right LOG_INDEX)
      | ^~~~~~~~~
/home/user42/data/csmith/runtime/random_inc.h:99:23: error: invalid storage class for function ‘safe_rshift_func_uint16_t_u_s’
   99 | #define FUNC_NAME(x) (safe_##x)
      |                       ^~~~~
/home/user42/data/csmith/build/runtime/safe_math.h:717:1: note: in expansion of macro ‘FUNC_NAME’
  717 | FUNC_NAME(rshift_func_uint16_t_u_s)(uint16_t left, int right LOG_INDEX)
      | ^~~~~~~~~
/home/user42/data/csmith/runtime/random_inc.h:99:23: error: invalid storage class for function ‘safe_rshift_func_uint16_t_u_u’
   99 | #define FUNC_NAME(x) (safe_##x)
      |                       ^~~~~
/home/user42/data/csmith/build/runtime/safe_math.h:729:1: note: in expansion of macro ‘FUNC_NAME’
  729 | FUNC_NAME(rshift_func_uint16_t_u_u)(uint16_t left, unsigned int right LOG_INDEX)
      | ^~~~~~~~~
/home/user42/data/csmith/runtime/random_inc.h:99:23: error: invalid storage class for function ‘safe_unary_minus_func_uint32_t_u’
   99 | #define FUNC_NAME(x) (safe_##x)
      |                       ^~~~~
/home/user42/data/csmith/build/runtime/safe_math.h:743:1: note: in expansion of macro ‘FUNC_NAME’
  743 | FUNC_NAME(unary_minus_func_uint32_t_u)(uint32_t ui LOG_INDEX)
      | ^~~~~~~~~
/home/user42/data/csmith/runtime/random_inc.h:99:23: error: invalid storage class for function ‘safe_add_func_uint32_t_u_u’
   99 | #define FUNC_NAME(x) (safe_##x)
      |                       ^~~~~
/home/user42/data/csmith/build/runtime/safe_math.h:750:1: note: in expansion of macro ‘FUNC_NAME’
  750 | FUNC_NAME(add_func_uint32_t_u_u)(uint32_t ui1, uint32_t ui2 LOG_INDEX)
      | ^~~~~~~~~
/home/user42/data/csmith/runtime/random_inc.h:99:23: error: invalid storage class for function ‘safe_sub_func_uint32_t_u_u’
   99 | #define FUNC_NAME(x) (safe_##x)
      |                       ^~~~~
/home/user42/data/csmith/build/runtime/safe_math.h:757:1: note: in expansion of macro ‘FUNC_NAME’
  757 | FUNC_NAME(sub_func_uint32_t_u_u)(uint32_t ui1, uint32_t ui2 LOG_INDEX)
      | ^~~~~~~~~
/home/user42/data/csmith/runtime/random_inc.h:99:23: error: invalid storage class for function ‘safe_mul_func_uint32_t_u_u’
   99 | #define FUNC_NAME(x) (safe_##x)
      |                       ^~~~~
/home/user42/data/csmith/build/runtime/safe_math.h:764:1: note: in expansion of macro ‘FUNC_NAME’
  764 | FUNC_NAME(mul_func_uint32_t_u_u)(uint32_t ui1, uint32_t ui2 LOG_INDEX)
      | ^~~~~~~~~
/home/user42/data/csmith/runtime/random_inc.h:99:23: error: invalid storage class for function ‘safe_mod_func_uint32_t_u_u’
   99 | #define FUNC_NAME(x) (safe_##x)
      |                       ^~~~~
/home/user42/data/csmith/build/runtime/safe_math.h:771:1: note: in expansion of macro ‘FUNC_NAME’
  771 | FUNC_NAME(mod_func_uint32_t_u_u)(uint32_t ui1, uint32_t ui2 LOG_INDEX)
      | ^~~~~~~~~
/home/user42/data/csmith/runtime/random_inc.h:99:23: error: invalid storage class for function ‘safe_div_func_uint32_t_u_u’
   99 | #define FUNC_NAME(x) (safe_##x)
      |                       ^~~~~
/home/user42/data/csmith/build/runtime/safe_math.h:783:1: note: in expansion of macro ‘FUNC_NAME’
  783 | FUNC_NAME(div_func_uint32_t_u_u)(uint32_t ui1, uint32_t ui2 LOG_INDEX)
      | ^~~~~~~~~
/home/user42/data/csmith/runtime/random_inc.h:99:23: error: invalid storage class for function ‘safe_lshift_func_uint32_t_u_s’
   99 | #define FUNC_NAME(x) (safe_##x)
      |                       ^~~~~
/home/user42/data/csmith/build/runtime/safe_math.h:795:1: note: in expansion of macro ‘FUNC_NAME’
  795 | FUNC_NAME(lshift_func_uint32_t_u_s)(uint32_t left, int right LOG_INDEX)
      | ^~~~~~~~~
/home/user42/data/csmith/runtime/random_inc.h:99:23: error: invalid storage class for function ‘safe_lshift_func_uint32_t_u_u’
   99 | #define FUNC_NAME(x) (safe_##x)
      |                       ^~~~~
/home/user42/data/csmith/build/runtime/safe_math.h:807:1: note: in expansion of macro ‘FUNC_NAME’
  807 | FUNC_NAME(lshift_func_uint32_t_u_u)(uint32_t left, unsigned int right LOG_INDEX)
      | ^~~~~~~~~
/home/user42/data/csmith/runtime/random_inc.h:99:23: error: invalid storage class for function ‘safe_rshift_func_uint32_t_u_s’
   99 | #define FUNC_NAME(x) (safe_##x)
      |                       ^~~~~
/home/user42/data/csmith/build/runtime/safe_math.h:819:1: note: in expansion of macro ‘FUNC_NAME’
  819 | FUNC_NAME(rshift_func_uint32_t_u_s)(uint32_t left, int right LOG_INDEX)
      | ^~~~~~~~~
/home/user42/data/csmith/runtime/random_inc.h:99:23: error: invalid storage class for function ‘safe_rshift_func_uint32_t_u_u’
   99 | #define FUNC_NAME(x) (safe_##x)
      |                       ^~~~~
/home/user42/data/csmith/build/runtime/safe_math.h:831:1: note: in expansion of macro ‘FUNC_NAME’
  831 | FUNC_NAME(rshift_func_uint32_t_u_u)(uint32_t left, unsigned int right LOG_INDEX)
      | ^~~~~~~~~
/home/user42/data/csmith/runtime/random_inc.h:99:23: error: invalid storage class for function ‘safe_unary_minus_func_uint64_t_u’
   99 | #define FUNC_NAME(x) (safe_##x)
      |                       ^~~~~
/home/user42/data/csmith/build/runtime/safe_math.h:846:1: note: in expansion of macro ‘FUNC_NAME’
  846 | FUNC_NAME(unary_minus_func_uint64_t_u)(uint64_t ui LOG_INDEX)
      | ^~~~~~~~~
/home/user42/data/csmith/runtime/random_inc.h:99:23: error: invalid storage class for function ‘safe_add_func_uint64_t_u_u’
   99 | #define FUNC_NAME(x) (safe_##x)
      |                       ^~~~~
/home/user42/data/csmith/build/runtime/safe_math.h:853:1: note: in expansion of macro ‘FUNC_NAME’
  853 | FUNC_NAME(add_func_uint64_t_u_u)(uint64_t ui1, uint64_t ui2 LOG_INDEX)
      | ^~~~~~~~~
/home/user42/data/csmith/runtime/random_inc.h:99:23: error: invalid storage class for function ‘safe_sub_func_uint64_t_u_u’
   99 | #define FUNC_NAME(x) (safe_##x)
      |                       ^~~~~
/home/user42/data/csmith/build/runtime/safe_math.h:860:1: note: in expansion of macro ‘FUNC_NAME’
  860 | FUNC_NAME(sub_func_uint64_t_u_u)(uint64_t ui1, uint64_t ui2 LOG_INDEX)
      | ^~~~~~~~~
/home/user42/data/csmith/runtime/random_inc.h:99:23: error: invalid storage class for function ‘safe_mul_func_uint64_t_u_u’
   99 | #define FUNC_NAME(x) (safe_##x)
      |                       ^~~~~
/home/user42/data/csmith/build/runtime/safe_math.h:867:1: note: in expansion of macro ‘FUNC_NAME’
  867 | FUNC_NAME(mul_func_uint64_t_u_u)(uint64_t ui1, uint64_t ui2 LOG_INDEX)
      | ^~~~~~~~~
/home/user42/data/csmith/runtime/random_inc.h:99:23: error: invalid storage class for function ‘safe_mod_func_uint64_t_u_u’
   99 | #define FUNC_NAME(x) (safe_##x)
      |                       ^~~~~
/home/user42/data/csmith/build/runtime/safe_math.h:874:1: note: in expansion of macro ‘FUNC_NAME’
  874 | FUNC_NAME(mod_func_uint64_t_u_u)(uint64_t ui1, uint64_t ui2 LOG_INDEX)
      | ^~~~~~~~~
/home/user42/data/csmith/runtime/random_inc.h:99:23: error: invalid storage class for function ‘safe_div_func_uint64_t_u_u’
   99 | #define FUNC_NAME(x) (safe_##x)
      |                       ^~~~~
/home/user42/data/csmith/build/runtime/safe_math.h:886:1: note: in expansion of macro ‘FUNC_NAME’
  886 | FUNC_NAME(div_func_uint64_t_u_u)(uint64_t ui1, uint64_t ui2 LOG_INDEX)
      | ^~~~~~~~~
/home/user42/data/csmith/runtime/random_inc.h:99:23: error: invalid storage class for function ‘safe_lshift_func_uint64_t_u_s’
   99 | #define FUNC_NAME(x) (safe_##x)
      |                       ^~~~~
/home/user42/data/csmith/build/runtime/safe_math.h:898:1: note: in expansion of macro ‘FUNC_NAME’
  898 | FUNC_NAME(lshift_func_uint64_t_u_s)(uint64_t left, int right LOG_INDEX)
      | ^~~~~~~~~
/home/user42/data/csmith/runtime/random_inc.h:99:23: error: invalid storage class for function ‘safe_lshift_func_uint64_t_u_u’
   99 | #define FUNC_NAME(x) (safe_##x)
      |                       ^~~~~
/home/user42/data/csmith/build/runtime/safe_math.h:910:1: note: in expansion of macro ‘FUNC_NAME’
  910 | FUNC_NAME(lshift_func_uint64_t_u_u)(uint64_t left, unsigned int right LOG_INDEX)
      | ^~~~~~~~~
/home/user42/data/csmith/runtime/random_inc.h:99:23: error: invalid storage class for function ‘safe_rshift_func_uint64_t_u_s’
   99 | #define FUNC_NAME(x) (safe_##x)
      |                       ^~~~~
/home/user42/data/csmith/build/runtime/safe_math.h:922:1: note: in expansion of macro ‘FUNC_NAME’
  922 | FUNC_NAME(rshift_func_uint64_t_u_s)(uint64_t left, int right LOG_INDEX)
      | ^~~~~~~~~
/home/user42/data/csmith/runtime/random_inc.h:99:23: error: invalid storage class for function ‘safe_rshift_func_uint64_t_u_u’
   99 | #define FUNC_NAME(x) (safe_##x)
      |                       ^~~~~
/home/user42/data/csmith/build/runtime/safe_math.h:934:1: note: in expansion of macro ‘FUNC_NAME’
  934 | FUNC_NAME(rshift_func_uint64_t_u_u)(uint64_t left, unsigned int right LOG_INDEX)
      | ^~~~~~~~~
/home/user42/data/csmith/runtime/random_inc.h:99:23: error: invalid storage class for function ‘safe_add_func_float_f_f’
   99 | #define FUNC_NAME(x) (safe_##x)
      |                       ^~~~~
/home/user42/data/csmith/build/runtime/safe_math.h:954:1: note: in expansion of macro ‘FUNC_NAME’
  954 | FUNC_NAME(add_func_float_f_f)(float sf1, float sf2 LOG_INDEX)
      | ^~~~~~~~~
/home/user42/data/csmith/runtime/random_inc.h:99:23: error: invalid storage class for function ‘safe_sub_func_float_f_f’
   99 | #define FUNC_NAME(x) (safe_##x)
      |                       ^~~~~
/home/user42/data/csmith/build/runtime/safe_math.h:966:1: note: in expansion of macro ‘FUNC_NAME’
  966 | FUNC_NAME(sub_func_float_f_f)(float sf1, float sf2 LOG_INDEX)
      | ^~~~~~~~~
/home/user42/data/csmith/runtime/random_inc.h:99:23: error: invalid storage class for function ‘safe_mul_func_float_f_f’
   99 | #define FUNC_NAME(x) (safe_##x)
      |                       ^~~~~
/home/user42/data/csmith/build/runtime/safe_math.h:978:1: note: in expansion of macro ‘FUNC_NAME’
  978 | FUNC_NAME(mul_func_float_f_f)(float sf1, float sf2 LOG_INDEX)
      | ^~~~~~~~~
/home/user42/data/csmith/runtime/random_inc.h:99:23: error: invalid storage class for function ‘safe_div_func_float_f_f’
   99 | #define FUNC_NAME(x) (safe_##x)
      |                       ^~~~~
/home/user42/data/csmith/build/runtime/safe_math.h:994:1: note: in expansion of macro ‘FUNC_NAME’
  994 | FUNC_NAME(div_func_float_f_f)(float sf1, float sf2 LOG_INDEX)
      | ^~~~~~~~~
/home/user42/data/csmith/runtime/random_inc.h:99:23: error: invalid storage class for function ‘safe_add_func_double_f_f’
   99 | #define FUNC_NAME(x) (safe_##x)
      |                       ^~~~~
/home/user42/data/csmith/build/runtime/safe_math.h:1013:1: note: in expansion of macro ‘FUNC_NAME’
 1013 | FUNC_NAME(add_func_double_f_f)(double sf1, double sf2 LOG_INDEX)
      | ^~~~~~~~~
/home/user42/data/csmith/runtime/random_inc.h:99:23: error: invalid storage class for function ‘safe_sub_func_double_f_f’
   99 | #define FUNC_NAME(x) (safe_##x)
      |                       ^~~~~
/home/user42/data/csmith/build/runtime/safe_math.h:1025:1: note: in expansion of macro ‘FUNC_NAME’
 1025 | FUNC_NAME(sub_func_double_f_f)(double sf1, double sf2 LOG_INDEX)
      | ^~~~~~~~~
/home/user42/data/csmith/runtime/random_inc.h:99:23: error: invalid storage class for function ‘safe_mul_func_double_f_f’
   99 | #define FUNC_NAME(x) (safe_##x)
      |                       ^~~~~
/home/user42/data/csmith/build/runtime/safe_math.h:1037:1: note: in expansion of macro ‘FUNC_NAME’
 1037 | FUNC_NAME(mul_func_double_f_f)(double sf1, double sf2 LOG_INDEX)
      | ^~~~~~~~~
/home/user42/data/csmith/runtime/random_inc.h:99:23: error: invalid storage class for function ‘safe_div_func_double_f_f’
   99 | #define FUNC_NAME(x) (safe_##x)
      |                       ^~~~~
/home/user42/data/csmith/build/runtime/safe_math.h:1053:1: note: in expansion of macro ‘FUNC_NAME’
 1053 | FUNC_NAME(div_func_double_f_f)(double sf1, double sf2 LOG_INDEX)
      | ^~~~~~~~~
/home/user42/data/csmith/runtime/random_inc.h:99:23: error: invalid storage class for function ‘safe_convert_func_float_to_int32_t’
   99 | #define FUNC_NAME(x) (safe_##x)
      |                       ^~~~~
/home/user42/data/csmith/build/runtime/safe_math.h:1194:1: note: in expansion of macro ‘FUNC_NAME’
 1194 | FUNC_NAME(convert_func_float_to_int32_t)(float sf1 LOG_INDEX)
      | ^~~~~~~~~
/home/user42/data/csmith/runtime/csmith.h:51:1: error: invalid storage class for function ‘crc32_gentab’
   51 | crc32_gentab (void)
      | ^~~~~~~~~~~~
/home/user42/data/csmith/runtime/csmith.h:71:1: error: invalid storage class for function ‘crc32_byte’
   71 | crc32_byte (uint8_t b) {
      | ^~~~~~~~~~
/home/user42/data/csmith/runtime/csmith.h:97:1: error: invalid storage class for function ‘crc32_8bytes’
   97 | crc32_8bytes (uint64_t val)
      | ^~~~~~~~~~~~
/home/user42/data/csmith/runtime/csmith.h:110:1: error: invalid storage class for function ‘transparent_crc’
  110 | transparent_crc (uint64_t val, char* vname, int flag)
      | ^~~~~~~~~~~~~~~
/home/user42/data/csmith/runtime/csmith.h:121:1: error: invalid storage class for function ‘transparent_crc_bytes’
  121 | transparent_crc_bytes (char *ptr, int nbytes, char* vname, int flag)
      | ^~~~~~~~~~~~~~~~~~~~~
1934d6e2aee70d21f4a7d16c0d1ff2867764c085.c:22:23: error: expected expression before ‘int’
   22 | static int32_t a=0, c=int ret = 0;
      |                       ^~~
1934d6e2aee70d21f4a7d16c0d1ff2867764c085.c:31:13: error: ‘superblock’ undeclared (first use in this function)
   31 |     extfunc(superblock);
      |             ^~~~~~~~~~
1934d6e2aee70d21f4a7d16c0d1ff2867764c085.c:31:13: note: each undeclared identifier is reported only once for each function it appears in
1934d6e2aee70d21f4a7d16c0d1ff2867764c085.c:29:9: error: label ‘done’ used but not defined
   29 |         goto done;
      |         ^~~~
1934d6e2aee70d21f4a7d16c0d1ff2867764c085.c: At top level:
1934d6e2aee70d21f4a7d16c0d1ff2867764c085.c:52:8: error: unknown type name ‘int32_t’
   52 | static int32_t a=0, c=0, b=0;
      |        ^~~~~~~
1934d6e2aee70d21f4a7d16c0d1ff2867764c085.c:53:1: error: unknown type name ‘int32_t’
   53 | int32_t d() {
      | ^~~~~~~
1934d6e2aee70d21f4a7d16c0d1ff2867764c085.c:22:1: note: ‘int32_t’ is defined in header ‘<stdint.h>’; did you forget to ‘#include <stdint.h>’?
   21 | #include "csmith.h"
  +++ |+#include <stdint.h>
   22 | static int32_t a=0, c=int ret = 0;
1934d6e2aee70d21f4a7d16c0d1ff2867764c085.c: In function ‘main’:
1934d6e2aee70d21f4a7d16c0d1ff2867764c085.c:63:3: error: ‘crc3’ undeclared (first use in this function)
   63 |   crc3,'F','S',0};
      |   ^~~~
1934d6e2aee70d21f4a7d16c0d1ff2867764c085.c:63:17: error: expected ‘;’ before ‘}’ token
   63 |   crc3,'F','S',0};
      |                 ^
      |                 ;
1934d6e2aee70d21f4a7d16c0d1ff2867764c085.c: At top level:
1934d6e2aee70d21f4a7d16c0d1ff2867764c085.c:68:5: error: expected identifier or ‘(’ before ‘if’
   68 |     if (extfunc())
      |     ^~
1934d6e2aee70d21f4a7d16c0d1ff2867764c085.c:70:5: error: conflicting types for ‘p’; have ‘int’
   70 |     p = (void *)extfunc();
      |     ^
1934d6e2aee70d21f4a7d16c0d1ff2867764c085.c:66:12: note: previous declaration of ‘p’ with type ‘short int *’
   66 |     short *p;
      |            ^
1934d6e2aee70d21f4a7d16c0d1ff2867764c085.c:71:5: error: expected identifier or ‘(’ before ‘if’
   71 |     if (p != 0)
      |     ^~
1934d6e2aee70d21f4a7d16c0d1ff2867764c085.c:74:5: error: ‘extfunc’ redeclared as different kind of symbol
   74 |     extfunc(superblock);
      |     ^~~~~~~
1934d6e2aee70d21f4a7d16c0d1ff2867764c085.c:2:8: note: previous declaration of ‘extfunc’ with type ‘long int (*)()’
    2 | long (*extfunc)();
      |        ^~~~~~~
1934d6e2aee70d21f4a7d16c0d1ff2867764c085.c:76:25: error: expected declaration specifiers or ‘...’ before numeric constant
   76 |     lstratform_main_end(0, 0);
      |                         ^
1934d6e2aee70d21f4a7d16c0d1ff2867764c085.c:76:28: error: expected declaration specifiers or ‘...’ before numeric constant
   76 |     lstratform_main_end(0, 0);
      |                            ^
1934d6e2aee70d21f4a7d16c0d1ff2867764c085.c:77:1: error: expected identifier or ‘(’ before ‘}’ token
   77 | }
      | ^
1934d6e2aee70d21f4a7d16c0d1ff2867764c085.c:92:1: error: unknown type name ‘urceLLVM’
   92 | urceLLVM */
      | ^~~~~~~~
1934d6e2aee70d21f4a7d16c0d1ff2867764c085.c:92:11: error: expected identifier or ‘(’ before ‘/’ token
   92 | urceLLVM */
      |           ^
1934d6e2aee70d21f4a7d16c0d1ff2867764c085.c: In function ‘badfunc’:
1934d6e2aee70d21f4a7d16c0d1ff2867764c085.c:25:9: internal compiler error: tree check: expected function_type or method_type, have error_mark in gimplify_call_expr, at gimplify.cc:3660
   25 |     if (extfunc())
      |         ^~~~~~~~~
0x7e3fd0 tree_check_failed(tree_node const*, char const*, int, char const*, ...)
	.././../gcc-source/gcc/tree.cc:8688
0x725154 tree_check2(tree_node*, char const*, int, char const*, tree_code, tree_code)
	.././../gcc-source/gcc/tree.h:3469
0x725154 gimplify_call_expr
	.././../gcc-source/gcc/gimplify.cc:3660
0xc2b877 gimplify_expr(tree_node**, gimple**, gimple**, bool (*)(tree_node*), int)
	.././../gcc-source/gcc/gimplify.cc:15028
0xc2ad71 gimplify_expr(tree_node**, gimple**, gimple**, bool (*)(tree_node*), int)
	.././../gcc-source/gcc/gimplify.cc:15833
0xc3a02b gimplify_cond_expr
	.././../gcc-source/gcc/gimplify.cc:4404
0xc2b840 gimplify_expr(tree_node**, gimple**, gimple**, bool (*)(tree_node*), int)
	.././../gcc-source/gcc/gimplify.cc:15013
0xc2e7f6 gimplify_stmt(tree_node**, gimple**)
	.././../gcc-source/gcc/gimplify.cc:7111
0xc2b8eb gimplify_statement_list
	.././../gcc-source/gcc/gimplify.cc:2019
0xc2b8eb gimplify_expr(tree_node**, gimple**, gimple**, bool (*)(tree_node*), int)
	.././../gcc-source/gcc/gimplify.cc:15501
0xc2e7f6 gimplify_stmt(tree_node**, gimple**)
	.././../gcc-source/gcc/gimplify.cc:7111
0xc2efb4 gimplify_bind_expr
	.././../gcc-source/gcc/gimplify.cc:1428
0xc2b891 gimplify_expr(tree_node**, gimple**, gimple**, bool (*)(tree_node*), int)
	.././../gcc-source/gcc/gimplify.cc:15257
0xc3d02f gimplify_stmt(tree_node**, gimple**)
	.././../gcc-source/gcc/gimplify.cc:7111
0xc3d02f gimplify_body(tree_node*, bool)
	.././../gcc-source/gcc/gimplify.cc:16313
0xc3d47d gimplify_function_tree(tree_node*)
	.././../gcc-source/gcc/gimplify.cc:16467
0xa691f7 cgraph_node::analyze()
	.././../gcc-source/gcc/cgraphunit.cc:675
0xa6be47 analyze_functions
	.././../gcc-source/gcc/cgraphunit.cc:1240
0xa6cacd symbol_table::finalize_compilation_unit()
	.././../gcc-source/gcc/cgraphunit.cc:2500
Please submit a full bug report, with preprocessed source (by using -freport-bug).
Please include the complete backtrace with any bug report.
See <https://gcc.gnu.org/bugs/> for instructions.
