/home/user42/directed-compiler-fuzzing-code/scripts/8-crash-testing/input/segment_17/270a61b57fc443cfbfc2788135e360d8447f7f15.c:2:13: error: redefinition of 'abort' as different kind of symbol
extern void abort<U+0019>(void);
            ^
/home/user42/directed-compiler-fuzzing-code/scripts/8-crash-testing/input/segment_17/270a61b57fc443cfbfc2788135e360d8447f7f15.c:2:13: note: unguarded header; consider using #ifdef guards or #pragma once
/home/user42/directed-compiler-fuzzing-code/scripts/8-crash-testing/input/segment_17/270a61b57fc443cfbfc2788135e360d8447f7f15.c:2:13: note: previous definition is here
/home/user42/directed-compiler-fuzzing-code/scripts/8-crash-testing/input/segment_17/270a61b57fc443cfbfc2788135e360d8447f7f15.c:2:18: error: expected ';' after top level declarator
extern void abort<U+0019>(void);
                 ^
                 ;
/home/user42/directed-compiler-fuzzing-code/scripts/8-crash-testing/input/segment_17/270a61b57fc443cfbfc2788135e360d8447f7f15.c:31:3: error: unknown type name 'cn'
  cn void abort<U+0019>(void);
  ^
/home/user42/directed-compiler-fuzzing-code/scripts/8-crash-testing/input/segment_17/270a61b57fc443cfbfc2788135e360d8447f7f15.c:31:16: error: expected ';' at end of declaration list
  cn void abort<U+0019>(void);
               ^
               ;
/home/user42/directed-compiler-fuzzing-code/scripts/8-crash-testing/input/segment_17/270a61b57fc443cfbfc2788135e360d8447f7f15.c:32:1: error: type name does not allow storage class to be specified
extern void exit (int);
^
/home/user42/directed-compiler-fuzzing-code/scripts/8-crash-testing/input/segment_17/270a61b57fc443cfbfc2788135e360d8447f7f15.c:34:19: error: expected ';' at end of declaration list
int sub1 (int val)
                  ^
                  ;
/home/user42/directed-compiler-fuzzing-code/scripts/8-crash-testing/input/segment_17/270a61b57fc443cfbfc2788135e360d8447f7f15.c:65:18: error: source file is not valid UTF-8
} __attribute__ 2<EC><U+0005><E6><FD><U+007F><U+0000><U+0000>)) b_struct;
                 ^
/home/user42/directed-compiler-fuzzing-code/scripts/8-crash-testing/input/segment_17/270a61b57fc443cfbfc2788135e360d8447f7f15.c:65:20: error: source file is not valid UTF-8
} __attribute__ 2<EC><U+0005><E6><FD><U+007F><U+0000><U+0000>)) b_struct;
                             ^
/home/user42/directed-compiler-fuzzing-code/scripts/8-crash-testing/input/segment_17/270a61b57fc443cfbfc2788135e360d8447f7f15.c:65:21: error: source file is not valid UTF-8
} __attribute__ 2<EC><U+0005><E6><FD><U+007F><U+0000><U+0000>)) b_struct;
                                 ^
/home/user42/directed-compiler-fuzzing-code/scripts/8-crash-testing/input/segment_17/270a61b57fc443cfbfc2788135e360d8447f7f15.c:65:23: warning: null character ignored [-Wnull-character]
} __attribute__ 2<EC><U+0005><E6><FD><U+007F><U+0000><U+0000>)) b_struct;
                                             ^
/home/user42/directed-compiler-fuzzing-code/scripts/8-crash-testing/input/segment_17/270a61b57fc443cfbfc2788135e360d8447f7f15.c:65:24: warning: null character ignored [-Wnull-character]
} __attribute__ 2<EC><U+0005><E6><FD><U+007F><U+0000><U+0000>)) b_struct;
                                                     ^
/home/user42/directed-compiler-fuzzing-code/scripts/8-crash-testing/input/segment_17/270a61b57fc443cfbfc2788135e360d8447f7f15.c:110:17: error: type name requires a specifier or qualifier
  s2848.a = 40id);
                ^
/home/user42/directed-compiler-fuzzing-code/scripts/8-crash-testing/input/segment_17/270a61b57fc443cfbfc2788135e360d8447f7f15.c:110:17: error: expected member name or ';' after declaration specifiers
/home/user42/directed-compiler-fuzzing-code/scripts/8-crash-testing/input/segment_17/270a61b57fc443cfbfc2788135e360d8447f7f15.c:110:17: error: expected ';' at end of declaration list
  s2848.a = 40id);
                ^
                ;
/home/user42/directed-compiler-fuzzing-code/scripts/8-crash-testing/input/segment_17/270a61b57fc443cfbfc2788135e360d8447f7f15.c:112:1: warning: declaration does not declare anything [-Wmissing-declarations]
struct S2848
^
/home/user42/directed-compiler-fuzzing-code/scripts/8-crash-testing/input/segment_17/270a61b57fc443cfbfc2788135e360d8447f7f15.c:125:22: warning: 'noinline' attribute only applies to functions [-Wignored-attributes]
void  __attribute__((noinline))
                     ^
/home/user42/directed-compiler-fuzzing-code/scripts/8-crash-testing/input/segment_17/270a61b57fc443cfbfc2788135e360d8447f7f15.c:126:25: error: expected ';' at end of declaration list
check2848va (int z, ...)
                        ^
                        ;
/home/user42/directed-compiler-fuzzing-code/scripts/8-crash-testing/input/segment_17/270a61b57fc443cfbfc2788135e360d8447f7f15.c:161:21: error: field has incomplete type 'struct s'
  struct { struct s b; int c; } d;
                    ^
/home/user42/directed-compiler-fuzzing-code/scripts/8-crash-testing/input/segment_17/270a61b57fc443cfbfc2788135e360d8447f7f15.c:161:19: note: forward declaration of 'struct s'
  struct { struct s b; int c; } d;
                  ^
/home/user42/directed-compiler-fuzzing-code/scripts/8-crash-testing/input/segment_17/270a61b57fc443cfbfc2788135e360d8447f7f15.c:162:28: error: field has incomplete type 'struct s'
  struct { int c; struct s b; } e;
                           ^
/home/user42/directed-compiler-fuzzing-code/scripts/8-crash-testing/input/segment_17/270a61b57fc443cfbfc2788135e360d8447f7f15.c:161:19: note: forward declaration of 'struct s'
  struct { struct s b; int c; } d;
                  ^
/home/user42/directed-compiler-fuzzing-code/scripts/8-crash-testing/input/segment_17/270a61b57fc443cfbfc2788135e360d8447f7f15.c:165:1: error: type name does not allow storage class to be specified
static union u v;
^
/home/user42/directed-compiler-fuzzing-code/scripts/8-crash-testing/input/segment_17/270a61b57fc443cfbfc2788135e360d8447f7f15.c:166:1: error: type name does not allow storage class to be specified
static struct s *p = &v.d.b;
^
/home/user42/directed-compiler-fuzzing-code/scripts/8-crash-testing/input/segment_17/270a61b57fc443cfbfc2788135e360d8447f7f15.c:166:19: error: expected ';' at end of declaration list
static struct s *p = &v.d.b;
                  ^
                  ;
/home/user42/directed-compiler-fuzzing-code/scripts/8-crash-testing/input/segment_17/270a61b57fc443cfbfc2788135e360d8447f7f15.c:167:1: error: type name does not allow storage class to be specified
static struct s *q = &v.e f<FF><FF><FF><FF><FF><FF><FF><FF><FF><FF><FF>(0);
^
fatal error: too many errors emitted, stopping now [-ferror-limit=]
PLEASE submit a bug report to https://bugs.llvm.org/ and include the crash backtrace, preprocessed source, and associated run script.
Stack dump:
0.	Program arguments: /usr/lib/llvm-12/bin/clang -cc1 -triple x86_64-pc-linux-gnu -emit-obj -mrelax-all --mrelax-relocations -disable-free -disable-llvm-verifier -discard-value-names -main-file-name 270a61b57fc443cfbfc2788135e360d8447f7f15-1ea0fc.c -mrelocation-model static -mframe-pointer=all -fmath-errno -fno-rounding-math -mconstructor-aliases -munwind-tables -target-cpu x86-64 -tune-cpu generic -fno-split-dwarf-inlining -debugger-tuning=gdb -resource-dir /usr/lib/llvm-12/lib/clang/12.0.1 -internal-isystem /usr/local/include -internal-isystem /usr/lib/llvm-12/lib/clang/12.0.1/include -internal-externc-isystem /usr/include/x86_64-linux-gnu -internal-externc-isystem /include -internal-externc-isystem /usr/include -O0 -fdebug-compilation-dir /home/user42/cf_5_crash_15082022/llvm -ferror-limit 19 -fgnuc-version=4.2.1 -faddrsig -o /tmp/270a61b57fc443cfbfc2788135e360d8447f7f15-1ea0fc-208219.o -x c 270a61b57fc443cfbfc2788135e360d8447f7f15-1ea0fc.c
1.	/home/user42/directed-compiler-fuzzing-code/scripts/8-crash-testing/input/segment_17/270a61b57fc443cfbfc2788135e360d8447f7f15.c:418:17: current parser token ';'
2.	/home/user42/directed-compiler-fuzzing-code/scripts/8-crash-testing/input/segment_17/270a61b57fc443cfbfc2788135e360d8447f7f15.c:11:1: parsing function body 'testcond'
3.	/home/user42/directed-compiler-fuzzing-code/scripts/8-crash-testing/input/segment_17/270a61b57fc443cfbfc2788135e360d8447f7f15.c:11:1: in compound statement ('{}')
4.	/home/user42/directed-compiler-fuzzing-code/scripts/8-crash-testing/input/segment_17/270a61b57fc443cfbfc2788135e360d8447f7f15.c:14:5: in compound statement ('{}')
5.	/home/user42/directed-compiler-fuzzing-code/scripts/8-crash-testing/input/segment_17/270a61b57fc443cfbfc2788135e360d8447f7f15.c:416:1: parsing struct/union body
 #0 0x00007f295a75b001 llvm::sys::PrintStackTrace(llvm::raw_ostream&, int) (/usr/lib/x86_64-linux-gnu/libLLVM-12.so.1+0xd1a001)
 #1 0x00007f295a759140 llvm::sys::RunSignalHandlers() (/usr/lib/x86_64-linux-gnu/libLLVM-12.so.1+0xd18140)
 #2 0x00007f295a75b712 (/usr/lib/x86_64-linux-gnu/libLLVM-12.so.1+0xd1a712)
 #3 0x00007f2962371980 __restore_rt (/lib/x86_64-linux-gnu/libpthread.so.0+0x12980)
 #4 0x00007f2960132368 clang::DeclContext::addHiddenDecl(clang::Decl*) (/usr/lib/x86_64-linux-gnu/libclang-cpp.so.12+0xb74368)
 #5 0x00007f2960132409 clang::DeclContext::addDecl(clang::Decl*) (/usr/lib/x86_64-linux-gnu/libclang-cpp.so.12+0xb74409)
 #6 0x00007f29606b7532 clang::Sema::PushOnScopeChains(clang::NamedDecl*, clang::Scope*, bool) (/usr/lib/x86_64-linux-gnu/libclang-cpp.so.12+0x10f9532)
 #7 0x00007f29606ee95c clang::Sema::HandleField(clang::Scope*, clang::RecordDecl*, clang::SourceLocation, clang::Declarator&, clang::Expr*, clang::InClassInitStyle, clang::AccessSpecifier) (/usr/lib/x86_64-linux-gnu/libclang-cpp.so.12+0x113095c)
 #8 0x00007f29606ee52a clang::Sema::ActOnField(clang::Scope*, clang::Decl*, clang::SourceLocation, clang::Declarator&, clang::Expr*) (/usr/lib/x86_64-linux-gnu/libclang-cpp.so.12+0x113052a)
 #9 0x00007f295ff2ab4e (/usr/lib/x86_64-linux-gnu/libclang-cpp.so.12+0x96cb4e)
#10 0x00007f295ff1f752 clang::Parser::ParseStructDeclaration(clang::ParsingDeclSpec&, llvm::function_ref<void (clang::ParsingFieldDeclarator&)>) (/usr/lib/x86_64-linux-gnu/libclang-cpp.so.12+0x961752)
#11 0x00007f295ff1fd29 clang::Parser::ParseStructUnionBody(clang::SourceLocation, clang::TypeSpecifierType, clang::RecordDecl*) (/usr/lib/x86_64-linux-gnu/libclang-cpp.so.12+0x961d29)
#12 0x00007f295ff33648 clang::Parser::ParseClassSpecifier(clang::tok::TokenKind, clang::SourceLocation, clang::DeclSpec&, clang::Parser::ParsedTemplateInfo const&, clang::AccessSpecifier, bool, clang::Parser::DeclSpecContext, clang::Parser::ParsedAttributesWithRange&) (/usr/lib/x86_64-linux-gnu/libclang-cpp.so.12+0x975648)
#13 0x00007f295ff133de clang::Parser::ParseDeclarationSpecifiers(clang::DeclSpec&, clang::Parser::ParsedTemplateInfo const&, clang::AccessSpecifier, clang::Parser::DeclSpecContext, clang::Parser::LateParsedAttrList*) (/usr/lib/x86_64-linux-gnu/libclang-cpp.so.12+0x9553de)
#14 0x00007f295ff12e26 clang::Parser::ParseSimpleDeclaration(clang::DeclaratorContext, clang::SourceLocation&, clang::Parser::ParsedAttributesWithRange&, bool, clang::Parser::ForRangeInit*, clang::SourceLocation*) (/usr/lib/x86_64-linux-gnu/libclang-cpp.so.12+0x954e26)
#15 0x00007f295ff12bf7 clang::Parser::ParseDeclaration(clang::DeclaratorContext, clang::SourceLocation&, clang::Parser::ParsedAttributesWithRange&, clang::SourceLocation*) (/usr/lib/x86_64-linux-gnu/libclang-cpp.so.12+0x954bf7)
#16 0x00007f295ff9d503 clang::Parser::ParseStatementOrDeclarationAfterAttributes(llvm::SmallVector<clang::Stmt*, 32u>&, clang::Parser::ParsedStmtContext, clang::SourceLocation*, clang::Parser::ParsedAttributesWithRange&) (/usr/lib/x86_64-linux-gnu/libclang-cpp.so.12+0x9df503)
#17 0x00007f295ff9c7ed clang::Parser::ParseStatementOrDeclaration(llvm::SmallVector<clang::Stmt*, 32u>&, clang::Parser::ParsedStmtContext, clang::SourceLocation*) (/usr/lib/x86_64-linux-gnu/libclang-cpp.so.12+0x9de7ed)
#18 0x00007f295ffa4880 clang::Parser::ParseCompoundStatementBody(bool) (/usr/lib/x86_64-linux-gnu/libclang-cpp.so.12+0x9e6880)
#19 0x00007f295ff9d216 clang::Parser::ParseStatementOrDeclarationAfterAttributes(llvm::SmallVector<clang::Stmt*, 32u>&, clang::Parser::ParsedStmtContext, clang::SourceLocation*, clang::Parser::ParsedAttributesWithRange&) (/usr/lib/x86_64-linux-gnu/libclang-cpp.so.12+0x9df216)
#20 0x00007f295ff9c7ed clang::Parser::ParseStatementOrDeclaration(llvm::SmallVector<clang::Stmt*, 32u>&, clang::Parser::ParsedStmtContext, clang::SourceLocation*) (/usr/lib/x86_64-linux-gnu/libclang-cpp.so.12+0x9de7ed)
#21 0x00007f295ffa4880 clang::Parser::ParseCompoundStatementBody(bool) (/usr/lib/x86_64-linux-gnu/libclang-cpp.so.12+0x9e6880)
#22 0x00007f295ffa57a0 clang::Parser::ParseFunctionStatementBody(clang::Decl*, clang::Parser::ParseScope&) (/usr/lib/x86_64-linux-gnu/libclang-cpp.so.12+0x9e77a0)
#23 0x00007f295ffbe9e3 clang::Parser::ParseFunctionDefinition(clang::ParsingDeclarator&, clang::Parser::ParsedTemplateInfo const&, clang::Parser::LateParsedAttrList*) (/usr/lib/x86_64-linux-gnu/libclang-cpp.so.12+0xa009e3)
#24 0x00007f295ff18fb0 clang::Parser::ParseDeclGroup(clang::ParsingDeclSpec&, clang::DeclaratorContext, clang::SourceLocation*, clang::Parser::ForRangeInit*) (/usr/lib/x86_64-linux-gnu/libclang-cpp.so.12+0x95afb0)
#25 0x00007f295ffbdc0d clang::Parser::ParseDeclOrFunctionDefInternal(clang::Parser::ParsedAttributesWithRange&, clang::ParsingDeclSpec&, clang::AccessSpecifier) (/usr/lib/x86_64-linux-gnu/libclang-cpp.so.12+0x9ffc0d)
#26 0x00007f295ffbd600 clang::Parser::ParseDeclarationOrFunctionDefinition(clang::Parser::ParsedAttributesWithRange&, clang::ParsingDeclSpec*, clang::AccessSpecifier) (/usr/lib/x86_64-linux-gnu/libclang-cpp.so.12+0x9ff600)
#27 0x00007f295ffbc6f5 clang::Parser::ParseExternalDeclaration(clang::Parser::ParsedAttributesWithRange&, clang::ParsingDeclSpec*) (/usr/lib/x86_64-linux-gnu/libclang-cpp.so.12+0x9fe6f5)
#28 0x00007f295ffbae64 clang::Parser::ParseTopLevelDecl(clang::OpaquePtr<clang::DeclGroupRef>&, bool) (/usr/lib/x86_64-linux-gnu/libclang-cpp.so.12+0x9fce64)
#29 0x00007f295ff01f5d clang::ParseAST(clang::Sema&, bool, bool) (/usr/lib/x86_64-linux-gnu/libclang-cpp.so.12+0x943f5d)
#30 0x00007f2960e593b3 clang::CodeGenAction::ExecuteAction() (/usr/lib/x86_64-linux-gnu/libclang-cpp.so.12+0x189b3b3)
#31 0x00007f296158e446 clang::FrontendAction::Execute() (/usr/lib/x86_64-linux-gnu/libclang-cpp.so.12+0x1fd0446)
#32 0x00007f2961517c11 clang::CompilerInstance::ExecuteAction(clang::FrontendAction&) (/usr/lib/x86_64-linux-gnu/libclang-cpp.so.12+0x1f59c11)
#33 0x00007f29615f5576 clang::ExecuteCompilerInvocation(clang::CompilerInstance*) (/usr/lib/x86_64-linux-gnu/libclang-cpp.so.12+0x2037576)
#34 0x0000000000412a7a cc1_main(llvm::ArrayRef<char const*>, char const*, void*) (/usr/lib/llvm-12/bin/clang+0x412a7a)
#35 0x0000000000410dbf (/usr/lib/llvm-12/bin/clang+0x410dbf)
#36 0x0000000000410bb6 main (/usr/lib/llvm-12/bin/clang+0x410bb6)
#37 0x00007f2958caec87 __libc_start_main (/lib/x86_64-linux-gnu/libc.so.6+0x21c87)
#38 0x000000000040ddfa _start (/usr/lib/llvm-12/bin/clang+0x40ddfa)
clang: error: unable to execute command: Segmentation fault (core dumped)
clang: error: clang frontend command failed due to signal (use -v to see invocation)
Ubuntu clang version 12.0.1-++20211102090516+fed41342a82f-1~exp1~20211102211019.11
Target: x86_64-pc-linux-gnu
Thread model: posix
InstalledDir: /usr/lib/llvm-12/bin
clang: note: diagnostic msg: 
********************

PLEASE ATTACH THE FOLLOWING FILES TO THE BUG REPORT:
Preprocessed source(s) and associated run script(s) are located at:
clang: note: diagnostic msg: /tmp/270a61b57fc443cfbfc2788135e360d8447f7f15-1ea0fc-354037.c
clang: note: diagnostic msg: /tmp/270a61b57fc443cfbfc2788135e360d8447f7f15-1ea0fc-354037.sh
clang: note: diagnostic msg: 

********************
