/home/user42/directed-compiler-fuzzing-code/scripts/8-crash-testing/input/segment_13/006354b84ccfb15e5ec676690d7b4bcf63c7dc1e.c: In function ‘f1’:
/home/user42/directed-compiler-fuzzing-code/scripts/8-crash-testing/input/segment_13/006354b84ccfb15e5ec676690d7b4bcf63c7dc1e.c:32:9: error: assignment of member ‘e0’ in read-only object
   32 |   x0.e0 = x1.e0 = 32;
      |         ^
/home/user42/directed-compiler-fuzzing-code/scripts/8-crash-testing/input/segment_13/006354b84ccfb15e5ec676690d7b4bcf63c7dc1e.c:33:10: error: assignment of read-only member ‘i12’
   33 |   i->i12 = x0;
      |          ^
/home/user42/directed-compiler-fuzzing-code/scripts/8-crash-testing/input/segment_13/006354b84ccfb15e5ec676690d7b4bcf63c7dc1e.c:36:9: error: assignment of member ‘e0’ in read-only object
   36 |   x0.e0 = x1.e0 = 8;
      |         ^
/home/user42/directed-compiler-fuzzing-code/scripts/8-crash-testing/input/segment_13/006354b84ccfb15e5ec676690d7b4bcf63c7dc1e.c:37:10: error: assignment of read-only member ‘i12’
   37 |   i->i12 = x0;
      |          ^
/home/user42/directed-compiler-fuzzing-code/scripts/8-crash-testing/input/segment_13/006354b84ccfb15e5ec676690d7b4bcf63c7dc1e.c:51:25: error: expected expression before ‘int’
   51 |       if (((tlen - e) & int a = 0;
      |                         ^~~
/home/user42/directed-compiler-fuzzing-code/scripts/8-crash-testing/input/segment_13/006354b84ccfb15e5ec676690d7b4bcf63c7dc1e.c:77:16: error: stray ‘\377’ in program
   77 | typedef int int<ff><ff><ff><ff><ff><ff><ff><ff><ff><ff><ff><ff><ff><ff><ff><ff><ff><ff><ff><ff><ff><ff><ff><ff><ff><ff><ff><ff><ff><ff><ff><ff><ff><ff><ff><ff><ff><ff><ff><ff><ff><ff><ff><ff><ff><ff><ff><ff><ff><ff><ff><ff><ff><ff><ff><ff><ff><ff><ff><ff><ff><ff><ff><ff><ff><ff><ff><ff><ff><ff><ff>_type1;
      |                ^~~~
/home/user42/directed-compiler-fuzzing-code/scripts/8-crash-testing/input/segment_13/006354b84ccfb15e5ec676690d7b4bcf63c7dc1e.c:77:17: error: stray ‘\377’ in program
   77 | typedef int int<ff><ff><ff><ff><ff><ff><ff><ff><ff><ff><ff><ff><ff><ff><ff><ff><ff><ff><ff><ff><ff><ff><ff><ff><ff><ff><ff><ff><ff><ff><ff><ff><ff><ff><ff><ff><ff><ff><ff><ff><ff><ff><ff><ff><ff><ff><ff><ff><ff><ff><ff><ff><ff><ff><ff><ff><ff><ff><ff><ff><ff><ff><ff><ff><ff><ff><ff><ff><ff><ff><ff>_type1;
      |                    ^~~~
/home/user42/directed-compiler-fuzzing-code/scripts/8-crash-testing/input/segment_13/006354b84ccfb15e5ec676690d7b4bcf63c7dc1e.c:77:18: error: stray ‘\377’ in program
   77 | typedef int int<ff><ff><ff><ff><ff><ff><ff><ff><ff><ff><ff><ff><ff><ff><ff><ff><ff><ff><ff><ff><ff><ff><ff><ff><ff><ff><ff><ff><ff><ff><ff><ff><ff><ff><ff><ff><ff><ff><ff><ff><ff><ff><ff><ff><ff><ff><ff><ff><ff><ff><ff><ff><ff><ff><ff><ff><ff><ff><ff><ff><ff><ff><ff><ff><ff><ff><ff><ff><ff><ff><ff>_type1;
      |                        ^~~~
/home/user42/directed-compiler-fuzzing-code/scripts/8-crash-testing/input/segment_13/006354b84ccfb15e5ec676690d7b4bcf63c7dc1e.c:77:19: error: stray ‘\377’ in program
   77 | typedef int int<ff><ff><ff><ff><ff><ff><ff><ff><ff><ff><ff><ff><ff><ff><ff><ff><ff><ff><ff><ff><ff><ff><ff><ff><ff><ff><ff><ff><ff><ff><ff><ff><ff><ff><ff><ff><ff><ff><ff><ff><ff><ff><ff><ff><ff><ff><ff><ff><ff><ff><ff><ff><ff><ff><ff><ff><ff><ff><ff><ff><ff><ff><ff><ff><ff><ff><ff><ff><ff><ff><ff>_type1;
      |                            ^~~~
/home/user42/directed-compiler-fuzzing-code/scripts/8-crash-testing/input/segment_13/006354b84ccfb15e5ec676690d7b4bcf63c7dc1e.c:77:20: error: stray ‘\377’ in program
   77 | typedef int int<ff><ff><ff><ff><ff><ff><ff><ff><ff><ff><ff><ff><ff><ff><ff><ff><ff><ff><ff><ff><ff><ff><ff><ff><ff><ff><ff><ff><ff><ff><ff><ff><ff><ff><ff><ff><ff><ff><ff><ff><ff><ff><ff><ff><ff><ff><ff><ff><ff><ff><ff><ff><ff><ff><ff><ff><ff><ff><ff><ff><ff><ff><ff><ff><ff><ff><ff><ff><ff><ff><ff>_type1;
      |                                ^~~~
/home/user42/directed-compiler-fuzzing-code/scripts/8-crash-testing/input/segment_13/006354b84ccfb15e5ec676690d7b4bcf63c7dc1e.c:77:21: error: stray ‘\377’ in program
   77 | typedef int int<ff><ff><ff><ff><ff><ff><ff><ff><ff><ff><ff><ff><ff><ff><ff><ff><ff><ff><ff><ff><ff><ff><ff><ff><ff><ff><ff><ff><ff><ff><ff><ff><ff><ff><ff><ff><ff><ff><ff><ff><ff><ff><ff><ff><ff><ff><ff><ff><ff><ff><ff><ff><ff><ff><ff><ff><ff><ff><ff><ff><ff><ff><ff><ff><ff><ff><ff><ff><ff><ff><ff>_type1;
      |                                    ^~~~
/home/user42/directed-compiler-fuzzing-code/scripts/8-crash-testing/input/segment_13/006354b84ccfb15e5ec676690d7b4bcf63c7dc1e.c:77:22: error: stray ‘\377’ in program
   77 | typedef int int<ff><ff><ff><ff><ff><ff><ff><ff><ff><ff><ff><ff><ff><ff><ff><ff><ff><ff><ff><ff><ff><ff><ff><ff><ff><ff><ff><ff><ff><ff><ff><ff><ff><ff><ff><ff><ff><ff><ff><ff><ff><ff><ff><ff><ff><ff><ff><ff><ff><ff><ff><ff><ff><ff><ff><ff><ff><ff><ff><ff><ff><ff><ff><ff><ff><ff><ff><ff><ff><ff><ff>_type1;
      |                                        ^~~~
/home/user42/directed-compiler-fuzzing-code/scripts/8-crash-testing/input/segment_13/006354b84ccfb15e5ec676690d7b4bcf63c7dc1e.c:77:23: error: stray ‘\377’ in program
   77 | typedef int int<ff><ff><ff><ff><ff><ff><ff><ff><ff><ff><ff><ff><ff><ff><ff><ff><ff><ff><ff><ff><ff><ff><ff><ff><ff><ff><ff><ff><ff><ff><ff><ff><ff><ff><ff><ff><ff><ff><ff><ff><ff><ff><ff><ff><ff><ff><ff><ff><ff><ff><ff><ff><ff><ff><ff><ff><ff><ff><ff><ff><ff><ff><ff><ff><ff><ff><ff><ff><ff><ff><ff>_type1;
      |                                            ^~~~
/home/user42/directed-compiler-fuzzing-code/scripts/8-crash-testing/input/segment_13/006354b84ccfb15e5ec676690d7b4bcf63c7dc1e.c:77:24: error: stray ‘\377’ in program
   77 | typedef int int<ff><ff><ff><ff><ff><ff><ff><ff><ff><ff><ff><ff><ff><ff><ff><ff><ff><ff><ff><ff><ff><ff><ff><ff><ff><ff><ff><ff><ff><ff><ff><ff><ff><ff><ff><ff><ff><ff><ff><ff><ff><ff><ff><ff><ff><ff><ff><ff><ff><ff><ff><ff><ff><ff><ff><ff><ff><ff><ff><ff><ff><ff><ff><ff><ff><ff><ff><ff><ff><ff><ff>_type1;
      |                                                ^~~~
/home/user42/directed-compiler-fuzzing-code/scripts/8-crash-testing/input/segment_13/006354b84ccfb15e5ec676690d7b4bcf63c7dc1e.c:77:25: error: stray ‘\377’ in program
   77 | typedef int int<ff><ff><ff><ff><ff><ff><ff><ff><ff><ff><ff><ff><ff><ff><ff><ff><ff><ff><ff><ff><ff><ff><ff><ff><ff><ff><ff><ff><ff><ff><ff><ff><ff><ff><ff><ff><ff><ff><ff><ff><ff><ff><ff><ff><ff><ff><ff><ff><ff><ff><ff><ff><ff><ff><ff><ff><ff><ff><ff><ff><ff><ff><ff><ff><ff><ff><ff><ff><ff><ff><ff>_type1;
      |                                                    ^~~~
/home/user42/directed-compiler-fuzzing-code/scripts/8-crash-testing/input/segment_13/006354b84ccfb15e5ec676690d7b4bcf63c7dc1e.c:77:26: error: stray ‘\377’ in program
   77 | typedef int int<ff><ff><ff><ff><ff><ff><ff><ff><ff><ff><ff><ff><ff><ff><ff><ff><ff><ff><ff><ff><ff><ff><ff><ff><ff><ff><ff><ff><ff><ff><ff><ff><ff><ff><ff><ff><ff><ff><ff><ff><ff><ff><ff><ff><ff><ff><ff><ff><ff><ff><ff><ff><ff><ff><ff><ff><ff><ff><ff><ff><ff><ff><ff><ff><ff><ff><ff><ff><ff><ff><ff>_type1;
      |                                                        ^~~~
/home/user42/directed-compiler-fuzzing-code/scripts/8-crash-testing/input/segment_13/006354b84ccfb15e5ec676690d7b4bcf63c7dc1e.c:77:27: error: stray ‘\377’ in program
   77 | typedef int int<ff><ff><ff><ff><ff><ff><ff><ff><ff><ff><ff><ff><ff><ff><ff><ff><ff><ff><ff><ff><ff><ff><ff><ff><ff><ff><ff><ff><ff><ff><ff><ff><ff><ff><ff><ff><ff><ff><ff><ff><ff><ff><ff><ff><ff><ff><ff><ff><ff><ff><ff><ff><ff><ff><ff><ff><ff><ff><ff><ff><ff><ff><ff><ff><ff><ff><ff><ff><ff><ff><ff>_type1;
      |                                                            ^~~~
/home/user42/directed-compiler-fuzzing-code/scripts/8-crash-testing/input/segment_13/006354b84ccfb15e5ec676690d7b4bcf63c7dc1e.c:77:28: error: stray ‘\377’ in program
   77 | typedef int int<ff><ff><ff><ff><ff><ff><ff><ff><ff><ff><ff><ff><ff><ff><ff><ff><ff><ff><ff><ff><ff><ff><ff><ff><ff><ff><ff><ff><ff><ff><ff><ff><ff><ff><ff><ff><ff><ff><ff><ff><ff><ff><ff><ff><ff><ff><ff><ff><ff><ff><ff><ff><ff><ff><ff><ff><ff><ff><ff><ff><ff><ff><ff><ff><ff><ff><ff><ff><ff><ff><ff>_type1;
      |                                                                ^~~~
/home/user42/directed-compiler-fuzzing-code/scripts/8-crash-testing/input/segment_13/006354b84ccfb15e5ec676690d7b4bcf63c7dc1e.c:77:29: error: stray ‘\377’ in program
   77 | typedef int int<ff><ff><ff><ff><ff><ff><ff><ff><ff><ff><ff><ff><ff><ff><ff><ff><ff><ff><ff><ff><ff><ff><ff><ff><ff><ff><ff><ff><ff><ff><ff><ff><ff><ff><ff><ff><ff><ff><ff><ff><ff><ff><ff><ff><ff><ff><ff><ff><ff><ff><ff><ff><ff><ff><ff><ff><ff><ff><ff><ff><ff><ff><ff><ff><ff><ff><ff><ff><ff><ff><ff>_type1;
      |                                                                    ^~~~
/home/user42/directed-compiler-fuzzing-code/scripts/8-crash-testing/input/segment_13/006354b84ccfb15e5ec676690d7b4bcf63c7dc1e.c:77:30: error: stray ‘\377’ in program
   77 | typedef int int<ff><ff><ff><ff><ff><ff><ff><ff><ff><ff><ff><ff><ff><ff><ff><ff><ff><ff><ff><ff><ff><ff><ff><ff><ff><ff><ff><ff><ff><ff><ff><ff><ff><ff><ff><ff><ff><ff><ff><ff><ff><ff><ff><ff><ff><ff><ff><ff><ff><ff><ff><ff><ff><ff><ff><ff><ff><ff><ff><ff><ff><ff><ff><ff><ff><ff><ff><ff><ff><ff><ff>_type1;
      |                                                                        ^~~~
/home/user42/directed-compiler-fuzzing-code/scripts/8-crash-testing/input/segment_13/006354b84ccfb15e5ec676690d7b4bcf63c7dc1e.c:77:31: error: stray ‘\377’ in program
   77 | typedef int int<ff><ff><ff><ff><ff><ff><ff><ff><ff><ff><ff><ff><ff><ff><ff><ff><ff><ff><ff><ff><ff><ff><ff><ff><ff><ff><ff><ff><ff><ff><ff><ff><ff><ff><ff><ff><ff><ff><ff><ff><ff><ff><ff><ff><ff><ff><ff><ff><ff><ff><ff><ff><ff><ff><ff><ff><ff><ff><ff><ff><ff><ff><ff><ff><ff><ff><ff><ff><ff><ff><ff>_type1;
      |                                                                            ^~~~
/home/user42/directed-compiler-fuzzing-code/scripts/8-crash-testing/input/segment_13/006354b84ccfb15e5ec676690d7b4bcf63c7dc1e.c:77:32: error: stray ‘\377’ in program
   77 | typedef int int<ff><ff><ff><ff><ff><ff><ff><ff><ff><ff><ff><ff><ff><ff><ff><ff><ff><ff><ff><ff><ff><ff><ff><ff><ff><ff><ff><ff><ff><ff><ff><ff><ff><ff><ff><ff><ff><ff><ff><ff><ff><ff><ff><ff><ff><ff><ff><ff><ff><ff><ff><ff><ff><ff><ff><ff><ff><ff><ff><ff><ff><ff><ff><ff><ff><ff><ff><ff><ff><ff><ff>_type1;
      |                                                                                ^~~~
/home/user42/directed-compiler-fuzzing-code/scripts/8-crash-testing/input/segment_13/006354b84ccfb15e5ec676690d7b4bcf63c7dc1e.c:77:33: error: stray ‘\377’ in program
   77 | typedef int int<ff><ff><ff><ff><ff><ff><ff><ff><ff><ff><ff><ff><ff><ff><ff><ff><ff><ff><ff><ff><ff><ff><ff><ff><ff><ff><ff><ff><ff><ff><ff><ff><ff><ff><ff><ff><ff><ff><ff><ff><ff><ff><ff><ff><ff><ff><ff><ff><ff><ff><ff><ff><ff><ff><ff><ff><ff><ff><ff><ff><ff><ff><ff><ff><ff><ff><ff><ff><ff><ff><ff>_type1;
      |                                                                                    ^~~~
/home/user42/directed-compiler-fuzzing-code/scripts/8-crash-testing/input/segment_13/006354b84ccfb15e5ec676690d7b4bcf63c7dc1e.c:77:34: error: stray ‘\377’ in program
   77 | typedef int int<ff><ff><ff><ff><ff><ff><ff><ff><ff><ff><ff><ff><ff><ff><ff><ff><ff><ff><ff><ff><ff><ff><ff><ff><ff><ff><ff><ff><ff><ff><ff><ff><ff><ff><ff><ff><ff><ff><ff><ff><ff><ff><ff><ff><ff><ff><ff><ff><ff><ff><ff><ff><ff><ff><ff><ff><ff><ff><ff><ff><ff><ff><ff><ff><ff><ff><ff><ff><ff><ff><ff>_type1;
      |                                                                                        ^~~~
/home/user42/directed-compiler-fuzzing-code/scripts/8-crash-testing/input/segment_13/006354b84ccfb15e5ec676690d7b4bcf63c7dc1e.c:77:35: error: stray ‘\377’ in program
   77 | typedef int int<ff><ff><ff><ff><ff><ff><ff><ff><ff><ff><ff><ff><ff><ff><ff><ff><ff><ff><ff><ff><ff><ff><ff><ff><ff><ff><ff><ff><ff><ff><ff><ff><ff><ff><ff><ff><ff><ff><ff><ff><ff><ff><ff><ff><ff><ff><ff><ff><ff><ff><ff><ff><ff><ff><ff><ff><ff><ff><ff><ff><ff><ff><ff><ff><ff><ff><ff><ff><ff><ff><ff>_type1;
      |                                                                                            ^~~~
/home/user42/directed-compiler-fuzzing-code/scripts/8-crash-testing/input/segment_13/006354b84ccfb15e5ec676690d7b4bcf63c7dc1e.c:77:36: error: stray ‘\377’ in program
   77 | typedef int int<ff><ff><ff><ff><ff><ff><ff><ff><ff><ff><ff><ff><ff><ff><ff><ff><ff><ff><ff><ff><ff><ff><ff><ff><ff><ff><ff><ff><ff><ff><ff><ff><ff><ff><ff><ff><ff><ff><ff><ff><ff><ff><ff><ff><ff><ff><ff><ff><ff><ff><ff><ff><ff><ff><ff><ff><ff><ff><ff><ff><ff><ff><ff><ff><ff><ff><ff><ff><ff><ff><ff>_type1;
      |                                                                                                ^~~~
/home/user42/directed-compiler-fuzzing-code/scripts/8-crash-testing/input/segment_13/006354b84ccfb15e5ec676690d7b4bcf63c7dc1e.c:77:37: error: stray ‘\377’ in program
   77 | typedef int int<ff><ff><ff><ff><ff><ff><ff><ff><ff><ff><ff><ff><ff><ff><ff><ff><ff><ff><ff><ff><ff><ff><ff><ff><ff><ff><ff><ff><ff><ff><ff><ff><ff><ff><ff><ff><ff><ff><ff><ff><ff><ff><ff><ff><ff><ff><ff><ff><ff><ff><ff><ff><ff><ff><ff><ff><ff><ff><ff><ff><ff><ff><ff><ff><ff><ff><ff><ff><ff><ff><ff>_type1;
      |                                                                                                    ^~~~
/home/user42/directed-compiler-fuzzing-code/scripts/8-crash-testing/input/segment_13/006354b84ccfb15e5ec676690d7b4bcf63c7dc1e.c:77:38: error: stray ‘\377’ in program
   77 | typedef int int<ff><ff><ff><ff><ff><ff><ff><ff><ff><ff><ff><ff><ff><ff><ff><ff><ff><ff><ff><ff><ff><ff><ff><ff><ff><ff><ff><ff><ff><ff><ff><ff><ff><ff><ff><ff><ff><ff><ff><ff><ff><ff><ff><ff><ff><ff><ff><ff><ff><ff><ff><ff><ff><ff><ff><ff><ff><ff><ff><ff><ff><ff><ff><ff><ff><ff><ff><ff><ff><ff><ff>_type1;
      |                                                                                                        ^~~~
/home/user42/directed-compiler-fuzzing-code/scripts/8-crash-testing/input/segment_13/006354b84ccfb15e5ec676690d7b4bcf63c7dc1e.c:77:39: error: stray ‘\377’ in program
   77 | typedef int int<ff><ff><ff><ff><ff><ff><ff><ff><ff><ff><ff><ff><ff><ff><ff><ff><ff><ff><ff><ff><ff><ff><ff><ff><ff><ff><ff><ff><ff><ff><ff><ff><ff><ff><ff><ff><ff><ff><ff><ff><ff><ff><ff><ff><ff><ff><ff><ff><ff><ff><ff><ff><ff><ff><ff><ff><ff><ff><ff><ff><ff><ff><ff><ff><ff><ff><ff><ff><ff><ff><ff>_type1;
      |                                                                                                            ^~~~
/home/user42/directed-compiler-fuzzing-code/scripts/8-crash-testing/input/segment_13/006354b84ccfb15e5ec676690d7b4bcf63c7dc1e.c:77:40: error: stray ‘\377’ in program
   77 | typedef int int<ff><ff><ff><ff><ff><ff><ff><ff><ff><ff><ff><ff><ff><ff><ff><ff><ff><ff><ff><ff><ff><ff><ff><ff><ff><ff><ff><ff><ff><ff><ff><ff><ff><ff><ff><ff><ff><ff><ff><ff><ff><ff><ff><ff><ff><ff><ff><ff><ff><ff><ff><ff><ff><ff><ff><ff><ff><ff><ff><ff><ff><ff><ff><ff><ff><ff><ff><ff><ff><ff><ff>_type1;
      |                                                                                                                ^~~~
/home/user42/directed-compiler-fuzzing-code/scripts/8-crash-testing/input/segment_13/006354b84ccfb15e5ec676690d7b4bcf63c7dc1e.c:77:41: error: stray ‘\377’ in program
   77 | typedef int int<ff><ff><ff><ff><ff><ff><ff><ff><ff><ff><ff><ff><ff><ff><ff><ff><ff><ff><ff><ff><ff><ff><ff><ff><ff><ff><ff><ff><ff><ff><ff><ff><ff><ff><ff><ff><ff><ff><ff><ff><ff><ff><ff><ff><ff><ff><ff><ff><ff><ff><ff><ff><ff><ff><ff><ff><ff><ff><ff><ff><ff><ff><ff><ff><ff><ff><ff><ff><ff><ff><ff>_type1;
      |                                                                                                                    ^~~~
/home/user42/directed-compiler-fuzzing-code/scripts/8-crash-testing/input/segment_13/006354b84ccfb15e5ec676690d7b4bcf63c7dc1e.c:77:42: error: stray ‘\377’ in program
   77 | typedef int int<ff><ff><ff><ff><ff><ff><ff><ff><ff><ff><ff><ff><ff><ff><ff><ff><ff><ff><ff><ff><ff><ff><ff><ff><ff><ff><ff><ff><ff><ff><ff><ff><ff><ff><ff><ff><ff><ff><ff><ff><ff><ff><ff><ff><ff><ff><ff><ff><ff><ff><ff><ff><ff><ff><ff><ff><ff><ff><ff><ff><ff><ff><ff><ff><ff><ff><ff><ff><ff><ff><ff>_type1;
      |                                                                                                                        ^~~~
/home/user42/directed-compiler-fuzzing-code/scripts/8-crash-testing/input/segment_13/006354b84ccfb15e5ec676690d7b4bcf63c7dc1e.c:77:43: error: stray ‘\377’ in program
   77 | typedef int int<ff><ff><ff><ff><ff><ff><ff><ff><ff><ff><ff><ff><ff><ff><ff><ff><ff><ff><ff><ff><ff><ff><ff><ff><ff><ff><ff><ff><ff><ff><ff><ff><ff><ff><ff><ff><ff><ff><ff><ff><ff><ff><ff><ff><ff><ff><ff><ff><ff><ff><ff><ff><ff><ff><ff><ff><ff><ff><ff><ff><ff><ff><ff><ff><ff><ff><ff><ff><ff><ff><ff>_type1;
      |                                                                                                                            ^~~~
/home/user42/directed-compiler-fuzzing-code/scripts/8-crash-testing/input/segment_13/006354b84ccfb15e5ec676690d7b4bcf63c7dc1e.c:77:44: error: stray ‘\377’ in program
   77 | typedef int int<ff><ff><ff><ff><ff><ff><ff><ff><ff><ff><ff><ff><ff><ff><ff><ff><ff><ff><ff><ff><ff><ff><ff><ff><ff><ff><ff><ff><ff><ff><ff><ff><ff><ff><ff><ff><ff><ff><ff><ff><ff><ff><ff><ff><ff><ff><ff><ff><ff><ff><ff><ff><ff><ff><ff><ff><ff><ff><ff><ff><ff><ff><ff><ff><ff><ff><ff><ff><ff><ff><ff>_type1;
      |                                                                                                                                ^~~~
/home/user42/directed-compiler-fuzzing-code/scripts/8-crash-testing/input/segment_13/006354b84ccfb15e5ec676690d7b4bcf63c7dc1e.c:77:45: error: stray ‘\377’ in program
   77 | typedef int int<ff><ff><ff><ff><ff><ff><ff><ff><ff><ff><ff><ff><ff><ff><ff><ff><ff><ff><ff><ff><ff><ff><ff><ff><ff><ff><ff><ff><ff><ff><ff><ff><ff><ff><ff><ff><ff><ff><ff><ff><ff><ff><ff><ff><ff><ff><ff><ff><ff><ff><ff><ff><ff><ff><ff><ff><ff><ff><ff><ff><ff><ff><ff><ff><ff><ff><ff><ff><ff><ff><ff>_type1;
      |                                                                                                                                    ^~~~
/home/user42/directed-compiler-fuzzing-code/scripts/8-crash-testing/input/segment_13/006354b84ccfb15e5ec676690d7b4bcf63c7dc1e.c:77:46: error: stray ‘\377’ in program
   77 | typedef int int<ff><ff><ff><ff><ff><ff><ff><ff><ff><ff><ff><ff><ff><ff><ff><ff><ff><ff><ff><ff><ff><ff><ff><ff><ff><ff><ff><ff><ff><ff><ff><ff><ff><ff><ff><ff><ff><ff><ff><ff><ff><ff><ff><ff><ff><ff><ff><ff><ff><ff><ff><ff><ff><ff><ff><ff><ff><ff><ff><ff><ff><ff><ff><ff><ff><ff><ff><ff><ff><ff><ff>_type1;
      |                                                                                                                                        ^~~~
/home/user42/directed-compiler-fuzzing-code/scripts/8-crash-testing/input/segment_13/006354b84ccfb15e5ec676690d7b4bcf63c7dc1e.c:77:47: error: stray ‘\377’ in program
   77 | typedef int int<ff><ff><ff><ff><ff><ff><ff><ff><ff><ff><ff><ff><ff><ff><ff><ff><ff><ff><ff><ff><ff><ff><ff><ff><ff><ff><ff><ff><ff><ff><ff><ff><ff><ff><ff><ff><ff><ff><ff><ff><ff><ff><ff><ff><ff><ff><ff><ff><ff><ff><ff><ff><ff><ff><ff><ff><ff><ff><ff><ff><ff><ff><ff><ff><ff><ff><ff><ff><ff><ff><ff>_type1;
      |                                                                                                                                            ^~~~
/home/user42/directed-compiler-fuzzing-code/scripts/8-crash-testing/input/segment_13/006354b84ccfb15e5ec676690d7b4bcf63c7dc1e.c:77:48: error: stray ‘\377’ in program
   77 | typedef int int<ff><ff><ff><ff><ff><ff><ff><ff><ff><ff><ff><ff><ff><ff><ff><ff><ff><ff><ff><ff><ff><ff><ff><ff><ff><ff><ff><ff><ff><ff><ff><ff><ff><ff><ff><ff><ff><ff><ff><ff><ff><ff><ff><ff><ff><ff><ff><ff><ff><ff><ff><ff><ff><ff><ff><ff><ff><ff><ff><ff><ff><ff><ff><ff><ff><ff><ff><ff><ff><ff><ff>_type1;
      |                                                                                                                                                ^~~~
/home/user42/directed-compiler-fuzzing-code/scripts/8-crash-testing/input/segment_13/006354b84ccfb15e5ec676690d7b4bcf63c7dc1e.c:77:49: error: stray ‘\377’ in program
   77 | typedef int int<ff><ff><ff><ff><ff><ff><ff><ff><ff><ff><ff><ff><ff><ff><ff><ff><ff><ff><ff><ff><ff><ff><ff><ff><ff><ff><ff><ff><ff><ff><ff><ff><ff><ff><ff><ff><ff><ff><ff><ff><ff><ff><ff><ff><ff><ff><ff><ff><ff><ff><ff><ff><ff><ff><ff><ff><ff><ff><ff><ff><ff><ff><ff><ff><ff><ff><ff><ff><ff><ff><ff>_type1;
      |                                                                                                                                                    ^~~~
/home/user42/directed-compiler-fuzzing-code/scripts/8-crash-testing/input/segment_13/006354b84ccfb15e5ec676690d7b4bcf63c7dc1e.c:77:50: error: stray ‘\377’ in program
   77 | typedef int int<ff><ff><ff><ff><ff><ff><ff><ff><ff><ff><ff><ff><ff><ff><ff><ff><ff><ff><ff><ff><ff><ff><ff><ff><ff><ff><ff><ff><ff><ff><ff><ff><ff><ff><ff><ff><ff><ff><ff><ff><ff><ff><ff><ff><ff><ff><ff><ff><ff><ff><ff><ff><ff><ff><ff><ff><ff><ff><ff><ff><ff><ff><ff><ff><ff><ff><ff><ff><ff><ff><ff>_type1;
      |                                                                                                                                                        ^~~~
/home/user42/directed-compiler-fuzzing-code/scripts/8-crash-testing/input/segment_13/006354b84ccfb15e5ec676690d7b4bcf63c7dc1e.c:77:51: error: stray ‘\377’ in program
   77 | typedef int int<ff><ff><ff><ff><ff><ff><ff><ff><ff><ff><ff><ff><ff><ff><ff><ff><ff><ff><ff><ff><ff><ff><ff><ff><ff><ff><ff><ff><ff><ff><ff><ff><ff><ff><ff><ff><ff><ff><ff><ff><ff><ff><ff><ff><ff><ff><ff><ff><ff><ff><ff><ff><ff><ff><ff><ff><ff><ff><ff><ff><ff><ff><ff><ff><ff><ff><ff><ff><ff><ff><ff>_type1;
      |                                                                                                                                                            ^~~~
/home/user42/directed-compiler-fuzzing-code/scripts/8-crash-testing/input/segment_13/006354b84ccfb15e5ec676690d7b4bcf63c7dc1e.c:77:52: error: stray ‘\377’ in program
   77 | typedef int int<ff><ff><ff><ff><ff><ff><ff><ff><ff><ff><ff><ff><ff><ff><ff><ff><ff><ff><ff><ff><ff><ff><ff><ff><ff><ff><ff><ff><ff><ff><ff><ff><ff><ff><ff><ff><ff><ff><ff><ff><ff><ff><ff><ff><ff><ff><ff><ff><ff><ff><ff><ff><ff><ff><ff><ff><ff><ff><ff><ff><ff><ff><ff><ff><ff><ff><ff><ff><ff><ff><ff>_type1;
      |                                                                                                                                                                ^~~~
/home/user42/directed-compiler-fuzzing-code/scripts/8-crash-testing/input/segment_13/006354b84ccfb15e5ec676690d7b4bcf63c7dc1e.c:77:53: error: stray ‘\377’ in program
   77 | typedef int int<ff><ff><ff><ff><ff><ff><ff><ff><ff><ff><ff><ff><ff><ff><ff><ff><ff><ff><ff><ff><ff><ff><ff><ff><ff><ff><ff><ff><ff><ff><ff><ff><ff><ff><ff><ff><ff><ff><ff><ff><ff><ff><ff><ff><ff><ff><ff><ff><ff><ff><ff><ff><ff><ff><ff><ff><ff><ff><ff><ff><ff><ff><ff><ff><ff><ff><ff><ff><ff><ff><ff>_type1;
      |                                                                                                                                                                    ^~~~
/home/user42/directed-compiler-fuzzing-code/scripts/8-crash-testing/input/segment_13/006354b84ccfb15e5ec676690d7b4bcf63c7dc1e.c:77:54: error: stray ‘\377’ in program
   77 | typedef int int<ff><ff><ff><ff><ff><ff><ff><ff><ff><ff><ff><ff><ff><ff><ff><ff><ff><ff><ff><ff><ff><ff><ff><ff><ff><ff><ff><ff><ff><ff><ff><ff><ff><ff><ff><ff><ff><ff><ff><ff><ff><ff><ff><ff><ff><ff><ff><ff><ff><ff><ff><ff><ff><ff><ff><ff><ff><ff><ff><ff><ff><ff><ff><ff><ff><ff><ff><ff><ff><ff><ff>_type1;
      |                                                                                                                                                                        ^~~~
/home/user42/directed-compiler-fuzzing-code/scripts/8-crash-testing/input/segment_13/006354b84ccfb15e5ec676690d7b4bcf63c7dc1e.c:77:55: error: stray ‘\377’ in program
   77 | typedef int int<ff><ff><ff><ff><ff><ff><ff><ff><ff><ff><ff><ff><ff><ff><ff><ff><ff><ff><ff><ff><ff><ff><ff><ff><ff><ff><ff><ff><ff><ff><ff><ff><ff><ff><ff><ff><ff><ff><ff><ff><ff><ff><ff><ff><ff><ff><ff><ff><ff><ff><ff><ff><ff><ff><ff><ff><ff><ff><ff><ff><ff><ff><ff><ff><ff><ff><ff><ff><ff><ff><ff>_type1;
      |                                                                                                                                                                            ^~~~
/home/user42/directed-compiler-fuzzing-code/scripts/8-crash-testing/input/segment_13/006354b84ccfb15e5ec676690d7b4bcf63c7dc1e.c:77:56: error: stray ‘\377’ in program
   77 | typedef int int<ff><ff><ff><ff><ff><ff><ff><ff><ff><ff><ff><ff><ff><ff><ff><ff><ff><ff><ff><ff><ff><ff><ff><ff><ff><ff><ff><ff><ff><ff><ff><ff><ff><ff><ff><ff><ff><ff><ff><ff><ff><ff><ff><ff><ff><ff><ff><ff><ff><ff><ff><ff><ff><ff><ff><ff><ff><ff><ff><ff><ff><ff><ff><ff><ff><ff><ff><ff><ff><ff><ff>_type1;
      |                                                                                                                                                                                ^~~~
/home/user42/directed-compiler-fuzzing-code/scripts/8-crash-testing/input/segment_13/006354b84ccfb15e5ec676690d7b4bcf63c7dc1e.c:77:57: error: stray ‘\377’ in program
   77 | typedef int int<ff><ff><ff><ff><ff><ff><ff><ff><ff><ff><ff><ff><ff><ff><ff><ff><ff><ff><ff><ff><ff><ff><ff><ff><ff><ff><ff><ff><ff><ff><ff><ff><ff><ff><ff><ff><ff><ff><ff><ff><ff><ff><ff><ff><ff><ff><ff><ff><ff><ff><ff><ff><ff><ff><ff><ff><ff><ff><ff><ff><ff><ff><ff><ff><ff><ff><ff><ff><ff><ff><ff>_type1;
      |                                                                                                                                                                                    ^~~~
/home/user42/directed-compiler-fuzzing-code/scripts/8-crash-testing/input/segment_13/006354b84ccfb15e5ec676690d7b4bcf63c7dc1e.c:77:58: error: stray ‘\377’ in program
   77 | typedef int int<ff><ff><ff><ff><ff><ff><ff><ff><ff><ff><ff><ff><ff><ff><ff><ff><ff><ff><ff><ff><ff><ff><ff><ff><ff><ff><ff><ff><ff><ff><ff><ff><ff><ff><ff><ff><ff><ff><ff><ff><ff><ff><ff><ff><ff><ff><ff><ff><ff><ff><ff><ff><ff><ff><ff><ff><ff><ff><ff><ff><ff><ff><ff><ff><ff><ff><ff><ff><ff><ff><ff>_type1;
      |                                                                                                                                                                                        ^~~~
/home/user42/directed-compiler-fuzzing-code/scripts/8-crash-testing/input/segment_13/006354b84ccfb15e5ec676690d7b4bcf63c7dc1e.c:77:59: error: stray ‘\377’ in program
   77 | typedef int int<ff><ff><ff><ff><ff><ff><ff><ff><ff><ff><ff><ff><ff><ff><ff><ff><ff><ff><ff><ff><ff><ff><ff><ff><ff><ff><ff><ff><ff><ff><ff><ff><ff><ff><ff><ff><ff><ff><ff><ff><ff><ff><ff><ff><ff><ff><ff><ff><ff><ff><ff><ff><ff><ff><ff><ff><ff><ff><ff><ff><ff><ff><ff><ff><ff><ff><ff><ff><ff><ff><ff>_type1;
      |                                                                                                                                                                                            ^~~~
/home/user42/directed-compiler-fuzzing-code/scripts/8-crash-testing/input/segment_13/006354b84ccfb15e5ec676690d7b4bcf63c7dc1e.c:77:60: error: stray ‘\377’ in program
   77 | typedef int int<ff><ff><ff><ff><ff><ff><ff><ff><ff><ff><ff><ff><ff><ff><ff><ff><ff><ff><ff><ff><ff><ff><ff><ff><ff><ff><ff><ff><ff><ff><ff><ff><ff><ff><ff><ff><ff><ff><ff><ff><ff><ff><ff><ff><ff><ff><ff><ff><ff><ff><ff><ff><ff><ff><ff><ff><ff><ff><ff><ff><ff><ff><ff><ff><ff><ff><ff><ff><ff><ff><ff>_type1;
      |                                                                                                                                                                                                ^~~~
/home/user42/directed-compiler-fuzzing-code/scripts/8-crash-testing/input/segment_13/006354b84ccfb15e5ec676690d7b4bcf63c7dc1e.c:77:61: error: stray ‘\377’ in program
   77 | typedef int int<ff><ff><ff><ff><ff><ff><ff><ff><ff><ff><ff><ff><ff><ff><ff><ff><ff><ff><ff><ff><ff><ff><ff><ff><ff><ff><ff><ff><ff><ff><ff><ff><ff><ff><ff><ff><ff><ff><ff><ff><ff><ff><ff><ff><ff><ff><ff><ff><ff><ff><ff><ff><ff><ff><ff><ff><ff><ff><ff><ff><ff><ff><ff><ff><ff><ff><ff><ff><ff><ff><ff>_type1;
      |                                                                                                                                                                                                    ^~~~
/home/user42/directed-compiler-fuzzing-code/scripts/8-crash-testing/input/segment_13/006354b84ccfb15e5ec676690d7b4bcf63c7dc1e.c:77:62: error: stray ‘\377’ in program
   77 | typedef int int<ff><ff><ff><ff><ff><ff><ff><ff><ff><ff><ff><ff><ff><ff><ff><ff><ff><ff><ff><ff><ff><ff><ff><ff><ff><ff><ff><ff><ff><ff><ff><ff><ff><ff><ff><ff><ff><ff><ff><ff><ff><ff><ff><ff><ff><ff><ff><ff><ff><ff><ff><ff><ff><ff><ff><ff><ff><ff><ff><ff><ff><ff><ff><ff><ff><ff><ff><ff><ff><ff><ff>_type1;
      |                                                                                                                                                                                                        ^~~~
/home/user42/directed-compiler-fuzzing-code/scripts/8-crash-testing/input/segment_13/006354b84ccfb15e5ec676690d7b4bcf63c7dc1e.c:77:63: error: stray ‘\377’ in program
   77 | typedef int int<ff><ff><ff><ff><ff><ff><ff><ff><ff><ff><ff><ff><ff><ff><ff><ff><ff><ff><ff><ff><ff><ff><ff><ff><ff><ff><ff><ff><ff><ff><ff><ff><ff><ff><ff><ff><ff><ff><ff><ff><ff><ff><ff><ff><ff><ff><ff><ff><ff><ff><ff><ff><ff><ff><ff><ff><ff><ff><ff><ff><ff><ff><ff><ff><ff><ff><ff><ff><ff><ff><ff>_type1;
      |                                                                                                                                                                                                            ^~~~
/home/user42/directed-compiler-fuzzing-code/scripts/8-crash-testing/input/segment_13/006354b84ccfb15e5ec676690d7b4bcf63c7dc1e.c:77:64: error: stray ‘\377’ in program
   77 | typedef int int<ff><ff><ff><ff><ff><ff><ff><ff><ff><ff><ff><ff><ff><ff><ff><ff><ff><ff><ff><ff><ff><ff><ff><ff><ff><ff><ff><ff><ff><ff><ff><ff><ff><ff><ff><ff><ff><ff><ff><ff><ff><ff><ff><ff><ff><ff><ff><ff><ff><ff><ff><ff><ff><ff><ff><ff><ff><ff><ff><ff><ff><ff><ff><ff><ff><ff><ff><ff><ff><ff><ff>_type1;
      |                                                                                                                                                                                                                ^~~~
/home/user42/directed-compiler-fuzzing-code/scripts/8-crash-testing/input/segment_13/006354b84ccfb15e5ec676690d7b4bcf63c7dc1e.c:77:65: error: stray ‘\377’ in program
   77 | typedef int int<ff><ff><ff><ff><ff><ff><ff><ff><ff><ff><ff><ff><ff><ff><ff><ff><ff><ff><ff><ff><ff><ff><ff><ff><ff><ff><ff><ff><ff><ff><ff><ff><ff><ff><ff><ff><ff><ff><ff><ff><ff><ff><ff><ff><ff><ff><ff><ff><ff><ff><ff><ff><ff><ff><ff><ff><ff><ff><ff><ff><ff><ff><ff><ff><ff><ff><ff><ff><ff><ff><ff>_type1;
      |                                                                                                                                                                                                                    ^~~~
/home/user42/directed-compiler-fuzzing-code/scripts/8-crash-testing/input/segment_13/006354b84ccfb15e5ec676690d7b4bcf63c7dc1e.c:77:66: error: stray ‘\377’ in program
   77 | typedef int int<ff><ff><ff><ff><ff><ff><ff><ff><ff><ff><ff><ff><ff><ff><ff><ff><ff><ff><ff><ff><ff><ff><ff><ff><ff><ff><ff><ff><ff><ff><ff><ff><ff><ff><ff><ff><ff><ff><ff><ff><ff><ff><ff><ff><ff><ff><ff><ff><ff><ff><ff><ff><ff><ff><ff><ff><ff><ff><ff><ff><ff><ff><ff><ff><ff><ff><ff><ff><ff><ff><ff>_type1;
      |                                                                                                                                                                                                                        ^~~~
/home/user42/directed-compiler-fuzzing-code/scripts/8-crash-testing/input/segment_13/006354b84ccfb15e5ec676690d7b4bcf63c7dc1e.c:77:67: error: stray ‘\377’ in program
   77 | typedef int int<ff><ff><ff><ff><ff><ff><ff><ff><ff><ff><ff><ff><ff><ff><ff><ff><ff><ff><ff><ff><ff><ff><ff><ff><ff><ff><ff><ff><ff><ff><ff><ff><ff><ff><ff><ff><ff><ff><ff><ff><ff><ff><ff><ff><ff><ff><ff><ff><ff><ff><ff><ff><ff><ff><ff><ff><ff><ff><ff><ff><ff><ff><ff><ff><ff><ff><ff><ff><ff><ff><ff>_type1;
      |                                                                                                                                                                                                                            ^~~~
/home/user42/directed-compiler-fuzzing-code/scripts/8-crash-testing/input/segment_13/006354b84ccfb15e5ec676690d7b4bcf63c7dc1e.c:77:68: error: stray ‘\377’ in program
   77 | typedef int int<ff><ff><ff><ff><ff><ff><ff><ff><ff><ff><ff><ff><ff><ff><ff><ff><ff><ff><ff><ff><ff><ff><ff><ff><ff><ff><ff><ff><ff><ff><ff><ff><ff><ff><ff><ff><ff><ff><ff><ff><ff><ff><ff><ff><ff><ff><ff><ff><ff><ff><ff><ff><ff><ff><ff><ff><ff><ff><ff><ff><ff><ff><ff><ff><ff><ff><ff><ff><ff><ff><ff>_type1;
      |                                                                                                                                                                                                                                ^~~~
/home/user42/directed-compiler-fuzzing-code/scripts/8-crash-testing/input/segment_13/006354b84ccfb15e5ec676690d7b4bcf63c7dc1e.c:77:69: error: stray ‘\377’ in program
   77 | typedef int int<ff><ff><ff><ff><ff><ff><ff><ff><ff><ff><ff><ff><ff><ff><ff><ff><ff><ff><ff><ff><ff><ff><ff><ff><ff><ff><ff><ff><ff><ff><ff><ff><ff><ff><ff><ff><ff><ff><ff><ff><ff><ff><ff><ff><ff><ff><ff><ff><ff><ff><ff><ff><ff><ff><ff><ff><ff><ff><ff><ff><ff><ff><ff><ff><ff><ff><ff><ff><ff><ff><ff>_type1;
      |                                                                                                                                                                                                                                    ^~~~
/home/user42/directed-compiler-fuzzing-code/scripts/8-crash-testing/input/segment_13/006354b84ccfb15e5ec676690d7b4bcf63c7dc1e.c:77:70: error: stray ‘\377’ in program
   77 | typedef int int<ff><ff><ff><ff><ff><ff><ff><ff><ff><ff><ff><ff><ff><ff><ff><ff><ff><ff><ff><ff><ff><ff><ff><ff><ff><ff><ff><ff><ff><ff><ff><ff><ff><ff><ff><ff><ff><ff><ff><ff><ff><ff><ff><ff><ff><ff><ff><ff><ff><ff><ff><ff><ff><ff><ff><ff><ff><ff><ff><ff><ff><ff><ff><ff><ff><ff><ff><ff><ff><ff><ff>_type1;
      |                                                                                                                                                                                                                                        ^~~~
/home/user42/directed-compiler-fuzzing-code/scripts/8-crash-testing/input/segment_13/006354b84ccfb15e5ec676690d7b4bcf63c7dc1e.c:77:71: error: stray ‘\377’ in program
   77 | typedef int int<ff><ff><ff><ff><ff><ff><ff><ff><ff><ff><ff><ff><ff><ff><ff><ff><ff><ff><ff><ff><ff><ff><ff><ff><ff><ff><ff><ff><ff><ff><ff><ff><ff><ff><ff><ff><ff><ff><ff><ff><ff><ff><ff><ff><ff><ff><ff><ff><ff><ff><ff><ff><ff><ff><ff><ff><ff><ff><ff><ff><ff><ff><ff><ff><ff><ff><ff><ff><ff><ff><ff>_type1;
      |                                                                                                                                                                                                                                            ^~~~
/home/user42/directed-compiler-fuzzing-code/scripts/8-crash-testing/input/segment_13/006354b84ccfb15e5ec676690d7b4bcf63c7dc1e.c:77:72: error: stray ‘\377’ in program
   77 | typedef int int<ff><ff><ff><ff><ff><ff><ff><ff><ff><ff><ff><ff><ff><ff><ff><ff><ff><ff><ff><ff><ff><ff><ff><ff><ff><ff><ff><ff><ff><ff><ff><ff><ff><ff><ff><ff><ff><ff><ff><ff><ff><ff><ff><ff><ff><ff><ff><ff><ff><ff><ff><ff><ff><ff><ff><ff><ff><ff><ff><ff><ff><ff><ff><ff><ff><ff><ff><ff><ff><ff><ff>_type1;
      |                                                                                                                                                                                                                                                ^~~~
/home/user42/directed-compiler-fuzzing-code/scripts/8-crash-testing/input/segment_13/006354b84ccfb15e5ec676690d7b4bcf63c7dc1e.c:77:73: error: stray ‘\377’ in program
   77 | typedef int int<ff><ff><ff><ff><ff><ff><ff><ff><ff><ff><ff><ff><ff><ff><ff><ff><ff><ff><ff><ff><ff><ff><ff><ff><ff><ff><ff><ff><ff><ff><ff><ff><ff><ff><ff><ff><ff><ff><ff><ff><ff><ff><ff><ff><ff><ff><ff><ff><ff><ff><ff><ff><ff><ff><ff><ff><ff><ff><ff><ff><ff><ff><ff><ff><ff><ff><ff><ff><ff><ff><ff>_type1;
      |                                                                                                                                                                                                                                                    ^~~~
/home/user42/directed-compiler-fuzzing-code/scripts/8-crash-testing/input/segment_13/006354b84ccfb15e5ec676690d7b4bcf63c7dc1e.c:77:74: error: stray ‘\377’ in program
   77 | typedef int int<ff><ff><ff><ff><ff><ff><ff><ff><ff><ff><ff><ff><ff><ff><ff><ff><ff><ff><ff><ff><ff><ff><ff><ff><ff><ff><ff><ff><ff><ff><ff><ff><ff><ff><ff><ff><ff><ff><ff><ff><ff><ff><ff><ff><ff><ff><ff><ff><ff><ff><ff><ff><ff><ff><ff><ff><ff><ff><ff><ff><ff><ff><ff><ff><ff><ff><ff><ff><ff><ff><ff>_type1;
      |                                                                                                                                                                                                                                                        ^~~~
/home/user42/directed-compiler-fuzzing-code/scripts/8-crash-testing/input/segment_13/006354b84ccfb15e5ec676690d7b4bcf63c7dc1e.c:77:75: error: stray ‘\377’ in program
   77 | typedef int int<ff><ff><ff><ff><ff><ff><ff><ff><ff><ff><ff><ff><ff><ff><ff><ff><ff><ff><ff><ff><ff><ff><ff><ff><ff><ff><ff><ff><ff><ff><ff><ff><ff><ff><ff><ff><ff><ff><ff><ff><ff><ff><ff><ff><ff><ff><ff><ff><ff><ff><ff><ff><ff><ff><ff><ff><ff><ff><ff><ff><ff><ff><ff><ff><ff><ff><ff><ff><ff><ff><ff>_type1;
      |                                                                                                                                                                                                                                                            ^~~~
/home/user42/directed-compiler-fuzzing-code/scripts/8-crash-testing/input/segment_13/006354b84ccfb15e5ec676690d7b4bcf63c7dc1e.c:77:76: error: stray ‘\377’ in program
   77 | typedef int int<ff><ff><ff><ff><ff><ff><ff><ff><ff><ff><ff><ff><ff><ff><ff><ff><ff><ff><ff><ff><ff><ff><ff><ff><ff><ff><ff><ff><ff><ff><ff><ff><ff><ff><ff><ff><ff><ff><ff><ff><ff><ff><ff><ff><ff><ff><ff><ff><ff><ff><ff><ff><ff><ff><ff><ff><ff><ff><ff><ff><ff><ff><ff><ff><ff><ff><ff><ff><ff><ff><ff>_type1;
      |                                                                                                                                                                                                                                                                ^~~~
/home/user42/directed-compiler-fuzzing-code/scripts/8-crash-testing/input/segment_13/006354b84ccfb15e5ec676690d7b4bcf63c7dc1e.c:77:77: error: stray ‘\377’ in program
   77 | typedef int int<ff><ff><ff><ff><ff><ff><ff><ff><ff><ff><ff><ff><ff><ff><ff><ff><ff><ff><ff><ff><ff><ff><ff><ff><ff><ff><ff><ff><ff><ff><ff><ff><ff><ff><ff><ff><ff><ff><ff><ff><ff><ff><ff><ff><ff><ff><ff><ff><ff><ff><ff><ff><ff><ff><ff><ff><ff><ff><ff><ff><ff><ff><ff><ff><ff><ff><ff><ff><ff><ff><ff>_type1;
      |                                                                                                                                                                                                                                                                    ^~~~
/home/user42/directed-compiler-fuzzing-code/scripts/8-crash-testing/input/segment_13/006354b84ccfb15e5ec676690d7b4bcf63c7dc1e.c:77:78: error: stray ‘\377’ in program
   77 | typedef int int<ff><ff><ff><ff><ff><ff><ff><ff><ff><ff><ff><ff><ff><ff><ff><ff><ff><ff><ff><ff><ff><ff><ff><ff><ff><ff><ff><ff><ff><ff><ff><ff><ff><ff><ff><ff><ff><ff><ff><ff><ff><ff><ff><ff><ff><ff><ff><ff><ff><ff><ff><ff><ff><ff><ff><ff><ff><ff><ff><ff><ff><ff><ff><ff><ff><ff><ff><ff><ff><ff><ff>_type1;
      |                                                                                                                                                                                                                                                                        ^~~~
/home/user42/directed-compiler-fuzzing-code/scripts/8-crash-testing/input/segment_13/006354b84ccfb15e5ec676690d7b4bcf63c7dc1e.c:77:79: error: stray ‘\377’ in program
   77 | typedef int int<ff><ff><ff><ff><ff><ff><ff><ff><ff><ff><ff><ff><ff><ff><ff><ff><ff><ff><ff><ff><ff><ff><ff><ff><ff><ff><ff><ff><ff><ff><ff><ff><ff><ff><ff><ff><ff><ff><ff><ff><ff><ff><ff><ff><ff><ff><ff><ff><ff><ff><ff><ff><ff><ff><ff><ff><ff><ff><ff><ff><ff><ff><ff><ff><ff><ff><ff><ff><ff><ff><ff>_type1;
      |                                                                                                                                                                                                                                                                            ^~~~
/home/user42/directed-compiler-fuzzing-code/scripts/8-crash-testing/input/segment_13/006354b84ccfb15e5ec676690d7b4bcf63c7dc1e.c:77:80: error: stray ‘\377’ in program
   77 | typedef int int<ff><ff><ff><ff><ff><ff><ff><ff><ff><ff><ff><ff><ff><ff><ff><ff><ff><ff><ff><ff><ff><ff><ff><ff><ff><ff><ff><ff><ff><ff><ff><ff><ff><ff><ff><ff><ff><ff><ff><ff><ff><ff><ff><ff><ff><ff><ff><ff><ff><ff><ff><ff><ff><ff><ff><ff><ff><ff><ff><ff><ff><ff><ff><ff><ff><ff><ff><ff><ff><ff><ff>_type1;
      |                                                                                                                                                                                                                                                                                ^~~~
/home/user42/directed-compiler-fuzzing-code/scripts/8-crash-testing/input/segment_13/006354b84ccfb15e5ec676690d7b4bcf63c7dc1e.c:77:81: error: stray ‘\377’ in program
   77 | typedef int int<ff><ff><ff><ff><ff><ff><ff><ff><ff><ff><ff><ff><ff><ff><ff><ff><ff><ff><ff><ff><ff><ff><ff><ff><ff><ff><ff><ff><ff><ff><ff><ff><ff><ff><ff><ff><ff><ff><ff><ff><ff><ff><ff><ff><ff><ff><ff><ff><ff><ff><ff><ff><ff><ff><ff><ff><ff><ff><ff><ff><ff><ff><ff><ff><ff><ff><ff><ff><ff><ff><ff>_type1;
      |                                                                                                                                                                                                                                                                                    ^~~~
/home/user42/directed-compiler-fuzzing-code/scripts/8-crash-testing/input/segment_13/006354b84ccfb15e5ec676690d7b4bcf63c7dc1e.c:77:82: error: stray ‘\377’ in program
   77 | typedef int int<ff><ff><ff><ff><ff><ff><ff><ff><ff><ff><ff><ff><ff><ff><ff><ff><ff><ff><ff><ff><ff><ff><ff><ff><ff><ff><ff><ff><ff><ff><ff><ff><ff><ff><ff><ff><ff><ff><ff><ff><ff><ff><ff><ff><ff><ff><ff><ff><ff><ff><ff><ff><ff><ff><ff><ff><ff><ff><ff><ff><ff><ff><ff><ff><ff><ff><ff><ff><ff><ff><ff>_type1;
      |                                                                                                                                                                                                                                                                                        ^~~~
/home/user42/directed-compiler-fuzzing-code/scripts/8-crash-testing/input/segment_13/006354b84ccfb15e5ec676690d7b4bcf63c7dc1e.c:77:83: error: stray ‘\377’ in program
   77 | typedef int int<ff><ff><ff><ff><ff><ff><ff><ff><ff><ff><ff><ff><ff><ff><ff><ff><ff><ff><ff><ff><ff><ff><ff><ff><ff><ff><ff><ff><ff><ff><ff><ff><ff><ff><ff><ff><ff><ff><ff><ff><ff><ff><ff><ff><ff><ff><ff><ff><ff><ff><ff><ff><ff><ff><ff><ff><ff><ff><ff><ff><ff><ff><ff><ff><ff><ff><ff><ff><ff><ff><ff>_type1;
      |                                                                                                                                                                                                                                                                                            ^~~~
/home/user42/directed-compiler-fuzzing-code/scripts/8-crash-testing/input/segment_13/006354b84ccfb15e5ec676690d7b4bcf63c7dc1e.c:77:84: error: stray ‘\377’ in program
   77 | typedef int int<ff><ff><ff><ff><ff><ff><ff><ff><ff><ff><ff><ff><ff><ff><ff><ff><ff><ff><ff><ff><ff><ff><ff><ff><ff><ff><ff><ff><ff><ff><ff><ff><ff><ff><ff><ff><ff><ff><ff><ff><ff><ff><ff><ff><ff><ff><ff><ff><ff><ff><ff><ff><ff><ff><ff><ff><ff><ff><ff><ff><ff><ff><ff><ff><ff><ff><ff><ff><ff><ff><ff>_type1;
      |                                                                                                                                                                                                                                                                                                ^~~~
/home/user42/directed-compiler-fuzzing-code/scripts/8-crash-testing/input/segment_13/006354b84ccfb15e5ec676690d7b4bcf63c7dc1e.c:77:85: error: stray ‘\377’ in program
   77 | typedef int int<ff><ff><ff><ff><ff><ff><ff><ff><ff><ff><ff><ff><ff><ff><ff><ff><ff><ff><ff><ff><ff><ff><ff><ff><ff><ff><ff><ff><ff><ff><ff><ff><ff><ff><ff><ff><ff><ff><ff><ff><ff><ff><ff><ff><ff><ff><ff><ff><ff><ff><ff><ff><ff><ff><ff><ff><ff><ff><ff><ff><ff><ff><ff><ff><ff><ff><ff><ff><ff><ff><ff>_type1;
      |                                                                                                                                                                                                                                                                                                    ^~~~
/home/user42/directed-compiler-fuzzing-code/scripts/8-crash-testing/input/segment_13/006354b84ccfb15e5ec676690d7b4bcf63c7dc1e.c:77:86: error: stray ‘\377’ in program
   77 | typedef int int<ff><ff><ff><ff><ff><ff><ff><ff><ff><ff><ff><ff><ff><ff><ff><ff><ff><ff><ff><ff><ff><ff><ff><ff><ff><ff><ff><ff><ff><ff><ff><ff><ff><ff><ff><ff><ff><ff><ff><ff><ff><ff><ff><ff><ff><ff><ff><ff><ff><ff><ff><ff><ff><ff><ff><ff><ff><ff><ff><ff><ff><ff><ff><ff><ff><ff><ff><ff><ff><ff><ff>_type1;
      |                                                                                                                                                                                                                                                                                                        ^~~~
/home/user42/directed-compiler-fuzzing-code/scripts/8-crash-testing/input/segment_13/006354b84ccfb15e5ec676690d7b4bcf63c7dc1e.c:84:10: error: stray ‘@’ in program
   84 |         s@gned long int l = 2;
      |          ^
/home/user42/directed-compiler-fuzzing-code/scripts/8-crash-testing/input/segment_13/006354b84ccfb15e5ec676690d7b4bcf63c7dc1e.c:92:30: error: stray ‘\1’ in program
   92 |         i = _Generic(a, int: <U+0001><U+0005>a_f() / 2, const int: b_f() / 2);
      |                              ^~~~~~~~
/home/user42/directed-compiler-fuzzing-code/scripts/8-crash-testing/input/segment_13/006354b84ccfb15e5ec676690d7b4bcf63c7dc1e.c:92:31: error: stray ‘\5’ in program
   92 |         i = _Generic(a, int: <U+0001><U+0005>a_f() / 2, const int: b_f() / 2);
      |                                      ^~~~~~~~
/home/user42/directed-compiler-fuzzing-code/scripts/8-crash-testing/input/segment_13/006354b84ccfb15e5ec676690d7b4bcf63c7dc1e.c:94:20: error: stray ‘\236’ in program
   94 |         i = _Generi<9e>(ptr, int *:1, int * const:2, default0 = {0};
      |                    ^~~~
/home/user42/directed-compiler-fuzzing-code/scripts/8-crash-testing/input/segment_13/006354b84ccfb15e5ec676690d7b4bcf63c7dc1e.c:99:14: error: expected ‘)’ before ‘}’ token
   99 |         f0();
      |              ^
      |              )
  100 |     }
      |     ~         
/home/user42/directed-compiler-fuzzing-code/scripts/8-crash-testing/input/segment_13/006354b84ccfb15e5ec676690d7b4bcf63c7dc1e.c:51:10: note: to match this ‘(’
   51 |       if (((tlen - e) & int a = 0;
      |          ^
/home/user42/directed-compiler-fuzzing-code/scripts/8-crash-testing/input/segment_13/006354b84ccfb15e5ec676690d7b4bcf63c7dc1e.c:100:5: error: expected expression before ‘}’ token
  100 |     }
      |     ^
/home/user42/directed-compiler-fuzzing-code/scripts/8-crash-testing/input/segment_13/006354b84ccfb15e5ec676690d7b4bcf63c7dc1e.c: In function ‘main’:
/home/user42/directed-compiler-fuzzing-code/scripts/8-crash-testing/input/segment_13/006354b84ccfb15e5ec676690d7b4bcf63c7dc1e.c:109:3: warning: implicit declaration of function ‘abort’ [-Wimplicit-function-declaration]
  109 |   abort ();
      |   ^~~~~
/home/user42/directed-compiler-fuzzing-code/scripts/8-crash-testing/input/segment_13/006354b84ccfb15e5ec676690d7b4bcf63c7dc1e.c:4:1: note: include ‘<stdlib.h>’ or provide a declaration of ‘abort’
    3 | #include <stdio.h>
  +++ |+#include <stdlib.h>
    4 | 
/home/user42/directed-compiler-fuzzing-code/scripts/8-crash-testing/input/segment_13/006354b84ccfb15e5ec676690d7b4bcf63c7dc1e.c:109:3: warning: incompatible implicit declaration of built-in function ‘abort’ [-Wbuiltin-declaration-mismatch]
  109 |   abort ();
      |   ^~~~~
/home/user42/directed-compiler-fuzzing-code/scripts/8-crash-testing/input/segment_13/006354b84ccfb15e5ec676690d7b4bcf63c7dc1e.c:109:3: note: include ‘<stdlib.h>’ or provide a declaration of ‘abort’
/home/user42/directed-compiler-fuzzing-code/scripts/8-crash-testing/input/segment_13/006354b84ccfb15e5ec676690d7b4bcf63c7dc1e.c: At top level:
/home/user42/directed-compiler-fuzzing-code/scripts/8-crash-testing/input/segment_13/006354b84ccfb15e5ec676690d7b4bcf63c7dc1e.c:112:1: error: unknown type name ‘voi’; did you mean ‘void’?
  112 | voi */
      | ^~~
      | void
/home/user42/directed-compiler-fuzzing-code/scripts/8-crash-testing/input/segment_13/006354b84ccfb15e5ec676690d7b4bcf63c7dc1e.c:112:6: error: expected identifier or ‘(’ before ‘/’ token
  112 | voi */
      |      ^
/home/user42/directed-compiler-fuzzing-code/scripts/8-crash-testing/input/segment_13/006354b84ccfb15e5ec676690d7b4bcf63c7dc1e.c:121:1: warning: useless type name in empty declaration
  121 | typedef struct { unsigned int e0 : 16; unsigned int e1 : 16; } s1;
      | ^~~~~~~
/home/user42/directed-compiler-fuzzing-code/scripts/8-crash-testing/input/segment_13/006354b84ccfb15e5ec676690d7b4bcf63c7dc1e.c:122:64: error: conflicting types for ‘s2’; have ‘struct <anonymous>’
  122 | typedef struct { unsigned int e0 : 16; unsigned int e1 : 16; } s2;
      |                                                                ^~
/home/user42/directed-compiler-fuzzing-code/scripts/8-crash-testing/input/segment_13/006354b84ccfb15e5ec676690d7b4bcf63c7dc1e.c:12:64: note: previous declaration of ‘s2’ with type ‘s2’
   12 | typedef struct { unsigned int e0 : 16; unsigned int e1 : 16; } s2;
      |                                                                ^~
/home/user42/directed-compiler-fuzzing-code/scripts/8-crash-testing/input/segment_13/006354b84ccfb15e5ec676690d7b4bcf63c7dc1e.c:123:36: error: conflicting types for ‘io’; have ‘struct <anonymous>’
  123 | typedef struct { s1 i12; s2 i16; } io;
      |                                    ^~
/home/user42/directed-compiler-fuzzing-code/scripts/8-crash-testing/input/segment_13/006354b84ccfb15e5ec676690d7b4bcf63c7dc1e.c:13:36: note: previous declaration of ‘io’ with type ‘io’
   13 | typedef struct { s1 i12; s2 i16; } io;
      |                                    ^~
/home/user42/directed-compiler-fuzzing-code/scripts/8-crash-testing/input/segment_13/006354b84ccfb15e5ec676690d7b4bcf63c7dc1e.c:124:12: error: redefinition of ‘test_length’
  124 | static int test_length = 2;
      |            ^~~~~~~~~~~
/home/user42/directed-compiler-fuzzing-code/scripts/8-crash-testing/input/segment_13/006354b84ccfb15e5ec676690d7b4bcf63c7dc1e.c:14:12: note: previous definition of ‘test_length’ with type ‘int’
   14 | static int test_length = 2;
      |            ^~~~~~~~~~~
/home/user42/directed-compiler-fuzzing-code/scripts/8-crash-testing/input/segment_13/006354b84ccfb15e5ec676690d7b4bcf63c7dc1e.c:125:12: error: conflicting types for ‘i’; have ‘io *’
  125 | static io *i;
      |            ^
/home/user42/directed-compiler-fuzzing-code/scripts/8-crash-testing/input/segment_13/006354b84ccfb15e5ec676690d7b4bcf63c7dc1e.c:15:12: note: previous declaration of ‘i’ with type ‘io *’
   15 | static io *i;
      |            ^
/home/user42/directed-compiler-fuzzing-code/scripts/8-crash-testing/input/segment_13/006354b84ccfb15e5ec676690d7b4bcf63c7dc1e.c:126:19: error: expected ‘)’ before ‘-’ token
  126 | static int (((tlen - e) & int a = 0;
      |                   ^~
      |                   )
/home/user42/directed-compiler-fuzzing-code/scripts/8-crash-testing/input/segment_13/006354b84ccfb15e5ec676690d7b4bcf63c7dc1e.c:126:24: error: expected ‘)’ before ‘&’ token
  126 | static int (((tlen - e) & int a = 0;
      |                        ^~
      |                        )
/home/user42/directed-compiler-fuzzing-code/scripts/8-crash-testing/input/segment_13/006354b84ccfb15e5ec676690d7b4bcf63c7dc1e.c:152:16: error: stray ‘\377’ in program
  152 | typedef int int<ff><ff><ff><ff><ff><ff><ff><ff><ff><ff><ff><ff><ff><ff><ff><ff><ff><ff><ff><ff><ff><ff><ff><ff><ff><ff><ff><ff><ff><ff><ff><ff><ff><ff><ff><ff><ff><ff><ff><ff><ff><ff><ff><ff><ff><ff><ff><ff><ff><ff><ff><ff><ff><ff><ff><ff><ff><ff><ff><ff><ff><ff><ff><ff><ff><ff><ff><ff><ff><ff><ff>_type1;
      |                ^~~~
/home/user42/directed-compiler-fuzzing-code/scripts/8-crash-testing/input/segment_13/006354b84ccfb15e5ec676690d7b4bcf63c7dc1e.c:152:17: error: stray ‘\377’ in program
  152 | typedef int int<ff><ff><ff><ff><ff><ff><ff><ff><ff><ff><ff><ff><ff><ff><ff><ff><ff><ff><ff><ff><ff><ff><ff><ff><ff><ff><ff><ff><ff><ff><ff><ff><ff><ff><ff><ff><ff><ff><ff><ff><ff><ff><ff><ff><ff><ff><ff><ff><ff><ff><ff><ff><ff><ff><ff><ff><ff><ff><ff><ff><ff><ff><ff><ff><ff><ff><ff><ff><ff><ff><ff>_type1;
      |                    ^~~~
/home/user42/directed-compiler-fuzzing-code/scripts/8-crash-testing/input/segment_13/006354b84ccfb15e5ec676690d7b4bcf63c7dc1e.c:152:18: error: stray ‘\377’ in program
  152 | typedef int int<ff><ff><ff><ff><ff><ff><ff><ff><ff><ff><ff><ff><ff><ff><ff><ff><ff><ff><ff><ff><ff><ff><ff><ff><ff><ff><ff><ff><ff><ff><ff><ff><ff><ff><ff><ff><ff><ff><ff><ff><ff><ff><ff><ff><ff><ff><ff><ff><ff><ff><ff><ff><ff><ff><ff><ff><ff><ff><ff><ff><ff><ff><ff><ff><ff><ff><ff><ff><ff><ff><ff>_type1;
      |                        ^~~~
/home/user42/directed-compiler-fuzzing-code/scripts/8-crash-testing/input/segment_13/006354b84ccfb15e5ec676690d7b4bcf63c7dc1e.c:152:19: error: stray ‘\377’ in program
  152 | typedef int int<ff><ff><ff><ff><ff><ff><ff><ff><ff><ff><ff><ff><ff><ff><ff><ff><ff><ff><ff><ff><ff><ff><ff><ff><ff><ff><ff><ff><ff><ff><ff><ff><ff><ff><ff><ff><ff><ff><ff><ff><ff><ff><ff><ff><ff><ff><ff><ff><ff><ff><ff><ff><ff><ff><ff><ff><ff><ff><ff><ff><ff><ff><ff><ff><ff><ff><ff><ff><ff><ff><ff>_type1;
      |                            ^~~~
/home/user42/directed-compiler-fuzzing-code/scripts/8-crash-testing/input/segment_13/006354b84ccfb15e5ec676690d7b4bcf63c7dc1e.c:152:20: error: stray ‘\377’ in program
  152 | typedef int int<ff><ff><ff><ff><ff><ff><ff><ff><ff><ff><ff><ff><ff><ff><ff><ff><ff><ff><ff><ff><ff><ff><ff><ff><ff><ff><ff><ff><ff><ff><ff><ff><ff><ff><ff><ff><ff><ff><ff><ff><ff><ff><ff><ff><ff><ff><ff><ff><ff><ff><ff><ff><ff><ff><ff><ff><ff><ff><ff><ff><ff><ff><ff><ff><ff><ff><ff><ff><ff><ff><ff>_type1;
      |                                ^~~~
/home/user42/directed-compiler-fuzzing-code/scripts/8-crash-testing/input/segment_13/006354b84ccfb15e5ec676690d7b4bcf63c7dc1e.c:152:21: error: stray ‘\377’ in program
  152 | typedef int int<ff><ff><ff><ff><ff><ff><ff><ff><ff><ff><ff><ff><ff><ff><ff><ff><ff><ff><ff><ff><ff><ff><ff><ff><ff><ff><ff><ff><ff><ff><ff><ff><ff><ff><ff><ff><ff><ff><ff><ff><ff><ff><ff><ff><ff><ff><ff><ff><ff><ff><ff><ff><ff><ff><ff><ff><ff><ff><ff><ff><ff><ff><ff><ff><ff><ff><ff><ff><ff><ff><ff>_type1;
      |                                    ^~~~
/home/user42/directed-compiler-fuzzing-code/scripts/8-crash-testing/input/segment_13/006354b84ccfb15e5ec676690d7b4bcf63c7dc1e.c:152:22: error: stray ‘\377’ in program
  152 | typedef int int<ff><ff><ff><ff><ff><ff><ff><ff><ff><ff><ff><ff><ff><ff><ff><ff><ff><ff><ff><ff><ff><ff><ff><ff><ff><ff><ff><ff><ff><ff><ff><ff><ff><ff><ff><ff><ff><ff><ff><ff><ff><ff><ff><ff><ff><ff><ff><ff><ff><ff><ff><ff><ff><ff><ff><ff><ff><ff><ff><ff><ff><ff><ff><ff><ff><ff><ff><ff><ff><ff><ff>_type1;
      |                                        ^~~~
/home/user42/directed-compiler-fuzzing-code/scripts/8-crash-testing/input/segment_13/006354b84ccfb15e5ec676690d7b4bcf63c7dc1e.c:152:23: error: stray ‘\377’ in program
  152 | typedef int int<ff><ff><ff><ff><ff><ff><ff><ff><ff><ff><ff><ff><ff><ff><ff><ff><ff><ff><ff><ff><ff><ff><ff><ff><ff><ff><ff><ff><ff><ff><ff><ff><ff><ff><ff><ff><ff><ff><ff><ff><ff><ff><ff><ff><ff><ff><ff><ff><ff><ff><ff><ff><ff><ff><ff><ff><ff><ff><ff><ff><ff><ff><ff><ff><ff><ff><ff><ff><ff><ff><ff>_type1;
      |                                            ^~~~
/home/user42/directed-compiler-fuzzing-code/scripts/8-crash-testing/input/segment_13/006354b84ccfb15e5ec676690d7b4bcf63c7dc1e.c:152:24: error: stray ‘\377’ in program
  152 | typedef int int<ff><ff><ff><ff><ff><ff><ff><ff><ff><ff><ff><ff><ff><ff><ff><ff><ff><ff><ff><ff><ff><ff><ff><ff><ff><ff><ff><ff><ff><ff><ff><ff><ff><ff><ff><ff><ff><ff><ff><ff><ff><ff><ff><ff><ff><ff><ff><ff><ff><ff><ff><ff><ff><ff><ff><ff><ff><ff><ff><ff><ff><ff><ff><ff><ff><ff><ff><ff><ff><ff><ff>_type1;
      |                                                ^~~~
/home/user42/directed-compiler-fuzzing-code/scripts/8-crash-testing/input/segment_13/006354b84ccfb15e5ec676690d7b4bcf63c7dc1e.c:152:25: error: stray ‘\377’ in program
  152 | typedef int int<ff><ff><ff><ff><ff><ff><ff><ff><ff><ff><ff><ff><ff><ff><ff><ff><ff><ff><ff><ff><ff><ff><ff><ff><ff><ff><ff><ff><ff><ff><ff><ff><ff><ff><ff><ff><ff><ff><ff><ff><ff><ff><ff><ff><ff><ff><ff><ff><ff><ff><ff><ff><ff><ff><ff><ff><ff><ff><ff><ff><ff><ff><ff><ff><ff><ff><ff><ff><ff><ff><ff>_type1;
      |                                                    ^~~~
/home/user42/directed-compiler-fuzzing-code/scripts/8-crash-testing/input/segment_13/006354b84ccfb15e5ec676690d7b4bcf63c7dc1e.c:152:26: error: stray ‘\377’ in program
  152 | typedef int int<ff><ff><ff><ff><ff><ff><ff><ff><ff><ff><ff><ff><ff><ff><ff><ff><ff><ff><ff><ff><ff><ff><ff><ff><ff><ff><ff><ff><ff><ff><ff><ff><ff><ff><ff><ff><ff><ff><ff><ff><ff><ff><ff><ff><ff><ff><ff><ff><ff><ff><ff><ff><ff><ff><ff><ff><ff><ff><ff><ff><ff><ff><ff><ff><ff><ff><ff><ff><ff><ff><ff>_type1;
      |                                                        ^~~~
/home/user42/directed-compiler-fuzzing-code/scripts/8-crash-testing/input/segment_13/006354b84ccfb15e5ec676690d7b4bcf63c7dc1e.c:152:27: error: stray ‘\377’ in program
  152 | typedef int int<ff><ff><ff><ff><ff><ff><ff><ff><ff><ff><ff><ff><ff><ff><ff><ff><ff><ff><ff><ff><ff><ff><ff><ff><ff><ff><ff><ff><ff><ff><ff><ff><ff><ff><ff><ff><ff><ff><ff><ff><ff><ff><ff><ff><ff><ff><ff><ff><ff><ff><ff><ff><ff><ff><ff><ff><ff><ff><ff><ff><ff><ff><ff><ff><ff><ff><ff><ff><ff><ff><ff>_type1;
      |                                                            ^~~~
/home/user42/directed-compiler-fuzzing-code/scripts/8-crash-testing/input/segment_13/006354b84ccfb15e5ec676690d7b4bcf63c7dc1e.c:152:28: error: stray ‘\377’ in program
  152 | typedef int int<ff><ff><ff><ff><ff><ff><ff><ff><ff><ff><ff><ff><ff><ff><ff><ff><ff><ff><ff><ff><ff><ff><ff><ff><ff><ff><ff><ff><ff><ff><ff><ff><ff><ff><ff><ff><ff><ff><ff><ff><ff><ff><ff><ff><ff><ff><ff><ff><ff><ff><ff><ff><ff><ff><ff><ff><ff><ff><ff><ff><ff><ff><ff><ff><ff><ff><ff><ff><ff><ff><ff>_type1;
      |                                                                ^~~~
/home/user42/directed-compiler-fuzzing-code/scripts/8-crash-testing/input/segment_13/006354b84ccfb15e5ec676690d7b4bcf63c7dc1e.c:152:29: error: stray ‘\377’ in program
  152 | typedef int int<ff><ff><ff><ff><ff><ff><ff><ff><ff><ff><ff><ff><ff><ff><ff><ff><ff><ff><ff><ff><ff><ff><ff><ff><ff><ff><ff><ff><ff><ff><ff><ff><ff><ff><ff><ff><ff><ff><ff><ff><ff><ff><ff><ff><ff><ff><ff><ff><ff><ff><ff><ff><ff><ff><ff><ff><ff><ff><ff><ff><ff><ff><ff><ff><ff><ff><ff><ff><ff><ff><ff>_type1;
      |                                                                    ^~~~
/home/user42/directed-compiler-fuzzing-code/scripts/8-crash-testing/input/segment_13/006354b84ccfb15e5ec676690d7b4bcf63c7dc1e.c:152:30: error: stray ‘\377’ in program
  152 | typedef int int<ff><ff><ff><ff><ff><ff><ff><ff><ff><ff><ff><ff><ff><ff><ff><ff><ff><ff><ff><ff><ff><ff><ff><ff><ff><ff><ff><ff><ff><ff><ff><ff><ff><ff><ff><ff><ff><ff><ff><ff><ff><ff><ff><ff><ff><ff><ff><ff><ff><ff><ff><ff><ff><ff><ff><ff><ff><ff><ff><ff><ff><ff><ff><ff><ff><ff><ff><ff><ff><ff><ff>_type1;
      |                                                                        ^~~~
/home/user42/directed-compiler-fuzzing-code/scripts/8-crash-testing/input/segment_13/006354b84ccfb15e5ec676690d7b4bcf63c7dc1e.c:152:31: error: stray ‘\377’ in program
  152 | typedef int int<ff><ff><ff><ff><ff><ff><ff><ff><ff><ff><ff><ff><ff><ff><ff><ff><ff><ff><ff><ff><ff><ff><ff><ff><ff><ff><ff><ff><ff><ff><ff><ff><ff><ff><ff><ff><ff><ff><ff><ff><ff><ff><ff><ff><ff><ff><ff><ff><ff><ff><ff><ff><ff><ff><ff><ff><ff><ff><ff><ff><ff><ff><ff><ff><ff><ff><ff><ff><ff><ff><ff>_type1;
      |                                                                            ^~~~
/home/user42/directed-compiler-fuzzing-code/scripts/8-crash-testing/input/segment_13/006354b84ccfb15e5ec676690d7b4bcf63c7dc1e.c:152:32: error: stray ‘\377’ in program
  152 | typedef int int<ff><ff><ff><ff><ff><ff><ff><ff><ff><ff><ff><ff><ff><ff><ff><ff><ff><ff><ff><ff><ff><ff><ff><ff><ff><ff><ff><ff><ff><ff><ff><ff><ff><ff><ff><ff><ff><ff><ff><ff><ff><ff><ff><ff><ff><ff><ff><ff><ff><ff><ff><ff><ff><ff><ff><ff><ff><ff><ff><ff><ff><ff><ff><ff><ff><ff><ff><ff><ff><ff><ff>_type1;
      |                                                                                ^~~~
/home/user42/directed-compiler-fuzzing-code/scripts/8-crash-testing/input/segment_13/006354b84ccfb15e5ec676690d7b4bcf63c7dc1e.c:152:33: error: stray ‘\377’ in program
  152 | typedef int int<ff><ff><ff><ff><ff><ff><ff><ff><ff><ff><ff><ff><ff><ff><ff><ff><ff><ff><ff><ff><ff><ff><ff><ff><ff><ff><ff><ff><ff><ff><ff><ff><ff><ff><ff><ff><ff><ff><ff><ff><ff><ff><ff><ff><ff><ff><ff><ff><ff><ff><ff><ff><ff><ff><ff><ff><ff><ff><ff><ff><ff><ff><ff><ff><ff><ff><ff><ff><ff><ff><ff>_type1;
      |                                                                                    ^~~~
/home/user42/directed-compiler-fuzzing-code/scripts/8-crash-testing/input/segment_13/006354b84ccfb15e5ec676690d7b4bcf63c7dc1e.c:152:34: error: stray ‘\377’ in program
  152 | typedef int int<ff><ff><ff><ff><ff><ff><ff><ff><ff><ff><ff><ff><ff><ff><ff><ff><ff><ff><ff><ff><ff><ff><ff><ff><ff><ff><ff><ff><ff><ff><ff><ff><ff><ff><ff><ff><ff><ff><ff><ff><ff><ff><ff><ff><ff><ff><ff><ff><ff><ff><ff><ff><ff><ff><ff><ff><ff><ff><ff><ff><ff><ff><ff><ff><ff><ff><ff><ff><ff><ff><ff>_type1;
      |                                                                                        ^~~~
/home/user42/directed-compiler-fuzzing-code/scripts/8-crash-testing/input/segment_13/006354b84ccfb15e5ec676690d7b4bcf63c7dc1e.c:152:35: error: stray ‘\377’ in program
  152 | typedef int int<ff><ff><ff><ff><ff><ff><ff><ff><ff><ff><ff><ff><ff><ff><ff><ff><ff><ff><ff><ff><ff><ff><ff><ff><ff><ff><ff><ff><ff><ff><ff><ff><ff><ff><ff><ff><ff><ff><ff><ff><ff><ff><ff><ff><ff><ff><ff><ff><ff><ff><ff><ff><ff><ff><ff><ff><ff><ff><ff><ff><ff><ff><ff><ff><ff><ff><ff><ff><ff><ff><ff>_type1;
      |                                                                                            ^~~~
/home/user42/directed-compiler-fuzzing-code/scripts/8-crash-testing/input/segment_13/006354b84ccfb15e5ec676690d7b4bcf63c7dc1e.c:152:36: error: stray ‘\377’ in program
  152 | typedef int int<ff><ff><ff><ff><ff><ff><ff><ff><ff><ff><ff><ff><ff><ff><ff><ff><ff><ff><ff><ff><ff><ff><ff><ff><ff><ff><ff><ff><ff><ff><ff><ff><ff><ff><ff><ff><ff><ff><ff><ff><ff><ff><ff><ff><ff><ff><ff><ff><ff><ff><ff><ff><ff><ff><ff><ff><ff><ff><ff><ff><ff><ff><ff><ff><ff><ff><ff><ff><ff><ff><ff>_type1;
      |                                                                                                ^~~~
/home/user42/directed-compiler-fuzzing-code/scripts/8-crash-testing/input/segment_13/006354b84ccfb15e5ec676690d7b4bcf63c7dc1e.c:152:37: error: stray ‘\377’ in program
  152 | typedef int int<ff><ff><ff><ff><ff><ff><ff><ff><ff><ff><ff><ff><ff><ff><ff><ff><ff><ff><ff><ff><ff><ff><ff><ff><ff><ff><ff><ff><ff><ff><ff><ff><ff><ff><ff><ff><ff><ff><ff><ff><ff><ff><ff><ff><ff><ff><ff><ff><ff><ff><ff><ff><ff><ff><ff><ff><ff><ff><ff><ff><ff><ff><ff><ff><ff><ff><ff><ff><ff><ff><ff>_type1;
      |                                                                                                    ^~~~
/home/user42/directed-compiler-fuzzing-code/scripts/8-crash-testing/input/segment_13/006354b84ccfb15e5ec676690d7b4bcf63c7dc1e.c:152:38: error: stray ‘\377’ in program
  152 | typedef int int<ff><ff><ff><ff><ff><ff><ff><ff><ff><ff><ff><ff><ff><ff><ff><ff><ff><ff><ff><ff><ff><ff><ff><ff><ff><ff><ff><ff><ff><ff><ff><ff><ff><ff><ff><ff><ff><ff><ff><ff><ff><ff><ff><ff><ff><ff><ff><ff><ff><ff><ff><ff><ff><ff><ff><ff><ff><ff><ff><ff><ff><ff><ff><ff><ff><ff><ff><ff><ff><ff><ff>_type1;
      |                                                                                                        ^~~~
/home/user42/directed-compiler-fuzzing-code/scripts/8-crash-testing/input/segment_13/006354b84ccfb15e5ec676690d7b4bcf63c7dc1e.c:152:39: error: stray ‘\377’ in program
  152 | typedef int int<ff><ff><ff><ff><ff><ff><ff><ff><ff><ff><ff><ff><ff><ff><ff><ff><ff><ff><ff><ff><ff><ff><ff><ff><ff><ff><ff><ff><ff><ff><ff><ff><ff><ff><ff><ff><ff><ff><ff><ff><ff><ff><ff><ff><ff><ff><ff><ff><ff><ff><ff><ff><ff><ff><ff><ff><ff><ff><ff><ff><ff><ff><ff><ff><ff><ff><ff><ff><ff><ff><ff>_type1;
      |                                                                                                            ^~~~
/home/user42/directed-compiler-fuzzing-code/scripts/8-crash-testing/input/segment_13/006354b84ccfb15e5ec676690d7b4bcf63c7dc1e.c:152:40: error: stray ‘\377’ in program
  152 | typedef int int<ff><ff><ff><ff><ff><ff><ff><ff><ff><ff><ff><ff><ff><ff><ff><ff><ff><ff><ff><ff><ff><ff><ff><ff><ff><ff><ff><ff><ff><ff><ff><ff><ff><ff><ff><ff><ff><ff><ff><ff><ff><ff><ff><ff><ff><ff><ff><ff><ff><ff><ff><ff><ff><ff><ff><ff><ff><ff><ff><ff><ff><ff><ff><ff><ff><ff><ff><ff><ff><ff><ff>_type1;
      |                                                                                                                ^~~~
/home/user42/directed-compiler-fuzzing-code/scripts/8-crash-testing/input/segment_13/006354b84ccfb15e5ec676690d7b4bcf63c7dc1e.c:152:41: error: stray ‘\377’ in program
  152 | typedef int int<ff><ff><ff><ff><ff><ff><ff><ff><ff><ff><ff><ff><ff><ff><ff><ff><ff><ff><ff><ff><ff><ff><ff><ff><ff><ff><ff><ff><ff><ff><ff><ff><ff><ff><ff><ff><ff><ff><ff><ff><ff><ff><ff><ff><ff><ff><ff><ff><ff><ff><ff><ff><ff><ff><ff><ff><ff><ff><ff><ff><ff><ff><ff><ff><ff><ff><ff><ff><ff><ff><ff>_type1;
      |                                                                                                                    ^~~~
/home/user42/directed-compiler-fuzzing-code/scripts/8-crash-testing/input/segment_13/006354b84ccfb15e5ec676690d7b4bcf63c7dc1e.c:152:42: error: stray ‘\377’ in program
  152 | typedef int int<ff><ff><ff><ff><ff><ff><ff><ff><ff><ff><ff><ff><ff><ff><ff><ff><ff><ff><ff><ff><ff><ff><ff><ff><ff><ff><ff><ff><ff><ff><ff><ff><ff><ff><ff><ff><ff><ff><ff><ff><ff><ff><ff><ff><ff><ff><ff><ff><ff><ff><ff><ff><ff><ff><ff><ff><ff><ff><ff><ff><ff><ff><ff><ff><ff><ff><ff><ff><ff><ff><ff>_type1;
      |                                                                                                                        ^~~~
/home/user42/directed-compiler-fuzzing-code/scripts/8-crash-testing/input/segment_13/006354b84ccfb15e5ec676690d7b4bcf63c7dc1e.c:152:43: error: stray ‘\377’ in program
  152 | typedef int int<ff><ff><ff><ff><ff><ff><ff><ff><ff><ff><ff><ff><ff><ff><ff><ff><ff><ff><ff><ff><ff><ff><ff><ff><ff><ff><ff><ff><ff><ff><ff><ff><ff><ff><ff><ff><ff><ff><ff><ff><ff><ff><ff><ff><ff><ff><ff><ff><ff><ff><ff><ff><ff><ff><ff><ff><ff><ff><ff><ff><ff><ff><ff><ff><ff><ff><ff><ff><ff><ff><ff>_type1;
      |                                                                                                                            ^~~~
/home/user42/directed-compiler-fuzzing-code/scripts/8-crash-testing/input/segment_13/006354b84ccfb15e5ec676690d7b4bcf63c7dc1e.c:152:44: error: stray ‘\377’ in program
  152 | typedef int int<ff><ff><ff><ff><ff><ff><ff><ff><ff><ff><ff><ff><ff><ff><ff><ff><ff><ff><ff><ff><ff><ff><ff><ff><ff><ff><ff><ff><ff><ff><ff><ff><ff><ff><ff><ff><ff><ff><ff><ff><ff><ff><ff><ff><ff><ff><ff><ff><ff><ff><ff><ff><ff><ff><ff><ff><ff><ff><ff><ff><ff><ff><ff><ff><ff><ff><ff><ff><ff><ff><ff>_type1;
      |                                                                                                                                ^~~~
/home/user42/directed-compiler-fuzzing-code/scripts/8-crash-testing/input/segment_13/006354b84ccfb15e5ec676690d7b4bcf63c7dc1e.c:152:45: error: stray ‘\377’ in program
  152 | typedef int int<ff><ff><ff><ff><ff><ff><ff><ff><ff><ff><ff><ff><ff><ff><ff><ff><ff><ff><ff><ff><ff><ff><ff><ff><ff><ff><ff><ff><ff><ff><ff><ff><ff><ff><ff><ff><ff><ff><ff><ff><ff><ff><ff><ff><ff><ff><ff><ff><ff><ff><ff><ff><ff><ff><ff><ff><ff><ff><ff><ff><ff><ff><ff><ff><ff><ff><ff><ff><ff><ff><ff>_type1;
      |                                                                                                                                    ^~~~
/home/user42/directed-compiler-fuzzing-code/scripts/8-crash-testing/input/segment_13/006354b84ccfb15e5ec676690d7b4bcf63c7dc1e.c:152:46: error: stray ‘\377’ in program
  152 | typedef int int<ff><ff><ff><ff><ff><ff><ff><ff><ff><ff><ff><ff><ff><ff><ff><ff><ff><ff><ff><ff><ff><ff><ff><ff><ff><ff><ff><ff><ff><ff><ff><ff><ff><ff><ff><ff><ff><ff><ff><ff><ff><ff><ff><ff><ff><ff><ff><ff><ff><ff><ff><ff><ff><ff><ff><ff><ff><ff><ff><ff><ff><ff><ff><ff><ff><ff><ff><ff><ff><ff><ff>_type1;
      |                                                                                                                                        ^~~~
/home/user42/directed-compiler-fuzzing-code/scripts/8-crash-testing/input/segment_13/006354b84ccfb15e5ec676690d7b4bcf63c7dc1e.c:152:47: error: stray ‘\377’ in program
  152 | typedef int int<ff><ff><ff><ff><ff><ff><ff><ff><ff><ff><ff><ff><ff><ff><ff><ff><ff><ff><ff><ff><ff><ff><ff><ff><ff><ff><ff><ff><ff><ff><ff><ff><ff><ff><ff><ff><ff><ff><ff><ff><ff><ff><ff><ff><ff><ff><ff><ff><ff><ff><ff><ff><ff><ff><ff><ff><ff><ff><ff><ff><ff><ff><ff><ff><ff><ff><ff><ff><ff><ff><ff>_type1;
      |                                                                                                                                            ^~~~
/home/user42/directed-compiler-fuzzing-code/scripts/8-crash-testing/input/segment_13/006354b84ccfb15e5ec676690d7b4bcf63c7dc1e.c:152:48: error: stray ‘\377’ in program
  152 | typedef int int<ff><ff><ff><ff><ff><ff><ff><ff><ff><ff><ff><ff><ff><ff><ff><ff><ff><ff><ff><ff><ff><ff><ff><ff><ff><ff><ff><ff><ff><ff><ff><ff><ff><ff><ff><ff><ff><ff><ff><ff><ff><ff><ff><ff><ff><ff><ff><ff><ff><ff><ff><ff><ff><ff><ff><ff><ff><ff><ff><ff><ff><ff><ff><ff><ff><ff><ff><ff><ff><ff><ff>_type1;
      |                                                                                                                                                ^~~~
/home/user42/directed-compiler-fuzzing-code/scripts/8-crash-testing/input/segment_13/006354b84ccfb15e5ec676690d7b4bcf63c7dc1e.c:152:49: error: stray ‘\377’ in program
  152 | typedef int int<ff><ff><ff><ff><ff><ff><ff><ff><ff><ff><ff><ff><ff><ff><ff><ff><ff><ff><ff><ff><ff><ff><ff><ff><ff><ff><ff><ff><ff><ff><ff><ff><ff><ff><ff><ff><ff><ff><ff><ff><ff><ff><ff><ff><ff><ff><ff><ff><ff><ff><ff><ff><ff><ff><ff><ff><ff><ff><ff><ff><ff><ff><ff><ff><ff><ff><ff><ff><ff><ff><ff>_type1;
      |                                                                                                                                                    ^~~~
/home/user42/directed-compiler-fuzzing-code/scripts/8-crash-testing/input/segment_13/006354b84ccfb15e5ec676690d7b4bcf63c7dc1e.c:152:50: error: stray ‘\377’ in program
  152 | typedef int int<ff><ff><ff><ff><ff><ff><ff><ff><ff><ff><ff><ff><ff><ff><ff><ff><ff><ff><ff><ff><ff><ff><ff><ff><ff><ff><ff><ff><ff><ff><ff><ff><ff><ff><ff><ff><ff><ff><ff><ff><ff><ff><ff><ff><ff><ff><ff><ff><ff><ff><ff><ff><ff><ff><ff><ff><ff><ff><ff><ff><ff><ff><ff><ff><ff><ff><ff><ff><ff><ff><ff>_type1;
      |                                                                                                                                                        ^~~~
/home/user42/directed-compiler-fuzzing-code/scripts/8-crash-testing/input/segment_13/006354b84ccfb15e5ec676690d7b4bcf63c7dc1e.c:152:51: error: stray ‘\377’ in program
  152 | typedef int int<ff><ff><ff><ff><ff><ff><ff><ff><ff><ff><ff><ff><ff><ff><ff><ff><ff><ff><ff><ff><ff><ff><ff><ff><ff><ff><ff><ff><ff><ff><ff><ff><ff><ff><ff><ff><ff><ff><ff><ff><ff><ff><ff><ff><ff><ff><ff><ff><ff><ff><ff><ff><ff><ff><ff><ff><ff><ff><ff><ff><ff><ff><ff><ff><ff><ff><ff><ff><ff><ff><ff>_type1;
      |                                                                                                                                                            ^~~~
/home/user42/directed-compiler-fuzzing-code/scripts/8-crash-testing/input/segment_13/006354b84ccfb15e5ec676690d7b4bcf63c7dc1e.c:152:52: error: stray ‘\377’ in program
  152 | typedef int int<ff><ff><ff><ff><ff><ff><ff><ff><ff><ff><ff><ff><ff><ff><ff><ff><ff><ff><ff><ff><ff><ff><ff><ff><ff><ff><ff><ff><ff><ff><ff><ff><ff><ff><ff><ff><ff><ff><ff><ff><ff><ff><ff><ff><ff><ff><ff><ff><ff><ff><ff><ff><ff><ff><ff><ff><ff><ff><ff><ff><ff><ff><ff><ff><ff><ff><ff><ff><ff><ff><ff>_type1;
      |                                                                                                                                                                ^~~~
/home/user42/directed-compiler-fuzzing-code/scripts/8-crash-testing/input/segment_13/006354b84ccfb15e5ec676690d7b4bcf63c7dc1e.c:152:53: error: stray ‘\377’ in program
  152 | typedef int int<ff><ff><ff><ff><ff><ff><ff><ff><ff><ff><ff><ff><ff><ff><ff><ff><ff><ff><ff><ff><ff><ff><ff><ff><ff><ff><ff><ff><ff><ff><ff><ff><ff><ff><ff><ff><ff><ff><ff><ff><ff><ff><ff><ff><ff><ff><ff><ff><ff><ff><ff><ff><ff><ff><ff><ff><ff><ff><ff><ff><ff><ff><ff><ff><ff><ff><ff><ff><ff><ff><ff>_type1;
      |                                                                                                                                                                    ^~~~
/home/user42/directed-compiler-fuzzing-code/scripts/8-crash-testing/input/segment_13/006354b84ccfb15e5ec676690d7b4bcf63c7dc1e.c:152:54: error: stray ‘\377’ in program
  152 | typedef int int<ff><ff><ff><ff><ff><ff><ff><ff><ff><ff><ff><ff><ff><ff><ff><ff><ff><ff><ff><ff><ff><ff><ff><ff><ff><ff><ff><ff><ff><ff><ff><ff><ff><ff><ff><ff><ff><ff><ff><ff><ff><ff><ff><ff><ff><ff><ff><ff><ff><ff><ff><ff><ff><ff><ff><ff><ff><ff><ff><ff><ff><ff><ff><ff><ff><ff><ff><ff><ff><ff><ff>_type1;
      |                                                                                                                                                                        ^~~~
/home/user42/directed-compiler-fuzzing-code/scripts/8-crash-testing/input/segment_13/006354b84ccfb15e5ec676690d7b4bcf63c7dc1e.c:152:55: error: stray ‘\377’ in program
  152 | typedef int int<ff><ff><ff><ff><ff><ff><ff><ff><ff><ff><ff><ff><ff><ff><ff><ff><ff><ff><ff><ff><ff><ff><ff><ff><ff><ff><ff><ff><ff><ff><ff><ff><ff><ff><ff><ff><ff><ff><ff><ff><ff><ff><ff><ff><ff><ff><ff><ff><ff><ff><ff><ff><ff><ff><ff><ff><ff><ff><ff><ff><ff><ff><ff><ff><ff><ff><ff><ff><ff><ff><ff>_type1;
      |                                                                                                                                                                            ^~~~
/home/user42/directed-compiler-fuzzing-code/scripts/8-crash-testing/input/segment_13/006354b84ccfb15e5ec676690d7b4bcf63c7dc1e.c:152:56: error: stray ‘\377’ in program
  152 | typedef int int<ff><ff><ff><ff><ff><ff><ff><ff><ff><ff><ff><ff><ff><ff><ff><ff><ff><ff><ff><ff><ff><ff><ff><ff><ff><ff><ff><ff><ff><ff><ff><ff><ff><ff><ff><ff><ff><ff><ff><ff><ff><ff><ff><ff><ff><ff><ff><ff><ff><ff><ff><ff><ff><ff><ff><ff><ff><ff><ff><ff><ff><ff><ff><ff><ff><ff><ff><ff><ff><ff><ff>_type1;
      |                                                                                                                                                                                ^~~~
/home/user42/directed-compiler-fuzzing-code/scripts/8-crash-testing/input/segment_13/006354b84ccfb15e5ec676690d7b4bcf63c7dc1e.c:152:57: error: stray ‘\377’ in program
  152 | typedef int int<ff><ff><ff><ff><ff><ff><ff><ff><ff><ff><ff><ff><ff><ff><ff><ff><ff><ff><ff><ff><ff><ff><ff><ff><ff><ff><ff><ff><ff><ff><ff><ff><ff><ff><ff><ff><ff><ff><ff><ff><ff><ff><ff><ff><ff><ff><ff><ff><ff><ff><ff><ff><ff><ff><ff><ff><ff><ff><ff><ff><ff><ff><ff><ff><ff><ff><ff><ff><ff><ff><ff>_type1;
      |                                                                                                                                                                                    ^~~~
/home/user42/directed-compiler-fuzzing-code/scripts/8-crash-testing/input/segment_13/006354b84ccfb15e5ec676690d7b4bcf63c7dc1e.c:152:58: error: stray ‘\377’ in program
  152 | typedef int int<ff><ff><ff><ff><ff><ff><ff><ff><ff><ff><ff><ff><ff><ff><ff><ff><ff><ff><ff><ff><ff><ff><ff><ff><ff><ff><ff><ff><ff><ff><ff><ff><ff><ff><ff><ff><ff><ff><ff><ff><ff><ff><ff><ff><ff><ff><ff><ff><ff><ff><ff><ff><ff><ff><ff><ff><ff><ff><ff><ff><ff><ff><ff><ff><ff><ff><ff><ff><ff><ff><ff>_type1;
      |                                                                                                                                                                                        ^~~~
/home/user42/directed-compiler-fuzzing-code/scripts/8-crash-testing/input/segment_13/006354b84ccfb15e5ec676690d7b4bcf63c7dc1e.c:152:59: error: stray ‘\377’ in program
  152 | typedef int int<ff><ff><ff><ff><ff><ff><ff><ff><ff><ff><ff><ff><ff><ff><ff><ff><ff><ff><ff><ff><ff><ff><ff><ff><ff><ff><ff><ff><ff><ff><ff><ff><ff><ff><ff><ff><ff><ff><ff><ff><ff><ff><ff><ff><ff><ff><ff><ff><ff><ff><ff><ff><ff><ff><ff><ff><ff><ff><ff><ff><ff><ff><ff><ff><ff><ff><ff><ff><ff><ff><ff>_type1;
      |                                                                                                                                                                                            ^~~~
/home/user42/directed-compiler-fuzzing-code/scripts/8-crash-testing/input/segment_13/006354b84ccfb15e5ec676690d7b4bcf63c7dc1e.c:152:60: error: stray ‘\377’ in program
  152 | typedef int int<ff><ff><ff><ff><ff><ff><ff><ff><ff><ff><ff><ff><ff><ff><ff><ff><ff><ff><ff><ff><ff><ff><ff><ff><ff><ff><ff><ff><ff><ff><ff><ff><ff><ff><ff><ff><ff><ff><ff><ff><ff><ff><ff><ff><ff><ff><ff><ff><ff><ff><ff><ff><ff><ff><ff><ff><ff><ff><ff><ff><ff><ff><ff><ff><ff><ff><ff><ff><ff><ff><ff>_type1;
      |                                                                                                                                                                                                ^~~~
/home/user42/directed-compiler-fuzzing-code/scripts/8-crash-testing/input/segment_13/006354b84ccfb15e5ec676690d7b4bcf63c7dc1e.c:152:61: error: stray ‘\377’ in program
  152 | typedef int int<ff><ff><ff><ff><ff><ff><ff><ff><ff><ff><ff><ff><ff><ff><ff><ff><ff><ff><ff><ff><ff><ff><ff><ff><ff><ff><ff><ff><ff><ff><ff><ff><ff><ff><ff><ff><ff><ff><ff><ff><ff><ff><ff><ff><ff><ff><ff><ff><ff><ff><ff><ff><ff><ff><ff><ff><ff><ff><ff><ff><ff><ff><ff><ff><ff><ff><ff><ff><ff><ff><ff>_type1;
      |                                                                                                                                                                                                    ^~~~
/home/user42/directed-compiler-fuzzing-code/scripts/8-crash-testing/input/segment_13/006354b84ccfb15e5ec676690d7b4bcf63c7dc1e.c:152:62: error: stray ‘\377’ in program
  152 | typedef int int<ff><ff><ff><ff><ff><ff><ff><ff><ff><ff><ff><ff><ff><ff><ff><ff><ff><ff><ff><ff><ff><ff><ff><ff><ff><ff><ff><ff><ff><ff><ff><ff><ff><ff><ff><ff><ff><ff><ff><ff><ff><ff><ff><ff><ff><ff><ff><ff><ff><ff><ff><ff><ff><ff><ff><ff><ff><ff><ff><ff><ff><ff><ff><ff><ff><ff><ff><ff><ff><ff><ff>_type1;
      |                                                                                                                                                                                                        ^~~~
/home/user42/directed-compiler-fuzzing-code/scripts/8-crash-testing/input/segment_13/006354b84ccfb15e5ec676690d7b4bcf63c7dc1e.c:152:63: error: stray ‘\377’ in program
  152 | typedef int int<ff><ff><ff><ff><ff><ff><ff><ff><ff><ff><ff><ff><ff><ff><ff><ff><ff><ff><ff><ff><ff><ff><ff><ff><ff><ff><ff><ff><ff><ff><ff><ff><ff><ff><ff><ff><ff><ff><ff><ff><ff><ff><ff><ff><ff><ff><ff><ff><ff><ff><ff><ff><ff><ff><ff><ff><ff><ff><ff><ff><ff><ff><ff><ff><ff><ff><ff><ff><ff><ff><ff>_type1;
      |                                                                                                                                                                                                            ^~~~
/home/user42/directed-compiler-fuzzing-code/scripts/8-crash-testing/input/segment_13/006354b84ccfb15e5ec676690d7b4bcf63c7dc1e.c:152:64: error: stray ‘\377’ in program
  152 | typedef int int<ff><ff><ff><ff><ff><ff><ff><ff><ff><ff><ff><ff><ff><ff><ff><ff><ff><ff><ff><ff><ff><ff><ff><ff><ff><ff><ff><ff><ff><ff><ff><ff><ff><ff><ff><ff><ff><ff><ff><ff><ff><ff><ff><ff><ff><ff><ff><ff><ff><ff><ff><ff><ff><ff><ff><ff><ff><ff><ff><ff><ff><ff><ff><ff><ff><ff><ff><ff><ff><ff><ff>_type1;
      |                                                                                                                                                                                                                ^~~~
/home/user42/directed-compiler-fuzzing-code/scripts/8-crash-testing/input/segment_13/006354b84ccfb15e5ec676690d7b4bcf63c7dc1e.c:152:65: error: stray ‘\377’ in program
  152 | typedef int int<ff><ff><ff><ff><ff><ff><ff><ff><ff><ff><ff><ff><ff><ff><ff><ff><ff><ff><ff><ff><ff><ff><ff><ff><ff><ff><ff><ff><ff><ff><ff><ff><ff><ff><ff><ff><ff><ff><ff><ff><ff><ff><ff><ff><ff><ff><ff><ff><ff><ff><ff><ff><ff><ff><ff><ff><ff><ff><ff><ff><ff><ff><ff><ff><ff><ff><ff><ff><ff><ff><ff>_type1;
      |                                                                                                                                                                                                                    ^~~~
/home/user42/directed-compiler-fuzzing-code/scripts/8-crash-testing/input/segment_13/006354b84ccfb15e5ec676690d7b4bcf63c7dc1e.c:152:66: error: stray ‘\377’ in program
  152 | typedef int int<ff><ff><ff><ff><ff><ff><ff><ff><ff><ff><ff><ff><ff><ff><ff><ff><ff><ff><ff><ff><ff><ff><ff><ff><ff><ff><ff><ff><ff><ff><ff><ff><ff><ff><ff><ff><ff><ff><ff><ff><ff><ff><ff><ff><ff><ff><ff><ff><ff><ff><ff><ff><ff><ff><ff><ff><ff><ff><ff><ff><ff><ff><ff><ff><ff><ff><ff><ff><ff><ff><ff>_type1;
      |                                                                                                                                                                                                                        ^~~~
/home/user42/directed-compiler-fuzzing-code/scripts/8-crash-testing/input/segment_13/006354b84ccfb15e5ec676690d7b4bcf63c7dc1e.c:152:67: error: stray ‘\377’ in program
  152 | typedef int int<ff><ff><ff><ff><ff><ff><ff><ff><ff><ff><ff><ff><ff><ff><ff><ff><ff><ff><ff><ff><ff><ff><ff><ff><ff><ff><ff><ff><ff><ff><ff><ff><ff><ff><ff><ff><ff><ff><ff><ff><ff><ff><ff><ff><ff><ff><ff><ff><ff><ff><ff><ff><ff><ff><ff><ff><ff><ff><ff><ff><ff><ff><ff><ff><ff><ff><ff><ff><ff><ff><ff>_type1;
      |                                                                                                                                                                                                                            ^~~~
/home/user42/directed-compiler-fuzzing-code/scripts/8-crash-testing/input/segment_13/006354b84ccfb15e5ec676690d7b4bcf63c7dc1e.c:152:68: error: stray ‘\377’ in program
  152 | typedef int int<ff><ff><ff><ff><ff><ff><ff><ff><ff><ff><ff><ff><ff><ff><ff><ff><ff><ff><ff><ff><ff><ff><ff><ff><ff><ff><ff><ff><ff><ff><ff><ff><ff><ff><ff><ff><ff><ff><ff><ff><ff><ff><ff><ff><ff><ff><ff><ff><ff><ff><ff><ff><ff><ff><ff><ff><ff><ff><ff><ff><ff><ff><ff><ff><ff><ff><ff><ff><ff><ff><ff>_type1;
      |                                                                                                                                                                                                                                ^~~~
/home/user42/directed-compiler-fuzzing-code/scripts/8-crash-testing/input/segment_13/006354b84ccfb15e5ec676690d7b4bcf63c7dc1e.c:152:69: error: stray ‘\377’ in program
  152 | typedef int int<ff><ff><ff><ff><ff><ff><ff><ff><ff><ff><ff><ff><ff><ff><ff><ff><ff><ff><ff><ff><ff><ff><ff><ff><ff><ff><ff><ff><ff><ff><ff><ff><ff><ff><ff><ff><ff><ff><ff><ff><ff><ff><ff><ff><ff><ff><ff><ff><ff><ff><ff><ff><ff><ff><ff><ff><ff><ff><ff><ff><ff><ff><ff><ff><ff><ff><ff><ff><ff><ff><ff>_type1;
      |                                                                                                                                                                                                                                    ^~~~
/home/user42/directed-compiler-fuzzing-code/scripts/8-crash-testing/input/segment_13/006354b84ccfb15e5ec676690d7b4bcf63c7dc1e.c:152:70: error: stray ‘\377’ in program
  152 | typedef int int<ff><ff><ff><ff><ff><ff><ff><ff><ff><ff><ff><ff><ff><ff><ff><ff><ff><ff><ff><ff><ff><ff><ff><ff><ff><ff><ff><ff><ff><ff><ff><ff><ff><ff><ff><ff><ff><ff><ff><ff><ff><ff><ff><ff><ff><ff><ff><ff><ff><ff><ff><ff><ff><ff><ff><ff><ff><ff><ff><ff><ff><ff><ff><ff><ff><ff><ff><ff><ff><ff><ff>_type1;
      |                                                                                                                                                                                                                                        ^~~~
/home/user42/directed-compiler-fuzzing-code/scripts/8-crash-testing/input/segment_13/006354b84ccfb15e5ec676690d7b4bcf63c7dc1e.c:152:71: error: stray ‘\377’ in program
  152 | typedef int int<ff><ff><ff><ff><ff><ff><ff><ff><ff><ff><ff><ff><ff><ff><ff><ff><ff><ff><ff><ff><ff><ff><ff><ff><ff><ff><ff><ff><ff><ff><ff><ff><ff><ff><ff><ff><ff><ff><ff><ff><ff><ff><ff><ff><ff><ff><ff><ff><ff><ff><ff><ff><ff><ff><ff><ff><ff><ff><ff><ff><ff><ff><ff><ff><ff><ff><ff><ff><ff><ff><ff>_type1;
      |                                                                                                                                                                                                                                            ^~~~
/home/user42/directed-compiler-fuzzing-code/scripts/8-crash-testing/input/segment_13/006354b84ccfb15e5ec676690d7b4bcf63c7dc1e.c:152:72: error: stray ‘\377’ in program
  152 | typedef int int<ff><ff><ff><ff><ff><ff><ff><ff><ff><ff><ff><ff><ff><ff><ff><ff><ff><ff><ff><ff><ff><ff><ff><ff><ff><ff><ff><ff><ff><ff><ff><ff><ff><ff><ff><ff><ff><ff><ff><ff><ff><ff><ff><ff><ff><ff><ff><ff><ff><ff><ff><ff><ff><ff><ff><ff><ff><ff><ff><ff><ff><ff><ff><ff><ff><ff><ff><ff><ff><ff><ff>_type1;
      |                                                                                                                                                                                                                                                ^~~~
/home/user42/directed-compiler-fuzzing-code/scripts/8-crash-testing/input/segment_13/006354b84ccfb15e5ec676690d7b4bcf63c7dc1e.c:152:73: error: stray ‘\377’ in program
  152 | typedef int int<ff><ff><ff><ff><ff><ff><ff><ff><ff><ff><ff><ff><ff><ff><ff><ff><ff><ff><ff><ff><ff><ff><ff><ff><ff><ff><ff><ff><ff><ff><ff><ff><ff><ff><ff><ff><ff><ff><ff><ff><ff><ff><ff><ff><ff><ff><ff><ff><ff><ff><ff><ff><ff><ff><ff><ff><ff><ff><ff><ff><ff><ff><ff><ff><ff><ff><ff><ff><ff><ff><ff>_type1;
      |                                                                                                                                                                                                                                                    ^~~~
/home/user42/directed-compiler-fuzzing-code/scripts/8-crash-testing/input/segment_13/006354b84ccfb15e5ec676690d7b4bcf63c7dc1e.c:152:74: error: stray ‘\377’ in program
  152 | typedef int int<ff><ff><ff><ff><ff><ff><ff><ff><ff><ff><ff><ff><ff><ff><ff><ff><ff><ff><ff><ff><ff><ff><ff><ff><ff><ff><ff><ff><ff><ff><ff><ff><ff><ff><ff><ff><ff><ff><ff><ff><ff><ff><ff><ff><ff><ff><ff><ff><ff><ff><ff><ff><ff><ff><ff><ff><ff><ff><ff><ff><ff><ff><ff><ff><ff><ff><ff><ff><ff><ff><ff>_type1;
      |                                                                                                                                                                                                                                                        ^~~~
/home/user42/directed-compiler-fuzzing-code/scripts/8-crash-testing/input/segment_13/006354b84ccfb15e5ec676690d7b4bcf63c7dc1e.c:152:75: error: stray ‘\377’ in program
  152 | typedef int int<ff><ff><ff><ff><ff><ff><ff><ff><ff><ff><ff><ff><ff><ff><ff><ff><ff><ff><ff><ff><ff><ff><ff><ff><ff><ff><ff><ff><ff><ff><ff><ff><ff><ff><ff><ff><ff><ff><ff><ff><ff><ff><ff><ff><ff><ff><ff><ff><ff><ff><ff><ff><ff><ff><ff><ff><ff><ff><ff><ff><ff><ff><ff><ff><ff><ff><ff><ff><ff><ff><ff>_type1;
      |                                                                                                                                                                                                                                                            ^~~~
/home/user42/directed-compiler-fuzzing-code/scripts/8-crash-testing/input/segment_13/006354b84ccfb15e5ec676690d7b4bcf63c7dc1e.c:152:76: error: stray ‘\377’ in program
  152 | typedef int int<ff><ff><ff><ff><ff><ff><ff><ff><ff><ff><ff><ff><ff><ff><ff><ff><ff><ff><ff><ff><ff><ff><ff><ff><ff><ff><ff><ff><ff><ff><ff><ff><ff><ff><ff><ff><ff><ff><ff><ff><ff><ff><ff><ff><ff><ff><ff><ff><ff><ff><ff><ff><ff><ff><ff><ff><ff><ff><ff><ff><ff><ff><ff><ff><ff><ff><ff><ff><ff><ff><ff>_type1;
      |                                                                                                                                                                                                                                                                ^~~~
/home/user42/directed-compiler-fuzzing-code/scripts/8-crash-testing/input/segment_13/006354b84ccfb15e5ec676690d7b4bcf63c7dc1e.c:152:77: error: stray ‘\377’ in program
  152 | typedef int int<ff><ff><ff><ff><ff><ff><ff><ff><ff><ff><ff><ff><ff><ff><ff><ff><ff><ff><ff><ff><ff><ff><ff><ff><ff><ff><ff><ff><ff><ff><ff><ff><ff><ff><ff><ff><ff><ff><ff><ff><ff><ff><ff><ff><ff><ff><ff><ff><ff><ff><ff><ff><ff><ff><ff><ff><ff><ff><ff><ff><ff><ff><ff><ff><ff><ff><ff><ff><ff><ff><ff>_type1;
      |                                                                                                                                                                                                                                                                    ^~~~
/home/user42/directed-compiler-fuzzing-code/scripts/8-crash-testing/input/segment_13/006354b84ccfb15e5ec676690d7b4bcf63c7dc1e.c:152:78: error: stray ‘\377’ in program
  152 | typedef int int<ff><ff><ff><ff><ff><ff><ff><ff><ff><ff><ff><ff><ff><ff><ff><ff><ff><ff><ff><ff><ff><ff><ff><ff><ff><ff><ff><ff><ff><ff><ff><ff><ff><ff><ff><ff><ff><ff><ff><ff><ff><ff><ff><ff><ff><ff><ff><ff><ff><ff><ff><ff><ff><ff><ff><ff><ff><ff><ff><ff><ff><ff><ff><ff><ff><ff><ff><ff><ff><ff><ff>_type1;
      |                                                                                                                                                                                                                                                                        ^~~~
/home/user42/directed-compiler-fuzzing-code/scripts/8-crash-testing/input/segment_13/006354b84ccfb15e5ec676690d7b4bcf63c7dc1e.c:152:79: error: stray ‘\377’ in program
  152 | typedef int int<ff><ff><ff><ff><ff><ff><ff><ff><ff><ff><ff><ff><ff><ff><ff><ff><ff><ff><ff><ff><ff><ff><ff><ff><ff><ff><ff><ff><ff><ff><ff><ff><ff><ff><ff><ff><ff><ff><ff><ff><ff><ff><ff><ff><ff><ff><ff><ff><ff><ff><ff><ff><ff><ff><ff><ff><ff><ff><ff><ff><ff><ff><ff><ff><ff><ff><ff><ff><ff><ff><ff>_type1;
      |                                                                                                                                                                                                                                                                            ^~~~
/home/user42/directed-compiler-fuzzing-code/scripts/8-crash-testing/input/segment_13/006354b84ccfb15e5ec676690d7b4bcf63c7dc1e.c:152:80: error: stray ‘\377’ in program
  152 | typedef int int<ff><ff><ff><ff><ff><ff><ff><ff><ff><ff><ff><ff><ff><ff><ff><ff><ff><ff><ff><ff><ff><ff><ff><ff><ff><ff><ff><ff><ff><ff><ff><ff><ff><ff><ff><ff><ff><ff><ff><ff><ff><ff><ff><ff><ff><ff><ff><ff><ff><ff><ff><ff><ff><ff><ff><ff><ff><ff><ff><ff><ff><ff><ff><ff><ff><ff><ff><ff><ff><ff><ff>_type1;
      |                                                                                                                                                                                                                                                                                ^~~~
/home/user42/directed-compiler-fuzzing-code/scripts/8-crash-testing/input/segment_13/006354b84ccfb15e5ec676690d7b4bcf63c7dc1e.c:152:81: error: stray ‘\377’ in program
  152 | typedef int int<ff><ff><ff><ff><ff><ff><ff><ff><ff><ff><ff><ff><ff><ff><ff><ff><ff><ff><ff><ff><ff><ff><ff><ff><ff><ff><ff><ff><ff><ff><ff><ff><ff><ff><ff><ff><ff><ff><ff><ff><ff><ff><ff><ff><ff><ff><ff><ff><ff><ff><ff><ff><ff><ff><ff><ff><ff><ff><ff><ff><ff><ff><ff><ff><ff><ff><ff><ff><ff><ff><ff>_type1;
      |                                                                                                                                                                                                                                                                                    ^~~~
/home/user42/directed-compiler-fuzzing-code/scripts/8-crash-testing/input/segment_13/006354b84ccfb15e5ec676690d7b4bcf63c7dc1e.c:152:82: error: stray ‘\377’ in program
  152 | typedef int int<ff><ff><ff><ff><ff><ff><ff><ff><ff><ff><ff><ff><ff><ff><ff><ff><ff><ff><ff><ff><ff><ff><ff><ff><ff><ff><ff><ff><ff><ff><ff><ff><ff><ff><ff><ff><ff><ff><ff><ff><ff><ff><ff><ff><ff><ff><ff><ff><ff><ff><ff><ff><ff><ff><ff><ff><ff><ff><ff><ff><ff><ff><ff><ff><ff><ff><ff><ff><ff><ff><ff>_type1;
      |                                                                                                                                                                                                                                                                                        ^~~~
/home/user42/directed-compiler-fuzzing-code/scripts/8-crash-testing/input/segment_13/006354b84ccfb15e5ec676690d7b4bcf63c7dc1e.c:152:83: error: stray ‘\377’ in program
  152 | typedef int int<ff><ff><ff><ff><ff><ff><ff><ff><ff><ff><ff><ff><ff><ff><ff><ff><ff><ff><ff><ff><ff><ff><ff><ff><ff><ff><ff><ff><ff><ff><ff><ff><ff><ff><ff><ff><ff><ff><ff><ff><ff><ff><ff><ff><ff><ff><ff><ff><ff><ff><ff><ff><ff><ff><ff><ff><ff><ff><ff><ff><ff><ff><ff><ff><ff><ff><ff><ff><ff><ff><ff>_type1;
      |                                                                                                                                                                                                                                                                                            ^~~~
/home/user42/directed-compiler-fuzzing-code/scripts/8-crash-testing/input/segment_13/006354b84ccfb15e5ec676690d7b4bcf63c7dc1e.c:152:84: error: stray ‘\377’ in program
  152 | typedef int int<ff><ff><ff><ff><ff><ff><ff><ff><ff><ff><ff><ff><ff><ff><ff><ff><ff><ff><ff><ff><ff><ff><ff><ff><ff><ff><ff><ff><ff><ff><ff><ff><ff><ff><ff><ff><ff><ff><ff><ff><ff><ff><ff><ff><ff><ff><ff><ff><ff><ff><ff><ff><ff><ff><ff><ff><ff><ff><ff><ff><ff><ff><ff><ff><ff><ff><ff><ff><ff><ff><ff>_type1;
      |                                                                                                                                                                                                                                                                                                ^~~~
/home/user42/directed-compiler-fuzzing-code/scripts/8-crash-testing/input/segment_13/006354b84ccfb15e5ec676690d7b4bcf63c7dc1e.c:152:85: error: stray ‘\377’ in program
  152 | typedef int int<ff><ff><ff><ff><ff><ff><ff><ff><ff><ff><ff><ff><ff><ff><ff><ff><ff><ff><ff><ff><ff><ff><ff><ff><ff><ff><ff><ff><ff><ff><ff><ff><ff><ff><ff><ff><ff><ff><ff><ff><ff><ff><ff><ff><ff><ff><ff><ff><ff><ff><ff><ff><ff><ff><ff><ff><ff><ff><ff><ff><ff><ff><ff><ff><ff><ff><ff><ff><ff><ff><ff>_type1;
      |                                                                                                                                                                                                                                                                                                    ^~~~
/home/user42/directed-compiler-fuzzing-code/scripts/8-crash-testing/input/segment_13/006354b84ccfb15e5ec676690d7b4bcf63c7dc1e.c:152:86: error: stray ‘\377’ in program
  152 | typedef int int<ff><ff><ff><ff><ff><ff><ff><ff><ff><ff><ff><ff><ff><ff><ff><ff><ff><ff><ff><ff><ff><ff><ff><ff><ff><ff><ff><ff><ff><ff><ff><ff><ff><ff><ff><ff><ff><ff><ff><ff><ff><ff><ff><ff><ff><ff><ff><ff><ff><ff><ff><ff><ff><ff><ff><ff><ff><ff><ff><ff><ff><ff><ff><ff><ff><ff><ff><ff><ff><ff><ff>_type1;
      |                                                                                                                                                                                                                                                                                                        ^~~~
/home/user42/directed-compiler-fuzzing-code/scripts/8-crash-testing/input/segment_13/006354b84ccfb15e5ec676690d7b4bcf63c7dc1e.c:159:10: error: stray ‘@’ in program
  159 |         s@gned long int l = 2;
      |          ^
/home/user42/directed-compiler-fuzzing-code/scripts/8-crash-testing/input/segment_13/006354b84ccfb15e5ec676690d7b4bcf63c7dc1e.c:167:30: error: stray ‘\1’ in program
  167 |         i = _Generic(a, int: <U+0001><U+0005>a_f() / 2, const int: b_f() / 2);
      |                              ^~~~~~~~
/home/user42/directed-compiler-fuzzing-code/scripts/8-crash-testing/input/segment_13/006354b84ccfb15e5ec676690d7b4bcf63c7dc1e.c:167:31: error: stray ‘\5’ in program
  167 |         i = _Generic(a, int: <U+0001><U+0005>a_f() / 2, const int: b_f() / 2);
      |                                      ^~~~~~~~
/home/user42/directed-compiler-fuzzing-code/scripts/8-crash-testing/input/segment_13/006354b84ccfb15e5ec676690d7b4bcf63c7dc1e.c:169:20: error: stray ‘\236’ in program
  169 |         i = _Generi<9e>(ptr, int *:1, int * const:2, default0 = {0};
      |                    ^~~~
/home/user42/directed-compiler-fuzzing-code/scripts/8-crash-testing/input/segment_13/006354b84ccfb15e5ec676690d7b4bcf63c7dc1e.c:174:14: error: expected ‘)’ before ‘}’ token
  174 |         f0();
      |              ^
      |              )
  175 |     }
      |     ~         
/home/user42/directed-compiler-fuzzing-code/scripts/8-crash-testing/input/segment_13/006354b84ccfb15e5ec676690d7b4bcf63c7dc1e.c:176:3: error: expected identifier or ‘(’ before ‘return’
  176 |   return fail_count != 0 ? 1 : 0;
      |   ^~~~~~
/home/user42/directed-compiler-fuzzing-code/scripts/8-crash-testing/input/segment_13/006354b84ccfb15e5ec676690d7b4bcf63c7dc1e.c:177:1: error: expected identifier or ‘(’ before ‘}’ token
  177 | }
      | ^
/home/user42/directed-compiler-fuzzing-code/scripts/8-crash-testing/input/segment_13/006354b84ccfb15e5ec676690d7b4bcf63c7dc1e.c:180:1: error: redefinition of ‘main’
  180 | main ()
      | ^~~~
/home/user42/directed-compiler-fuzzing-code/scripts/8-crash-testing/input/segment_13/006354b84ccfb15e5ec676690d7b4bcf63c7dc1e.c:105:1: note: previous definition of ‘main’ with type ‘int()’
  105 | main ()
      | ^~~~
/home/user42/directed-compiler-fuzzing-code/scripts/8-crash-testing/input/segment_13/006354b84ccfb15e5ec676690d7b4bcf63c7dc1e.c: In function ‘main’:
/home/user42/directed-compiler-fuzzing-code/scripts/8-crash-testing/input/segment_13/006354b84ccfb15e5ec676690d7b4bcf63c7dc1e.c:182:10: error: expected statement before ‘)’ token
  182 |   io io0;);
      |          ^
/home/user42/directed-compiler-fuzzing-code/scripts/8-crash-testing/input/segment_13/006354b84ccfb15e5ec676690d7b4bcf63c7dc1e.c:183:3: warning: incompatible implicit declaration of built-in function ‘abort’ [-Wbuiltin-declaration-mismatch]
  183 |   abort ();
      |   ^~~~~
/home/user42/directed-compiler-fuzzing-code/scripts/8-crash-testing/input/segment_13/006354b84ccfb15e5ec676690d7b4bcf63c7dc1e.c:183:3: note: include ‘<stdlib.h>’ or provide a declaration of ‘abort’
/home/user42/directed-compiler-fuzzing-code/scripts/8-crash-testing/input/segment_13/006354b84ccfb15e5ec676690d7b4bcf63c7dc1e.c: In function ‘test’:
/home/user42/directed-compiler-fuzzing-code/scripts/8-crash-testing/input/segment_13/006354b84ccfb15e5ec676690d7b4bcf63c7dc1e.c:191:7: warning: incompatible implicit declaration of built-in function ‘abort’ [-Wbuiltin-declaration-mismatch]
  191 |     { abort (); }
      |       ^~~~~
/home/user42/directed-compiler-fuzzing-code/scripts/8-crash-testing/input/segment_13/006354b84ccfb15e5ec676690d7b4bcf63c7dc1e.c:191:7: note: include ‘<stdlib.h>’ or provide a declaration of ‘abort’
/home/user42/directed-compiler-fuzzing-code/scripts/8-crash-testing/input/segment_13/006354b84ccfb15e5ec676690d7b4bcf63c7dc1e.c:192:3: warning: implicit declaration of function ‘exit’ [-Wimplicit-function-declaration]
  192 |   exit (0);
      |   ^~~~
/home/user42/directed-compiler-fuzzing-code/scripts/8-crash-testing/input/segment_13/006354b84ccfb15e5ec676690d7b4bcf63c7dc1e.c:192:3: note: include ‘<stdlib.h>’ or provide a declaration of ‘exit’
/home/user42/directed-compiler-fuzzing-code/scripts/8-crash-testing/input/segment_13/006354b84ccfb15e5ec676690d7b4bcf63c7dc1e.c:192:3: warning: incompatible implicit declaration of built-in function ‘exit’ [-Wbuiltin-declaration-mismatch]
/home/user42/directed-compiler-fuzzing-code/scripts/8-crash-testing/input/segment_13/006354b84ccfb15e5ec676690d7b4bcf63c7dc1e.c:192:3: note: include ‘<stdlib.h>’ or provide a declaration of ‘exit’
/home/user42/directed-compiler-fuzzing-code/scripts/8-crash-testing/input/segment_13/006354b84ccfb15e5ec676690d7b4bcf63c7dc1e.c: At top level:
/home/user42/directed-compiler-fuzzing-code/scripts/8-crash-testing/input/segment_13/006354b84ccfb15e5ec676690d7b4bcf63c7dc1e.c:196:3: error: expected ‘=’, ‘,’, ‘;’, ‘asm’ or ‘__attribute__’ before ‘:’ token
  196 | f0:20);
      |   ^
/home/user42/directed-compiler-fuzzing-code/scripts/8-crash-testing/input/segment_13/006354b84ccfb15e5ec676690d7b4bcf63c7dc1e.c:197:16: error: expected declaration specifiers or ‘...’ before string constant
  197 |         printf("%d\n", i);
      |                ^~~~~~
/home/user42/directed-compiler-fuzzing-code/scripts/8-crash-testing/input/segment_13/006354b84ccfb15e5ec676690d7b4bcf63c7dc1e.c:197:24: error: expected declaration specifiers or ‘...’ before ‘i’
  197 |         printf("%d\n", i);
      |                        ^
/home/user42/directed-compiler-fuzzing-code/scripts/8-crash-testing/input/segment_13/006354b84ccfb15e5ec676690d7b4bcf63c7dc1e.c:198:9: warning: data definition has no type or storage class
  198 |         i = gen_sw(a);
      |         ^
/home/user42/directed-compiler-fuzzing-code/scripts/8-crash-testing/input/segment_13/006354b84ccfb15e5ec676690d7b4bcf63c7dc1e.c:198:9: warning: type defaults to ‘int’ in declaration of ‘i’ [-Wimplicit-int]
/home/user42/directed-compiler-fuzzing-code/scripts/8-crash-testing/input/segment_13/006354b84ccfb15e5ec676690d7b4bcf63c7dc1e.c:198:9: error: conflicting types for ‘i’; have ‘int’
/home/user42/directed-compiler-fuzzing-code/scripts/8-crash-testing/input/segment_13/006354b84ccfb15e5ec676690d7b4bcf63c7dc1e.c:125:12: note: previous declaration of ‘i’ with type ‘io *’
  125 | static io *i;
      |            ^
/home/user42/directed-compiler-fuzzing-code/scripts/8-crash-testing/input/segment_13/006354b84ccfb15e5ec676690d7b4bcf63c7dc1e.c:198:20: error: ‘a’ undeclared here (not in a function)
  198 |         i = gen_sw(a);
      |                    ^
/home/user42/directed-compiler-fuzzing-code/scripts/8-crash-testing/input/segment_13/006354b84ccfb15e5ec676690d7b4bcf63c7dc1e.c:154:28: note: in definition of macro ‘gen_sw’
  154 | #define gen_sw(a) _Generic(a, const char *: 1, default: 8, int: 123);
      |                            ^
/home/user42/directed-compiler-fuzzing-code/scripts/8-crash-testing/input/segment_13/006354b84ccfb15e5ec676690d7b4bcf63c7dc1e.c:199:16: error: expected declaration specifiers or ‘...’ before string constant
  199 |         printf("%d\ong", int: "int",
      |                ^~~~~~~~
/home/user42/directed-compiler-fuzzing-code/scripts/8-crash-testing/input/segment_13/006354b84ccfb15e5ec676690d7b4bcf63c7dc1e.c:199:29: error: expected ‘;’, ‘,’ or ‘)’ before ‘:’ token
  199 |         printf("%d\ong", int: "int",
      |                             ^
/home/user42/directed-compiler-fuzzing-code/scripts/8-crash-testing/input/segment_13/006354b84ccfb15e5ec676690d7b4bcf63c7dc1e.c:201:9: warning: data definition has no type or storage class
  201 |         i = _Generic(l, long: 1, int: 2);
      |         ^
/home/user42/directed-compiler-fuzzing-code/scripts/8-crash-testing/input/segment_13/006354b84ccfb15e5ec676690d7b4bcf63c7dc1e.c:201:9: warning: type defaults to ‘int’ in declaration of ‘i’ [-Wimplicit-int]
/home/user42/directed-compiler-fuzzing-code/scripts/8-crash-testing/input/segment_13/006354b84ccfb15e5ec676690d7b4bcf63c7dc1e.c:201:22: error: ‘l’ undeclared here (not in a function)
  201 |         i = _Generic(l, long: 1, int: 2);
      |                      ^
/home/user42/directed-compiler-fuzzing-code/scripts/8-crash-testing/input/segment_13/006354b84ccfb15e5ec676690d7b4bcf63c7dc1e.c:202:16: error: expected declaration specifiers or ‘...’ before string constant
  202 |         printf("%d\n", i);
      |                ^~~~~~
/home/user42/directed-compiler-fuzzing-code/scripts/8-crash-testing/input/segment_13/006354b84ccfb15e5ec676690d7b4bcf63c7dc1e.c:202:24: error: expected declaration specifiers or ‘...’ before ‘i’
  202 |         printf("%d\n", i);
      |                        ^
/home/user42/directed-compiler-fuzzing-code/scripts/8-crash-testing/input/segment_13/006354b84ccfb15e5ec676690d7b4bcf63c7dc1e.c:203:9: warning: data definition has no type or storage class
  203 |         i = _Generic(foo, fptr: 3, int: 4);
      |         ^
/home/user42/directed-compiler-fuzzing-code/scripts/8-crash-testing/input/segment_13/006354b84ccfb15e5ec676690d7b4bcf63c7dc1e.c:203:9: warning: type defaults to ‘int’ in declaration of ‘i’ [-Wimplicit-int]
/home/user42/directed-compiler-fuzzing-code/scripts/8-crash-testing/input/segment_13/006354b84ccfb15e5ec676690d7b4bcf63c7dc1e.c:203:22: error: ‘foo’ undeclared here (not in a function)
  203 |         i = _Generic(foo, fptr: 3, int: 4);
      |                      ^~~
/home/user42/directed-compiler-fuzzing-code/scripts/8-crash-testing/input/segment_13/006354b84ccfb15e5ec676690d7b4bcf63c7dc1e.c:204:16: error: expected declaration specifiers or ‘...’ before string constant
  204 |         printf("%d\n", i);
      |                ^~~~~~
/home/user42/directed-compiler-fuzzing-code/scripts/8-crash-testing/input/segment_13/006354b84ccfb15e5ec676690d7b4bcf63c7dc1e.c:204:24: error: expected declaration specifiers or ‘...’ before ‘i’
  204 |         printf("%d\n", i);
      |                        ^
/home/user42/directed-compiler-fuzzing-code/scripts/8-crash-testing/input/segment_13/006354b84ccfb15e5ec676690d7b4bcf63c7dc1e.c:205:9: error: expected identifier or ‘(’ before ‘return’
  205 |         return 0;
      |         ^~~~~~
/home/user42/directed-compiler-fuzzing-code/scripts/8-crash-testing/input/segment_13/006354b84ccfb15e5ec676690d7b4bcf63c7dc1e.c:206:1: error: expected identifier or ‘(’ before numeric constant
  206 | 12.e0 != 8 || iop->i16.e0 != 8)
      | ^~~~~
/home/user42/directed-compiler-fuzzing-code/scripts/8-crash-testing/input/segment_13/006354b84ccfb15e5ec676690d7b4bcf63c7dc1e.c:208:9: error: expected declaration specifiers or ‘...’ before numeric constant
  208 |   exit (0);
      |         ^
/home/user42/directed-compiler-fuzzing-code/scripts/8-crash-testing/input/segment_13/006354b84ccfb15e5ec676690d7b4bcf63c7dc1e.c:209:1: error: expected identifier or ‘(’ before ‘}’ token
  209 | }
      | ^
/home/user42/directed-compiler-fuzzing-code/scripts/8-crash-testing/input/segment_13/006354b84ccfb15e5ec676690d7b4bcf63c7dc1e.c:212:1: error: expected identifier or ‘(’ before ‘}’ token
  212 | }
      | ^
/home/user42/directed-compiler-fuzzing-code/scripts/8-crash-testing/input/segment_13/006354b84ccfb15e5ec676690d7b4bcf63c7dc1e.c: In function ‘test’:
/home/user42/directed-compiler-fuzzing-code/scripts/8-crash-testing/input/segment_13/006354b84ccfb15e5ec676690d7b4bcf63c7dc1e.c:189:7: internal compiler error: tree check: expected class ‘type’, have ‘exceptional’ (error_mark) in useless_type_conversion_p, at gimple-expr.cc:87
  189 |   io *iop = i;
      |       ^~~
0x7e4445 tree_class_check_failed(tree_node const*, tree_code_class, char const*, int, char const*)
	.././../gcc-source/gcc/tree.cc:8738
0x7114ec tree_class_check(tree_node*, tree_code_class, char const*, int, char const*)
	.././../gcc-source/gcc/tree.h:3573
0x7114ec useless_type_conversion_p(tree_node*, tree_node*)
	.././../gcc-source/gcc/gimple-expr.cc:87
0xc3ba21 gimplify_modify_expr
	.././../gcc-source/gcc/gimplify.cc:5993
0xc2b126 gimplify_expr(tree_node**, gimple**, gimple**, bool (*)(tree_node*), int)
	.././../gcc-source/gcc/gimplify.cc:15056
0xc2e7f6 gimplify_stmt(tree_node**, gimple**)
	.././../gcc-source/gcc/gimplify.cc:7111
0xc3931a gimplify_and_add(tree_node*, gimple**)
	.././../gcc-source/gcc/gimplify.cc:496
0xc3931a gimplify_decl_expr
	.././../gcc-source/gcc/gimplify.cc:1936
0xc2b1a2 gimplify_expr(tree_node**, gimple**, gimple**, bool (*)(tree_node*), int)
	.././../gcc-source/gcc/gimplify.cc:15253
0xc2e7f6 gimplify_stmt(tree_node**, gimple**)
	.././../gcc-source/gcc/gimplify.cc:7111
0xc2b8eb gimplify_statement_list
	.././../gcc-source/gcc/gimplify.cc:2019
0xc2b8eb gimplify_expr(tree_node**, gimple**, gimple**, bool (*)(tree_node*), int)
	.././../gcc-source/gcc/gimplify.cc:15501
0xc2e7f6 gimplify_stmt(tree_node**, gimple**)
	.././../gcc-source/gcc/gimplify.cc:7111
0xc2efb4 gimplify_bind_expr
	.././../gcc-source/gcc/gimplify.cc:1428
0xc2b891 gimplify_expr(tree_node**, gimple**, gimple**, bool (*)(tree_node*), int)
	.././../gcc-source/gcc/gimplify.cc:15257
0xc3d02f gimplify_stmt(tree_node**, gimple**)
	.././../gcc-source/gcc/gimplify.cc:7111
0xc3d02f gimplify_body(tree_node*, bool)
	.././../gcc-source/gcc/gimplify.cc:16313
0xc3d47d gimplify_function_tree(tree_node*)
	.././../gcc-source/gcc/gimplify.cc:16467
0xa691f7 cgraph_node::analyze()
	.././../gcc-source/gcc/cgraphunit.cc:675
0xa6be47 analyze_functions
	.././../gcc-source/gcc/cgraphunit.cc:1240
Please submit a full bug report, with preprocessed source (by using -freport-bug).
Please include the complete backtrace with any bug report.
See <https://gcc.gnu.org/bugs/> for instructions.
