/home/user42/directed-compiler-fuzzing-code/scripts/8-crash-testing/input/segment_15/010c7d7cf5d1100bacfad1c90b36159e6f505153.c:2:3: error: stray â€˜\26â€™ in program
    2 | ex<U+0016>ern void abort (void);
      |   ^~~~~~~~
/home/user42/directed-compiler-fuzzing-code/scripts/8-crash-testing/input/segment_15/010c7d7cf5d1100bacfad1c90b36159e6f505153.c:2:1: error: unknown type name â€˜exâ€™
    2 | exern void abort (void);
      | ^~
/home/user42/directed-compiler-fuzzing-code/scripts/8-crash-testing/input/segment_15/010c7d7cf5d1100bacfad1c90b36159e6f505153.c:2:7: error: expected â€˜;â€™ before â€˜voidâ€™
    2 | exern void abort (void);
      |       ^~~~~
      |       ;
/home/user42/directed-compiler-fuzzing-code/scripts/8-crash-testing/input/segment_15/010c7d7cf5d1100bacfad1c90b36159e6f505153.c:8:4: error: stray â€˜\27â€™ in program
    8 | int<U+0017>__attribute__ ((noinline))
      |    ^~~~~~~~
/home/user42/directed-compiler-fuzzing-code/scripts/8-crash-testing/input/segment_15/010c7d7cf5d1100bacfad1c90b36159e6f505153.c: In function â€˜mainâ€™:
/home/user42/directed-compiler-fuzzing-code/scripts/8-crash-testing/input/segment_15/010c7d7cf5d1100bacfad1c90b36159e6f505153.c:18:57: error: â€˜tâ€™ undeclared (first use in this function)
   18 |  {    exit + (0.10278e-9 + (0.47965e-12 + 0.21285e-14 * t) * t) * t) * t) * t) * tdddddddddddddddddddddddddddddddddddddddddddddddddddddddddddddddddddddddddddddddddddddddddddddddddddddddd;
      |                                                         ^
/home/user42/directed-compiler-fuzzing-code/scripts/8-crash-testing/input/segment_15/010c7d7cf5d1100bacfad1c90b36159e6f505153.c:18:57: note: each undeclared identifier is reported only once for each function it appears in
/home/user42/directed-compiler-fuzzing-code/scripts/8-crash-testing/input/segment_15/010c7d7cf5d1100bacfad1c90b36159e6f505153.c:18:68: error: expected â€˜;â€™ before â€˜)â€™ token
   18 |  {    exit + (0.10278e-9 + (0.47965e-12 + 0.21285e-14 * t) * t) * t) * t) * t) * tdddddddddddddddddddddddddddddddddddddddddddddddddddddddddddddddddddddddddddddddddddddddddddddddddddddddd;
      |                                                                    ^
      |                                                                    ;
/home/user42/directed-compiler-fuzzing-code/scripts/8-crash-testing/input/segment_15/010c7d7cf5d1100bacfad1c90b36159e6f505153.c:18:68: error: expected statement before â€˜)â€™ token
/home/user42/directed-compiler-fuzzing-code/scripts/8-crash-testing/input/segment_15/010c7d7cf5d1100bacfad1c90b36159e6f505153.c:18:73: error: expected â€˜;â€™ before â€˜)â€™ token
   18 |  {    exit + (0.10278e-9 + (0.47965e-12 + 0.21285e-14 * t) * t) * t) * t) * t) * tdddddddddddddddddddddddddddddddddddddddddddddddddddddddddddddddddddddddddddddddddddddddddddddddddddddddd;
      |                                                                         ^
      |                                                                         ;
/home/user42/directed-compiler-fuzzing-code/scripts/8-crash-testing/input/segment_15/010c7d7cf5d1100bacfad1c90b36159e6f505153.c:18:73: error: expected statement before â€˜)â€™ token
/home/user42/directed-compiler-fuzzing-code/scripts/8-crash-testing/input/segment_15/010c7d7cf5d1100bacfad1c90b36159e6f505153.c:18:78: error: expected â€˜;â€™ before â€˜)â€™ token
   18 |  {    exit + (0.10278e-9 + (0.47965e-12 + 0.21285e-14 * t) * t) * t) * t) * t) * tdddddddddddddddddddddddddddddddddddddddddddddddddddddddddddddddddddddddddddddddddddddddddddddddddddddddd;
      |                                                                              ^
      |                                                                              ;
/home/user42/directed-compiler-fuzzing-code/scripts/8-crash-testing/input/segment_15/010c7d7cf5d1100bacfad1c90b36159e6f505153.c:18:78: error: expected statement before â€˜)â€™ token
/home/user42/directed-compiler-fuzzing-code/scripts/8-crash-testing/input/segment_15/010c7d7cf5d1100bacfad1c90b36159e6f505153.c:18:82: error: â€˜tddddddddddddddddddddddddddddddddddddddddddddddddddddddddddddddddddddddddddddddddddddddddddddddddddddddddâ€™ undeclared (first use in this function)
   18 |  {    exit + (0.10278e-9 + (0.47965e-12 + 0.21285e-14 * t) * t) * t) * t) * t) * tdddddddddddddddddddddddddddddddddddddddddddddddddddddddddddddddddddddddddddddddddddddddddddddddddddddddd;
      |                                                                                  ^~~~~~~~~~~~~~~~~~~~~~~~~~~~~~~~~~~~~~~~~~~~~~~~~~~~~~~~~~~~~~~~~~~~~~~~~~~~~~~~~~~~~~~~~~~~~~~~~~~~~~~~~
/home/user42/directed-compiler-fuzzing-code/scripts/8-crash-testing/input/segment_15/010c7d7cf5d1100bacfad1c90b36159e6f505153.c:19:5: error: case label not within a switch statement
   19 |     case 6:
      |     ^~~~
/home/user42/directed-compiler-fuzzing-code/scripts/8-crash-testing/input/segment_15/010c7d7cf5d1100bacfad1c90b36159e6f505153.c:20:15: error: â€˜xâ€™ undeclared (first use in this function)
   20 |       t = 2 * x - 12;
      |               ^
/home/user42/directed-compiler-fuzzing-code/scripts/8-crash-testing/input/segment_15/010c7d7cf5d1100bacfad1c90b36159e6f505153.c:22:5: error: case label not within a switch statement
   22 |     case 7:
      |     ^~~~
/home/user42/directed-compiler-fuzzing-code/scripts/8-crash-testing/input/segment_15/010c7d7cf5d1100bacfad1c90b36159e6f505153.c:25:5: error: case label not within a switch statement
   25 |     case 8:
      |     ^~~~
/home/user42/directed-compiler-fuzzing-code/scripts/8-crash-testing/input/segment_15/010c7d7cf5d1100bacfad1c90b36159e6f505153.c:28:5: error: case label not within a switch statement
   28 |     case 9:
      |     ^~~~
/home/user42/directed-compiler-fuzzing-code/scripts/8-crash-testing/input/segment_15/010c7d7cf5d1100bacfad1c90b36159e6f505153.c:31:5: error: case label not within a switch statement
   31 |     case 10:
      |     ^~~~
/home/user42/directed-compiler-fuzzing-code/scripts/8-crash-testing/input/segment_15/010c7d7cf5d1100bacfad1c90b36159e6f505153.c:34:5: error: case label not within a switch statement
   34 |     case 11:
      |     ^~~~
/home/user42/directed-compiler-fuzzing-code/scripts/8-crash-testing/input/segment_15/010c7d7cf5d1100bacfad1c90b36159e6f505153.c:37:1: error: expected expression before â€˜externâ€™
   37 | extern void abort(void);
      | ^~~~~~
/home/user42/directed-compiler-fuzzing-code/scripts/8-crash-testing/input/segment_15/010c7d7cf5d1100bacfad1c90b36159e6f505153.c:45:26: error: stray â€˜\221â€™ in program
   45 | foo (int a, int b, int c<U+07D6><91>t st;
      |                                 ^~~~
/home/user42/directed-compiler-fuzzing-code/scripts/8-crash-testing/input/segment_15/010c7d7cf5d1100bacfad1c90b36159e6f505153.c:45:27: error: expected â€˜;â€™, â€˜,â€™ or â€˜)â€™ before â€˜tâ€™
   45 | foo (int a, int b, int cß–‘t st;
      |                           ^
/home/user42/directed-compiler-fuzzing-code/scripts/8-crash-testing/input/segment_15/010c7d7cf5d1100bacfad1c90b36159e6f505153.c:46:31: error: stray â€˜\32â€™ in program
   46 | typedef unsigned long long dt;<U+001A>typedef union
      |                               ^~~~~~~~
/home/user42/directed-compiler-fuzzing-code/scripts/8-crash-testing/input/segment_15/010c7d7cf5d1100bacfad1c90b36159e6f505153.c:64:5: warning: null character(s) ignored
   64 | } t_<U+0000><U+000F><U+0000><U+0000>le;
      |     ^~~~~~~~
/home/user42/directed-compiler-fuzzing-code/scripts/8-crash-testing/input/segment_15/010c7d7cf5d1100bacfad1c90b36159e6f505153.c:64:6: error: stray â€˜\17â€™ in program
   64 | } t_<U+0000><U+000F><U+0000><U+0000>le;
      |             ^~~~~~~~
/home/user42/directed-compiler-fuzzing-code/scripts/8-crash-testing/input/segment_15/010c7d7cf5d1100bacfad1c90b36159e6f505153.c:64:7: warning: null character(s) ignored
   64 | } t_<U+0000><U+000F><U+0000><U+0000>le;
      |                     ^~~~~~~~
/home/user42/directed-compiler-fuzzing-code/scripts/8-crash-testing/input/segment_15/010c7d7cf5d1100bacfad1c90b36159e6f505153.c:87:49: error: stray â€˜\â€™ in program
   87 |   m.d = (dt) lp.x.h + hp.s.l + lp.s.l + dp.s.l; \  return hh.s.l + m.s.l; \
      |                                                 ^
/home/user42/directed-compiler-fuzzing-code/scripts/8-crash-testing/input/segment_15/010c7d7cf5d1100bacfad1c90b36159e6f505153.c:90:1: note: in expansion of macro â€˜dfâ€™
   90 | df(f_le, t_le)
      | ^~
/home/user42/directed-compiler-fuzzing-code/scripts/8-crash-testing/input/segment_15/010c7d7cf5d1100bacfad1c90b36159e6f505153.c:87:50: error: stray â€˜\10â€™ in program
   87 |   m.d = (dt) lp.x.h + hp.s.l + lp.s.l + dp.s.l; \<U+0008>  return hh.s.l + m.s.l; \
      |                                                  ^~~~~~~~
/home/user42/directed-compiler-fuzzing-code/scripts/8-crash-testing/input/segment_15/010c7d7cf5d1100bacfad1c90b36159e6f505153.c:90:1: note: in expansion of macro â€˜dfâ€™
   90 | df(f_le, t_le)
      | ^~
/home/user42/directed-compiler-fuzzing-code/scripts/8-crash-testing/input/segment_15/010c7d7cf5d1100bacfad1c90b36159e6f505153.c:87:49: error: stray â€˜\â€™ in program
   87 |   m.d = (dt) lp.x.h + hp.s.l + lp.s.l + dp.s.l; \  return hh.s.l + m.s.l; \
      |                                                 ^
/home/user42/directed-compiler-fuzzing-code/scripts/8-crash-testing/input/segment_15/010c7d7cf5d1100bacfad1c90b36159e6f505153.c:91:1: note: in expansion of macro â€˜dfâ€™
   91 | df(f_be, t_be)
      | ^~
/home/user42/directed-compiler-fuzzing-code/scripts/8-crash-testing/input/segment_15/010c7d7cf5d1100bacfad1c90b36159e6f505153.c:87:50: error: stray â€˜\10â€™ in program
   87 |   m.d = (dt) lp.x.h + hp.s.l + lp.s.l + dp.s.l; \<U+0008>  return hh.s.l + m.s.l; \
      |                                                  ^~~~~~~~
/home/user42/directed-compiler-fuzzing-code/scripts/8-crash-testing/input/segment_15/010c7d7cf5d1100bacfad1c90b36159e6f505153.c:91:1: note: in expansion of macro â€˜dfâ€™
   91 | df(f_be, t_be)
      | ^~
/home/user42/directed-compiler-fuzzing-code/scripts/8-crash-testing/input/segment_15/010c7d7cf5d1100bacfad1c90b36159e6f505153.c:100:1: error: stray â€˜\377â€™ in program
  100 | <ff><ff><ff><ff>{
      | ^~~~
/home/user42/directed-compiler-fuzzing-code/scripts/8-crash-testing/input/segment_15/010c7d7cf5d1100bacfad1c90b36159e6f505153.c:100:2: error: stray â€˜\377â€™ in program
  100 | <ff><ff><ff><ff>{
      |     ^~~~
/home/user42/directed-compiler-fuzzing-code/scripts/8-crash-testing/input/segment_15/010c7d7cf5d1100bacfad1c90b36159e6f505153.c:100:3: error: stray â€˜\377â€™ in program
  100 | <ff><ff><ff><ff>{
      |         ^~~~
/home/user42/directed-compiler-fuzzing-code/scripts/8-crash-testing/input/segment_15/010c7d7cf5d1100bacfad1c90b36159e6f505153.c:100:4: error: stray â€˜\377â€™ in program
  100 | <ff><ff><ff><ff>{
      |             ^~~~
/home/user42/directed-compiler-fuzzing-code/scripts/8-crash-testing/input/segment_15/010c7d7cf5d1100bacfad1c90b36159e6f505153.c: In function â€˜barâ€™:
/home/user42/directed-compiler-fuzzing-code/scripts/8-crash-testing/input/segment_15/010c7d7cf5d1100bacfad1c90b36159e6f505153.c:108:3: warning: implicit declaration of function â€˜fooâ€™ [-Wimplicit-function-declaration]
  108 |   foo (x.(b, b, c);
      |   ^~~
/home/user42/directed-compiler-fuzzing-code/scripts/8-crash-testing/input/segment_15/010c7d7cf5d1100bacfad1c90b36159e6f505153.c:108:10: error: expected identifier before â€˜(â€™ token
  108 |   foo (x.(b, b, c);
      |          ^
/home/user42/directed-compiler-fuzzing-code/scripts/8-crash-testing/input/segment_15/010c7d7cf5d1100bacfad1c90b36159e6f505153.c:108:20: error: expected â€˜;â€™ before â€˜}â€™ token
  108 |   foo (x.(b, b, c);
      |                    ^
      |                    ;
  109 | }
      | ~                   
/home/user42/directed-compiler-fuzzing-code/scripts/8-crash-testing/input/segment_15/010c7d7cf5d1100bacfad1c90b36159e6f505153.c: In function â€˜mainâ€™:
/home/user42/directed-compiler-fuzzing-code/scripts/8-crash-testing/input/segment_15/010c7d7cf5d1100bacfad1c90b36159e6f505153.c:119:26: error: expected â€˜;â€™ before â€˜)â€™ token
  119 | 340e-12 + 0.36381e-14 * t) * t) * t) * t) * t) * t;
      |                          ^
      |                          ;
/home/user42/directed-compiler-fuzzing-code/scripts/8-crash-testing/input/segment_15/010c7d7cf5d1100bacfad1c90b36159e6f505153.c:119:26: error: expected statement before â€˜)â€™ token
/home/user42/directed-compiler-fuzzing-code/scripts/8-crash-testing/input/segment_15/010c7d7cf5d1100bacfad1c90b36159e6f505153.c:119:31: error: expected â€˜;â€™ before â€˜)â€™ token
  119 | 340e-12 + 0.36381e-14 * t) * t) * t) * t) * t) * t;
      |                               ^
      |                               ;
/home/user42/directed-compiler-fuzzing-code/scripts/8-crash-testing/input/segment_15/010c7d7cf5d1100bacfad1c90b36159e6f505153.c:119:31: error: expected statement before â€˜)â€™ token
/home/user42/directed-compiler-fuzzing-code/scripts/8-crash-testing/input/segment_15/010c7d7cf5d1100bacfad1c90b36159e6f505153.c:119:36: error: expected â€˜;â€™ before â€˜)â€™ token
  119 | 340e-12 + 0.36381e-14 * t) * t) * t) * t) * t) * t;
      |                                    ^
      |                                    ;
/home/user42/directed-compiler-fuzzing-code/scripts/8-crash-testing/input/segment_15/010c7d7cf5d1100bacfad1c90b36159e6f505153.c:119:36: error: expected statement before â€˜)â€™ token
/home/user42/directed-compiler-fuzzing-code/scripts/8-crash-testing/input/segment_15/010c7d7cf5d1100bacfad1c90b36159e6f505153.c:119:41: error: expected â€˜;â€™ before â€˜)â€™ token
  119 | 340e-12 + 0.36381e-14 * t) * t) * t) * t) * t) * t;
      |                                         ^
      |                                         ;
/home/user42/directed-compiler-fuzzing-code/scripts/8-crash-testing/input/segment_15/010c7d7cf5d1100bacfad1c90b36159e6f505153.c:119:41: error: expected statement before â€˜)â€™ token
/home/user42/directed-compiler-fuzzing-code/scripts/8-crash-testing/input/segment_15/010c7d7cf5d1100bacfad1c90b36159e6f505153.c:119:46: error: expected â€˜;â€™ before â€˜)â€™ token
  119 | 340e-12 + 0.36381e-14 * t) * t) * t) * t) * t) * t;
      |                                              ^
      |                                              ;
/home/user42/directed-compiler-fuzzing-code/scripts/8-crash-testing/input/segment_15/010c7d7cf5d1100bacfad1c90b36159e6f505153.c:119:46: error: expected statement before â€˜)â€™ token
/home/user42/directed-compiler-fuzzing-code/scripts/8-crash-testing/input/segment_15/010c7d7cf5d1100bacfad1c90b36159e6f505153.c:120:5: error: case label not within a switch statement
  120 |     case 15:
      |     ^~~~
/home/user42/directed-compiler-fuzzing-code/scripts/8-crash-testing/input/segment_15/010c7d7cf5d1100bacfad1c90b36159e6f505153.c:122:4: error: expected expression before â€˜|â€™ token
  122 |    |   return 0.25845e-1 + (0.98459e-3 + (0.57082e-5 + (0.31613e-7 + (0.16646e-9 + (0.82840e-12 + 0.38649e-14 * t) * t) * t) * t) * t) * t;
      |    ^
/home/user42/directed-compiler-fuzzing-code/scripts/8-crash-testing/input/segment_15/010c7d7cf5d1100bacfad1c90b36159e6f505153.c:123:5: error: case label not within a switch statement
  123 |     case 16:
      |     ^~~~
/home/user42/directed-compiler-fuzzing-code/scripts/8-crash-testing/input/segment_15/010c7d7cf5d1100bacfad1c90b36159e6f505153.c:125:115: error: stray â€˜\325â€™ in program
  125 |       return 0.27837e-1 + (0.10078e-2 + (0.59020e-5 + (0.32979e-7 + (0.17498e-9 + (0.87622e-12 + 0.41066e-14 * t) <d5><df>t) * t) * t) * t) * t;
      |                                                                                                                   ^~~~
/home/user42/directed-compiler-fuzzing-code/scripts/8-crash-testing/input/segment_15/010c7d7cf5d1100bacfad1c90b36159e6f505153.c:125:116: error: stray â€˜\337â€™ in program
  125 |       return 0.27837e-1 + (0.10078e-2 + (0.59020e-5 + (0.32979e-7 + (0.17498e-9 + (0.87622e-12 + 0.41066e-14 * t) <d5><df>t) * t) * t) * t) * t;
      |                                                                                                                       ^~~~
/home/user42/directed-compiler-fuzzing-code/scripts/8-crash-testing/input/segment_15/010c7d7cf5d1100bacfad1c90b36159e6f505153.c:125:114: error: expected â€˜)â€™ before â€˜tâ€™
  125 |       return 0.27837e-1 + (0.10078e-2 + (0.59020e-5 + (0.32979e-7 + (0.17498e-9 + (0.87622e-12 + 0.41066e-14 * t) Õßt) * t) * t) * t) * t;
      |                                                                     ~                                            ^  ~
      |                                                                                                                  )
/home/user42/directed-compiler-fuzzing-code/scripts/8-crash-testing/input/segment_15/010c7d7cf5d1100bacfad1c90b36159e6f505153.c:126:5: error: case label not within a switch statement
  126 |     case 17:
      |     ^~~~
/home/user42/directed-compiler-fuzzing-code/scripts/8-crash-testing/input/segment_15/010c7d7cf5d1100bacfad1c90b36159e6f505153.c:129:5: error: case label not within a switch statement
  129 |     case 18:
      |     ^~~~
/home/user42/directed-compiler-fuzzing-code/scripts/8-crash-testing/input/segment_15/010c7d7cf5d1100bacfad1c90b36159e6f505153.c:132:5: error: case label not within a switch statement
  132 |     case 19:
      |     ^~~~
/home/user42/directed-compiler-fuzzing-code/scripts/8-crash-testing/input/segment_15/010c7d7cf5d1100bacfad1c90b36159e6f505153.c:135:33: error: expected â€˜:â€™ or â€˜...â€™ before â€˜)â€™ token
  135 |     case 20-10 + 0.10901e-12 * t) * t) * t) * t) * t) * t;
      |                                 ^
/home/user42/directed-compiler-fuzzing-code/scripts/8-crash-testing/input/segment_15/010c7d7cf5d1100bacfad1c90b36159e6f505153.c:135:33: error: expected statement before â€˜)â€™ token
/home/user42/directed-compiler-fuzzing-code/scripts/8-crash-testing/input/segment_15/010c7d7cf5d1100bacfad1c90b36159e6f505153.c:135:38: error: expected â€˜;â€™ before â€˜)â€™ token
  135 |     case 20-10 + 0.10901e-12 * t) * t) * t) * t) * t) * t;
      |                                      ^
      |                                      ;
/home/user42/directed-compiler-fuzzing-code/scripts/8-crash-testing/input/segment_15/010c7d7cf5d1100bacfad1c90b36159e6f505153.c:135:38: error: expected statement before â€˜)â€™ token
/home/user42/directed-compiler-fuzzing-code/scripts/8-crash-testing/input/segment_15/010c7d7cf5d1100bacfad1c90b36159e6f505153.c:135:43: error: expected â€˜;â€™ before â€˜)â€™ token
  135 |     case 20-10 + 0.10901e-12 * t) * t) * t) * t) * t) * t;
      |                                           ^
      |                                           ;
/home/user42/directed-compiler-fuzzing-code/scripts/8-crash-testing/input/segment_15/010c7d7cf5d1100bacfad1c90b36159e6f505153.c:135:43: error: expected statement before â€˜)â€™ token
/home/user42/directed-compiler-fuzzing-code/scripts/8-crash-testing/input/segment_15/010c7d7cf5d1100bacfad1c90b36159e6f505153.c:135:48: error: expected â€˜;â€™ before â€˜)â€™ token
  135 |     case 20-10 + 0.10901e-12 * t) * t) * t) * t) * t) * t;
      |                                                ^
      |                                                ;
/home/user42/directed-compiler-fuzzing-code/scripts/8-crash-testing/input/segment_15/010c7d7cf5d1100bacfad1c90b36159e6f505153.c:135:48: error: expected statement before â€˜)â€™ token
/home/user42/directed-compiler-fuzzing-code/scripts/8-crash-testing/input/segment_15/010c7d7cf5d1100bacfad1c90b36159e6f505153.c:135:53: error: expected â€˜;â€™ before â€˜)â€™ token
  135 |     case 20-10 + 0.10901e-12 * t) * t) * t) * t) * t) * t;
      |                                                     ^
      |                                                     ;
/home/user42/directed-compiler-fuzzing-code/scripts/8-crash-testing/input/segment_15/010c7d7cf5d1100bacfad1c90b36159e6f505153.c:135:53: error: expected statement before â€˜)â€™ token
/home/user42/directed-compiler-fuzzing-code/scripts/8-crash-testing/input/segment_15/010c7d7cf5d1100bacfad1c90b36159e6f505153.c:136:5: error: case label not within a switch statement
  136 |     case 75:
      |     ^~~~
/home/user42/directed-compiler-fuzzing-code/scripts/8-crash-testing/input/segment_15/010c7d7cf5d1100bacfad1c90b36159e6f505153.c:138:121: error: â€˜eturnâ€™ undeclared (first use in this function)
  138 |       return 0.35803e0 + (0.69787e-2 + (0.76710e-4 + (0.67306e-6 + (0.47397e-8 + (0.26505e-10 + 0.11376e-12 * t) * t) * eturn 0;t) * t) * t) * t;
      |                                                                                                                         ^~~~~
/home/user42/directed-compiler-fuzzing-code/scripts/8-crash-testing/input/segment_15/010c7d7cf5d1100bacfad1c90b36159e6f505153.c:138:126: error: expected â€˜)â€™ before numeric constant
  138 |       return 0.35803e0 + (0.69787e-2 + (0.76710e-4 + (0.67306e-6 + (0.47397e-8 + (0.26505e-10 + 0.11376e-12 * t) * t) * eturn 0;t) * t) * t) * t;
      |                                                      ~                                                                       ^~
      |                                                                                                                              )
/home/user42/directed-compiler-fuzzing-code/scripts/8-crash-testing/input/segment_15/010c7d7cf5d1100bacfad1c90b36159e6f505153.c:139:5: error: case label not within a switch statement
  139 |     case 76:
      |     ^~~~
/home/user42/directed-compiler-fuzzing-code/scripts/8-crash-testing/input/segment_15/010c7d7cf5d1100bacfad1c90b36159e6f505153.c:142:5: error: case label not within a switch statement
  142 |     case 77:
      |     ^~~~
/home/user42/directed-compiler-fuzzing-code/scripts/8-crash-testing/input/segment_15/010c7d7cf5d1100bacfad1c90b36159e6f505153.c:144:18: error: stray â€˜\311â€™ in program
  144 |       return 0.38<c9><cd><U+0362>0 + (0.76260e-2 + (0.85259e-4 + (0.75329e-6 + (0.52979e-8 + (0.29352e-10 + 0.12360e-12 * t) * t) * t) * t) * t) * t;
      |                  ^~~~
/home/user42/directed-compiler-fuzzing-code/scripts/8-crash-testing/input/segment_15/010c7d7cf5d1100bacfad1c90b36159e6f505153.c:144:19: error: stray â€˜\315â€™ in program
  144 |       return 0.38<c9><cd><U+0362>0 + (0.76260e-2 + (0.85259e-4 + (0.75329e-6 + (0.52979e-8 + (0.29352e-10 + 0.12360e-12 * t) * t) * t) * t) * t) * t;
      |                      ^~~~
/home/user42/directed-compiler-fuzzing-code/scripts/8-crash-testing/input/segment_15/010c7d7cf5d1100bacfad1c90b36159e6f505153.c:144:20: error: extended character Í¢ is not valid at the start of an identifier
  144 |       return 0.38ÉÍÍ¢0 + (0.76260e-2 + (0.85259e-4 + (0.75329e-6 + (0.52979e-8 + (0.29352e-10 + 0.12360e-12 * t) * t) * t) * t) * t) * t;
      |                    ^
/home/user42/directed-compiler-fuzzing-code/scripts/8-crash-testing/input/segment_15/010c7d7cf5d1100bacfad1c90b36159e6f505153.c:144:18: error: expected â€˜;â€™ before â€˜Í¢0â€™
  144 |       return 0.38ÉÍÍ¢0 + (0.76260e-2 + (0.85259e-4 + (0.75329e-6 + (0.52979e-8 + (0.29352e-10 + 0.12360e-12 * t) * t) * t) * t) * t) * t;
      |                  ^ ~
      |                  ;
/home/user42/directed-compiler-fuzzing-code/scripts/8-crash-testing/input/segment_15/010c7d7cf5d1100bacfad1c90b36159e6f505153.c:145:5: error: case label not within a switch statement
  145 |     case 78:
      |     ^~~~
/home/user42/directed-compiler-fuzzing-code/scripts/8-crash-testing/input/segment_15/010c7d7cf5d1100bacfad1c90b36159e6f505153.c:147:2: error: â€˜usâ€™ undeclared (first use in this function)
  147 |  us/pr88739.c */
      |  ^~
/home/user42/directed-compiler-fuzzing-code/scripts/8-crash-testing/input/segment_15/010c7d7cf5d1100bacfad1c90b36159e6f505153.c:147:5: error: â€˜pr88739â€™ undeclared (first use in this function)
  147 |  us/pr88739.c */
      |     ^~~~~~~
/home/user42/directed-compiler-fuzzing-code/scripts/8-crash-testing/input/segment_15/010c7d7cf5d1100bacfad1c90b36159e6f505153.c:147:16: error: expected expression before â€˜/â€™ token
  147 |  us/pr88739.c */
      |                ^
/home/user42/directed-compiler-fuzzing-code/scripts/8-crash-testing/input/segment_15/010c7d7cf5d1100bacfad1c90b36159e6f505153.c:159:12: error: field â€˜fâ€™ has incomplete type
  159 |   struct A f;
      |            ^
/home/user42/directed-compiler-fuzzing-code/scripts/8-crash-testing/input/segment_15/010c7d7cf5d1100bacfad1c90b36159e6f505153.c:161:23: error: expected specifier-qualifier-list before â€˜fâ€™
  161 |   unsigned short h[8];f (x != v.h[7]) __builtin_abort (); break;
      |                       ^
/home/user42/directed-compiler-fuzzing-code/scripts/8-crash-testing/input/segment_15/010c7d7cf5d1100bacfad1c90b36159e6f505153.c:164:1: error: expected identifier or â€˜(â€™ before â€˜}â€™ token
  164 | }
      | ^
/home/user42/directed-compiler-fuzzing-code/scripts/8-crash-testing/input/segment_15/010c7d7cf5d1100bacfad1c90b36159e6f505153.c: In function â€˜fooâ€™:
/home/user42/directed-compiler-fuzzing-code/scripts/8-crash-testing/input/segment_15/010c7d7cf5d1100bacfad1c90b36159e6f505153.c:172:3: error: too few arguments to function â€˜barâ€™
  172 |   bar (u.f.d);
      |   ^~~
/home/user42/directed-compiler-fuzzing-code/scripts/8-crash-testing/input/segment_15/010c7d7cf5d1100bacfad1c90b36159e6f505153.c:106:1: note: declared here
  106 | bar (struct baz x, int b, int c)
      | ^~~
/home/user42/directed-compiler-fuzzing-code/scripts/8-crash-testing/input/segment_15/010c7d7cf5d1100bacfad1c90b36159e6f505153.c:173:3: error: too few arguments to function â€˜barâ€™
  173 |   bar (u.f.e);
      |   ^~~
/home/user42/directed-compiler-fuzzing-code/scripts/8-crash-testing/input/segment_15/010c7d7cf5d1100bacfad1c90b36159e6f505153.c:106:1: note: declared here
  106 | bar (struct baz x, int b, int c)
      | ^~~
/home/user42/directed-compiler-fuzzing-code/scripts/8-crash-testing/input/segment_15/010c7d7cf5d1100bacfad1c90b36159e6f505153.c:174:11: error: incompatible type for argument 1 of â€˜barâ€™
  174 |   bar (u.g[3]);
      |        ~~~^~~
      |           |
      |           unsigned int
/home/user42/directed-compiler-fuzzing-code/scripts/8-crash-testing/input/segment_15/010c7d7cf5d1100bacfad1c90b36159e6f505153.c:106:17: note: expected â€˜struct bazâ€™ but argument is of type â€˜unsigned intâ€™
  106 | bar (struct baz x, int b, int c)
      |      ~~~~~~~~~~~^
/home/user42/directed-compiler-fuzzing-code/scripts/8-crash-testing/input/segment_15/010c7d7cf5d1100bacfad1c90b36159e6f505153.c:174:3: error: too few arguments to function â€˜barâ€™
  174 |   bar (u.g[3]);
      |   ^~~
/home/user42/directed-compiler-fuzzing-code/scripts/8-crash-testing/input/segment_15/010c7d7cf5d1100bacfad1c90b36159e6f505153.c:106:1: note: declared here
  106 | bar (struct baz x, int b, int c)
      | ^~~
/home/user42/directed-compiler-fuzzing-code/scripts/8-crash-testing/input/segment_15/010c7d7cf5d1100bacfad1c90b36159e6f505153.c:175:11: error: incompatible type for argument 1 of â€˜barâ€™
  175 |   bar (u.h[6]);
      |        ~~~^~~
      |           |
      |           short unsigned int
/home/user42/directed-compiler-fuzzing-code/scripts/8-crash-testing/input/segment_15/010c7d7cf5d1100bacfad1c90b36159e6f505153.c:106:17: note: expected â€˜struct bazâ€™ but argument is of type â€˜short unsigned intâ€™
  106 | bar (struct baz x, int b, int c)
      |      ~~~~~~~~~~~^
/home/user42/directed-compiler-fuzzing-code/scripts/8-crash-testing/input/segment_15/010c7d7cf5d1100bacfad1c90b36159e6f505153.c:175:3: error: too few arguments to function â€˜barâ€™
  175 |   bar (u.h[6]);
      |   ^~~
/home/user42/directed-compiler-fuzzing-code/scripts/8-crash-testing/input/segment_15/010c7d7cf5d1100bacfad1c90b36159e6f505153.c:106:1: note: declared here
  106 | bar (struct baz x, int b, int c)
      | ^~~
/home/user42/directed-compiler-fuzzing-code/scripts/8-crash-testing/input/segment_15/010c7d7cf5d1100bacfad1c90b36159e6f505153.c:176:10: error: invalid suffix "h" on floating constant
  176 |   bar (u[.7h]);
      |          ^~~
/home/user42/directed-compiler-fuzzing-code/scripts/8-crash-testing/input/segment_15/010c7d7cf5d1100bacfad1c90b36159e6f505153.c:176:3: error: too few arguments to function â€˜barâ€™
  176 |   bar (u[.7h]);
      |   ^~~
/home/user42/directed-compiler-fuzzing-code/scripts/8-crash-testing/input/segment_15/010c7d7cf5d1100bacfad1c90b36159e6f505153.c:106:1: note: declared here
  106 | bar (struct baz x, int b, int c)
      | ^~~
/home/user42/directed-compiler-fuzzing-code/scripts/8-crash-testing/input/segment_15/010c7d7cf5d1100bacfad1c90b36159e6f505153.c: In function â€˜mainâ€™:
/home/user42/directed-compiler-fuzzing-code/scripts/8-crash-testing/input/segment_15/010c7d7cf5d1100bacfad1c90b36159e6f505153.c:177:2: error: unknown type name â€˜anâ€™
  177 | }an
      |  ^~
/home/user42/directed-compiler-fuzzing-code/scripts/8-crash-testing/input/segment_15/010c7d7cf5d1100bacfad1c90b36159e6f505153.c:180:1: error: expected â€˜=â€™, â€˜,â€™, â€˜;â€™, â€˜asmâ€™ or â€˜__attribute__â€™ before â€˜inâ€™
  180 | in ()
      | ^~
/home/user42/directed-compiler-fuzzing-code/scripts/8-crash-testing/input/segment_15/010c7d7cf5d1100bacfad1c90b36159e6f505153.c:182:8: error: invalid suffix "x00124" on integer constant
  182 |   foo (2x00124);
      |        ^~~~~~~
/home/user42/directed-compiler-fuzzing-code/scripts/8-crash-testing/input/segment_15/010c7d7cf5d1100bacfad1c90b36159e6f505153.c:185:2: error: invalid preprocessing directive #els0e; did you mean #else?
  185 | #els0e
      |  ^~~~~
      |  else
/home/user42/directed-compiler-fuzzing-code/scripts/8-crash-testing/input/segment_15/010c7d7cf5d1100bacfad1c90b36159e6f505153.c:186:1: error: â€˜iâ€™ undeclared (first use in this function)
  186 | i     return 0.40282e0 + (0.79762e-2 .(+ 089909e-4 + (0.79687e-6 + (0.55989e-8 + (0.30866e-10 + 0.12868e-12 * t) * t) * t) * t) * t) * t;
      | ^
/home/user42/directed-compiler-fuzzing-code/scripts/8-crash-testing/input/segment_15/010c7d7cf5d1100bacfad1c90b36159e6f505153.c:186:2: error: expected â€˜;â€™ before â€˜returnâ€™
  186 | i     return 0.40282e0 + (0.79762e-2 .(+ 089909e-4 + (0.79687e-6 + (0.55989e-8 + (0.30866e-10 + 0.12868e-12 * t) * t) * t) * t) * t) * t;
      |  ^    ~~~~~~
      |  ;
/home/user42/directed-compiler-fuzzing-code/scripts/8-crash-testing/input/segment_15/010c7d7cf5d1100bacfad1c90b36159e6f505153.c:187:5: error: case label not within a switch statement
  187 |     case 79:
      |     ^~~~
/home/user42/directed-compiler-fuzzing-code/scripts/8-crash-testing/input/segment_15/010c7d7cf5d1100bacfad1c90b36159e6f505153.c:190:5: error: case label not within a switch statement
  190 |     case 80:
      |     ^~~~
/home/user42/directed-compiler-fuzzing-code/scripts/8-crash-testing/input/segment_15/010c7d7cf5d1100bacfad1c90b36159e6f505153.c:193:5: error: case label not within a switch statement
  193 |     case 81:
      |     ^~~~
/home/user42/directed-compiler-fuzzing-code/scripts/8-crash-testing/input/segment_15/010c7d7cf5d1100bacfad1c90b36159e6f505153.c:196:5: error: case label not within a switch statement
  196 |     case 82:
      |     ^~~~
/home/user42/directed-compiler-fuzzing-code/scripts/8-crash-testing/input/segment_15/010c7d7cf5d1100bacfad1c90b36159e6f505153.c:199:5: error: case label not within a switch statement
  199 |     case 83:
      |     ^~~~
/home/user42/directed-compiler-fuzzing-code/scripts/8-crash-testing/input/segment_15/010c7d7cf5d1100bacfad1c90b36159e6f505153.c:202:5: error: case label not within a switch statement
  202 |     case 84:
      |     ^~~~
/home/user42/directed-compiler-fuzzing-code/scripts/8-crash-testing/input/segment_15/010c7d7cf5d1100bacfad1c90b36159e6f505153.c:204:74: error: expected â€˜)â€™ before â€˜}â€™ token
  204 |       return 0.51298e0 + (0.10520e-1 + (0.12400e-3 + (0.11147e-5 + (0.775
      |                                                                    ~     ^
      |                                                                          )
  205 | }
      | ~                                                                         
/home/user42/directed-compiler-fuzzing-code/scripts/8-crash-testing/input/segment_15/010c7d7cf5d1100bacfad1c90b36159e6f505153.c:204:74: error: expected â€˜)â€™ before â€˜}â€™ token
  204 |       return 0.51298e0 + (0.10520e-1 + (0.12400e-3 + (0.11147e-5 + (0.775
      |                                                      ~                   ^
      |                                                                          )
  205 | }
      | ~                                                                         
/home/user42/directed-compiler-fuzzing-code/scripts/8-crash-testing/input/segment_15/010c7d7cf5d1100bacfad1c90b36159e6f505153.c:204:74: error: expected â€˜)â€™ before â€˜}â€™ token
  204 |       return 0.51298e0 + (0.10520e-1 + (0.12400e-3 + (0.11147e-5 + (0.775
      |                                        ~                                 ^
      |                                                                          )
  205 | }
      | ~                                                                         
/home/user42/directed-compiler-fuzzing-code/scripts/8-crash-testing/input/segment_15/010c7d7cf5d1100bacfad1c90b36159e6f505153.c:204:74: error: expected â€˜)â€™ before â€˜}â€™ token
  204 |       return 0.51298e0 + (0.10520e-1 + (0.12400e-3 + (0.11147e-5 + (0.775
      |                          ~                                               ^
      |                                                                          )
  205 | }
      | ~                                                                         
/home/user42/directed-compiler-fuzzing-code/scripts/8-crash-testing/input/segment_15/010c7d7cf5d1100bacfad1c90b36159e6f505153.c:204:74: error: expected â€˜;â€™ before â€˜}â€™ token
  204 |       return 0.51298e0 + (0.10520e-1 + (0.12400e-3 + (0.11147e-5 + (0.775
      |                                                                          ^
      |                                                                          ;
  205 | }
      | ~                                                                         
/home/user42/directed-compiler-fuzzing-code/scripts/8-crash-testing/input/segment_15/010c7d7cf5d1100bacfad1c90b36159e6f505153.c:205:2: error: expected â€˜)â€™ before numeric constant
  205 | }
      |  ^
      |  )
......
  225 | 5918e0 + (0.14036e-1 + (0.17160e-3 + (0.15521e-5 + (0.10601e-7 + (0.54140e-10 + 0.19616e-12 * t) * t) * t) * t) * t) * t;
      | ~~~~~~
/home/user42/directed-compiler-fuzzing-code/scripts/8-crash-testing/input/segment_15/010c7d7cf5d1100bacfad1c90b36159e6f505153.c:234:138: error: expected â€˜)â€™ before â€˜}â€™ token
  234 |       return 0.74993e0 + (0.16272e-1 + (0.20195e-3 + (0.18269e-5 + (0.12335e-7 + (0.61523e-10 + 0.21395e-12 * t) * t) * t) * t) * t) * t;
      |                                                                                                                                          ^
      |                                                                                                                                          )
  235 |     }
      |     ~                                                                                                                                     
/home/user42/directed-compiler-fuzzing-code/scripts/8-crash-testing/input/segment_15/010c7d7cf5d1100bacfad1c90b36159e6f505153.c:17:6: note: to match this â€˜(â€™
   17 |   if (sizeof (
      |      ^
/home/user42/directed-compiler-fuzzing-code/scripts/8-crash-testing/input/segment_15/010c7d7cf5d1100bacfad1c90b36159e6f505153.c:235:5: error: expected expression before â€˜}â€™ token
  235 |     }
      |     ^
/home/user42/directed-compiler-fuzzing-code/scripts/8-crash-testing/input/segment_15/010c7d7cf5d1100bacfad1c90b36159e6f505153.c: At top level:
/home/user42/directed-compiler-fuzzing-code/scripts/8-crash-testing/input/segment_15/010c7d7cf5d1100bacfad1c90b36159e6f505153.c:236:3: error: expected identifier or â€˜(â€™ before â€˜returnâ€™
  236 |   return 1.0;
      |   ^~~~~~
/home/user42/directed-compiler-fuzzing-code/scripts/8-crash-testing/input/segment_15/010c7d7cf5d1100bacfad1c90b36159e6f505153.c:237:1: error: expected identifier or â€˜(â€™ before â€˜}â€™ token
  237 | }
      | ^
/home/user42/directed-compiler-fuzzing-code/scripts/8-crash-testing/input/segment_15/010c7d7cf5d1100bacfad1c90b36159e6f505153.c:240:1: error: redefinition of â€˜mainâ€™
  240 | main ()
      | ^~~~
/home/user42/directed-compiler-fuzzing-code/scripts/8-crash-testing/input/segment_15/010c7d7cf5d1100bacfad1c90b36159e6f505153.c:15:1: note: previous definition of â€˜mainâ€™ with type â€˜int()â€™
   15 | main ()
      | ^~~~
/home/user42/directed-compiler-fuzzing-code/scripts/8-crash-testing/input/segment_15/010c7d7cf5d1100bacfad1c90b36159e6f505153.c: In function â€˜mainâ€™:
/home/user42/directed-compiler-fuzzing-code/scripts/8-crash-testing/input/segment_15/010c7d7cf5d1100bacfad1c90b36159e6f505153.c:252:3: warning: implicit declaration of function â€˜râ€™ [-Wimplicit-function-declaration]
  252 |   r(0)}
      |   ^
/home/user42/directed-compiler-fuzzing-code/scripts/8-crash-testing/input/segment_15/010c7d7cf5d1100bacfad1c90b36159e6f505153.c:252:7: error: expected â€˜;â€™ before â€˜}â€™ token
  252 |   r(0)}
      |       ^
      |       ;
/home/user42/directed-compiler-fuzzing-code/scripts/8-crash-testing/input/segment_15/010c7d7cf5d1100bacfad1c90b36159e6f505153.c: At top level:
/home/user42/directed-compiler-fuzzing-code/scripts/8-crash-testing/input/segment_15/010c7d7cf5d1100bacfad1c90b36159e6f505153.c:253:1: warning: data definition has no type or storage class
  253 | a
      | ^
/home/user42/directed-compiler-fuzzing-code/scripts/8-crash-testing/input/segment_15/010c7d7cf5d1100bacfad1c90b36159e6f505153.c:253:1: warning: type defaults to â€˜intâ€™ in declaration of â€˜aâ€™ [-Wimplicit-int]
/home/user42/directed-compiler-fuzzing-code/scripts/8-crash-testing/input/segment_15/010c7d7cf5d1100bacfad1c90b36159e6f505153.c:253:1: error: conflicting types for â€˜aâ€™; have â€˜intâ€™
/home/user42/directed-compiler-fuzzing-code/scripts/8-crash-testing/input/segment_15/010c7d7cf5d1100bacfad1c90b36159e6f505153.c:5:5: note: previous declaration of â€˜aâ€™ with type â€˜int[6]â€™
    5 | int a[6], c = 1, d;
      |     ^
/home/user42/directed-compiler-fuzzing-code/scripts/8-crash-testing/input/segment_15/010c7d7cf5d1100bacfad1c90b36159e6f505153.c:254:3: error: expected identifier or â€˜(â€™ before â€˜[â€™ token
  254 | ; [0 ] = 1;
      |   ^
/home/user42/directed-compiler-fuzzing-code/scripts/8-crash-testing/input/segment_15/010c7d7cf5d1100bacfad1c90b36159e6f505153.c:254:5: error: stray â€˜\6â€™ in program
  254 | ; [0<U+0006><U+0000>] = 1;
      |     ^~~~~~~~
/home/user42/directed-compiler-fuzzing-code/scripts/8-crash-testing/input/segment_15/010c7d7cf5d1100bacfad1c90b36159e6f505153.c:254:6: warning: null character(s) ignored
  254 | ; [0<U+0006><U+0000>] = 1;
      |             ^~~~~~~~
/home/user42/directed-compiler-fuzzing-code/scripts/8-crash-testing/input/segment_15/010c7d7cf5d1100bacfad1c90b36159e6f505153.c:255:3: error: expected identifier or â€˜(â€™ before â€˜ifâ€™
  255 |   if (c)
      |   ^~
/home/user42/directed-compiler-fuzzing-code/scripts/8-crash-testing/input/segment_15/010c7d7cf5d1100bacfad1c90b36159e6f505153.c:257:3: warning: data definition has no type or storage class
  257 |   d = e;
      |   ^
/home/user42/directed-compiler-fuzzing-code/scripts/8-crash-testing/input/segment_15/010c7d7cf5d1100bacfad1c90b36159e6f505153.c:257:3: warning: type defaults to â€˜intâ€™ in declaration of â€˜dâ€™ [-Wimplicit-int]
/home/user42/directed-compiler-fuzzing-code/scripts/8-crash-testing/input/segment_15/010c7d7cf5d1100bacfad1c90b36159e6f505153.c:257:7: error: initializer element is not constant
  257 |   d = e;
      |       ^
/home/user42/directed-compiler-fuzzing-code/scripts/8-crash-testing/input/segment_15/010c7d7cf5d1100bacfad1c90b36159e6f505153.c:258:17: error: initializer element is not constant
  258 |   long long f = e;
      |                 ^
/home/user42/directed-compiler-fuzzing-code/scripts/8-crash-testing/input/segment_15/010c7d7cf5d1100bacfad1c90b36159e6f505153.c:259:3: error: expected identifier or â€˜(â€™ before â€˜ifâ€™
  259 |   if (fg f = e;
      |   ^~
/home/user42/directed-compiler-fuzzing-code/scripts/8-crash-testing/input/segment_15/010c7d7cf5d1100bacfad1c90b36159e6f505153.c:260:3: error: expected identifier or â€˜(â€™ before â€˜ifâ€™
  260 |   if (fn1 ((f >> 56) & 1) != 0)
      |   ^~
/home/user42/directed-compiler-fuzzing-code/scripts/8-crash-testing/input/segment_15/010c7d7cf5d1100bacfad1c90b36159e6f505153.c:262:9: error: expected declaration specifiers or â€˜...â€™ before numeric constant
  262 |   exit (0);
      |         ^
/home/user42/directed-compiler-fuzzing-code/scripts/8-crash-testing/input/segment_15/010c7d7cf5d1100bacfad1c90b36159e6f505153.c:263:1: error: expected identifier or â€˜(â€™ before â€˜}â€™ token
  263 | }
      | ^
/home/user42/directed-compiler-fuzzing-code/scripts/8-crash-testing/input/segment_15/010c7d7cf5d1100bacfad1c90b36159e6f505153.c:285:23: error: expected specifier-qualifier-list before â€˜fâ€™
  285 |   unsigned short h[8];f (x != v.h[7]) __builtin_abort (); break;
      |                       ^
/home/user42/directed-compiler-fuzzing-code/scripts/8-crash-testing/input/segment_15/010c7d7cf5d1100bacfad1c90b36159e6f505153.c:288:1: error: expected identifier or â€˜(â€™ before â€˜}â€™ token
  288 | }
      | ^
/home/user42/directed-compiler-fuzzing-code/scripts/8-crash-testing/input/segment_15/010c7d7cf5d1100bacfad1c90b36159e6f505153.c:291:1: warning: conflicting types for â€˜fooâ€™; have â€˜void(unsigned int)â€™
  291 | foo (unsigned int x)
      | ^~~
/home/user42/directed-compiler-fuzzing-code/scripts/8-crash-testing/input/segment_15/010c7d7cf5d1100bacfad1c90b36159e6f505153.c:108:3: note: previous implicit declaration of â€˜fooâ€™ with type â€˜void(unsigned int)â€™
  108 |   foo (x.(b, b, c);
      |   ^~~
/home/user42/directed-compiler-fuzzing-code/scripts/8-crash-testing/input/segment_15/010c7d7cf5d1100bacfad1c90b36159e6f505153.c: In function â€˜fooâ€™:
/home/user42/directed-compiler-fuzzing-code/scripts/8-crash-testing/input/segment_15/010c7d7cf5d1100bacfad1c90b36159e6f505153.c:296:3: warning: implicit declaration of function â€˜barâ€™ [-Wimplicit-function-declaration]
  296 |   bar (u.f.d);
      |   ^~~
/home/user42/directed-compiler-fuzzing-code/scripts/8-crash-testing/input/segment_15/010c7d7cf5d1100bacfad1c90b36159e6f505153.c:300:10: error: invalid suffix "h" on floating constant
  300 |   bar (u[.7h]);
      |          ^~~
/home/user42/directed-compiler-fuzzing-code/scripts/8-crash-testing/input/segment_15/010c7d7cf5d1100bacfad1c90b36159e6f505153.c: At top level:
/home/user42/directed-compiler-fuzzing-code/scripts/8-crash-testing/input/segment_15/010c7d7cf5d1100bacfad1c90b36159e6f505153.c:301:2: error: unknown type name â€˜anâ€™
  301 | }an
      |  ^~
/home/user42/directed-compiler-fuzzing-code/scripts/8-crash-testing/input/segment_15/010c7d7cf5d1100bacfad1c90b36159e6f505153.c:304:1: error: expected â€˜=â€™, â€˜,â€™, â€˜;â€™, â€˜asmâ€™ or â€˜__attribute__â€™ before â€˜inâ€™
  304 | in ()
      | ^~
/home/user42/directed-compiler-fuzzing-code/scripts/8-crash-testing/input/segment_15/010c7d7cf5d1100bacfad1c90b36159e6f505153.c:306:8: error: invalid suffix "x00124" on integer constant
  306 |   foo (2x00124);
      |        ^~~~~~~
/home/user42/directed-compiler-fuzzing-code/scripts/8-crash-testing/input/segment_15/010c7d7cf5d1100bacfad1c90b36159e6f505153.c:309:2: error: invalid preprocessing directive #els0e; did you mean #else?
  309 | #els0e
      |  ^~~~~
      |  else
/home/user42/directed-compiler-fuzzing-code/scripts/8-crash-testing/input/segment_15/010c7d7cf5d1100bacfad1c90b36159e6f505153.c:310:7: error: expected â€˜=â€™, â€˜,â€™, â€˜;â€™, â€˜asmâ€™ or â€˜__attribute__â€™ before â€˜returnâ€™
  310 | i     return 0.40282e0 + (0.79762e-2 .(+ 089909e-4 + (0.79687e-6 + (0.55989e-8 + (0.30866e-10 + 0.12868e-12 * t) * t) * t) * t) * t) * t;
      |       ^~~~~~
/home/user42/directed-compiler-fuzzing-code/scripts/8-crash-testing/input/segment_15/010c7d7cf5d1100bacfad1c90b36159e6f505153.c:311:5: error: expected identifier or â€˜(â€™ before â€˜caseâ€™
  311 |     case 79:
      |     ^~~~
/home/user42/directed-compiler-fuzzing-code/scripts/8-crash-testing/input/segment_15/010c7d7cf5d1100bacfad1c90b36159e6f505153.c:313:7: error: expected identifier or â€˜(â€™ before â€˜returnâ€™
  313 |       return 0.41914e0 + (0.83456e-2 + (0.94827e-4 + (0.84291e-6 + (0.59154e-8 + (0.32441e-10 + 0.13387e-12 * t) * t) * t) * t) * t) * t;
      |       ^~~~~~
/home/user42/directed-compiler-fuzzing-code/scripts/8-crash-testing/input/segment_15/010c7d7cf5d1100bacfad1c90b36159e6f505153.c:314:5: error: expected identifier or â€˜(â€™ before â€˜caseâ€™
  314 |     case 80:
      |     ^~~~
/home/user42/directed-compiler-fuzzing-code/scripts/8-crash-testing/input/segment_15/010c7d7cf5d1100bacfad1c90b36159e6f505153.c:316:7: error: expected identifier or â€˜(â€™ before â€˜returnâ€™
  316 |       return 0.43621e0 + (0.87352e-2 + (0.10002e-3 + (0.89156e-6 + (0.62480e-8 + (0.34079e-10 + 0.13917e-12 * t) * t) * t) * t) * t) * t;
      |       ^~~~~~
/home/user42/directed-compiler-fuzzing-code/scripts/8-crash-testing/input/segment_15/010c7d7cf5d1100bacfad1c90b36159e6f505153.c:317:5: error: expected identifier or â€˜(â€™ before â€˜caseâ€™
  317 |     case 81:
      |     ^~~~
/home/user42/directed-compiler-fuzzing-code/scripts/8-crash-testing/input/segment_15/010c7d7cf5d1100bacfad1c90b36159e6f505153.c:319:7: error: expected identifier or â€˜(â€™ before â€˜returnâ€™
  319 |       return 0.45409e0 + (0.91463e-2 + (0.10553e-3 + (0.94293e16 + (0.65972e-8 + (0.35782e-10 + 0.14455e-12 * t) * t) * t) * t) * t) * t;
      |       ^~~~~~
/home/user42/directed-compiler-fuzzing-code/scripts/8-crash-testing/input/segment_15/010c7d7cf5d1100bacfad1c90b36159e6f505153.c:320:5: error: expected identifier or â€˜(â€™ before â€˜caseâ€™
  320 |     case 82:
      |     ^~~~
/home/user42/directed-compiler-fuzzing-code/scripts/8-crash-testing/input/segment_15/010c7d7cf5d1100bacfad1c90b36159e6f505153.c:322:7: error: expected identifier or â€˜(â€™ before â€˜returnâ€™
  322 |       return 0.47282e0 + (0.95799e-2 + (0.11135e-3 + (0.99716e-6 + (0.69638e-8 + (0.37549e-10 + 0.15003e-12 * t) * t) * t) * t) * t) * t;
      |       ^~~~~~
/home/user42/directed-compiler-fuzzing-code/scripts/8-crash-testing/input/segment_15/010c7d7cf5d1100bacfad1c90b36159e6f505153.c:323:5: error: expected identifier or â€˜(â€™ before â€˜caseâ€™
  323 |     case 83:
      |     ^~~~
/home/user42/directed-compiler-fuzzing-code/scripts/8-crash-testing/input/segment_15/010c7d7cf5d1100bacfad1c90b36159e6f505153.c:325:7: error: expected identifier or â€˜(â€™ before â€˜returnâ€™
  325 |       return 0.49243e0 + (0.10037e-1 + (0.11750e-3 + (0.10544e-5 + (0.73484e-8 + (0.39383e-10 + 0.15559e-12 * t) * t) * t) * t) * t) * t;
      |       ^~~~~~
/home/user42/directed-compiler-fuzzing-code/scripts/8-crash-testing/input/segment_15/010c7d7cf5d1100bacfad1c90b36159e6f505153.c:326:5: error: expected identifier or â€˜(â€™ before â€˜caseâ€™
  326 |     case 84:
      |     ^~~~
/home/user42/directed-compiler-fuzzing-code/scripts/8-crash-testing/input/segment_15/010c7d7cf5d1100bacfad1c90b36159e6f505153.c:328:7: error: expected identifier or â€˜(â€™ before â€˜returnâ€™
  328 |       return 0.51298e0 + (0.10520e-1 + (0.12400e-3 + (0.11147e-5 + (0.775
      |       ^~~~~~
/home/user42/directed-compiler-fuzzing-code/scripts/8-crash-testing/input/segment_15/010c7d7cf5d1100bacfad1c90b36159e6f505153.c:273: error: unterminated #if
  273 | #if __SIZEOF_SHORT__ == 2 &&  __SIZEOF_INT__ == 4 && __CHAR_BIT__ == 8
      | 
/home/user42/directed-compiler-fuzzing-code/scripts/8-crash-testing/input/segment_15/010c7d7cf5d1100bacfad1c90b36159e6f505153.c:149: error: unterminated #if
  149 | #if __SIZEOF_SHORT__ == 2 &&  __SIZEOF_INT__ == 4 && __CHAR_BIT__ == 8
      | 
/home/user42/directed-compiler-fuzzing-code/scripts/8-crash-testing/input/segment_15/010c7d7cf5d1100bacfad1c90b36159e6f505153.c: In function â€˜fn1â€™:
/home/user42/directed-compiler-fuzzing-code/scripts/8-crash-testing/input/segment_15/010c7d7cf5d1100bacfad1c90b36159e6f505153.c:11:11: internal compiler error: tree check: expected array_type, have error_mark in array_ref_low_bound, at tree.cc:12479
   11 |   return a[p];
      |          ~^~~
0x7e3fd0 tree_check_failed(tree_node const*, char const*, int, char const*, ...)
	.././../gcc-source/gcc/tree.cc:8688
0x7edb6d tree_check(tree_node*, char const*, int, char const*, tree_code)
	.././../gcc-source/gcc/tree.h:3450
0x7edb6d array_ref_low_bound(tree_node*)
	.././../gcc-source/gcc/tree.cc:12479
0xc310ef gimplify_compound_lval
	.././../gcc-source/gcc/gimplify.cc:3204
0xc2a904 gimplify_expr(tree_node**, gimple**, gimple**, bool (*)(tree_node*), int)
	.././../gcc-source/gcc/gimplify.cc:15008
0xc3bae7 gimplify_modify_expr
	.././../gcc-source/gcc/gimplify.cc:6043
0xc2b126 gimplify_expr(tree_node**, gimple**, gimple**, bool (*)(tree_node*), int)
	.././../gcc-source/gcc/gimplify.cc:15056
0xc2e7f6 gimplify_stmt(tree_node**, gimple**)
	.././../gcc-source/gcc/gimplify.cc:7111
0xc38c80 gimplify_and_add(tree_node*, gimple**)
	.././../gcc-source/gcc/gimplify.cc:496
0xc38c80 gimplify_return_expr
	.././../gcc-source/gcc/gimplify.cc:1678
0xc2b519 gimplify_expr(tree_node**, gimple**, gimple**, bool (*)(tree_node*), int)
	.././../gcc-source/gcc/gimplify.cc:15318
0xc2e7f6 gimplify_stmt(tree_node**, gimple**)
	.././../gcc-source/gcc/gimplify.cc:7111
0xc2efb4 gimplify_bind_expr
	.././../gcc-source/gcc/gimplify.cc:1428
0xc2b891 gimplify_expr(tree_node**, gimple**, gimple**, bool (*)(tree_node*), int)
	.././../gcc-source/gcc/gimplify.cc:15257
0xc3d02f gimplify_stmt(tree_node**, gimple**)
	.././../gcc-source/gcc/gimplify.cc:7111
0xc3d02f gimplify_body(tree_node*, bool)
	.././../gcc-source/gcc/gimplify.cc:16313
0xc3d47d gimplify_function_tree(tree_node*)
	.././../gcc-source/gcc/gimplify.cc:16467
0xa691f7 cgraph_node::analyze()
	.././../gcc-source/gcc/cgraphunit.cc:675
0xa6be47 analyze_functions
	.././../gcc-source/gcc/cgraphunit.cc:1240
0xa6cacd symbol_table::finalize_compilation_unit()
	.././../gcc-source/gcc/cgraphunit.cc:2500
Please submit a full bug report, with preprocessed source (by using -freport-bug).
Please include the complete backtrace with any bug report.
See <https://gcc.gnu.org/bugs/> for instructions.
