/home/user42/directed-compiler-fuzzing-code/scripts/8-crash-testing/input/segment_3/12f906d4a165a0b96fb5a53b8ef84db11791e6d4.c:2:3: error: stray â€˜\26â€™ in program
    2 | ex<U+0016>ern void abort (void);
      |   ^~~~~~~~
/home/user42/directed-compiler-fuzzing-code/scripts/8-crash-testing/input/segment_3/12f906d4a165a0b96fb5a53b8ef84db11791e6d4.c:2:1: error: unknown type name â€˜exâ€™
    2 | exern void abort (void);
      | ^~
/home/user42/directed-compiler-fuzzing-code/scripts/8-crash-testing/input/segment_3/12f906d4a165a0b96fb5a53b8ef84db11791e6d4.c:2:7: error: expected â€˜;â€™ before â€˜voidâ€™
    2 | exern void abort (void);
      |       ^~~~~
      |       ;
/home/user42/directed-compiler-fuzzing-code/scripts/8-crash-testing/input/segment_3/12f906d4a165a0b96fb5a53b8ef84db11791e6d4.c:8:4: error: stray â€˜\27â€™ in program
    8 | int<U+0017>__attribute__ ((noinline))
      |    ^~~~~~~~
/home/user42/directed-compiler-fuzzing-code/scripts/8-crash-testing/input/segment_3/12f906d4a165a0b96fb5a53b8ef84db11791e6d4.c: In function â€˜mainâ€™:
/home/user42/directed-compiler-fuzzing-code/scripts/8-crash-testing/input/segment_3/12f906d4a165a0b96fb5a53b8ef84db11791e6d4.c:18:57: error: â€˜tâ€™ undeclared (first use in this function)
   18 |  {    exit + (0.10278e-9 + (0.47965e-12 + 0.21285e-14 * t) * t) * t) * t) * t) * tdddddddddddddddddddddddddddddddddddddddddddddddddddddddddddddddddddddddddddddddddddddddddddddddddddddddd;
      |                                                         ^
/home/user42/directed-compiler-fuzzing-code/scripts/8-crash-testing/input/segment_3/12f906d4a165a0b96fb5a53b8ef84db11791e6d4.c:18:57: note: each undeclared identifier is reported only once for each function it appears in
/home/user42/directed-compiler-fuzzing-code/scripts/8-crash-testing/input/segment_3/12f906d4a165a0b96fb5a53b8ef84db11791e6d4.c:18:68: error: expected â€˜;â€™ before â€˜)â€™ token
   18 |  {    exit + (0.10278e-9 + (0.47965e-12 + 0.21285e-14 * t) * t) * t) * t) * t) * tdddddddddddddddddddddddddddddddddddddddddddddddddddddddddddddddddddddddddddddddddddddddddddddddddddddddd;
      |                                                                    ^
      |                                                                    ;
/home/user42/directed-compiler-fuzzing-code/scripts/8-crash-testing/input/segment_3/12f906d4a165a0b96fb5a53b8ef84db11791e6d4.c:18:68: error: expected statement before â€˜)â€™ token
/home/user42/directed-compiler-fuzzing-code/scripts/8-crash-testing/input/segment_3/12f906d4a165a0b96fb5a53b8ef84db11791e6d4.c:18:73: error: expected â€˜;â€™ before â€˜)â€™ token
   18 |  {    exit + (0.10278e-9 + (0.47965e-12 + 0.21285e-14 * t) * t) * t) * t) * t) * tdddddddddddddddddddddddddddddddddddddddddddddddddddddddddddddddddddddddddddddddddddddddddddddddddddddddd;
      |                                                                         ^
      |                                                                         ;
/home/user42/directed-compiler-fuzzing-code/scripts/8-crash-testing/input/segment_3/12f906d4a165a0b96fb5a53b8ef84db11791e6d4.c:18:73: error: expected statement before â€˜)â€™ token
/home/user42/directed-compiler-fuzzing-code/scripts/8-crash-testing/input/segment_3/12f906d4a165a0b96fb5a53b8ef84db11791e6d4.c:18:78: error: expected â€˜;â€™ before â€˜)â€™ token
   18 |  {    exit + (0.10278e-9 + (0.47965e-12 + 0.21285e-14 * t) * t) * t) * t) * t) * tdddddddddddddddddddddddddddddddddddddddddddddddddddddddddddddddddddddddddddddddddddddddddddddddddddddddd;
      |                                                                              ^
      |                                                                              ;
/home/user42/directed-compiler-fuzzing-code/scripts/8-crash-testing/input/segment_3/12f906d4a165a0b96fb5a53b8ef84db11791e6d4.c:18:78: error: expected statement before â€˜)â€™ token
/home/user42/directed-compiler-fuzzing-code/scripts/8-crash-testing/input/segment_3/12f906d4a165a0b96fb5a53b8ef84db11791e6d4.c:18:82: error: â€˜tddddddddddddddddddddddddddddddddddddddddddddddddddddddddddddddddddddddddddddddddddddddddddddddddddddddddâ€™ undeclared (first use in this function)
   18 |  {    exit + (0.10278e-9 + (0.47965e-12 + 0.21285e-14 * t) * t) * t) * t) * t) * tdddddddddddddddddddddddddddddddddddddddddddddddddddddddddddddddddddddddddddddddddddddddddddddddddddddddd;
      |                                                                                  ^~~~~~~~~~~~~~~~~~~~~~~~~~~~~~~~~~~~~~~~~~~~~~~~~~~~~~~~~~~~~~~~~~~~~~~~~~~~~~~~~~~~~~~~~~~~~~~~~~~~~~~~~
/home/user42/directed-compiler-fuzzing-code/scripts/8-crash-testing/input/segment_3/12f906d4a165a0b96fb5a53b8ef84db11791e6d4.c:19:5: error: case label not within a switch statement
   19 |     case 6:
      |     ^~~~
/home/user42/directed-compiler-fuzzing-code/scripts/8-crash-testing/input/segment_3/12f906d4a165a0b96fb5a53b8ef84db11791e6d4.c:20:15: error: â€˜xâ€™ undeclared (first use in this function)
   20 |       t = 2 * x - 12;
      |               ^
/home/user42/directed-compiler-fuzzing-code/scripts/8-crash-testing/input/segment_3/12f906d4a165a0b96fb5a53b8ef84db11791e6d4.c:22:5: error: case label not within a switch statement
   22 |     case 7:
      |     ^~~~
/home/user42/directed-compiler-fuzzing-code/scripts/8-crash-testing/input/segment_3/12f906d4a165a0b96fb5a53b8ef84db11791e6d4.c:25:5: error: case label not within a switch statement
   25 |     case 8:
      |     ^~~~
/home/user42/directed-compiler-fuzzing-code/scripts/8-crash-testing/input/segment_3/12f906d4a165a0b96fb5a53b8ef84db11791e6d4.c:28:5: error: case label not within a switch statement
   28 |     case 9:
      |     ^~~~
/home/user42/directed-compiler-fuzzing-code/scripts/8-crash-testing/input/segment_3/12f906d4a165a0b96fb5a53b8ef84db11791e6d4.c:31:5: error: case label not within a switch statement
   31 |     case 10:
      |     ^~~~
/home/user42/directed-compiler-fuzzing-code/scripts/8-crash-testing/input/segment_3/12f906d4a165a0b96fb5a53b8ef84db11791e6d4.c:34:5: error: case label not within a switch statement
   34 |     case 11:
      |     ^~~~
/home/user42/directed-compiler-fuzzing-code/scripts/8-crash-testing/input/segment_3/12f906d4a165a0b96fb5a53b8ef84db11791e6d4.c:37:5: error: case label not within a switch statement
   37 |     case 12:
      |     ^~~~
/home/user42/directed-compiler-fuzzing-code/scripts/8-crash-testing/input/segment_3/12f906d4a165a0b96fb5a53b8ef84db11791e6d4.c: In function â€˜mainâ€™:
/home/user42/directed-compiler-fuzzing-code/scripts/8-crash-testing/input/segment_3/12f906d4a165a0b96fb5a53b8ef84db11791e6d4.c:71:3: error: â€˜râ€™ undeclared (first use in this function)
   71 |   r
      |   ^
/home/user42/directed-compiler-fuzzing-code/scripts/8-crash-testing/input/segment_3/12f906d4a165a0b96fb5a53b8ef84db11791e6d4.c:71:4: error: expected â€˜;â€™ before â€˜returnâ€™
   71 |   r
      |    ^
      |    ;
   72 |       return 0.20136e-1 + (0.91936e-3 + (0.51ÿ34e-5 + (0.27900e-7 + (0.14357e-9 + (0.70114e-12 + 0.32252e-14 * t) * t) * t) * t) * t) * t;
      |       ~~~~~~
/home/user42/directed-compiler-fuzzing-code/scripts/8-crash-testing/input/segment_3/12f906d4a165a0b96fb5a53b8ef84db11791e6d4.c:72:46: error: stray â€˜\377â€™ in program
   72 |       return 0.20136e-1 + (0.91936e-3 + (0.51<ff>34e-5 + (0.27900e-7 + (0.14357e-9 + (0.70114e-12 + 0.32252e-14 * t) * t) * t) * t) * t) * t;
      |                                              ^~~~
/home/user42/directed-compiler-fuzzing-code/scripts/8-crash-testing/input/segment_3/12f906d4a165a0b96fb5a53b8ef84db11791e6d4.c:73:5: error: case label not within a switch statement
   73 |     case 13:
      |     ^~~~
/home/user42/directed-compiler-fuzzing-code/scripts/8-crash-testing/input/segment_3/12f906d4a165a0b96fb5a53b8ef84db11791e6d4.c:76:5: error: case label not within a switch statement
   76 |     case 14:
      |     ^~~~
/home/user42/directed-compiler-fuzzing-code/scripts/8-crash-testing/input/segment_3/12f906d4a165a0b96fb5a53b8ef84db11791e6d4.c:79:5: error: case label not within a switch statement
   79 |     case 15:
      |     ^~~~
/home/user42/directed-compiler-fuzzing-code/scripts/8-crash-testing/input/segment_3/12f906d4a165a0b96fb5a53b8ef84db11791e6d4.c:81:4: error: expected expression before â€˜|â€™ token
   81 |    |   return 0.25845e-1 + (0.98459e-3 + (0.57082e-5 + (0.31613e-7 + (0.16646e-9 + (0.82840e-12 + 0.38649e-14 * t) * t) * t) * t) * t) * t;
      |    ^
/home/user42/directed-compiler-fuzzing-code/scripts/8-crash-testing/input/segment_3/12f906d4a165a0b96fb5a53b8ef84db11791e6d4.c:82:5: error: case label not within a switch statement
   82 |     case 16:
      |     ^~~~
/home/user42/directed-compiler-fuzzing-code/scripts/8-crash-testing/input/segment_3/12f906d4a165a0b96fb5a53b8ef84db11791e6d4.c:85:5: error: case label not within a switch statement
   85 |     case 17:
      |     ^~~~
/home/user42/directed-compiler-fuzzing-code/scripts/8-crash-testing/input/segment_3/12f906d4a165a0b96fb5a53b8ef84db11791e6d4.c:88:5: error: case label not within a switch statement
   88 |     case 18:
      |     ^~~~
/home/user42/directed-compiler-fuzzing-code/scripts/8-crash-testing/input/segment_3/12f906d4a165a0b96fb5a53b8ef84db11791e6d4.c:91:5: error: case label not within a switch statement
   91 |     case 19:
      |     ^~~~
/home/user42/directed-compiler-fuzzing-code/scripts/8-crash-testing/input/segment_3/12f906d4a165a0b96fb5a53b8ef84db11791e6d4.c:94:5: error: case label not within a switch statement
   94 |     case 20:
      |     ^~~~
/home/user42/directed-compiler-fuzzing-code/scripts/8-crash-testing/input/segment_3/12f906d4a165a0b96fb5a53b8ef84db11791e6d4.c:97:5: error: case label not within a switch statement
   97 |     case 21:
      |     ^~~~
/home/user42/directed-compiler-fuzzing-code/scripts/8-crash-testing/input/segment_3/12f906d4a165a0b96fb5a53b8ef84db11791e6d4.c:100:5: error: case label not within a switch statement
  100 |     case 22:
      |     ^~~~
/home/user42/directed-compiler-fuzzing-code/scripts/8-crash-testing/input/segment_3/12f906d4a165a0b96fb5a53b8ef84db11791e6d4.c:103:5: error: case label not within a switch statement
  103 |     case 23:
      |     ^~~~
/home/user42/directed-compiler-fuzzing-code/scripts/8-crash-testing/input/segment_3/12f906d4a165a0b96fb5a53b8ef84db11791e6d4.c:106:5: error: case label not within a switch statement
  106 |     case 24:
      |     ^~~~
/home/user42/directed-compiler-fuzzing-code/scripts/8-crash-testing/input/segment_3/12f906d4a165a0b96fb5a53b8ef84db11791e6d4.c:109:5: error: case label not within a switch statement
  109 |     case 25:
      |     ^~~~
/home/user42/directed-compiler-fuzzing-code/scripts/8-crash-testing/input/segment_3/12f906d4a165a0b96fb5a53b8ef84db11791e6d4.c:112:5: error: case label not within a switch statement
  112 |     case 26:
      |     ^~~~
/home/user42/directed-compiler-fuzzing-code/scripts/8-crash-testing/input/segment_3/12f906d4a165a0b96fb5a53b8ef84db11791e6d4.c:115:5: error: case label not within a switch statement
  115 |     case 30:
      |     ^~~~
/home/user42/directed-compiler-fuzzing-code/scripts/8-crash-testing/input/segment_3/12f906d4a165a0b96fb5a53b8ef84db11791e6d4.c:118:5: error: case label not within a switch statement
  118 |     case 39:
      |     ^~~~
/home/user42/directed-compiler-fuzzing-code/scripts/8-crash-testing/input/segment_3/12f906d4a165a0b96fb5a53b8ef84db11791e6d4.c:121:5: error: case label not within a switch statement
  121 |     case 50:
      |     ^~~~
/home/user42/directed-compiler-fuzzing-code/scripts/8-crash-testing/input/segment_3/12f906d4a165a0b96fb5a53b8ef84db11791e6d4.c:124:5: error: case label not within a switch statement
  124 |     case 60:
      |     ^~~~
/home/user42/directed-compiler-fuzzing-code/scripts/8-crash-testing/input/segment_3/12f906d4a165a0b96fb5a53b8ef84db11791e6d4.c:127:5: error: case label not within a switch statement
  127 |     case 61:
      |     ^~~~
/home/user42/directed-compiler-fuzzing-code/scripts/8-crash-testing/input/segment_3/12f906d4a165a0b96fb5a53b8ef84db11791e6d4.c:130:5: error: case label not within a switch statement
  130 |     case 62:
      |     ^~~~
/home/user42/directed-compiler-fuzzing-code/scripts/8-crash-testing/input/segment_3/12f906d4a165a0b96fb5a53b8ef84db11791e6d4.c:133:5: error: case label not within a switch statement
  133 |     case 63:
      |     ^~~~
/home/user42/directed-compiler-fuzzing-code/scripts/8-crash-testing/input/segment_3/12f906d4a165a0b96fb5a53b8ef84db11791e6d4.c:136:5: error: case label not within a switch statement
  136 |     case 64:
      |     ^~~~
/home/user42/directed-compiler-fuzzing-code/scripts/8-crash-testing/input/segment_3/12f906d4a165a0b96fb5a53b8ef84db11791e6d4.c:139:5: error: case label not within a switch statement
  139 |     case 65:
      |     ^~~~
/home/user42/directed-compiler-fuzzing-code/scripts/8-crash-testing/input/segment_3/12f906d4a165a0b96fb5a53b8ef84db11791e6d4.c:142:5: error: case label not within a switch statement
  142 |     case 66:
      |     ^~~~
/home/user42/directed-compiler-fuzzing-code/scripts/8-crash-testing/input/segment_3/12f906d4a165a0b96fb5a53b8ef84db11791e6d4.c:145:5: error: case label not within a switch statement
  145 |     case 67:
      |     ^~~~
/home/user42/directed-compiler-fuzzing-code/scripts/8-crash-testing/input/segment_3/12f906d4a165a0b96fb5a53b8ef84db11791e6d4.c:148:5: error: case label not within a switch statement
  148 |     case 68:
      |     ^~~~
/home/user42/directed-compiler-fuzzing-code/scripts/8-crash-testing/input/segment_3/12f906d4a165a0b96fb5a53b8ef84db11791e6d4.c:151:5: error: case label not within a switch statement
  151 |     case 69:
      |     ^~~~
/home/user42/directed-compiler-fuzzing-code/scripts/8-crash-testing/input/segment_3/12f906d4a165a0b96fb5a53b8ef84db11791e6d4.c:154:5: error: case label not within a switch statement
  154 |     case 70:
      |     ^~~~
/home/user42/directed-compiler-fuzzing-code/scripts/8-crash-testing/input/segment_3/12f906d4a165a0b96fb5a53b8ef84db11791e6d4.c:156:102: error: stray â€˜\360â€™ in program
  156 |       return 0.29529e0 + (0.56288e-2 + (0.59113e-4 + (0.50782e-6 + (0.35735e-8 + (0.20369e-10 + 0.912<f0>62e-13 * t) * t) * t) * t) * t) * t;
      |                                                                                                      ^~~~
/home/user42/directed-compiler-fuzzing-code/scripts/8-crash-testing/input/segment_3/12f906d4a165a0b96fb5a53b8ef84db11791e6d4.c:156:102: error: expected â€˜)â€™ before numeric constant
  156 |       return 0.29529e0 + (0.56288e-2 + (0.59113e-4 + (0.50782e-6 + (0.35735e-8 + (0.20369e-10 + 0.912ð62e-13 * t) * t) * t) * t) * t) * t;
      |                                                                                  ~                   ^~~~~~~
      |                                                                                                      )
/home/user42/directed-compiler-fuzzing-code/scripts/8-crash-testing/input/segment_3/12f906d4a165a0b96fb5a53b8ef84db11791e6d4.c:157:5: error: case label not within a switch statement
  157 |     case 71:
      |     ^~~~
/home/user42/directed-compiler-fuzzing-code/scripts/8-crash-testing/input/segment_3/12f906d4a165a0b96fb5a53b8ef84db11791e6d4.c:160:5: error: case label not within a switch statement
  160 |     case 72:
      |     ^~~~
/home/user42/directed-compiler-fuzzing-code/scripts/8-crash-testing/input/segment_3/12f906d4a165a0b96fb5a53b8ef84db11791e6d4.c:163:5: error: case label not within a switch statement
  163 |     case 73:
      |     ^~~~
/home/user42/directed-compiler-fuzzing-code/scripts/8-crash-testing/input/segment_3/12f906d4a165a0b96fb5a53b8ef84db11791e6d4.c:166:5: error: case label not within a switch statement
  166 |     case 74:
      |     ^~~~
/home/user42/directed-compiler-fuzzing-code/scripts/8-crash-testing/input/segment_3/12f906d4a165a0b96fb5a53b8ef84db11791e6d4.c:169:5: error: case label not within a switch statement
  169 |     case 75:
      |     ^~~~
/home/user42/directed-compiler-fuzzing-code/scripts/8-crash-testing/input/segment_3/12f906d4a165a0b96fb5a53b8ef84db11791e6d4.c:171:121: error: â€˜eturnâ€™ undeclared (first use in this function)
  171 |       return 0.35803e0 + (0.69787e-2 + (0.76710e-4 + (0.67306e-6 + (0.47397e-8 + (0.26505e-10 + 0.11376e-12 * t) * t) * eturn 0;t) * t) * t) * t;
      |                                                                                                                         ^~~~~
/home/user42/directed-compiler-fuzzing-code/scripts/8-crash-testing/input/segment_3/12f906d4a165a0b96fb5a53b8ef84db11791e6d4.c:171:126: error: expected â€˜)â€™ before numeric constant
  171 |       return 0.35803e0 + (0.69787e-2 + (0.76710e-4 + (0.67306e-6 + (0.47397e-8 + (0.26505e-10 + 0.11376e-12 * t) * t) * eturn 0;t) * t) * t) * t;
      |                                                      ~                                                                       ^~
      |                                                                                                                              )
/home/user42/directed-compiler-fuzzing-code/scripts/8-crash-testing/input/segment_3/12f906d4a165a0b96fb5a53b8ef84db11791e6d4.c:172:5: error: case label not within a switch statement
  172 |     case 76:
      |     ^~~~
/home/user42/directed-compiler-fuzzing-code/scripts/8-crash-testing/input/segment_3/12f906d4a165a0b96fb5a53b8ef84db11791e6d4.c:175:5: error: case label not within a switch statement
  175 |     case 77:
      |     ^~~~
/home/user42/directed-compiler-fuzzing-code/scripts/8-crash-testing/input/segment_3/12f906d4a165a0b96fb5a53b8ef84db11791e6d4.c:178:5: error: case label not within a switch statement
  178 |     case 78:
      |     ^~~~
/home/user42/directed-compiler-fuzzing-code/scripts/8-crash-testing/input/segment_3/12f906d4a165a0b96fb5a53b8ef84db11791e6d4.c:180:2: error: â€˜usâ€™ undeclared (first use in this function); did you mean â€˜uâ€™?
  180 |  us/pr88739.c */
      |  ^~
      |  u
/home/user42/directed-compiler-fuzzing-code/scripts/8-crash-testing/input/segment_3/12f906d4a165a0b96fb5a53b8ef84db11791e6d4.c:180:5: error: â€˜pr88739â€™ undeclared (first use in this function)
  180 |  us/pr88739.c */
      |     ^~~~~~~
/home/user42/directed-compiler-fuzzing-code/scripts/8-crash-testing/input/segment_3/12f906d4a165a0b96fb5a53b8ef84db11791e6d4.c:180:16: error: expected expression before â€˜/â€™ token
  180 |  us/pr88739.c */
      |                ^
/home/user42/directed-compiler-fuzzing-code/scripts/8-crash-testing/input/segment_3/12f906d4a165a0b96fb5a53b8ef84db11791e6d4.c:192:12: error: field â€˜fâ€™ has incomplete type
  192 |   struct A f;
      |            ^
/home/user42/directed-compiler-fuzzing-code/scripts/8-crash-testing/input/segment_3/12f906d4a165a0b96fb5a53b8ef84db11791e6d4.c:194:23: error: expected specifier-qualifier-list before â€˜fâ€™
  194 |   unsigned short h[8];f (x != v.h[7]) __builtin_abort (); break;
      |                       ^
/home/user42/directed-compiler-fuzzing-code/scripts/8-crash-testing/input/segment_3/12f906d4a165a0b96fb5a53b8ef84db11791e6d4.c:197:1: error: expected identifier or â€˜(â€™ before â€˜}â€™ token
  197 | }
      | ^
/home/user42/directed-compiler-fuzzing-code/scripts/8-crash-testing/input/segment_3/12f906d4a165a0b96fb5a53b8ef84db11791e6d4.c: In function â€˜fooâ€™:
/home/user42/directed-compiler-fuzzing-code/scripts/8-crash-testing/input/segment_3/12f906d4a165a0b96fb5a53b8ef84db11791e6d4.c:205:3: warning: implicit declaration of function â€˜barâ€™ [-Wimplicit-function-declaration]
  205 |   bar (u.f.d);
      |   ^~~
/home/user42/directed-compiler-fuzzing-code/scripts/8-crash-testing/input/segment_3/12f906d4a165a0b96fb5a53b8ef84db11791e6d4.c:209:10: error: invalid suffix "h" on floating constant
  209 |   bar (u[.7h]);
      |          ^~~
/home/user42/directed-compiler-fuzzing-code/scripts/8-crash-testing/input/segment_3/12f906d4a165a0b96fb5a53b8ef84db11791e6d4.c: In function â€˜mainâ€™:
/home/user42/directed-compiler-fuzzing-code/scripts/8-crash-testing/input/segment_3/12f906d4a165a0b96fb5a53b8ef84db11791e6d4.c:210:2: error: unknown type name â€˜anâ€™
  210 | }an
      |  ^~
/home/user42/directed-compiler-fuzzing-code/scripts/8-crash-testing/input/segment_3/12f906d4a165a0b96fb5a53b8ef84db11791e6d4.c:213:1: error: expected â€˜=â€™, â€˜,â€™, â€˜;â€™, â€˜asmâ€™ or â€˜__attribute__â€™ before â€˜inâ€™
  213 | in ()
      | ^~
/home/user42/directed-compiler-fuzzing-code/scripts/8-crash-testing/input/segment_3/12f906d4a165a0b96fb5a53b8ef84db11791e6d4.c:215:8: error: invalid suffix "x00124" on integer constant
  215 |   foo (2x00124);
      |        ^~~~~~~
/home/user42/directed-compiler-fuzzing-code/scripts/8-crash-testing/input/segment_3/12f906d4a165a0b96fb5a53b8ef84db11791e6d4.c:218:2: error: invalid preprocessing directive #els0e; did you mean #else?
  218 | #els0e
      |  ^~~~~
      |  else
/home/user42/directed-compiler-fuzzing-code/scripts/8-crash-testing/input/segment_3/12f906d4a165a0b96fb5a53b8ef84db11791e6d4.c:219:1: error: â€˜iâ€™ undeclared (first use in this function)
  219 | i     return 0.40282e0 + (0.79762e-2 + (0.89909e-4 + (0.79687e-6 + (0.55989e-8 + (0.30866e-10 + 0.12868e-12 * t) * t) * t) * t) * t) * t;
      | ^
/home/user42/directed-compiler-fuzzing-code/scripts/8-crash-testing/input/segment_3/12f906d4a165a0b96fb5a53b8ef84db11791e6d4.c:219:2: error: expected â€˜;â€™ before â€˜returnâ€™
  219 | i     return 0.40282e0 + (0.79762e-2 + (0.89909e-4 + (0.79687e-6 + (0.55989e-8 + (0.30866e-10 + 0.12868e-12 * t) * t) * t) * t) * t) * t;
      |  ^    ~~~~~~
      |  ;
/home/user42/directed-compiler-fuzzing-code/scripts/8-crash-testing/input/segment_3/12f906d4a165a0b96fb5a53b8ef84db11791e6d4.c:220:5: error: case label not within a switch statement
  220 |     case 79:
      |     ^~~~
/home/user42/directed-compiler-fuzzing-code/scripts/8-crash-testing/input/segment_3/12f906d4a165a0b96fb5a53b8ef84db11791e6d4.c:223:5: error: case label not within a switch statement
  223 |     case 80:
      |     ^~~~
/home/user42/directed-compiler-fuzzing-code/scripts/8-crash-testing/input/segment_3/12f906d4a165a0b96fb5a53b8ef84db11791e6d4.c:226:5: error: case label not within a switch statement
  226 |     case 81:
      |     ^~~~
/home/user42/directed-compiler-fuzzing-code/scripts/8-crash-testing/input/segment_3/12f906d4a165a0b96fb5a53b8ef84db11791e6d4.c:229:5: error: case label not within a switch statement
  229 |     case 82:
      |     ^~~~
/home/user42/directed-compiler-fuzzing-code/scripts/8-crash-testing/input/segment_3/12f906d4a165a0b96fb5a53b8ef84db11791e6d4.c:232:5: error: case label not within a switch statement
  232 |     case 83:
      |     ^~~~
/home/user42/directed-compiler-fuzzing-code/scripts/8-crash-testing/input/segment_3/12f906d4a165a0b96fb5a53b8ef84db11791e6d4.c:235:5: error: case label not within a switch statement
  235 |     case 84:
      |     ^~~~
/home/user42/directed-compiler-fuzzing-code/scripts/8-crash-testing/input/segment_3/12f906d4a165a0b96fb5a53b8ef84db11791e6d4.c:237:74: error: expected â€˜)â€™ before â€˜}â€™ token
  237 |       return 0.51298e0 + (0.10520e-1 + (0.12400e-3 + (0.11147e-5 + (0.775
      |                                                                    ~     ^
      |                                                                          )
  238 | }
      | ~                                                                         
/home/user42/directed-compiler-fuzzing-code/scripts/8-crash-testing/input/segment_3/12f906d4a165a0b96fb5a53b8ef84db11791e6d4.c:237:74: error: expected â€˜)â€™ before â€˜}â€™ token
  237 |       return 0.51298e0 + (0.10520e-1 + (0.12400e-3 + (0.11147e-5 + (0.775
      |                                                      ~                   ^
      |                                                                          )
  238 | }
      | ~                                                                         
/home/user42/directed-compiler-fuzzing-code/scripts/8-crash-testing/input/segment_3/12f906d4a165a0b96fb5a53b8ef84db11791e6d4.c:237:74: error: expected â€˜)â€™ before â€˜}â€™ token
  237 |       return 0.51298e0 + (0.10520e-1 + (0.12400e-3 + (0.11147e-5 + (0.775
      |                                        ~                                 ^
      |                                                                          )
  238 | }
      | ~                                                                         
/home/user42/directed-compiler-fuzzing-code/scripts/8-crash-testing/input/segment_3/12f906d4a165a0b96fb5a53b8ef84db11791e6d4.c:237:74: error: expected â€˜)â€™ before â€˜}â€™ token
  237 |       return 0.51298e0 + (0.10520e-1 + (0.12400e-3 + (0.11147e-5 + (0.775
      |                          ~                                               ^
      |                                                                          )
  238 | }
      | ~                                                                         
/home/user42/directed-compiler-fuzzing-code/scripts/8-crash-testing/input/segment_3/12f906d4a165a0b96fb5a53b8ef84db11791e6d4.c:237:74: error: expected â€˜;â€™ before â€˜}â€™ token
  237 |       return 0.51298e0 + (0.10520e-1 + (0.12400e-3 + (0.11147e-5 + (0.775
      |                                                                          ^
      |                                                                          ;
  238 | }
      | ~                                                                         
/home/user42/directed-compiler-fuzzing-code/scripts/8-crash-testing/input/segment_3/12f906d4a165a0b96fb5a53b8ef84db11791e6d4.c: In function â€˜mainâ€™:
/home/user42/directed-compiler-fuzzing-code/scripts/8-crash-testing/input/segment_3/12f906d4a165a0b96fb5a53b8ef84db11791e6d4.c:259:5: error: case label not within a switch statement
  259 |     case 91:
      |     ^~~~
/home/user42/directed-compiler-fuzzing-code/scripts/8-crash-testing/input/segment_3/12f906d4a165a0b96fb5a53b8ef84db11791e6d4.c:262:5: error: case label not within a switch statement
  262 |     case 92:
      |     ^~~~
/home/user42/directed-compiler-fuzzing-code/scripts/8-crash-testing/input/segment_3/12f906d4a165a0b96fb5a53b8ef84db11791e6d4.c:265:5: error: case label not within a switch statement
  265 |     case 93:
      |     ^~~~
/home/user42/directed-compiler-fuzzing-code/scripts/8-crash-testing/input/segment_3/12f906d4a165a0b96fb5a53b8ef84db11791e6d4.c:268:6: error: expected â€˜)â€™ before â€˜returnâ€™
  268 |     }
      |      ^
      |      )
  269 |   return 1.0;
      |   ~~~~~~
/home/user42/directed-compiler-fuzzing-code/scripts/8-crash-testing/input/segment_3/12f906d4a165a0b96fb5a53b8ef84db11791e6d4.c:269:14: error: expected â€˜)â€™ before â€˜}â€™ token
  269 |   return 1.0;
      |              ^
      |              )
  270 | }
      | ~             
/home/user42/directed-compiler-fuzzing-code/scripts/8-crash-testing/input/segment_3/12f906d4a165a0b96fb5a53b8ef84db11791e6d4.c:17:6: note: to match this â€˜(â€™
   17 |   if (sizeof (
      |      ^
/home/user42/directed-compiler-fuzzing-code/scripts/8-crash-testing/input/segment_3/12f906d4a165a0b96fb5a53b8ef84db11791e6d4.c:270:1: error: expected expression before â€˜}â€™ token
  270 | }
      | ^
/home/user42/directed-compiler-fuzzing-code/scripts/8-crash-testing/input/segment_3/12f906d4a165a0b96fb5a53b8ef84db11791e6d4.c: At top level:
/home/user42/directed-compiler-fuzzing-code/scripts/8-crash-testing/input/segment_3/12f906d4a165a0b96fb5a53b8ef84db11791e6d4.c:273:1: error: redefinition of â€˜mainâ€™
  273 | main ()
      | ^~~~
/home/user42/directed-compiler-fuzzing-code/scripts/8-crash-testing/input/segment_3/12f906d4a165a0b96fb5a53b8ef84db11791e6d4.c:15:1: note: previous definition of â€˜mainâ€™ with type â€˜int()â€™
   15 | main ()
      | ^~~~
/home/user42/directed-compiler-fuzzing-code/scripts/8-crash-testing/input/segment_3/12f906d4a165a0b96fb5a53b8ef84db11791e6d4.c: In function â€˜mainâ€™:
/home/user42/directed-compiler-fuzzing-code/scripts/8-crash-testing/input/segment_3/12f906d4a165a0b96fb5a53b8ef84db11791e6d4.c:282:14: warning: implicit declaration of function â€˜fooâ€™ [-Wimplicit-function-declaration]
  282 |   double d = foo (78.4);
      |              ^~~
/home/user42/directed-compiler-fuzzing-code/scripts/8-crash-testing/input/segment_3/12f906d4a165a0b96fb5a53b8ef84db11791e6d4.c:285:3: warning: implicit declaration of function â€˜râ€™ [-Wimplicit-function-declaration]
  285 |   r(0)}
      |   ^
/home/user42/directed-compiler-fuzzing-code/scripts/8-crash-testing/input/segment_3/12f906d4a165a0b96fb5a53b8ef84db11791e6d4.c:285:7: error: expected â€˜;â€™ before â€˜}â€™ token
  285 |   r(0)}
      |       ^
      |       ;
/home/user42/directed-compiler-fuzzing-code/scripts/8-crash-testing/input/segment_3/12f906d4a165a0b96fb5a53b8ef84db11791e6d4.c: At top level:
/home/user42/directed-compiler-fuzzing-code/scripts/8-crash-testing/input/segment_3/12f906d4a165a0b96fb5a53b8ef84db11791e6d4.c:286:1: warning: data definition has no type or storage class
  286 | a
      | ^
/home/user42/directed-compiler-fuzzing-code/scripts/8-crash-testing/input/segment_3/12f906d4a165a0b96fb5a53b8ef84db11791e6d4.c:286:1: warning: type defaults to â€˜intâ€™ in declaration of â€˜aâ€™ [-Wimplicit-int]
/home/user42/directed-compiler-fuzzing-code/scripts/8-crash-testing/input/segment_3/12f906d4a165a0b96fb5a53b8ef84db11791e6d4.c:286:1: error: conflicting types for â€˜aâ€™; have â€˜intâ€™
/home/user42/directed-compiler-fuzzing-code/scripts/8-crash-testing/input/segment_3/12f906d4a165a0b96fb5a53b8ef84db11791e6d4.c:5:5: note: previous declaration of â€˜aâ€™ with type â€˜int[6]â€™
    5 | int a[6], c = 1, d;
      |     ^
/home/user42/directed-compiler-fuzzing-code/scripts/8-crash-testing/input/segment_3/12f906d4a165a0b96fb5a53b8ef84db11791e6d4.c:287:3: error: expected identifier or â€˜(â€™ before â€˜[â€™ token
  287 | ; [0 ] = 1;
      |   ^
/home/user42/directed-compiler-fuzzing-code/scripts/8-crash-testing/input/segment_3/12f906d4a165a0b96fb5a53b8ef84db11791e6d4.c:287:5: error: stray â€˜\6â€™ in program
  287 | ; [0<U+0006><U+0000>] = 1;
      |     ^~~~~~~~
/home/user42/directed-compiler-fuzzing-code/scripts/8-crash-testing/input/segment_3/12f906d4a165a0b96fb5a53b8ef84db11791e6d4.c:287:6: warning: null character(s) ignored
  287 | ; [0<U+0006><U+0000>] = 1;
      |             ^~~~~~~~
/home/user42/directed-compiler-fuzzing-code/scripts/8-crash-testing/input/segment_3/12f906d4a165a0b96fb5a53b8ef84db11791e6d4.c:288:3: error: expected identifier or â€˜(â€™ before â€˜ifâ€™
  288 |   if (c)
      |   ^~
/home/user42/directed-compiler-fuzzing-code/scripts/8-crash-testing/input/segment_3/12f906d4a165a0b96fb5a53b8ef84db11791e6d4.c:290:3: warning: data definition has no type or storage class
  290 |   d = e;
      |   ^
/home/user42/directed-compiler-fuzzing-code/scripts/8-crash-testing/input/segment_3/12f906d4a165a0b96fb5a53b8ef84db11791e6d4.c:290:3: warning: type defaults to â€˜intâ€™ in declaration of â€˜dâ€™ [-Wimplicit-int]
/home/user42/directed-compiler-fuzzing-code/scripts/8-crash-testing/input/segment_3/12f906d4a165a0b96fb5a53b8ef84db11791e6d4.c:290:7: error: initializer element is not constant
  290 |   d = e;
      |       ^
/home/user42/directed-compiler-fuzzing-code/scripts/8-crash-testing/input/segment_3/12f906d4a165a0b96fb5a53b8ef84db11791e6d4.c:291:17: error: initializer element is not constant
  291 |   long long f = e;
      |                 ^
/home/user42/directed-compiler-fuzzing-code/scripts/8-crash-testing/input/segment_3/12f906d4a165a0b96fb5a53b8ef84db11791e6d4.c:292:3: error: expected identifier or â€˜(â€™ before â€˜ifâ€™
  292 |   if (fg f = e;
      |   ^~
/home/user42/directed-compiler-fuzzing-code/scripts/8-crash-testing/input/segment_3/12f906d4a165a0b96fb5a53b8ef84db11791e6d4.c:293:3: error: expected identifier or â€˜(â€™ before â€˜ifâ€™
  293 |   if (fn1 ((f >> 56) & 1) != 0)
      |   ^~
/home/user42/directed-compiler-fuzzing-code/scripts/8-crash-testing/input/segment_3/12f906d4a165a0b96fb5a53b8ef84db11791e6d4.c:295:9: error: expected declaration specifiers or â€˜...â€™ before numeric constant
  295 |   exit (0);
      |         ^
/home/user42/directed-compiler-fuzzing-code/scripts/8-crash-testing/input/segment_3/12f906d4a165a0b96fb5a53b8ef84db11791e6d4.c:296:1: error: expected identifier or â€˜(â€™ before â€˜}â€™ token
  296 | }
      | ^
/home/user42/directed-compiler-fuzzing-code/scripts/8-crash-testing/input/segment_3/12f906d4a165a0b96fb5a53b8ef84db11791e6d4.c:182: error: unterminated #if
  182 | #if __SIZEOF_SHORT__ == 2 &&  __SIZEOF_INT__ == 4 && __CHAR_BIT__ == 8
      | 
/home/user42/directed-compiler-fuzzing-code/scripts/8-crash-testing/input/segment_3/12f906d4a165a0b96fb5a53b8ef84db11791e6d4.c: In function â€˜fn1â€™:
/home/user42/directed-compiler-fuzzing-code/scripts/8-crash-testing/input/segment_3/12f906d4a165a0b96fb5a53b8ef84db11791e6d4.c:11:11: internal compiler error: tree check: expected array_type, have error_mark in array_ref_low_bound, at tree.cc:12479
   11 |   return a[p];
      |          ~^~~
0x7e3fd0 tree_check_failed(tree_node const*, char const*, int, char const*, ...)
	.././../gcc-source/gcc/tree.cc:8688
0x7edb6d tree_check(tree_node*, char const*, int, char const*, tree_code)
	.././../gcc-source/gcc/tree.h:3450
0x7edb6d array_ref_low_bound(tree_node*)
	.././../gcc-source/gcc/tree.cc:12479
0xc310ef gimplify_compound_lval
	.././../gcc-source/gcc/gimplify.cc:3204
0xc2a904 gimplify_expr(tree_node**, gimple**, gimple**, bool (*)(tree_node*), int)
	.././../gcc-source/gcc/gimplify.cc:15008
0xc3bae7 gimplify_modify_expr
	.././../gcc-source/gcc/gimplify.cc:6043
0xc2b126 gimplify_expr(tree_node**, gimple**, gimple**, bool (*)(tree_node*), int)
	.././../gcc-source/gcc/gimplify.cc:15056
0xc2e7f6 gimplify_stmt(tree_node**, gimple**)
	.././../gcc-source/gcc/gimplify.cc:7111
0xc38c80 gimplify_and_add(tree_node*, gimple**)
	.././../gcc-source/gcc/gimplify.cc:496
0xc38c80 gimplify_return_expr
	.././../gcc-source/gcc/gimplify.cc:1678
0xc2b519 gimplify_expr(tree_node**, gimple**, gimple**, bool (*)(tree_node*), int)
	.././../gcc-source/gcc/gimplify.cc:15318
0xc2e7f6 gimplify_stmt(tree_node**, gimple**)
	.././../gcc-source/gcc/gimplify.cc:7111
0xc2efb4 gimplify_bind_expr
	.././../gcc-source/gcc/gimplify.cc:1428
0xc2b891 gimplify_expr(tree_node**, gimple**, gimple**, bool (*)(tree_node*), int)
	.././../gcc-source/gcc/gimplify.cc:15257
0xc3d02f gimplify_stmt(tree_node**, gimple**)
	.././../gcc-source/gcc/gimplify.cc:7111
0xc3d02f gimplify_body(tree_node*, bool)
	.././../gcc-source/gcc/gimplify.cc:16313
0xc3d47d gimplify_function_tree(tree_node*)
	.././../gcc-source/gcc/gimplify.cc:16467
0xa691f7 cgraph_node::analyze()
	.././../gcc-source/gcc/cgraphunit.cc:675
0xa6be47 analyze_functions
	.././../gcc-source/gcc/cgraphunit.cc:1240
0xa6cacd symbol_table::finalize_compilation_unit()
	.././../gcc-source/gcc/cgraphunit.cc:2500
Please submit a full bug report, with preprocessed source (by using -freport-bug).
Please include the complete backtrace with any bug report.
See <https://gcc.gnu.org/bugs/> for instructions.
