/home/user42/directed-compiler-fuzzing-code/scripts/8-crash-testing/input/segment_17/3a23c9bcb06666e020bc911086c456e2c8ced5a2.c:2:3: error: stray â€˜\26â€™ in program
    2 | ex<U+0016>ern void abort (void);
      |   ^~~~~~~~
/home/user42/directed-compiler-fuzzing-code/scripts/8-crash-testing/input/segment_17/3a23c9bcb06666e020bc911086c456e2c8ced5a2.c:2:1: error: unknown type name â€˜exâ€™
    2 | exern void abort (void);
      | ^~
/home/user42/directed-compiler-fuzzing-code/scripts/8-crash-testing/input/segment_17/3a23c9bcb06666e020bc911086c456e2c8ced5a2.c:2:7: error: expected â€˜;â€™ before â€˜voidâ€™
    2 | exern void abort (void);
      |       ^~~~~
      |       ;
/home/user42/directed-compiler-fuzzing-code/scripts/8-crash-testing/input/segment_17/3a23c9bcb06666e020bc911086c456e2c8ced5a2.c:8:4: error: stray â€˜\27â€™ in program
    8 | int<U+0017>__attribute__ ((noinline))
      |    ^~~~~~~~
/home/user42/directed-compiler-fuzzing-code/scripts/8-crash-testing/input/segment_17/3a23c9bcb06666e020bc911086c456e2c8ced5a2.c: In function â€˜mainâ€™:
/home/user42/directed-compiler-fuzzing-code/scripts/8-crash-testing/input/segment_17/3a23c9bcb06666e020bc911086c456e2c8ced5a2.c:18:57: error: â€˜tâ€™ undeclared (first use in this function)
   18 |  {    exit + (0.10278e-9 + (0.47965e-12 + 0.21285e-14 * t) * t) * t) * t) * t) * tdddddddddddddddddddddddddddddddddddddddddddddddddddddddddddddddddddddddddddddddddddddddddddddddddddddddd;
      |                                                         ^
/home/user42/directed-compiler-fuzzing-code/scripts/8-crash-testing/input/segment_17/3a23c9bcb06666e020bc911086c456e2c8ced5a2.c:18:57: note: each undeclared identifier is reported only once for each function it appears in
/home/user42/directed-compiler-fuzzing-code/scripts/8-crash-testing/input/segment_17/3a23c9bcb06666e020bc911086c456e2c8ced5a2.c:18:68: error: expected â€˜;â€™ before â€˜)â€™ token
   18 |  {    exit + (0.10278e-9 + (0.47965e-12 + 0.21285e-14 * t) * t) * t) * t) * t) * tdddddddddddddddddddddddddddddddddddddddddddddddddddddddddddddddddddddddddddddddddddddddddddddddddddddddd;
      |                                                                    ^
      |                                                                    ;
/home/user42/directed-compiler-fuzzing-code/scripts/8-crash-testing/input/segment_17/3a23c9bcb06666e020bc911086c456e2c8ced5a2.c:18:68: error: expected statement before â€˜)â€™ token
/home/user42/directed-compiler-fuzzing-code/scripts/8-crash-testing/input/segment_17/3a23c9bcb06666e020bc911086c456e2c8ced5a2.c:18:73: error: expected â€˜;â€™ before â€˜)â€™ token
   18 |  {    exit + (0.10278e-9 + (0.47965e-12 + 0.21285e-14 * t) * t) * t) * t) * t) * tdddddddddddddddddddddddddddddddddddddddddddddddddddddddddddddddddddddddddddddddddddddddddddddddddddddddd;
      |                                                                         ^
      |                                                                         ;
/home/user42/directed-compiler-fuzzing-code/scripts/8-crash-testing/input/segment_17/3a23c9bcb06666e020bc911086c456e2c8ced5a2.c:18:73: error: expected statement before â€˜)â€™ token
/home/user42/directed-compiler-fuzzing-code/scripts/8-crash-testing/input/segment_17/3a23c9bcb06666e020bc911086c456e2c8ced5a2.c:18:78: error: expected â€˜;â€™ before â€˜)â€™ token
   18 |  {    exit + (0.10278e-9 + (0.47965e-12 + 0.21285e-14 * t) * t) * t) * t) * t) * tdddddddddddddddddddddddddddddddddddddddddddddddddddddddddddddddddddddddddddddddddddddddddddddddddddddddd;
      |                                                                              ^
      |                                                                              ;
/home/user42/directed-compiler-fuzzing-code/scripts/8-crash-testing/input/segment_17/3a23c9bcb06666e020bc911086c456e2c8ced5a2.c:18:78: error: expected statement before â€˜)â€™ token
/home/user42/directed-compiler-fuzzing-code/scripts/8-crash-testing/input/segment_17/3a23c9bcb06666e020bc911086c456e2c8ced5a2.c:18:82: error: â€˜tddddddddddddddddddddddddddddddddddddddddddddddddddddddddddddddddddddddddddddddddddddddddddddddddddddddddâ€™ undeclared (first use in this function)
   18 |  {    exit + (0.10278e-9 + (0.47965e-12 + 0.21285e-14 * t) * t) * t) * t) * t) * tdddddddddddddddddddddddddddddddddddddddddddddddddddddddddddddddddddddddddddddddddddddddddddddddddddddddd;
      |                                                                                  ^~~~~~~~~~~~~~~~~~~~~~~~~~~~~~~~~~~~~~~~~~~~~~~~~~~~~~~~~~~~~~~~~~~~~~~~~~~~~~~~~~~~~~~~~~~~~~~~~~~~~~~~~
/home/user42/directed-compiler-fuzzing-code/scripts/8-crash-testing/input/segment_17/3a23c9bcb06666e020bc911086c456e2c8ced5a2.c:19:5: error: case label not within a switch statement
   19 |     case 6:
      |     ^~~~
/home/user42/directed-compiler-fuzzing-code/scripts/8-crash-testing/input/segment_17/3a23c9bcb06666e020bc911086c456e2c8ced5a2.c:20:15: error: â€˜xâ€™ undeclared (first use in this function)
   20 |       t = 2 * x - 12;
      |               ^
/home/user42/directed-compiler-fuzzing-code/scripts/8-crash-testing/input/segment_17/3a23c9bcb06666e020bc911086c456e2c8ced5a2.c:21:7: error: â€˜retSIZEOF_INT__â€™ undeclared (first use in this function)
   21 |       retSIZEOF_INT__ != 32 || sizeof (u.r) != sizeof (u.f))
      |       ^~~~~~~~~~~~~~~
/home/user42/directed-compiler-fuzzing-code/scripts/8-crash-testing/input/segment_17/3a23c9bcb06666e020bc911086c456e2c8ced5a2.c:21:40: error: â€˜uâ€™ undeclared (first use in this function)
   21 |       retSIZEOF_INT__ != 32 || sizeof (u.r) != sizeof (u.f))
      |                                        ^
/home/user42/directed-compiler-fuzzing-code/scripts/8-crash-testing/input/segment_17/3a23c9bcb06666e020bc911086c456e2c8ced5a2.c:21:60: error: expected â€˜;â€™ before â€˜)â€™ token
   21 |       retSIZEOF_INT__ != 32 || sizeof (u.r) != sizeof (u.f))
      |                                                            ^
      |                                                            ;
/home/user42/directed-compiler-fuzzing-code/scripts/8-crash-testing/input/segment_17/3a23c9bcb06666e020bc911086c456e2c8ced5a2.c:21:60: error: expected statement before â€˜)â€™ token
/home/user42/directed-compiler-fuzzing-code/scripts/8-crash-testing/input/segment_17/3a23c9bcb06666e020bc911086c456e2c8ced5a2.c:23:9: warning: implicit declaration of function â€˜fooâ€™ [-Wimplicit-function-declaration]
   23 |   u.r = foo (0x72);
      |         ^~~
/home/user42/directed-compiler-fuzzing-code/scripts/8-crash-testing/input/segment_17/3a23c9bcb06666e020bc911086c456e2c8ced5a2.c:26:3: error: â€˜râ€™ undeclared (first use in this function)
   26 |   r
      |   ^
/home/user42/directed-compiler-fuzzing-code/scripts/8-crash-testing/input/segment_17/3a23c9bcb06666e020bc911086c456e2c8ced5a2.c:26:4: error: expected â€˜;â€™ before â€˜returnâ€™
   26 |   r
      |    ^
      |    ;
   27 |       return 0.20136e-1 + (0.91936e-3 + (0.51ÿ34e-5 + (0.27900e-7 + (0.14357e-9 + (0.70114e-12 + 0.32252e-14 * t) * t) * t) * t) * t) * t;
      |       ~~~~~~
/home/user42/directed-compiler-fuzzing-code/scripts/8-crash-testing/input/segment_17/3a23c9bcb06666e020bc911086c456e2c8ced5a2.c:27:46: error: stray â€˜\377â€™ in program
   27 |       return 0.20136e-1 + (0.91936e-3 + (0.51<ff>34e-5 + (0.27900e-7 + (0.14357e-9 + (0.70114e-12 + 0.32252e-14 * t) * t) * t) * t) * t) * t;
      |                                              ^~~~
/home/user42/directed-compiler-fuzzing-code/scripts/8-crash-testing/input/segment_17/3a23c9bcb06666e020bc911086c456e2c8ced5a2.c:28:5: error: case label not within a switch statement
   28 |     case 13:
      |     ^~~~
/home/user42/directed-compiler-fuzzing-code/scripts/8-crash-testing/input/segment_17/3a23c9bcb06666e020bc911086c456e2c8ced5a2.c:31:5: error: case label not within a switch statement
   31 |     case 14:
      |     ^~~~
/home/user42/directed-compiler-fuzzing-code/scripts/8-crash-testing/input/segment_17/3a23c9bcb06666e020bc911086c456e2c8ced5a2.c:34:5: error: case label not within a switch statement
   34 |     case 15:
      |     ^~~~
/home/user42/directed-compiler-fuzzing-code/scripts/8-crash-testing/input/segment_17/3a23c9bcb06666e020bc911086c456e2c8ced5a2.c:36:4: error: expected expression before â€˜|â€™ token
   36 |    |   return 0.25845e-1 + (0.98459e-3 + (0.57082e-5 + (0.31613e-7 + (0.16646e-9 + (0.82840e-12 + 0.38649e-14 * t) * t) * t) * t) * t) * t;
      |    ^
/home/user42/directed-compiler-fuzzing-code/scripts/8-crash-testing/input/segment_17/3a23c9bcb06666e020bc911086c456e2c8ced5a2.c:37:5: error: case label not within a switch statement
   37 |     case 16:
      |     ^~~~
/home/user42/directed-compiler-fuzzing-code/scripts/8-crash-testing/input/segment_17/3a23c9bcb06666e020bc911086c456e2c8ced5a2.c:40:5: error: case label not within a switch statement
   40 |     case 17:
      |     ^~~~
/home/user42/directed-compiler-fuzzing-code/scripts/8-crash-testing/input/segment_17/3a23c9bcb06666e020bc911086c456e2c8ced5a2.c:42:133: error: expected expression before â€˜caseâ€™
   42 |       return 0.29877e-1 + (0.10318e-2 + (0.61041e-5 + (0.34414e-7 + (0.18399e-9 + (0.92703e-12 + 0.43639e-14 * t) * t) * t) * t) *  case 88:
      |                                                                                                                                     ^~~~
/home/user42/directed-compiler-fuzzing-code/scripts/8-crash-testing/input/segment_17/3a23c9bcb06666e020bc911086c456e2c8ced5a2.c:60:138: error: expected â€˜;â€™ before â€˜}â€™ token
   60 |       return 0.74993e0 + (0.16272e-1 + (0.20195e-3 + (0.18269e-5 + (0.12335e-7 + (0.61523e-10 + 0.21395e-12 * t) * t) * t) * t) * t) * t;
      |                                                                                                                                          ^
      |                                                                                                                                          ;
   61 |     }
      |     ~                                                                                                                                     
/home/user42/directed-compiler-fuzzing-code/scripts/8-crash-testing/input/segment_17/3a23c9bcb06666e020bc911086c456e2c8ced5a2.c:61:6: error: expected â€˜)â€™ before â€˜returnâ€™
   61 |     }
      |      ^
      |      )
   62 |   return 1.0;
      |   ~~~~~~
/home/user42/directed-compiler-fuzzing-code/scripts/8-crash-testing/input/segment_17/3a23c9bcb06666e020bc911086c456e2c8ced5a2.c:62:14: error: expected â€˜)â€™ before â€˜}â€™ token
   62 |   return 1.0;
      |              ^
      |              )
   63 | }
      | ~             
/home/user42/directed-compiler-fuzzing-code/scripts/8-crash-testing/input/segment_17/3a23c9bcb06666e020bc911086c456e2c8ced5a2.c:17:6: note: to match this â€˜(â€™
   17 |   if (sizeof (
      |      ^
/home/user42/directed-compiler-fuzzing-code/scripts/8-crash-testing/input/segment_17/3a23c9bcb06666e020bc911086c456e2c8ced5a2.c:63:1: error: expected expression before â€˜}â€™ token
   63 | }
      | ^
/home/user42/directed-compiler-fuzzing-code/scripts/8-crash-testing/input/segment_17/3a23c9bcb06666e020bc911086c456e2c8ced5a2.c: At top level:
/home/user42/directed-compiler-fuzzing-code/scripts/8-crash-testing/input/segment_17/3a23c9bcb06666e020bc911086c456e2c8ced5a2.c:66:1: error: redefinition of â€˜mainâ€™
   66 | main ()
      | ^~~~
/home/user42/directed-compiler-fuzzing-code/scripts/8-crash-testing/input/segment_17/3a23c9bcb06666e020bc911086c456e2c8ced5a2.c:15:1: note: previous definition of â€˜mainâ€™ with type â€˜int()â€™
   15 | main ()
      | ^~~~
/home/user42/directed-compiler-fuzzing-code/scripts/8-crash-testing/input/segment_17/3a23c9bcb06666e020bc911086c456e2c8ced5a2.c: In function â€˜mainâ€™:
/home/user42/directed-compiler-fuzzing-code/scripts/8-crash-testing/input/segment_17/3a23c9bcb06666e020bc911086c456e2c8ced5a2.c:78:3: warning: implicit declaration of function â€˜râ€™ [-Wimplicit-function-declaration]
   78 |   r(0)}
      |   ^
/home/user42/directed-compiler-fuzzing-code/scripts/8-crash-testing/input/segment_17/3a23c9bcb06666e020bc911086c456e2c8ced5a2.c:78:7: error: expected â€˜;â€™ before â€˜}â€™ token
   78 |   r(0)}
      |       ^
      |       ;
/home/user42/directed-compiler-fuzzing-code/scripts/8-crash-testing/input/segment_17/3a23c9bcb06666e020bc911086c456e2c8ced5a2.c: At top level:
/home/user42/directed-compiler-fuzzing-code/scripts/8-crash-testing/input/segment_17/3a23c9bcb06666e020bc911086c456e2c8ced5a2.c:79:1: warning: data definition has no type or storage class
   79 | a
      | ^
/home/user42/directed-compiler-fuzzing-code/scripts/8-crash-testing/input/segment_17/3a23c9bcb06666e020bc911086c456e2c8ced5a2.c:79:1: warning: type defaults to â€˜intâ€™ in declaration of â€˜aâ€™ [-Wimplicit-int]
/home/user42/directed-compiler-fuzzing-code/scripts/8-crash-testing/input/segment_17/3a23c9bcb06666e020bc911086c456e2c8ced5a2.c:79:1: error: conflicting types for â€˜aâ€™; have â€˜intâ€™
/home/user42/directed-compiler-fuzzing-code/scripts/8-crash-testing/input/segment_17/3a23c9bcb06666e020bc911086c456e2c8ced5a2.c:5:5: note: previous declaration of â€˜aâ€™ with type â€˜int[6]â€™
    5 | int a[6], c = 1, d;
      |     ^
/home/user42/directed-compiler-fuzzing-code/scripts/8-crash-testing/input/segment_17/3a23c9bcb06666e020bc911086c456e2c8ced5a2.c:80:3: error: expected identifier or â€˜(â€™ before â€˜[â€™ token
   80 | ; [0 ] = 1;
      |   ^
/home/user42/directed-compiler-fuzzing-code/scripts/8-crash-testing/input/segment_17/3a23c9bcb06666e020bc911086c456e2c8ced5a2.c:80:5: error: stray â€˜\6â€™ in program
   80 | ; [0<U+0006><U+0000>] = 1;
      |     ^~~~~~~~
/home/user42/directed-compiler-fuzzing-code/scripts/8-crash-testing/input/segment_17/3a23c9bcb06666e020bc911086c456e2c8ced5a2.c:80:6: warning: null character(s) ignored
   80 | ; [0<U+0006><U+0000>] = 1;
      |             ^~~~~~~~
/home/user42/directed-compiler-fuzzing-code/scripts/8-crash-testing/input/segment_17/3a23c9bcb06666e020bc911086c456e2c8ced5a2.c:81:3: error: expected identifier or â€˜(â€™ before â€˜ifâ€™
   81 |   if (c)
      |   ^~
/home/user42/directed-compiler-fuzzing-code/scripts/8-crash-testing/input/segment_17/3a23c9bcb06666e020bc911086c456e2c8ced5a2.c:82:9: error: expected identifier or â€˜(â€™ before â€˜=â€™ token
   82 |     e--;= 2 * x - 35;
      |         ^
/home/user42/directed-compiler-fuzzing-code/scripts/8-crash-testing/input/segment_17/3a23c9bcb06666e020bc911086c456e2c8ced5a2.c:83:7: error: expected identifier or â€˜(â€™ before â€˜returnâ€™
   83 |       return 0.29877e-1 + (0.10318e-2 + (0.61041e-5 + (0.34414e-7 + (0.18399e-9 + (0.92703e-12 + 0.43639e-14 * t) * t) * t) * t) *  case 88:
      |       ^~~~~~
/home/user42/directed-compiler-fuzzing-code/scripts/8-crash-testing/input/segment_17/3a23c9bcb06666e020bc911086c456e2c8ced5a2.c:85:7: error: expected identifier or â€˜(â€™ before â€˜returnâ€™
   85 |       return 0.60569e0 + (0.12735e-1 + (0.15396e-3 + (0.13909e-5 + (0.95651e-8 + (0.49574e-10 + 0.18435e-12 * t) * t) * t) * t) * t) * t;
      |       ^~~~~~
/home/user42/directed-compiler-fuzzing-code/scripts/8-crash-testing/input/segment_17/3a23c9bcb06666e020bc911086c456e2c8ced5a2.c:86:5: error: expected identifier or â€˜(â€™ before â€˜caseâ€™
   86 |     case 89:
      |     ^~~~
/home/user42/directed-compiler-fuzzing-code/scripts/8-crash-testing/input/segment_17/3a23c9bcb06666e020bc911086c456e2c8ced5a2.c:88:7: error: expected identifier or â€˜(â€™ before â€˜returnâ€™
   88 |       return 0.63178e0 + (0.13368e-1 + (0.16254e-3 + (0.14695e-5 + (0.10072e-7 + (0.51822e-10 + 0.19025e-12 * t) * t) * t) * t) * t) * t;
      |       ^~~~~~
/home/user42/directed-compiler-fuzzing-code/scripts/8-crash-testing/input/segment_17/3a23c9bcb06666e020bc911086c456e2c8ced5a2.c:89:5: error: expected identifier or â€˜(â€™ before â€˜caseâ€™
   89 |     case 90:
      |     ^~~~
/home/user42/directed-compiler-fuzzing-code/scripts/8-crash-testing/input/segment_17/3a23c9bcb06666e020bc911086c456e2c8ced5a2.c:91:7: error: expected identifier or â€˜(â€™ before â€˜returnâ€™
   91 |       return 0.6 */
      |       ^~~~~~
/home/user42/directed-compiler-fuzzing-code/scripts/8-crash-testing/input/segment_17/3a23c9bcb06666e020bc911086c456e2c8ced5a2.c:93:5: error: expected identifier or â€˜(â€™ before â€˜caseâ€™
   93 |     case 91:
      |     ^~~~
/home/user42/directed-compiler-fuzzing-code/scripts/8-crash-testing/input/segment_17/3a23c9bcb06666e020bc911086c456e2c8ced5a2.c:95:7: error: expected identifier or â€˜(â€™ before â€˜returnâ€™
   95 |       return 0.68795e0 + (0.14741e-1 + (0.18117e-3 + (0.16392e-5 + (0.11155e-7 + (0.56530e-10 + 0.20209e-12 * t) * t) * t) * t) * t) * t;
      |       ^~~~~~
/home/user42/directed-compiler-fuzzing-code/scripts/8-crash-testing/input/segment_17/3a23c9bcb06666e020bc911086c456e2c8ced5a2.c:96:5: error: expected identifier or â€˜(â€™ before â€˜caseâ€™
   96 |     case 92:
      |     ^~~~
/home/user42/directed-compiler-fuzzing-code/scripts/8-crash-testing/input/segment_17/3a23c9bcb06666e020bc911086c456e2c8ced5a2.c:98:7: error: expected identifier or â€˜(â€™ before â€˜returnâ€™
   98 |       return 0.71818e0 + (0.15486e-1 + (0.19128e-3 + (0.17307e-5 + (0.11732e-7 + (0.58991e-10 + 0.20803e-12 * t) * t) * t) * t) * t) * t;
      |       ^~~~~~
/home/user42/directed-compiler-fuzzing-code/scripts/8-crash-testing/input/segment_17/3a23c9bcb06666e020bc911086c456e2c8ced5a2.c:99:5: error: expected identifier or â€˜(â€™ before â€˜caseâ€™
   99 |     case 93:
      |     ^~~~
/home/user42/directed-compiler-fuzzing-code/scripts/8-crash-testing/input/segment_17/3a23c9bcb06666e020bc911086c456e2c8ced5a2.c:101:7: error: expected identifier or â€˜(â€™ before â€˜returnâ€™
  101 |       return 0.74993e0 + (0.16272e-1 + (0.20195e-3 + (0.18269e-5 + (0.12335e-7 + (0.61523e-10 + 0.21395e-12 * t) * t) * t) * t) * t) * t;
      |       ^~~~~~
/home/user42/directed-compiler-fuzzing-code/scripts/8-crash-testing/input/segment_17/3a23c9bcb06666e020bc911086c456e2c8ced5a2.c:102:5: error: expected identifier or â€˜(â€™ before â€˜}â€™ token
  102 |     }
      |     ^
/home/user42/directed-compiler-fuzzing-code/scripts/8-crash-testing/input/segment_17/3a23c9bcb06666e020bc911086c456e2c8ced5a2.c:103:3: error: expected identifier or â€˜(â€™ before â€˜returnâ€™
  103 |   return 1.0;
      |   ^~~~~~
/home/user42/directed-compiler-fuzzing-code/scripts/8-crash-testing/input/segment_17/3a23c9bcb06666e020bc911086c456e2c8ced5a2.c:104:1: error: expected identifier or â€˜(â€™ before â€˜}â€™ token
  104 | }
      | ^
/home/user42/directed-compiler-fuzzing-code/scripts/8-crash-testing/input/segment_17/3a23c9bcb06666e020bc911086c456e2c8ced5a2.c:107:1: error: redefinition of â€˜mainâ€™
  107 | main ()
      | ^~~~
/home/user42/directed-compiler-fuzzing-code/scripts/8-crash-testing/input/segment_17/3a23c9bcb06666e020bc911086c456e2c8ced5a2.c:15:1: note: previous definition of â€˜mainâ€™ with type â€˜int()â€™
   15 | main ()
      | ^~~~
/home/user42/directed-compiler-fuzzing-code/scripts/8-crash-testing/input/segment_17/3a23c9bcb06666e020bc911086c456e2c8ced5a2.c: In function â€˜mainâ€™:
/home/user42/directed-compiler-fuzzing-code/scripts/8-crash-testing/input/segment_17/3a23c9bcb06666e020bc911086c456e2c8ced5a2.c:119:7: error: expected â€˜;â€™ before â€˜}â€™ token
  119 |   r(0)}
      |       ^
      |       ;
/home/user42/directed-compiler-fuzzing-code/scripts/8-crash-testing/input/segment_17/3a23c9bcb06666e020bc911086c456e2c8ced5a2.c: At top level:
/home/user42/directed-compiler-fuzzing-code/scripts/8-crash-testing/input/segment_17/3a23c9bcb06666e020bc911086c456e2c8ced5a2.c:120:1: warning: data definition has no type or storage class
  120 | a
      | ^
/home/user42/directed-compiler-fuzzing-code/scripts/8-crash-testing/input/segment_17/3a23c9bcb06666e020bc911086c456e2c8ced5a2.c:120:1: warning: type defaults to â€˜intâ€™ in declaration of â€˜aâ€™ [-Wimplicit-int]
/home/user42/directed-compiler-fuzzing-code/scripts/8-crash-testing/input/segment_17/3a23c9bcb06666e020bc911086c456e2c8ced5a2.c:121:3: error: expected identifier or â€˜(â€™ before â€˜[â€™ token
  121 | ; [0 ] = 1;
      |   ^
/home/user42/directed-compiler-fuzzing-code/scripts/8-crash-testing/input/segment_17/3a23c9bcb06666e020bc911086c456e2c8ced5a2.c:121:5: error: stray â€˜\6â€™ in program
  121 | ; [0<U+0006><U+0000>] = 1;
      |     ^~~~~~~~
/home/user42/directed-compiler-fuzzing-code/scripts/8-crash-testing/input/segment_17/3a23c9bcb06666e020bc911086c456e2c8ced5a2.c:121:6: warning: null character(s) ignored
  121 | ; [0<U+0006><U+0000>] = 1;
      |             ^~~~~~~~
/home/user42/directed-compiler-fuzzing-code/scripts/8-crash-testing/input/segment_17/3a23c9bcb06666e020bc911086c456e2c8ced5a2.c:122:3: error: expected identifier or â€˜(â€™ before â€˜ifâ€™
  122 |   if (c)
      |   ^~
/home/user42/directed-compiler-fuzzing-code/scripts/8-crash-testing/input/segment_17/3a23c9bcb06666e020bc911086c456e2c8ced5a2.c:124:3: warning: data definition has no type or storage class
  124 |   d = e;
      |   ^
/home/user42/directed-compiler-fuzzing-code/scripts/8-crash-testing/input/segment_17/3a23c9bcb06666e020bc911086c456e2c8ced5a2.c:124:3: warning: type defaults to â€˜intâ€™ in declaration of â€˜dâ€™ [-Wimplicit-int]
/home/user42/directed-compiler-fuzzing-code/scripts/8-crash-testing/input/segment_17/3a23c9bcb06666e020bc911086c456e2c8ced5a2.c:124:7: error: initializer element is not constant
  124 |   d = e;
      |       ^
/home/user42/directed-compiler-fuzzing-code/scripts/8-crash-testing/input/segment_17/3a23c9bcb06666e020bc911086c456e2c8ced5a2.c:125:17: error: initializer element is not constant
  125 |   long long f = e;
      |                 ^
/home/user42/directed-compiler-fuzzing-code/scripts/8-crash-testing/input/segment_17/3a23c9bcb06666e020bc911086c456e2c8ced5a2.c:126:3: error: expected identifier or â€˜(â€™ before â€˜ifâ€™
  126 |   if (fg f = e;
      |   ^~
/home/user42/directed-compiler-fuzzing-code/scripts/8-crash-testing/input/segment_17/3a23c9bcb06666e020bc911086c456e2c8ced5a2.c:127:3: error: expected identifier or â€˜(â€™ before â€˜ifâ€™
  127 |   if (fn1 ((f >> 56) & 1) != 0)
      |   ^~
/home/user42/directed-compiler-fuzzing-code/scripts/8-crash-testing/input/segment_17/3a23c9bcb06666e020bc911086c456e2c8ced5a2.c:129:9: error: expected declaration specifiers or â€˜...â€™ before numeric constant
  129 |   exit (0);
      |         ^
/home/user42/directed-compiler-fuzzing-code/scripts/8-crash-testing/input/segment_17/3a23c9bcb06666e020bc911086c456e2c8ced5a2.c:130:1: error: expected identifier or â€˜(â€™ before â€˜}â€™ token
  130 | }
      | ^
/home/user42/directed-compiler-fuzzing-code/scripts/8-crash-testing/input/segment_17/3a23c9bcb06666e020bc911086c456e2c8ced5a2.c: In function â€˜fn1â€™:
/home/user42/directed-compiler-fuzzing-code/scripts/8-crash-testing/input/segment_17/3a23c9bcb06666e020bc911086c456e2c8ced5a2.c:11:11: internal compiler error: tree check: expected array_type, have error_mark in array_ref_low_bound, at tree.cc:12479
   11 |   return a[p];
      |          ~^~~
0x7e3fd0 tree_check_failed(tree_node const*, char const*, int, char const*, ...)
	.././../gcc-source/gcc/tree.cc:8688
0x7edb6d tree_check(tree_node*, char const*, int, char const*, tree_code)
	.././../gcc-source/gcc/tree.h:3450
0x7edb6d array_ref_low_bound(tree_node*)
	.././../gcc-source/gcc/tree.cc:12479
0xc310ef gimplify_compound_lval
	.././../gcc-source/gcc/gimplify.cc:3204
0xc2a904 gimplify_expr(tree_node**, gimple**, gimple**, bool (*)(tree_node*), int)
	.././../gcc-source/gcc/gimplify.cc:15008
0xc3bae7 gimplify_modify_expr
	.././../gcc-source/gcc/gimplify.cc:6043
0xc2b126 gimplify_expr(tree_node**, gimple**, gimple**, bool (*)(tree_node*), int)
	.././../gcc-source/gcc/gimplify.cc:15056
0xc2e7f6 gimplify_stmt(tree_node**, gimple**)
	.././../gcc-source/gcc/gimplify.cc:7111
0xc38c80 gimplify_and_add(tree_node*, gimple**)
	.././../gcc-source/gcc/gimplify.cc:496
0xc38c80 gimplify_return_expr
	.././../gcc-source/gcc/gimplify.cc:1678
0xc2b519 gimplify_expr(tree_node**, gimple**, gimple**, bool (*)(tree_node*), int)
	.././../gcc-source/gcc/gimplify.cc:15318
0xc2e7f6 gimplify_stmt(tree_node**, gimple**)
	.././../gcc-source/gcc/gimplify.cc:7111
0xc2efb4 gimplify_bind_expr
	.././../gcc-source/gcc/gimplify.cc:1428
0xc2b891 gimplify_expr(tree_node**, gimple**, gimple**, bool (*)(tree_node*), int)
	.././../gcc-source/gcc/gimplify.cc:15257
0xc3d02f gimplify_stmt(tree_node**, gimple**)
	.././../gcc-source/gcc/gimplify.cc:7111
0xc3d02f gimplify_body(tree_node*, bool)
	.././../gcc-source/gcc/gimplify.cc:16313
0xc3d47d gimplify_function_tree(tree_node*)
	.././../gcc-source/gcc/gimplify.cc:16467
0xa691f7 cgraph_node::analyze()
	.././../gcc-source/gcc/cgraphunit.cc:675
0xa6be47 analyze_functions
	.././../gcc-source/gcc/cgraphunit.cc:1240
0xa6cacd symbol_table::finalize_compilation_unit()
	.././../gcc-source/gcc/cgraphunit.cc:2500
Please submit a full bug report, with preprocessed source (by using -freport-bug).
Please include the complete backtrace with any bug report.
See <https://gcc.gnu.org/bugs/> for instructions.
