/home/user42/directed-compiler-fuzzing-code/scripts/8-crash-testing/input/segment_15/3df7e64898f794e6da92ad3d4208bb86c868f4f0.c: In function ‘x’:
/home/user42/directed-compiler-fuzzing-code/scripts/8-crash-testing/input/segment_15/3df7e64898f794e6da92ad3d4208bb86c868f4f0.c:14:3: error: expected ‘;’ before ‘void’
   14 |  x void
      |   ^~~~~
      |   ;
/home/user42/directed-compiler-fuzzing-code/scripts/8-crash-testing/input/segment_15/3df7e64898f794e6da92ad3d4208bb86c868f4f0.c:51:61: warning: null character(s) ignored
   51 |     2, 4, 2, 3, 5, 1, 3, 5, 1, 3, 5, 5, 2, 4, 1, 2, 4, 2, 3,<U+0000><U+0000><U+0000><U+0000><U+0000><U+0000><U+0000><U+0000><U+0000><U+0000><U+0000><U+0000><U+0000><U+0000><U+0000><U+0000><U+0000><U+0000><U+0000><U+0000><U+0000><U+0000><U+0000><U+0000><U+0000><U+0000><U+0000><U+0000><U+0000><U+0000><U+0000><U+0000><U+0000><U+0000><U+0000><U+0000><U+0000><U+0000><U+0000><U+0000><U+0000><U+0000><U+0000><U+0000><U+0000><U+0000><U+0000><U+0000><U+0000><U+0000><U+0000><U+0000><U+0000><U+0000><U+0000><U+0000><U+0000><U+0000><U+0000><U+0000><U+0000><U+0000><U+0000><U+0000><U+0000><U+0000><U+0000><U+0000><U+0000><U+0000><U+0000><U+0000><U+0000><U+0000><U+0000><U+0000><U+0000><U+0000><U+0000><U+0000><U+0000><U+0000><U+0000><U+0000><U+0000><U+0000><U+0000><U+0000><U+0000><U+0000><U+0000><U+0000><U+0000><U+0000><U+0000><U+0000><U+0000><U+0000><U+0000><U+0000><U+0000><U+0000><U+0000><U+0000><U+0000><U+0000><U+0000><U+0000><U+0000><U+0000><U+0000><U+0000><U+0000><U+0000><U+0000><U+0000><U+0000><U+0000> 5,
      |                                                             ^~~~~~~~
/home/user42/directed-compiler-fuzzing-code/scripts/8-crash-testing/input/segment_15/3df7e64898f794e6da92ad3d4208bb86c868f4f0.c:60:61: warning: null character(s) ignored
   60 |     2, 4, 2, 3, 5, 1, 3, 5, 1, 3, 5, 5, 2, 4, 1, 2, 4, 2, 3,<U+0000><U+0000><U+0000><U+0000><U+0000><U+0000><U+0000><U+0000><U+0000><U+0000><U+0000><U+0000><U+0000><U+0000><U+0000><U+0000><U+0000><U+0000><U+0000><U+0000><U+0000><U+0000><U+0000><U+0000><U+0000><U+0000><U+0000><U+0000><U+0000>   baz ("case 'I'\n");
      |                                                             ^~~~~~~~
/home/user42/directed-compiler-fuzzing-code/scripts/8-crash-testing/input/segment_15/3df7e64898f794e6da92ad3d4208bb86c868f4f0.c:74:61: warning: null character(s) ignored
   74 |     2, 4, 2, 3, 5, 1, 3, 5, 1, 3, 5, 5, 2, 4, 1, 2, 4, 2, 3,<U+0000><U+0000><U+0000><U+0000><U+0000><U+0000><U+0000><U+0000><U+0000><U+0000><U+0000><U+0000><U+0000><U+0000><U+0000><U+0000><U+0000><U+0000><U+0000><U+0000><U+0000><U+0000><U+0000><U+0000><U+0000><U+0000><U+0000><U+0000><U+0000><U+0000><U+0000><U+0000><U+0000><U+0000><U+0000><U+0000><U+0000><U+0000><U+0000><U+0000><U+0000><U+0000><U+0000><U+0000><U+0000><U+0000><U+0000><U+0000><U+0000><U+0000><U+0000><U+0000><U+0000><U+0000><U+0000><U+0000><U+0000><U+0000><U+0000><U+0000><U+0000><U+0000><U+0000><U+0000><U+0000><U+0000><U+0000><U+0000><U+0000><U+0000><U+0000><U+0000><U+0000><U+0000><U+0000><U+0000><U+0000><U+0000><U+0000><U+0000><U+0000><U+0000><U+0000><U+0000><U+0000><U+0000><U+0000><U+0000><U+0000><U+0000><U+0000><U+0000><U+0000><U+0000><U+0000><U+0000><U+0000><U+0000><U+0000><U+0000><U+0000><U+0000><U+0000><U+0000><U+0000><U+0000><U+0000><U+0000><U+0000><U+0000><U+0000><U+0000><U+0000><U+0000><U+0000><U+0000><U+0000><U+0000> 5,
      |                                                             ^~~~~~~~
/home/user42/directed-compiler-fuzzing-code/scripts/8-crash-testing/input/segment_15/3df7e64898f794e6da92ad3d4208bb86c868f4f0.c:83:61: warning: null character(s) ignored
   83 |     2, 4, 2, 3, 5, 1, 3, 5, 1, 3, 5, 5, 2, 4, 1, 2, 4, 2, 3,<U+0000><U+0000><U+0000><U+0000><U+0000><U+0000><U+0000><U+0000><U+0000><U+0000><U+0000><U+0000><U+0000><U+0000><U+0000><U+0000><U+0000><U+0000><U+0000><U+0000><U+0000><U+0000><U+0000><U+0000><U+0000><U+0000><U+0000><U+0000><U+0000><U+0000><U+0000><U+0000><U+0000><U+0000><U+0000><U+0000><U+0000><U+0000><U+0000><U+0000><U+0000><U+0000><U+0000><U+0000><U+0000><U+0000><U+0000><U+0000><U+0000><U+0000><U+0000><U+0000><U+0000><U+0000><U+0000><U+0000><U+0000><U+0000><U+0000><U+0000><U+0000><U+0000><U+0000><U+0000><U+0000><U+0000><U+0000><U+0000><U+0000><U+0000><U+0000><U+0000><U+0000><U+0000><U+0000><U+0000><U+0000><U+0000><U+0000><U+0000><U+0000><U+0000><U+0000><U+0000><U+0000><U+0000><U+0000><U+0000><U+0000><U+0000><U+0000><U+0000><U+0000><U+0000><U+0000><U+0000><U+0000><U+0000><U+0000><U+0000><U+0000><U+0000><U+0000><U+0000><U+0000><U+0000><U+0000><U+0000><U+0000><U+0000><U+0000><U+0000><U+0000><U+0000><U+0000><U+0000><U+0000><U+0000> 5,
      |                                                             ^~~~~~~~
/home/user42/directed-compiler-fuzzing-code/scripts/8-crash-testing/input/segment_15/3df7e64898f794e6da92ad3d4208bb86c868f4f0.c:109:7: error: ‘i’ redeclared as different kind of symbol
  109 |   int i, j, e, g, h;
      |       ^
/home/user42/directed-compiler-fuzzing-code/scripts/8-crash-testing/input/segment_15/3df7e64898f794e6da92ad3d4208bb86c868f4f0.c:8:8: note: previous definition of ‘i’ with type ‘int’
    8 | x (int i)
      |    ~~~~^
/home/user42/directed-compiler-fuzzing-code/scripts/8-crash-testing/input/segment_15/3df7e64898f794e6da92ad3d4208bb86c868f4f0.c:109:10: error: conflicting types for ‘j’; have ‘int’
  109 |   int i, j, e, g, h;
      |          ^
/home/user42/directed-compiler-fuzzing-code/scripts/8-crash-testing/input/segment_15/3df7e64898f794e6da92ad3d4208bb86c868f4f0.c:10:22: note: previous definition of ‘j’ with type ‘const void *[3]’
   10 |   static const void *j[] = {&& x, && y, && z};
      |                      ^
/home/user42/directed-compiler-fuzzing-code/scripts/8-crash-testing/input/segment_15/3df7e64898f794e6da92ad3d4208bb86c868f4f0.c:117:19: error: ‘a’ undeclared (first use in this function)
  117 |       int x = i - a;
      |                   ^
/home/user42/directed-compiler-fuzzing-code/scripts/8-crash-testing/input/segment_15/3df7e64898f794e6da92ad3d4208bb86c868f4f0.c:117:19: note: each undeclared identifier is reported only once for each function it appears in
/home/user42/directed-compiler-fuzzing-code/scripts/8-crash-testing/input/segment_15/3df7e64898f794e6da92ad3d4208bb86c868f4f0.c:121:3: error: expected expression before ‘if’
  121 |   if (   x (0) != 2
      |   ^~
/home/user42/directed-compiler-fuzzing-code/scripts/8-crash-testing/input/segment_15/3df7e64898f794e6da92ad3d4208bb86c868f4f0.c:142:13: error: ‘c’ undeclared (first use in this function)
  142 |   char *f = c +: return 2;
      |             ^
/home/user42/directed-compiler-fuzzing-code/scripts/8-crash-testing/input/segment_15/3df7e64898f794e6da92ad3d4208bb86c868f4f0.c:142:16: error: expected expression before ‘:’ token
  142 |   char *f = c +: return 2;
      |                ^
/home/user42/directed-compiler-fuzzing-code/scripts/8-crash-testing/input/segment_15/3df7e64898f794e6da92ad3d4208bb86c868f4f0.c:148:7: error: expected ‘=’, ‘,’, ‘;’, ‘asm’ or ‘__attribute__’ before numeric constant
  148 | main  390;
      |       ^~~
/home/user42/directed-compiler-fuzzing-code/scripts/8-crash-testing/input/segment_15/3df7e64898f794e6da92ad3d4208bb86c868f4f0.c:149:7: error: redeclaration of ‘i’ with no linkage
  149 |   int i, j, e, g, h;
      |       ^
/home/user42/directed-compiler-fuzzing-code/scripts/8-crash-testing/input/segment_15/3df7e64898f794e6da92ad3d4208bb86c868f4f0.c:109:7: note: previous declaration of ‘i’ with type ‘int’
  109 |   int i, j, e, g, h;
      |       ^
/home/user42/directed-compiler-fuzzing-code/scripts/8-crash-testing/input/segment_15/3df7e64898f794e6da92ad3d4208bb86c868f4f0.c:149:13: error: redeclaration of ‘e’ with no linkage
  149 |   int i, j, e, g, h;
      |             ^
/home/user42/directed-compiler-fuzzing-code/scripts/8-crash-testing/input/segment_15/3df7e64898f794e6da92ad3d4208bb86c868f4f0.c:109:13: note: previous declaration of ‘e’ with type ‘int’
  109 |   int i, j, e, g, h;
      |             ^
/home/user42/directed-compiler-fuzzing-code/scripts/8-crash-testing/input/segment_15/3df7e64898f794e6da92ad3d4208bb86c868f4f0.c:149:16: error: redeclaration of ‘g’ with no linkage
  149 |   int i, j, e, g, h;
      |                ^
/home/user42/directed-compiler-fuzzing-code/scripts/8-crash-testing/input/segment_15/3df7e64898f794e6da92ad3d4208bb86c868f4f0.c:109:16: note: previous declaration of ‘g’ with type ‘int’
  109 |   int i, j, e, g, h;
      |                ^
/home/user42/directed-compiler-fuzzing-code/scripts/8-crash-testing/input/segment_15/3df7e64898f794e6da92ad3d4208bb86c868f4f0.c:149:19: error: redeclaration of ‘h’ with no linkage
  149 |   int i, j, e, g, h;
      |                   ^
/home/user42/directed-compiler-fuzzing-code/scripts/8-crash-testing/input/segment_15/3df7e64898f794e6da92ad3d4208bb86c868f4f0.c:109:19: note: previous declaration of ‘h’ with type ‘int’
  109 |   int i, j, e, g, h;
      |                   ^
/home/user42/directed-compiler-fuzzing-code/scripts/8-crash-testing/input/segment_15/3df7e64898f794e6da92ad3d4208bb86c868f4f0.c:150:8: error: redeclaration of ‘k’ with no linkage
  150 |   char k, l;
      |        ^
/home/user42/directed-compiler-fuzzing-code/scripts/8-crash-testing/input/segment_15/3df7e64898f794e6da92ad3d4208bb86c868f4f0.c:110:8: note: previous declaration of ‘k’ with type ‘char’
  110 |   char k, l;
      |        ^
/home/user42/directed-compiler-fuzzing-code/scripts/8-crash-testing/input/segment_15/3df7e64898f794e6da92ad3d4208bb86c868f4f0.c:150:11: error: redeclaration of ‘l’ with no linkage
  150 |   char k, l;
      |           ^
/home/user42/directed-compiler-fuzzing-code/scripts/8-crash-testing/input/segment_15/3df7e64898f794e6da92ad3d4208bb86c868f4f0.c:110:11: note: previous declaration of ‘l’ with type ‘char’
  110 |   char k, l;
      |           ^
/home/user42/directed-compiler-fuzzing-code/scripts/8-crash-testing/input/segment_15/3df7e64898f794e6da92ad3d4208bb86c868f4f0.c:161:3: error: expected expression before ‘if’
  161 |   if (   x (0) != 2
      |   ^~
/home/user42/directed-compiler-fuzzing-code/scripts/8-crash-testing/input/segment_15/3df7e64898f794e6da92ad3d4208bb86c868f4f0.c:162:15: warning: null character(s) ignored
  162 |       || x (1)<U+0000><U+0000><U+0000><U+0000><U+0000><U+0000><U+0000><U+0000><U+0000><U+0000><U+0000><U+0000><U+0000><U+0000><U+0000><U+0000><U+0000><U+0000><U+0000><U+0000><U+0000><U+0000><U+0000><U+0000><U+0000><U+0000><U+0000><U+0000><U+0000><U+0000><U+0000><U+0000><U+0000><U+0000><U+0000><U+0000><U+0000><U+0000><U+0000><U+0000><U+0000><U+0000><U+0000><U+0000><U+0000><U+0000><U+0000><U+0000><U+0000><U+0000><U+0000><U+0000><U+0000><U+0000><U+0000><U+0000><U+0000><U+0000><U+0000><U+0000><U+0000><U+0000><U+0000><U+0000><U+0000><U+0000><U+0000><U+0000><U+0000><U+0000><U+0000><U+0000><U+0000><U+0000><U+0000><U+0000><U+0000><U+0000><U+0000><U+0000><U+0000><U+0000><U+0000><U+0000><U+0000><U+0000><U+0000><U+0000><U+0000> 5,
      |               ^~~~~~~~
/home/user42/directed-compiler-fuzzing-code/scripts/8-crash-testing/input/segment_15/3df7e64898f794e6da92ad3d4208bb86c868f4f0.c:184:2: error: expected ‘;’ before ‘int’
  184 | }
      |  ^
      |  ;
  185 | 
  186 | int
      | ~~~
/home/user42/directed-compiler-fuzzing-code/scripts/8-crash-testing/input/segment_15/3df7e64898f794e6da92ad3d4208bb86c868f4f0.c:200:3: error: expected expression before ‘if’
  200 |   if (   x (0) != 2
      |   ^~
/home/user42/directed-compiler-fuzzing-code/scripts/8-crash-testing/input/segment_15/3df7e64898f794e6da92ad3d4208bb86c868f4f0.c:221:16: error: expected expression before ‘:’ token
  221 |   char *f = c +: return 2;
      |                ^
/home/user42/directed-compiler-fuzzing-code/scripts/8-crash-testing/input/segment_15/3df7e64898f794e6da92ad3d4208bb86c868f4f0.c:222:2: error: duplicate label ‘y’
  222 |  y: return 3;
      |  ^
/home/user42/directed-compiler-fuzzing-code/scripts/8-crash-testing/input/segment_15/3df7e64898f794e6da92ad3d4208bb86c868f4f0.c:143:2: note: previous definition of ‘y’ with type ‘void’
  143 |  y: return 3;
      |  ^
/home/user42/directed-compiler-fuzzing-code/scripts/8-crash-testing/input/segment_15/3df7e64898f794e6da92ad3d4208bb86c868f4f0.c:223:2: error: duplicate label ‘z’
  223 |  z: return 5;
      |  ^
/home/user42/directed-compiler-fuzzing-code/scripts/8-crash-testing/input/segment_15/3df7e64898f794e6da92ad3d4208bb86c868f4f0.c:144:2: note: previous definition of ‘z’ with type ‘void’
  144 |  z: return 5;
      |  ^
/home/user42/directed-compiler-fuzzing-code/scripts/8-crash-testing/input/segment_15/3df7e64898f794e6da92ad3d4208bb86c868f4f0.c:227:7: error: expected ‘=’, ‘,’, ‘;’, ‘asm’ or ‘__attribute__’ before numeric constant
  227 | main  390;
      |       ^~~
/home/user42/directed-compiler-fuzzing-code/scripts/8-crash-testing/input/segment_15/3df7e64898f794e6da92ad3d4208bb86c868f4f0.c:228:7: error: redeclaration of ‘i’ with no linkage
  228 |   int i, j, e, g, h;
      |       ^
/home/user42/directed-compiler-fuzzing-code/scripts/8-crash-testing/input/segment_15/3df7e64898f794e6da92ad3d4208bb86c868f4f0.c:188:7: note: previous declaration of ‘i’ with type ‘int’
  188 |   int i, j, e, g, h;
      |       ^
/home/user42/directed-compiler-fuzzing-code/scripts/8-crash-testing/input/segment_15/3df7e64898f794e6da92ad3d4208bb86c868f4f0.c:228:10: error: redeclaration of ‘j’ with no linkage
  228 |   int i, j, e, g, h;
      |          ^
/home/user42/directed-compiler-fuzzing-code/scripts/8-crash-testing/input/segment_15/3df7e64898f794e6da92ad3d4208bb86c868f4f0.c:188:10: note: previous declaration of ‘j’ with type ‘int’
  188 |   int i, j, e, g, h;
      |          ^
/home/user42/directed-compiler-fuzzing-code/scripts/8-crash-testing/input/segment_15/3df7e64898f794e6da92ad3d4208bb86c868f4f0.c:228:13: error: redeclaration of ‘e’ with no linkage
  228 |   int i, j, e, g, h;
      |             ^
/home/user42/directed-compiler-fuzzing-code/scripts/8-crash-testing/input/segment_15/3df7e64898f794e6da92ad3d4208bb86c868f4f0.c:188:13: note: previous declaration of ‘e’ with type ‘int’
  188 |   int i, j, e, g, h;
      |             ^
/home/user42/directed-compiler-fuzzing-code/scripts/8-crash-testing/input/segment_15/3df7e64898f794e6da92ad3d4208bb86c868f4f0.c:228:16: error: redeclaration of ‘g’ with no linkage
  228 |   int i, j, e, g, h;
      |                ^
/home/user42/directed-compiler-fuzzing-code/scripts/8-crash-testing/input/segment_15/3df7e64898f794e6da92ad3d4208bb86c868f4f0.c:188:16: note: previous declaration of ‘g’ with type ‘int’
  188 |   int i, j, e, g, h;
      |                ^
/home/user42/directed-compiler-fuzzing-code/scripts/8-crash-testing/input/segment_15/3df7e64898f794e6da92ad3d4208bb86c868f4f0.c:228:19: error: redeclaration of ‘h’ with no linkage
  228 |   int i, j, e, g, h;
      |                   ^
/home/user42/directed-compiler-fuzzing-code/scripts/8-crash-testing/input/segment_15/3df7e64898f794e6da92ad3d4208bb86c868f4f0.c:188:19: note: previous declaration of ‘h’ with type ‘int’
  188 |   int i, j, e, g, h;
      |                   ^
/home/user42/directed-compiler-fuzzing-code/scripts/8-crash-testing/input/segment_15/3df7e64898f794e6da92ad3d4208bb86c868f4f0.c:229:8: error: redeclaration of ‘k’ with no linkage
  229 |   char k, l;
      |        ^
/home/user42/directed-compiler-fuzzing-code/scripts/8-crash-testing/input/segment_15/3df7e64898f794e6da92ad3d4208bb86c868f4f0.c:189:8: note: previous declaration of ‘k’ with type ‘char’
  189 |   char k, l;
      |        ^
/home/user42/directed-compiler-fuzzing-code/scripts/8-crash-testing/input/segment_15/3df7e64898f794e6da92ad3d4208bb86c868f4f0.c:229:11: error: redeclaration of ‘l’ with no linkage
  229 |   char k, l;
      |           ^
/home/user42/directed-compiler-fuzzing-code/scripts/8-crash-testing/input/segment_15/3df7e64898f794e6da92ad3d4208bb86c868f4f0.c:189:11: note: previous declaration of ‘l’ with type ‘char’
  189 |   char k, l;
      |           ^
/home/user42/directed-compiler-fuzzing-code/scripts/8-crash-testing/input/segment_15/3df7e64898f794e6da92ad3d4208bb86c868f4f0.c:240:3: error: expected expression before ‘if’
  240 |   if (   x (0) != 2
      |   ^~
/home/user42/directed-compiler-fuzzing-code/scripts/8-crash-testing/input/segment_15/3df7e64898f794e6da92ad3d4208bb86c868f4f0.c:277:9: error: expected declaration or statement at end of input
  277 |         }
      |         ^
/home/user42/directed-compiler-fuzzing-code/scripts/8-crash-testing/input/segment_15/3df7e64898f794e6da92ad3d4208bb86c868f4f0.c:277:9: error: expected declaration or statement at end of input
/home/user42/directed-compiler-fuzzing-code/scripts/8-crash-testing/input/segment_15/3df7e64898f794e6da92ad3d4208bb86c868f4f0.c:277:9: error: expected declaration or statement at end of input
/home/user42/directed-compiler-fuzzing-code/scripts/8-crash-testing/input/segment_15/3df7e64898f794e6da92ad3d4208bb86c868f4f0.c:10:3: error: label ‘x’ used but not defined
   10 |   static const void *j[] = {&& x, && y, && z};
      |   ^~~~~~
/home/user42/directed-compiler-fuzzing-code/scripts/8-crash-testing/input/segment_15/3df7e64898f794e6da92ad3d4208bb86c868f4f0.c:12:10: internal compiler error: tree check: expected array_type, have error_mark in array_ref_low_bound, at tree.cc:12479
   12 |   goto *j[i];
      |         ~^~~
0x7e3fd0 tree_check_failed(tree_node const*, char const*, int, char const*, ...)
	.././../gcc-source/gcc/tree.cc:8688
0x7edb6d tree_check(tree_node*, char const*, int, char const*, tree_code)
	.././../gcc-source/gcc/tree.h:3450
0x7edb6d array_ref_low_bound(tree_node*)
	.././../gcc-source/gcc/tree.cc:12479
0xc310ef gimplify_compound_lval
	.././../gcc-source/gcc/gimplify.cc:3204
0xc2a904 gimplify_expr(tree_node**, gimple**, gimple**, bool (*)(tree_node*), int)
	.././../gcc-source/gcc/gimplify.cc:15008
0xc2caa9 gimplify_expr(tree_node**, gimple**, gimple**, bool (*)(tree_node*), int)
	.././../gcc-source/gcc/gimplify.cc:15277
0xc2e7f6 gimplify_stmt(tree_node**, gimple**)
	.././../gcc-source/gcc/gimplify.cc:7111
0xc2b8eb gimplify_statement_list
	.././../gcc-source/gcc/gimplify.cc:2019
0xc2b8eb gimplify_expr(tree_node**, gimple**, gimple**, bool (*)(tree_node*), int)
	.././../gcc-source/gcc/gimplify.cc:15501
0xc2e7f6 gimplify_stmt(tree_node**, gimple**)
	.././../gcc-source/gcc/gimplify.cc:7111
0xc2efb4 gimplify_bind_expr
	.././../gcc-source/gcc/gimplify.cc:1428
0xc2b891 gimplify_expr(tree_node**, gimple**, gimple**, bool (*)(tree_node*), int)
	.././../gcc-source/gcc/gimplify.cc:15257
0xc3d02f gimplify_stmt(tree_node**, gimple**)
	.././../gcc-source/gcc/gimplify.cc:7111
0xc3d02f gimplify_body(tree_node*, bool)
	.././../gcc-source/gcc/gimplify.cc:16313
0xc3d47d gimplify_function_tree(tree_node*)
	.././../gcc-source/gcc/gimplify.cc:16467
0xa691f7 cgraph_node::analyze()
	.././../gcc-source/gcc/cgraphunit.cc:675
0xa6be47 analyze_functions
	.././../gcc-source/gcc/cgraphunit.cc:1240
0xa6cacd symbol_table::finalize_compilation_unit()
	.././../gcc-source/gcc/cgraphunit.cc:2500
Please submit a full bug report, with preprocessed source (by using -freport-bug).
Please include the complete backtrace with any bug report.
See <https://gcc.gnu.org/bugs/> for instructions.
