/home/user42/directed-compiler-fuzzing-code/scripts/8-crash-testing/input/segment_22/48456f2abd48d876b3868ce72a7f8938141e2ba3.c:4:1: error: expected identifier or â€˜(â€™ before â€˜}â€™ token
    4 | }
      | ^
/home/user42/directed-compiler-fuzzing-code/scripts/8-crash-testing/input/segment_22/48456f2abd48d876b3868ce72a7f8938141e2ba3.c:8:26: warning: â€˜struct Aâ€™ declared inside parameter list will not be visible outside of this definition or declaration
    8 | bar (struct B *w, struct A *x, struct A *y, struct A *z)
      |                          ^
/home/user42/directed-compiler-fuzzing-code/scripts/8-crash-testing/input/segment_22/48456f2abd48d876b3868ce72a7f8938141e2ba3.c:8:13: warning: â€˜struct Bâ€™ declared inside parameter list will not be visible outside of this definition or declaration
    8 | bar (struct B *w, struct A *x, struct A *y, struct A *z)
      |             ^
/home/user42/directed-compiler-fuzzing-code/scripts/8-crash-testing/input/segment_22/48456f2abd48d876b3868ce72a7f8938141e2ba3.c: In function â€˜barâ€™:
/home/user42/directed-compiler-fuzzing-code/scripts/8-crash-testing/input/segment_22/48456f2abd48d876b3868ce72a7f8938141e2ba3.c:10:3: error: â€˜strutypedefâ€™ undeclared (first use in this function)
   10 |   strutypedef unsigned long long dt;
      |   ^~~~~~~~~~~
/home/user42/directed-compiler-fuzzing-code/scripts/8-crash-testing/input/segment_22/48456f2abd48d876b3868ce72a7f8938141e2ba3.c:10:3: note: each undeclared identifier is reported only once for each function it appears in
/home/user42/directed-compiler-fuzzing-code/scripts/8-crash-testing/input/segment_22/48456f2abd48d876b3868ce72a7f8938141e2ba3.c:10:14: error: expected â€˜;â€™ before â€˜unsignedâ€™
   10 |   strutypedef unsigned long long dt;
      |              ^~~~~~~~~
      |              ;
/home/user42/directed-compiler-fuzzing-code/scripts/8-crash-testing/input/segment_22/48456f2abd48d876b3868ce72a7f8938141e2ba3.c:13:3: error: unknown type name â€˜dtâ€™
   13 |   dt ptions about array sizes.  */
      |   ^~
/home/user42/directed-compiler-fuzzing-code/scripts/8-crash-testing/input/segment_22/48456f2abd48d876b3868ce72a7f8938141e2ba3.c:13:13: error: expected â€˜:â€™, â€˜,â€™, â€˜;â€™, â€˜}â€™ or â€˜__attribute__â€™ before â€˜aboutâ€™
   13 |   dt ptions about array sizes.  */
      |             ^~~~~
/home/user42/directed-compiler-fuzzing-code/scripts/8-crash-testing/input/segment_22/48456f2abd48d876b3868ce72a7f8938141e2ba3.c:65:58: error: expected identifier or â€˜(â€™ before â€˜)â€™ token
   65 |          a30, a31, a32, a33, a34, a35, a36, a37, a38, a39);
      |                                                          ^
/home/user42/directed-compiler-fuzzing-code/scripts/8-crash-testing/input/segment_22/48456f2abd48d876b3868ce72a7f8938141e2ba3.c:66:7: error: â€˜i0â€™ undeclared (first use in this function)
   66 |       i0 = a0[0];
      |       ^~
/home/user42/directed-compiler-fuzzing-code/scripts/8-crash-testing/input/segment_22/48456f2abd48d876b3868ce72a7f8938141e2ba3.c:66:12: error: â€˜a0â€™ undeclared (first use in this function)
   66 |       i0 = a0[0];
      |            ^~
/home/user42/directed-compiler-fuzzing-code/scripts/8-crash-testing/input/segment_22/48456f2abd48d876b3868ce72a7f8938141e2ba3.c:67:7: error: â€˜i1â€™ undeclared (first use in this function)
   67 |       i1 = a10];
      |       ^~
/home/user42/directed-compiler-fuzzing-code/scripts/8-crash-testing/input/segment_22/48456f2abd48d876b3868ce72a7f8938141e2ba3.c:67:14: error: stray â€˜\16â€™ in program
   67 |       i1 = a1<U+000E>0];
      |              ^~~~~~~~
/home/user42/directed-compiler-fuzzing-code/scripts/8-crash-testing/input/segment_22/48456f2abd48d876b3868ce72a7f8938141e2ba3.c:67:12: error: â€˜a1â€™ undeclared (first use in this function)
   67 |       i1 = a10];
      |            ^~
/home/user42/directed-compiler-fuzzing-code/scripts/8-crash-testing/input/segment_22/48456f2abd48d876b3868ce72a7f8938141e2ba3.c:67:14: error: expected â€˜;â€™ before numeric constant
   67 |       i1 = a10];
      |              ^~
      |              ;
/home/user42/directed-compiler-fuzzing-code/scripts/8-crash-testing/input/segment_22/48456f2abd48d876b3868ce72a7f8938141e2ba3.c:67:16: error: expected statement before â€˜]â€™ token
   67 |       i1 = a10];
      |                ^
/home/user42/directed-compiler-fuzzing-code/scripts/8-crash-testing/input/segment_22/48456f2abd48d876b3868ce72a7f8938141e2ba3.c:68:7: error: â€˜i2â€™ undeclared (first use in this function)
   68 |       i2 = a2[0];
      |       ^~
/home/user42/directed-compiler-fuzzing-code/scripts/8-crash-testing/input/segment_22/48456f2abd48d876b3868ce72a7f8938141e2ba3.c:68:12: error: â€˜a2â€™ undeclared (first use in this function)
   68 |       i2 = a2[0];
      |            ^~
/home/user42/directed-compiler-fuzzing-code/scripts/8-crash-testing/input/segment_22/48456f2abd48d876b3868ce72a7f8938141e2ba3.c:69:7: error: â€˜i3â€™ undeclared (first use in this function)
   69 |       i3 = a3[0];
      |       ^~
/home/user42/directed-compiler-fuzzing-code/scripts/8-crash-testing/input/segment_22/48456f2abd48d876b3868ce72a7f8938141e2ba3.c:69:12: error: â€˜a3â€™ undeclared (first use in this function)
   69 |       i3 = a3[0];
      |            ^~
/home/user42/directed-compiler-fuzzing-code/scripts/8-crash-testing/input/segment_22/48456f2abd48d876b3868ce72a7f8938141e2ba3.c:70:7: error: â€˜i4â€™ undeclared (first use in this function)
   70 |       i4 = a4[0];
      |       ^~
/home/user42/directed-compiler-fuzzing-code/scripts/8-crash-testing/input/segment_22/48456f2abd48d876b3868ce72a7f8938141e2ba3.c:70:12: error: â€˜a4â€™ undeclared (first use in this function)
   70 |       i4 = a4[0];
      |            ^~
/home/user42/directed-compiler-fuzzing-code/scripts/8-crash-testing/input/segment_22/48456f2abd48d876b3868ce72a7f8938141e2ba3.c:71:7: error: â€˜i5â€™ undeclared (first use in this function)
   71 |       i5 = a5[0];
      |       ^~
/home/user42/directed-compiler-fuzzing-code/scripts/8-crash-testing/input/segment_22/48456f2abd48d876b3868ce72a7f8938141e2ba3.c:71:12: error: â€˜a5â€™ undeclared (first use in this function)
   71 |       i5 = a5[0];
      |            ^~
/home/user42/directed-compiler-fuzzing-code/scripts/8-crash-testing/input/segment_22/48456f2abd48d876b3868ce72a7f8938141e2ba3.c:72:7: error: â€˜i6â€™ undeclared (first use in this function)
   72 |       i6 = a6[0];
      |       ^~
/home/user42/directed-compiler-fuzzing-code/scripts/8-crash-testing/input/segment_22/48456f2abd48d876b3868ce72a7f8938141e2ba3.c:72:12: error: â€˜a6â€™ undeclared (first use in this function)
   72 |       i6 = a6[0];
      |            ^~
/home/user42/directed-compiler-fuzzing-code/scripts/8-crash-testing/input/segment_22/48456f2abd48d876b3868ce72a7f8938141e2ba3.c:73:7: error: â€˜i7â€™ undeclared (first use in this function)
   73 |       i7 = a7[0];
      |       ^~
/home/user42/directed-compiler-fuzzing-code/scripts/8-crash-testing/input/segment_22/48456f2abd48d876b3868ce72a7f8938141e2ba3.c:73:12: error: â€˜a7â€™ undeclared (first use in this function)
   73 |       i7 = a7[0];
      |            ^~
/home/user42/directed-compiler-fuzzing-code/scripts/8-crash-testing/input/segment_22/48456f2abd48d876b3868ce72a7f8938141e2ba3.c:74:7: error: â€˜i8â€™ undeclared (first use in this function)
   74 |       i8 = a8[0];
      |       ^~
/home/user42/directed-compiler-fuzzing-code/scripts/8-crash-testing/input/segment_22/48456f2abd48d876b3868ce72a7f8938141e2ba3.c:74:12: error: â€˜a8â€™ undeclared (first use in this function)
   74 |       i8 = a8[0];
      |            ^~
/home/user42/directed-compiler-fuzzing-code/scripts/8-crash-testing/input/segment_22/48456f2abd48d876b3868ce72a7f8938141e2ba3.c:75:7: error: â€˜i9â€™ undeclared (first use in this function)
   75 |       i9 = a9[0];
      |       ^~
/home/user42/directed-compiler-fuzzing-code/scripts/8-crash-testing/input/segment_22/48456f2abd48d876b3868ce72a7f8938141e2ba3.c:75:12: error: â€˜a9â€™ undeclared (first use in this function)
   75 |       i9 = a9[0];
      |            ^~
/home/user42/directed-compiler-fuzzing-code/scripts/8-crash-testing/input/segment_22/48456f2abd48d876b3868ce72a7f8938141e2ba3.c:76:7: error: â€˜i10â€™ undeclared (first use in this function)
   76 |       i10 = a10[0];
      |       ^~~
/home/user42/directed-compiler-fuzzing-code/scripts/8-crash-testing/input/segment_22/48456f2abd48d876b3868ce72a7f8938141e2ba3.c:76:13: error: â€˜a10â€™ undeclared (first use in this function)
   76 |       i10 = a10[0];
      |             ^~~
/home/user42/directed-compiler-fuzzing-code/scripts/8-crash-testing/input/segment_22/48456f2abd48d876b3868ce72a7f8938141e2ba3.c:77:7: error: â€˜i11â€™ undeclared (first use in this function)
   77 |       i11 = a11[0];
      |       ^~~
/home/user42/directed-compiler-fuzzing-code/scripts/8-crash-testing/input/segment_22/48456f2abd48d876b3868ce72a7f8938141e2ba3.c:77:13: error: â€˜a11â€™ undeclared (first use in this function)
   77 |       i11 = a11[0];
      |             ^~~
/home/user42/directed-compiler-fuzzing-code/scripts/8-crash-testing/input/segment_22/48456f2abd48d876b3868ce72a7f8938141e2ba3.c:78:7: error: â€˜i12â€™ undeclared (first use in this function)
   78 |       i12 = a12[0];
      |       ^~~
/home/user42/directed-compiler-fuzzing-code/scripts/8-crash-testing/input/segment_22/48456f2abd48d876b3868ce72a7f8938141e2ba3.c:78:13: error: â€˜a12â€™ undeclared (first use in this function)
   78 |       i12 = a12[0];
      |             ^~~
/home/user42/directed-compiler-fuzzing-code/scripts/8-crash-testing/input/segment_22/48456f2abd48d876b3868ce72a7f8938141e2ba3.c:79:7: error: â€˜i13â€™ undeclared (first use in this function)
   79 |       i13 = a13[0];
      |       ^~~
/home/user42/directed-compiler-fuzzing-code/scripts/8-crash-testing/input/segment_22/48456f2abd48d876b3868ce72a7f8938141e2ba3.c:79:13: error: â€˜a13â€™ undeclared (first use in this function)
   79 |       i13 = a13[0];
      |             ^~~
/home/user42/directed-compiler-fuzzing-code/scripts/8-crash-testing/input/segment_22/48456f2abd48d876b3868ce72a7f8938141e2ba3.c:80:7: error: â€˜i14â€™ undeclared (first use in this function)
   80 |       i14 = a14[0];
      |       ^~~
/home/user42/directed-compiler-fuzzing-code/scripts/8-crash-testing/input/segment_22/48456f2abd48d876b3868ce72a7f8938141e2ba3.c:80:13: error: â€˜a14â€™ undeclared (first use in this function)
   80 |       i14 = a14[0];
      |             ^~~
/home/user42/directed-compiler-fuzzing-code/scripts/8-crash-testing/input/segment_22/48456f2abd48d876b3868ce72a7f8938141e2ba3.c:81:7: error: â€˜i15â€™ undeclared (first use in this function)
   81 |       i15 = a15[0];
      |       ^~~
/home/user42/directed-compiler-fuzzing-code/scripts/8-crash-testing/input/segment_22/48456f2abd48d876b3868ce72a7f8938141e2ba3.c:81:13: error: â€˜a15â€™ undeclared (first use in this function)
   81 |       i15 = a15[0];
      |             ^~~
/home/user42/directed-compiler-fuzzing-code/scripts/8-crash-testing/input/segment_22/48456f2abd48d876b3868ce72a7f8938141e2ba3.c:82:4: error: â€˜est_binary_cond_e0000000000000000000000000000000000000000000000000000000000lvaâ€™ undeclared (first use in this function)
   82 |    est_binary_cond_e0000000000000000000000000000000000000000000000000000000000lva[0] : "1234", 4);
      |    ^~~~~~~~~~~~~~~~~~~~~~~~~~~~~~~~~~~~~~~~~~~~~~~~~~~~~~~~~~~~~~~~~~~~~~~~~~~~~~
/home/user42/directed-compiler-fuzzing-code/scripts/8-crash-testing/input/segment_22/48456f2abd48d876b3868ce72a7f8938141e2ba3.c:82:85: error: expected â€˜;â€™ before â€˜:â€™ token
   82 |    est_binary_cond_e0000000000000000000000000000000000000000000000000000000000lva[0] : "1234", 4);
      |                                                                                     ^~
      |                                                                                     ;
/home/user42/directed-compiler-fuzzing-code/scripts/8-crash-testing/input/segment_22/48456f2abd48d876b3868ce72a7f8938141e2ba3.c:82:97: error: expected statement before â€˜)â€™ token
   82 |    est_binary_cond_e0000000000000000000000000000000000000000000000000000000000lva[0] : "1234", 4);
      |                                                                                                 ^
/home/user42/directed-compiler-fuzzing-code/scripts/8-crash-testing/input/segment_22/48456f2abd48d876b3868ce72a7f8938141e2ba3.c:126: warning: "A" redefined
  126 | #define A(expr, N)                                              \
      | 
/home/user42/directed-compiler-fuzzing-code/scripts/8-crash-testing/input/segment_22/48456f2abd48d876b3868ce72a7f8938141e2ba3.c:19: note: this is the location of the previous definition
   19 | #define A(expr, N)                                              \
      | 
/home/user42/directed-compiler-fuzzing-code/scripts/8-crash-testing/input/segment_22/48456f2abd48d876b3868ce72a7f8938141e2ba3.c:188: warning: "A" redefined
  188 | #define A(expr, N)                                              \
      | 
/home/user42/directed-compiler-fuzzing-code/scripts/8-crash-testing/input/segment_22/48456f2abd48d876b3868ce72a7f8938141e2ba3.c:126: note: this is the location of the previous definition
  126 | #define A(expr, N)                                              \
      | 
/home/user42/directed-compiler-fuzzing-code/scripts/8-crash-testing/input/segment_22/48456f2abd48d876b3868ce72a7f8938141e2ba3.c:233:20: error: macro "A" passed 20 arguments, but takes just 2
  233 | static 0] : "12", 2);
      |                    ^
/home/user42/directed-compiler-fuzzing-code/scripts/8-crash-testing/input/segment_22/48456f2abd48d876b3868ce72a7f8938141e2ba3.c:19: note: macro "A" defined here
   19 | #define A(expr, N)                                              \
      | 
/home/user42/directed-compiler-fuzzing-code/scripts/8-crash-testing/input/segment_22/48456f2abd48d876b3868ce72a7f8938141e2ba3.c:84:3: error: â€˜Aâ€™ undeclared (first use in this function)
   84 |   A (i0 ? "1" : lvb[0], 5{ "123" };
      |   ^
/home/user42/directed-compiler-fuzzing-code/scripts/8-crash-testing/input/segment_22/48456f2abd48d876b3868ce72a7f8938141e2ba3.c:235:17: error: â€˜vaâ€™ undeclared (first use in this function)
  235 |   A (i0 ? "1" : va[0], 3);              /* GCC 8.2 failure */
      |                 ^~
/home/user42/directed-compiler-fuzzing-code/scripts/8-crash-testing/input/segment_22/48456f2abd48d876b3868ce72a7f8938141e2ba3.c:190:23: note: in definition of macro â€˜Aâ€™
  190 |     const char *_s = (expr);                                    \
      |                       ^~~~
/home/user42/directed-compiler-fuzzing-code/scripts/8-crash-testing/input/segment_22/48456f2abd48d876b3868ce72a7f8938141e2ba3.c:191:6: error: â€˜nsignedâ€™ undeclared (first use in this function)
  191 |     ~nsigned _n = strlen (_s);                                  \
      |      ^~~~~~~
/home/user42/directed-compiler-fuzzing-code/scripts/8-crash-testing/input/segment_22/48456f2abd48d876b3868ce72a7f8938141e2ba3.c:235:3: note: in expansion of macro â€˜Aâ€™
  235 |   A (i0 ? "1" : va[0], 3);              /* GCC 8.2 failure */
      |   ^
/home/user42/directed-compiler-fuzzing-code/scripts/8-crash-testing/input/segment_22/48456f2abd48d876b3868ce72a7f8938141e2ba3.c:191:14: error: expected â€˜;â€™ before â€˜_nâ€™
  191 |     ~nsigned _n = strlen (_s);                                  \
      |              ^~
/home/user42/directed-compiler-fuzzing-code/scripts/8-crash-testing/input/segment_22/48456f2abd48d876b3868ce72a7f8938141e2ba3.c:235:3: note: in expansion of macro â€˜Aâ€™
  235 |   A (i0 ? "1" : va[0], 3);              /* GCC 8.2 failure */
      |   ^
/home/user42/directed-compiler-fuzzing-code/scripts/8-crash-testing/input/segment_22/48456f2abd48d876b3868ce72a7f8938141e2ba3.c:192:7: error: â€˜nâ€™ undeclared (first use in this function)
  192 |     ((n= =_ N)                                                  \
      |       ^
/home/user42/directed-compiler-fuzzing-code/scripts/8-crash-testing/input/segment_22/48456f2abd48d876b3868ce72a7f8938141e2ba3.c:235:3: note: in expansion of macro â€˜Aâ€™
  235 |   A (i0 ? "1" : va[0], 3);              /* GCC 8.2 failure */
      |   ^
/home/user42/directed-compiler-fuzzing-code/scripts/8-crash-testing/input/segment_22/48456f2abd48d876b3868ce72a7f8938141e2ba3.c:192:10: error: expected expression before â€˜=â€™ token
  192 |     ((n= =_ N)                                                  \
      |          ^
/home/user42/directed-compiler-fuzzing-code/scripts/8-crash-testing/input/segment_22/48456f2abd48d876b3868ce72a7f8938141e2ba3.c:235:3: note: in expansion of macro â€˜Aâ€™
  235 |   A (i0 ? "1" : va[0], 3);              /* GCC 8.2 failure */
      |   ^
/home/user42/directed-compiler-fuzzing-code/scripts/8-crash-testing/input/segment_22/48456f2abd48d876b3868ce72a7f8938141e2ba3.c:192:11: error: â€˜_â€™ undeclared (first use in this function); did you mean â€˜_sâ€™?
  192 |     ((n= =_ N)                                                  \
      |           ^
/home/user42/directed-compiler-fuzzing-code/scripts/8-crash-testing/input/segment_22/48456f2abd48d876b3868ce72a7f8938141e2ba3.c:235:3: note: in expansion of macro â€˜Aâ€™
  235 |   A (i0 ? "1" : va[0], 3);              /* GCC 8.2 failure */
      |   ^
/home/user42/directed-compiler-fuzzing-code/scripts/8-crash-testing/input/segment_22/48456f2abd48d876b3868ce72a7f8938141e2ba3.c:197:11: error: â€˜nfailsâ€™ undeclared (first use in this function)
  197 |         ++nfails));                                             \
      |           ^~~~~~
/home/user42/directed-compiler-fuzzing-code/scripts/8-crash-testing/input/segment_22/48456f2abd48d876b3868ce72a7f8938141e2ba3.c:235:3: note: in expansion of macro â€˜Aâ€™
  235 |   A (i0 ? "1" : va[0], 3);              /* GCC 8.2 failure */
      |   ^
/home/user42/directed-compiler-fuzzing-code/scripts/8-crash-testing/input/segment_22/48456f2abd48d876b3868ce72a7f8938141e2ba3.c:191:14: error: expected â€˜;â€™ before â€˜_nâ€™
  191 |     ~nsigned _n = strlen (_s);                                  \
      |              ^~
/home/user42/directed-compiler-fuzzing-code/scripts/8-crash-testing/input/segment_22/48456f2abd48d876b3868ce72a7f8938141e2ba3.c:236:3: note: in expansion of macro â€˜Aâ€™
  236 |   A (i0 ? va[0] : "1234", 4);
      |   ^
/home/user42/directed-compiler-fuzzing-code/scripts/8-crash-testing/input/segment_22/48456f2abd48d876b3868ce72a7f8938141e2ba3.c:192:10: error: expected expression before â€˜=â€™ token
  192 |     ((n= =_ N)                                                  \
      |          ^
/home/user42/directed-compiler-fuzzing-code/scripts/8-crash-testing/input/segment_22/48456f2abd48d876b3868ce72a7f8938141e2ba3.c:236:3: note: in expansion of macro â€˜Aâ€™
  236 |   A (i0 ? va[0] : "1234", 4);
      |   ^
/home/user42/directed-compiler-fuzzing-code/scripts/8-crash-testing/input/segment_22/48456f2abd48d876b3868ce72a7f8938141e2ba3.c:238:17: error: â€˜vbâ€™ undeclared (first use in this function)
  238 |   A (i0 ? "1" : vb[0], 5);              /* GCC 8.2 failure */
      |                 ^~
/home/user42/directed-compiler-fuzzing-code/scripts/8-crash-testing/input/segment_22/48456f2abd48d876b3868ce72a7f8938141e2ba3.c:190:23: note: in definition of macro â€˜Aâ€™
  190 |     const char *_s = (expr);                                    \
      |                       ^~~~
/home/user42/directed-compiler-fuzzing-code/scripts/8-crash-testing/input/segment_22/48456f2abd48d876b3868ce72a7f8938141e2ba3.c:191:14: error: expected â€˜;â€™ before â€˜_nâ€™
  191 |     ~nsigned _n = strlen (_s);                                  \
      |              ^~
/home/user42/directed-compiler-fuzzing-code/scripts/8-crash-testing/input/segment_22/48456f2abd48d876b3868ce72a7f8938141e2ba3.c:238:3: note: in expansion of macro â€˜Aâ€™
  238 |   A (i0 ? "1" : vb[0], 5);              /* GCC 8.2 failure */
      |   ^
/home/user42/directed-compiler-fuzzing-code/scripts/8-crash-testing/input/segment_22/48456f2abd48d876b3868ce72a7f8938141e2ba3.c:192:10: error: expected expression before â€˜=â€™ token
  192 |     ((n= =_ N)                                                  \
      |          ^
/home/user42/directed-compiler-fuzzing-code/scripts/8-crash-testing/input/segment_22/48456f2abd48d876b3868ce72a7f8938141e2ba3.c:238:3: note: in expansion of macro â€˜Aâ€™
  238 |   A (i0 ? "1" : vb[0], 5);              /* GCC 8.2 failure */
      |   ^
/home/user42/directed-compiler-fuzzing-code/scripts/8-crash-testing/input/segment_22/48456f2abd48d876b3868ce72a7f8938141e2ba3.c:191:14: error: expected â€˜;â€™ before â€˜_nâ€™
  191 |     ~nsigned _n = strlen (_s);                                  \
      |              ^~
/home/user42/directed-compiler-fuzzing-code/scripts/8-crash-testing/input/segment_22/48456f2abd48d876b3868ce72a7f8938141e2ba3.c:239:3: note: in expansion of macro â€˜Aâ€™
  239 |   A (i0 ? vb[0] : "12", 2);
      |   ^
/home/user42/directed-compiler-fuzzing-code/scripts/8-crash-testing/input/segment_22/48456f2abd48d876b3868ce72a7f8938141e2ba3.c:192:10: error: expected expression before â€˜=â€™ token
  192 |     ((n= =_ N)                                                  \
      |          ^
/home/user42/directed-compiler-fuzzing-code/scripts/8-crash-testing/input/segment_22/48456f2abd48d876b3868ce72a7f8938141e2ba3.c:239:3: note: in expansion of macro â€˜Aâ€™
  239 |   A (i0 ? vb[0] : "12", 2);
      |   ^
/home/user42/directed-compiler-fuzzing-code/scripts/8-crash-testing/input/segment_22/48456f2abd48d876b3868ce72a7f8938141e2ba3.c: At top level:
/home/user42/directed-compiler-fuzzing-code/scripts/8-crash-testing/input/segment_22/48456f2abd48d876b3868ce72a7f8938141e2ba3.c:243:13: error: variable or field â€˜t9â€™ declared void
  243 | static void t9,
      |             ^~
/home/user42/directed-compiler-fuzzing-code/scripts/8-crash-testing/input/segment_22/48456f2abd48d876b3868ce72a7f8938141e2ba3.c:244:7: error: expected identifier or â€˜(â€™ before â€˜%â€™ token
  244 |       %  a30, a31, a32, a33, a34, a35, a36, a37, a38, a39);
      |       ^
/home/user42/directed-compiler-fuzzing-code/scripts/8-crash-testing/input/segment_22/48456f2abd48d876b3868ce72a7f8938141e2ba3.c:245:7: warning: data definition has no type or storage class
  245 |       i0 = a0[0];
      |       ^~
/home/user42/directed-compiler-fuzzing-code/scripts/8-crash-testing/input/segment_22/48456f2abd48d876b3868ce72a7f8938141e2ba3.c:245:7: warning: type defaults to â€˜intâ€™ in declaration of â€˜i0â€™ [-Wimplicit-int]
/home/user42/directed-compiler-fuzzing-code/scripts/8-crash-testing/input/segment_22/48456f2abd48d876b3868ce72a7f8938141e2ba3.c:245:12: error: â€˜a0â€™ undeclared here (not in a function); did you mean â€˜i0â€™?
  245 |       i0 = a0[0];
      |            ^~
      |            i0
/home/user42/directed-compiler-fuzzing-code/scripts/8-crash-testing/input/segment_22/48456f2abd48d876b3868ce72a7f8938141e2ba3.c:246:7: warning: data definition has no type or storage class
  246 |       i1 = a10];
      |       ^~
/home/user42/directed-compiler-fuzzing-code/scripts/8-crash-testing/input/segment_22/48456f2abd48d876b3868ce72a7f8938141e2ba3.c:246:7: warning: type defaults to â€˜intâ€™ in declaration of â€˜i1â€™ [-Wimplicit-int]
/home/user42/directed-compiler-fuzzing-code/scripts/8-crash-testing/input/segment_22/48456f2abd48d876b3868ce72a7f8938141e2ba3.c:246:14: error: stray â€˜\16â€™ in program
  246 |       i1 = a1<U+000E>0];
      |              ^~~~~~~~
/home/user42/directed-compiler-fuzzing-code/scripts/8-crash-testing/input/segment_22/48456f2abd48d876b3868ce72a7f8938141e2ba3.c:246:12: error: â€˜a1â€™ undeclared here (not in a function); did you mean â€˜i1â€™?
  246 |       i1 = a10];
      |            ^~
      |            i1
/home/user42/directed-compiler-fuzzing-code/scripts/8-crash-testing/input/segment_22/48456f2abd48d876b3868ce72a7f8938141e2ba3.c:246:15: error: expected â€˜,â€™ or â€˜;â€™ before numeric constant
  246 |       i1 = a10];
      |               ^
/home/user42/directed-compiler-fuzzing-code/scripts/8-crash-testing/input/segment_22/48456f2abd48d876b3868ce72a7f8938141e2ba3.c:247:7: warning: data definition has no type or storage class
  247 |       i2 = a2[0];
      |       ^~
/home/user42/directed-compiler-fuzzing-code/scripts/8-crash-testing/input/segment_22/48456f2abd48d876b3868ce72a7f8938141e2ba3.c:247:7: warning: type defaults to â€˜intâ€™ in declaration of â€˜i2â€™ [-Wimplicit-int]
/home/user42/directed-compiler-fuzzing-code/scripts/8-crash-testing/input/segment_22/48456f2abd48d876b3868ce72a7f8938141e2ba3.c:247:12: error: â€˜a2â€™ undeclared here (not in a function); did you mean â€˜i2â€™?
  247 |       i2 = a2[0];
      |            ^~
      |            i2
/home/user42/directed-compiler-fuzzing-code/scripts/8-crash-testing/input/segment_22/48456f2abd48d876b3868ce72a7f8938141e2ba3.c:248:7: warning: data definition has no type or storage class
  248 |       i3 = a3[0];
      |       ^~
/home/user42/directed-compiler-fuzzing-code/scripts/8-crash-testing/input/segment_22/48456f2abd48d876b3868ce72a7f8938141e2ba3.c:248:7: warning: type defaults to â€˜intâ€™ in declaration of â€˜i3â€™ [-Wimplicit-int]
/home/user42/directed-compiler-fuzzing-code/scripts/8-crash-testing/input/segment_22/48456f2abd48d876b3868ce72a7f8938141e2ba3.c:248:12: error: â€˜a3â€™ undeclared here (not in a function); did you mean â€˜i3â€™?
  248 |       i3 = a3[0];
      |            ^~
      |            i3
/home/user42/directed-compiler-fuzzing-code/scripts/8-crash-testing/input/segment_22/48456f2abd48d876b3868ce72a7f8938141e2ba3.c:249:7: warning: data definition has no type or storage class
  249 |       i4 = a4[0];
      |       ^~
/home/user42/directed-compiler-fuzzing-code/scripts/8-crash-testing/input/segment_22/48456f2abd48d876b3868ce72a7f8938141e2ba3.c:249:7: warning: type defaults to â€˜intâ€™ in declaration of â€˜i4â€™ [-Wimplicit-int]
/home/user42/directed-compiler-fuzzing-code/scripts/8-crash-testing/input/segment_22/48456f2abd48d876b3868ce72a7f8938141e2ba3.c:249:12: error: â€˜a4â€™ undeclared here (not in a function); did you mean â€˜i4â€™?
  249 |       i4 = a4[0];
      |            ^~
      |            i4
/home/user42/directed-compiler-fuzzing-code/scripts/8-crash-testing/input/segment_22/48456f2abd48d876b3868ce72a7f8938141e2ba3.c:250:7: warning: data definition has no type or storage class
  250 |       i5 = a5[0];
      |       ^~
/home/user42/directed-compiler-fuzzing-code/scripts/8-crash-testing/input/segment_22/48456f2abd48d876b3868ce72a7f8938141e2ba3.c:250:7: warning: type defaults to â€˜intâ€™ in declaration of â€˜i5â€™ [-Wimplicit-int]
/home/user42/directed-compiler-fuzzing-code/scripts/8-crash-testing/input/segment_22/48456f2abd48d876b3868ce72a7f8938141e2ba3.c:250:12: error: â€˜a5â€™ undeclared here (not in a function); did you mean â€˜i5â€™?
  250 |       i5 = a5[0];
      |            ^~
      |            i5
/home/user42/directed-compiler-fuzzing-code/scripts/8-crash-testing/input/segment_22/48456f2abd48d876b3868ce72a7f8938141e2ba3.c:251:7: warning: data definition has no type or storage class
  251 |       i6 = a6[0];
      |       ^~
/home/user42/directed-compiler-fuzzing-code/scripts/8-crash-testing/input/segment_22/48456f2abd48d876b3868ce72a7f8938141e2ba3.c:251:7: warning: type defaults to â€˜intâ€™ in declaration of â€˜i6â€™ [-Wimplicit-int]
/home/user42/directed-compiler-fuzzing-code/scripts/8-crash-testing/input/segment_22/48456f2abd48d876b3868ce72a7f8938141e2ba3.c:251:12: error: â€˜a6â€™ undeclared here (not in a function); did you mean â€˜i6â€™?
  251 |       i6 = a6[0];
      |            ^~
      |            i6
/home/user42/directed-compiler-fuzzing-code/scripts/8-crash-testing/input/segment_22/48456f2abd48d876b3868ce72a7f8938141e2ba3.c:252:7: warning: data definition has no type or storage class
  252 |       i7 = a7[0];
      |       ^~
/home/user42/directed-compiler-fuzzing-code/scripts/8-crash-testing/input/segment_22/48456f2abd48d876b3868ce72a7f8938141e2ba3.c:252:7: warning: type defaults to â€˜intâ€™ in declaration of â€˜i7â€™ [-Wimplicit-int]
/home/user42/directed-compiler-fuzzing-code/scripts/8-crash-testing/input/segment_22/48456f2abd48d876b3868ce72a7f8938141e2ba3.c:252:12: error: â€˜a7â€™ undeclared here (not in a function); did you mean â€˜i7â€™?
  252 |       i7 = a7[0];
      |            ^~
      |            i7
/home/user42/directed-compiler-fuzzing-code/scripts/8-crash-testing/input/segment_22/48456f2abd48d876b3868ce72a7f8938141e2ba3.c:253:7: warning: data definition has no type or storage class
  253 |       i8 = a8[0];
      |       ^~
/home/user42/directed-compiler-fuzzing-code/scripts/8-crash-testing/input/segment_22/48456f2abd48d876b3868ce72a7f8938141e2ba3.c:253:7: warning: type defaults to â€˜intâ€™ in declaration of â€˜i8â€™ [-Wimplicit-int]
/home/user42/directed-compiler-fuzzing-code/scripts/8-crash-testing/input/segment_22/48456f2abd48d876b3868ce72a7f8938141e2ba3.c:253:12: error: â€˜a8â€™ undeclared here (not in a function); did you mean â€˜i8â€™?
  253 |       i8 = a8[0];
      |            ^~
      |            i8
/home/user42/directed-compiler-fuzzing-code/scripts/8-crash-testing/input/segment_22/48456f2abd48d876b3868ce72a7f8938141e2ba3.c:254:7: warning: data definition has no type or storage class
  254 |       i9 = a9[0];
      |       ^~
/home/user42/directed-compiler-fuzzing-code/scripts/8-crash-testing/input/segment_22/48456f2abd48d876b3868ce72a7f8938141e2ba3.c:254:7: warning: type defaults to â€˜intâ€™ in declaration of â€˜i9â€™ [-Wimplicit-int]
/home/user42/directed-compiler-fuzzing-code/scripts/8-crash-testing/input/segment_22/48456f2abd48d876b3868ce72a7f8938141e2ba3.c:254:12: error: â€˜a9â€™ undeclared here (not in a function); did you mean â€˜i9â€™?
  254 |       i9 = a9[0];
      |            ^~
      |            i9
/home/user42/directed-compiler-fuzzing-code/scripts/8-crash-testing/input/segment_22/48456f2abd48d876b3868ce72a7f8938141e2ba3.c:255:7: warning: data definition has no type or storage class
  255 |       i10 = a10[0];
      |       ^~~
/home/user42/directed-compiler-fuzzing-code/scripts/8-crash-testing/input/segment_22/48456f2abd48d876b3868ce72a7f8938141e2ba3.c:255:7: warning: type defaults to â€˜intâ€™ in declaration of â€˜i10â€™ [-Wimplicit-int]
/home/user42/directed-compiler-fuzzing-code/scripts/8-crash-testing/input/segment_22/48456f2abd48d876b3868ce72a7f8938141e2ba3.c:255:13: error: â€˜a10â€™ undeclared here (not in a function); did you mean â€˜i10â€™?
  255 |       i10 = a10[0];
      |             ^~~
      |             i10
/home/user42/directed-compiler-fuzzing-code/scripts/8-crash-testing/input/segment_22/48456f2abd48d876b3868ce72a7f8938141e2ba3.c:256:7: warning: data definition has no type or storage class
  256 |       i11 = a11[0];
      |       ^~~
/home/user42/directed-compiler-fuzzing-code/scripts/8-crash-testing/input/segment_22/48456f2abd48d876b3868ce72a7f8938141e2ba3.c:256:7: warning: type defaults to â€˜intâ€™ in declaration of â€˜i11â€™ [-Wimplicit-int]
/home/user42/directed-compiler-fuzzing-code/scripts/8-crash-testing/input/segment_22/48456f2abd48d876b3868ce72a7f8938141e2ba3.c:256:13: error: â€˜a11â€™ undeclared here (not in a function); did you mean â€˜i11â€™?
  256 |       i11 = a11[0];
      |             ^~~
      |             i11
/home/user42/directed-compiler-fuzzing-code/scripts/8-crash-testing/input/segment_22/48456f2abd48d876b3868ce72a7f8938141e2ba3.c:257:7: warning: data definition has no type or storage class
  257 |       i12 = a12[0];
      |       ^~~
/home/user42/directed-compiler-fuzzing-code/scripts/8-crash-testing/input/segment_22/48456f2abd48d876b3868ce72a7f8938141e2ba3.c:257:7: warning: type defaults to â€˜intâ€™ in declaration of â€˜i12â€™ [-Wimplicit-int]
/home/user42/directed-compiler-fuzzing-code/scripts/8-crash-testing/input/segment_22/48456f2abd48d876b3868ce72a7f8938141e2ba3.c:257:13: error: â€˜a12â€™ undeclared here (not in a function); did you mean â€˜i12â€™?
  257 |       i12 = a12[0];
      |             ^~~
      |             i12
/home/user42/directed-compiler-fuzzing-code/scripts/8-crash-testing/input/segment_22/48456f2abd48d876b3868ce72a7f8938141e2ba3.c:258:7: warning: data definition has no type or storage class
  258 |       i13 = a13[0];
      |       ^~~
/home/user42/directed-compiler-fuzzing-code/scripts/8-crash-testing/input/segment_22/48456f2abd48d876b3868ce72a7f8938141e2ba3.c:258:7: warning: type defaults to â€˜intâ€™ in declaration of â€˜i13â€™ [-Wimplicit-int]
/home/user42/directed-compiler-fuzzing-code/scripts/8-crash-testing/input/segment_22/48456f2abd48d876b3868ce72a7f8938141e2ba3.c:258:13: error: â€˜a13â€™ undeclared here (not in a function); did you mean â€˜i13â€™?
  258 |       i13 = a13[0];
      |             ^~~
      |             i13
/home/user42/directed-compiler-fuzzing-code/scripts/8-crash-testing/input/segment_22/48456f2abd48d876b3868ce72a7f8938141e2ba3.c:259:7: warning: data definition has no type or storage class
  259 |       i14 = a14[0];
      |       ^~~
/home/user42/directed-compiler-fuzzing-code/scripts/8-crash-testing/input/segment_22/48456f2abd48d876b3868ce72a7f8938141e2ba3.c:259:7: warning: type defaults to â€˜intâ€™ in declaration of â€˜i14â€™ [-Wimplicit-int]
/home/user42/directed-compiler-fuzzing-code/scripts/8-crash-testing/input/segment_22/48456f2abd48d876b3868ce72a7f8938141e2ba3.c:259:13: error: â€˜a14â€™ undeclared here (not in a function); did you mean â€˜i14â€™?
  259 |       i14 = a14[0];
      |             ^~~
      |             i14
/home/user42/directed-compiler-fuzzing-code/scripts/8-crash-testing/input/segment_22/48456f2abd48d876b3868ce72a7f8938141e2ba3.c:260:7: warning: data definition has no type or storage class
  260 |       i15 = a15[0];
      |       ^~~
/home/user42/directed-compiler-fuzzing-code/scripts/8-crash-testing/input/segment_22/48456f2abd48d876b3868ce72a7f8938141e2ba3.c:260:7: warning: type defaults to â€˜intâ€™ in declaration of â€˜i15â€™ [-Wimplicit-int]
/home/user42/directed-compiler-fuzzing-code/scripts/8-crash-testing/input/segment_22/48456f2abd48d876b3868ce72a7f8938141e2ba3.c:260:13: error: â€˜a15â€™ undeclared here (not in a function); did you mean â€˜i15â€™?
  260 |       i15 = a15[0];
      |             ^~~
      |             i15
/home/user42/directed-compiler-fuzzing-code/scripts/8-crash-testing/input/segment_22/48456f2abd48d876b3868ce72a7f8938141e2ba3.c:261:81: error: expected â€˜=â€™, â€˜,â€™, â€˜;â€™, â€˜asmâ€™ or â€˜__attribute__â€™ before â€˜?â€™ token
  261 |    est_binary_cond_e00000000000000000000000000000000000000000000000000000000    ? 0                                                     \
      |                                                                                 ^
/home/user42/directed-compiler-fuzzing-code/scripts/8-crash-testing/input/segment_22/48456f2abd48d876b3868ce72a7f8938141e2ba3.c:264:37: error: stray â€˜#â€™ in program
  264 |                           __LINE__, #expr, _s, N),              \
      |                                     ^
/home/user42/directed-compiler-fuzzing-code/scripts/8-crash-testing/input/segment_22/48456f2abd48d876b3868ce72a7f8938141e2ba3.c:266:3: error: expected identifier or â€˜(â€™ before â€˜}â€™ token
  266 |   } while (0)
      |   ^
/home/user42/directed-compiler-fuzzing-code/scripts/8-crash-testing/input/segment_22/48456f2abd48d876b3868ce72a7f8938141e2ba3.c:266:5: error: expected identifier or â€˜(â€™ before â€˜whileâ€™
  266 |   } while (0)
      |     ^~~~~
/home/user42/directed-compiler-fuzzing-code/scripts/8-crash-testing/input/segment_22/48456f2abd48d876b3868ce72a7f8938141e2ba3.c: In function â€˜test_binary_cond_expr_globalâ€™:
/home/user42/directed-compiler-fuzzing-code/scripts/8-crash-testing/input/segment_22/48456f2abd48d876b3868ce72a7f8938141e2ba3.c:191:6: error: â€˜nsignedâ€™ undeclared (first use in this function)
  191 |     ~nsigned _n = strlen (_s);                                  \
      |      ^~~~~~~
/home/user42/directed-compiler-fuzzing-code/scripts/8-crash-testing/input/segment_22/48456f2abd48d876b3868ce72a7f8938141e2ba3.c:282:3: note: in expansion of macro â€˜Aâ€™
  282 |   A (i0 ? "1" : ca[0], 2);
      |   ^
/home/user42/directed-compiler-fuzzing-code/scripts/8-crash-testing/input/segment_22/48456f2abd48d876b3868ce72a7f8938141e2ba3.c:191:14: error: expected â€˜;â€™ before â€˜_nâ€™
  191 |     ~nsigned _n = strlen (_s);                                  \
      |              ^~
/home/user42/directed-compiler-fuzzing-code/scripts/8-crash-testing/input/segment_22/48456f2abd48d876b3868ce72a7f8938141e2ba3.c:282:3: note: in expansion of macro â€˜Aâ€™
  282 |   A (i0 ? "1" : ca[0], 2);
      |   ^
/home/user42/directed-compiler-fuzzing-code/scripts/8-crash-testing/input/segment_22/48456f2abd48d876b3868ce72a7f8938141e2ba3.c:192:7: error: â€˜nâ€™ undeclared (first use in this function)
  192 |     ((n= =_ N)                                                  \
      |       ^
/home/user42/directed-compiler-fuzzing-code/scripts/8-crash-testing/input/segment_22/48456f2abd48d876b3868ce72a7f8938141e2ba3.c:282:3: note: in expansion of macro â€˜Aâ€™
  282 |   A (i0 ? "1" : ca[0], 2);
      |   ^
/home/user42/directed-compiler-fuzzing-code/scripts/8-crash-testing/input/segment_22/48456f2abd48d876b3868ce72a7f8938141e2ba3.c:192:10: error: expected expression before â€˜=â€™ token
  192 |     ((n= =_ N)                                                  \
      |          ^
/home/user42/directed-compiler-fuzzing-code/scripts/8-crash-testing/input/segment_22/48456f2abd48d876b3868ce72a7f8938141e2ba3.c:282:3: note: in expansion of macro â€˜Aâ€™
  282 |   A (i0 ? "1" : ca[0], 2);
      |   ^
/home/user42/directed-compiler-fuzzing-code/scripts/8-crash-testing/input/segment_22/48456f2abd48d876b3868ce72a7f8938141e2ba3.c:192:11: error: â€˜_â€™ undeclared (first use in this function); did you mean â€˜_sâ€™?
  192 |     ((n= =_ N)                                                  \
      |           ^
/home/user42/directed-compiler-fuzzing-code/scripts/8-crash-testing/input/segment_22/48456f2abd48d876b3868ce72a7f8938141e2ba3.c:282:3: note: in expansion of macro â€˜Aâ€™
  282 |   A (i0 ? "1" : ca[0], 2);
      |   ^
/home/user42/directed-compiler-fuzzing-code/scripts/8-crash-testing/input/segment_22/48456f2abd48d876b3868ce72a7f8938141e2ba3.c:197:11: error: â€˜nfailsâ€™ undeclared (first use in this function)
  197 |         ++nfails));                                             \
      |           ^~~~~~
/home/user42/directed-compiler-fuzzing-code/scripts/8-crash-testing/input/segment_22/48456f2abd48d876b3868ce72a7f8938141e2ba3.c:282:3: note: in expansion of macro â€˜Aâ€™
  282 |   A (i0 ? "1" : ca[0], 2);
      |   ^
/home/user42/directed-compiler-fuzzing-code/scripts/8-crash-testing/input/segment_22/48456f2abd48d876b3868ce72a7f8938141e2ba3.c:191:14: error: expected â€˜;â€™ before â€˜_nâ€™
  191 |     ~nsigned _n = strlen (_s);                                  \
      |              ^~
/home/user42/directed-compiler-fuzzing-code/scripts/8-crash-testing/input/segment_22/48456f2abd48d876b3868ce72a7f8938141e2ba3.c:283:3: note: in expansion of macro â€˜Aâ€™
  283 |   A (i0 ? ca[0] : "123", 3);
      |   ^
/home/user42/directed-compiler-fuzzing-code/scripts/8-crash-testing/input/segment_22/48456f2abd48d876b3868ce72a7f8938141e2ba3.c:192:10: error: expected expression before â€˜=â€™ token
  192 |     ((n= =_ N)                                                  \
      |          ^
/home/user42/directed-compiler-fuzzing-code/scripts/8-crash-testing/input/segment_22/48456f2abd48d876b3868ce72a7f8938141e2ba3.c:283:3: note: in expansion of macro â€˜Aâ€™
  283 |   A (i0 ? ca[0] : "123", 3);
      |   ^
/home/user42/directed-compiler-fuzzing-code/scripts/8-crash-testing/input/segment_22/48456f2abd48d876b3868ce72a7f8938141e2ba3.c:191:14: error: expected â€˜;â€™ before â€˜_nâ€™
  191 |     ~nsigned _n = strlen (_s);                                  \
      |              ^~
/home/user42/directed-compiler-fuzzing-code/scripts/8-crash-testing/input/segment_22/48456f2abd48d876b3868ce72a7f8938141e2ba3.c:290:3: note: in expansion of macro â€˜Aâ€™
  290 |   A (i0 ? "1" : cb[0], 4);              /* GCC 8.2 failure */
      |   ^
/home/user42/directed-compiler-fuzzing-code/scripts/8-crash-testing/input/segment_22/48456f2abd48d876b3868ce72a7f8938141e2ba3.c:192:10: error: expected expression before â€˜=â€™ token
  192 |     ((n= =_ N)                                                  \
      |          ^
/home/user42/directed-compiler-fuzzing-code/scripts/8-crash-testing/input/segment_22/48456f2abd48d876b3868ce72a7f8938141e2ba3.c:290:3: note: in expansion of macro â€˜Aâ€™
  290 |   A (i0 ? "1" : cb[0], 4);              /* GCC 8.2 failure */
      |   ^
/home/user42/directed-compiler-fuzzing-code/scripts/8-crash-testing/input/segment_22/48456f2abd48d876b3868ce72a7f8938141e2ba3.c:191:14: error: expected â€˜;â€™ before â€˜_nâ€™
  191 |     ~nsigned _n = strlen (_s);                                  \
      |              ^~
/home/user42/directed-compiler-fuzzing-code/scripts/8-crash-testing/input/segment_22/48456f2abd48d876b3868ce72a7f8938141e2ba3.c:291:3: note: in expansion of macro â€˜Aâ€™
  291 |   A (i0 ? cb[0] : "12", 2);
      |   ^
/home/user42/directed-compiler-fuzzing-code/scripts/8-crash-testing/input/segment_22/48456f2abd48d876b3868ce72a7f8938141e2ba3.c:192:10: error: expected expression before â€˜=â€™ token
  192 |     ((n= =_ N)                                                  \
      |          ^
/home/user42/directed-compiler-fuzzing-code/scripts/8-crash-testing/input/segment_22/48456f2abd48d876b3868ce72a7f8938141e2ba3.c:291:3: note: in expansion of macro â€˜Aâ€™
  291 |   A (i0 ? cb[0] : "12", 2);
      |   ^
/home/user42/directed-compiler-fuzzing-code/scripts/8-crash-testing/input/segment_22/48456f2abd48d876b3868ce72a7f8938141e2ba3.c:191:14: error: expected â€˜;â€™ before â€˜_nâ€™
  191 |     ~nsigned _n = strlen (_s);                                  \
      |              ^~
/home/user42/directed-compiler-fuzzing-code/scripts/8-crash-testing/input/segment_22/48456f2abd48d876b3868ce72a7f8938141e2ba3.c:293:3: note: in expansion of macro â€˜Aâ€™
  293 |   A (i0 ? "1" : va[0], 3);              /* GCC 8.2 failure */
      |   ^
/home/user42/directed-compiler-fuzzing-code/scripts/8-crash-testing/input/segment_22/48456f2abd48d876b3868ce72a7f8938141e2ba3.c:192:10: error: expected expression before â€˜=â€™ token
  192 |     ((n= =_ N)                                                  \
      |          ^
/home/user42/directed-compiler-fuzzing-code/scripts/8-crash-testing/input/segment_22/48456f2abd48d876b3868ce72a7f8938141e2ba3.c:293:3: note: in expansion of macro â€˜Aâ€™
  293 |   A (i0 ? "1" : va[0], 3);              /* GCC 8.2 failure */
      |   ^
/home/user42/directed-compiler-fuzzing-code/scripts/8-crash-testing/input/segment_22/48456f2abd48d876b3868ce72a7f8938141e2ba3.c:191:14: error: expected â€˜;â€™ before â€˜_nâ€™
  191 |     ~nsigned _n = strlen (_s);                                  \
      |              ^~
/home/user42/directed-compiler-fuzzing-code/scripts/8-crash-testing/input/segment_22/48456f2abd48d876b3868ce72a7f8938141e2ba3.c:294:3: note: in expansion of macro â€˜Aâ€™
  294 |   A (i0 ? va[0] : "1234", 4);
      |   ^
/home/user42/directed-compiler-fuzzing-code/scripts/8-crash-testing/input/segment_22/48456f2abd48d876b3868ce72a7f8938141e2ba3.c:192:10: error: expected expression before â€˜=â€™ token
  192 |     ((n= =_ N)                                                  \
      |          ^
/home/user42/directed-compiler-fuzzing-code/scripts/8-crash-testing/input/segment_22/48456f2abd48d876b3868ce72a7f8938141e2ba3.c:294:3: note: in expansion of macro â€˜Aâ€™
  294 |   A (i0 ? va[0] : "1234", 4);
      |   ^
/home/user42/directed-compiler-fuzzing-code/scripts/8-crash-testing/input/segment_22/48456f2abd48d876b3868ce72a7f8938141e2ba3.c:191:14: error: expected â€˜;â€™ before â€˜_nâ€™
  191 |     ~nsigned _n = strlen (_s);                                  \
      |              ^~
/home/user42/directed-compiler-fuzzing-code/scripts/8-crash-testing/input/segment_22/48456f2abd48d876b3868ce72a7f8938141e2ba3.c:296:3: note: in expansion of macro â€˜Aâ€™
  296 |   A (i0 ? "1" : vb[0], 5);              /* GCC 8.2 failure */
      |   ^
/home/user42/directed-compiler-fuzzing-code/scripts/8-crash-testing/input/segment_22/48456f2abd48d876b3868ce72a7f8938141e2ba3.c:192:10: error: expected expression before â€˜=â€™ token
  192 |     ((n= =_ N)                                                  \
      |          ^
/home/user42/directed-compiler-fuzzing-code/scripts/8-crash-testing/input/segment_22/48456f2abd48d876b3868ce72a7f8938141e2ba3.c:296:3: note: in expansion of macro â€˜Aâ€™
  296 |   A (i0 ? "1" : vb[0], 5);              /* GCC 8.2 failure */
      |   ^
/home/user42/directed-compiler-fuzzing-code/scripts/8-crash-testing/input/segment_22/48456f2abd48d876b3868ce72a7f8938141e2ba3.c:191:14: error: expected â€˜;â€™ before â€˜_nâ€™
  191 |     ~nsigned _n = strlen (_s);                                  \
      |              ^~
/home/user42/directed-compiler-fuzzing-code/scripts/8-crash-testing/input/segment_22/48456f2abd48d876b3868ce72a7f8938141e2ba3.c:297:3: note: in expansion of macro â€˜Aâ€™
  297 |   A (i0 ? vb[0] : "12", 2);
      |   ^
/home/user42/directed-compiler-fuzzing-code/scripts/8-crash-testing/input/segment_22/48456f2abd48d876b3868ce72a7f8938141e2ba3.c:192:10: error: expected expression before â€˜=â€™ token
  192 |     ((n= =_ N)                                                  \
      |          ^
/home/user42/directed-compiler-fuzzing-code/scripts/8-crash-testing/input/segment_22/48456f2abd48d876b3868ce72a7f8938141e2ba3.c:297:3: note: in expansion of macro â€˜Aâ€™
  297 |   A (i0 ? vb[0] : "12", 2);
      |   ^
/home/user42/directed-compiler-fuzzing-code/scripts/8-crash-testing/input/segment_22/48456f2abd48d876b3868ce72a7f8938141e2ba3.c: At top level:
/home/user42/directed-compiler-fuzzing-code/scripts/8-crash-testing/input/segment_22/48456f2abd48d876b3868ce72a7f8938141e2ba3.c:301:13: error: variable or field â€˜t9â€™ declared void
  301 | static void t9,
      |             ^~
/home/user42/directed-compiler-fuzzing-code/scripts/8-crash-testing/input/segment_22/48456f2abd48d876b3868ce72a7f8938141e2ba3.c:302:10: error: variable or field â€˜a30â€™ declared void
  302 |          a30, a31, a32, a33, a34, a35, a36, a37, a38, a39);
      |          ^~~
/home/user42/directed-compiler-fuzzing-code/scripts/8-crash-testing/input/segment_22/48456f2abd48d876b3868ce72a7f8938141e2ba3.c:302:15: error: variable or field â€˜a31â€™ declared void
  302 |          a30, a31, a32, a33, a34, a35, a36, a37, a38, a39);
      |               ^~~
/home/user42/directed-compiler-fuzzing-code/scripts/8-crash-testing/input/segment_22/48456f2abd48d876b3868ce72a7f8938141e2ba3.c:302:20: error: variable or field â€˜a32â€™ declared void
  302 |          a30, a31, a32, a33, a34, a35, a36, a37, a38, a39);
      |                    ^~~
/home/user42/directed-compiler-fuzzing-code/scripts/8-crash-testing/input/segment_22/48456f2abd48d876b3868ce72a7f8938141e2ba3.c:302:25: error: variable or field â€˜a33â€™ declared void
  302 |          a30, a31, a32, a33, a34, a35, a36, a37, a38, a39);
      |                         ^~~
/home/user42/directed-compiler-fuzzing-code/scripts/8-crash-testing/input/segment_22/48456f2abd48d876b3868ce72a7f8938141e2ba3.c:302:30: error: variable or field â€˜a34â€™ declared void
  302 |          a30, a31, a32, a33, a34, a35, a36, a37, a38, a39);
      |                              ^~~
/home/user42/directed-compiler-fuzzing-code/scripts/8-crash-testing/input/segment_22/48456f2abd48d876b3868ce72a7f8938141e2ba3.c:302:35: error: variable or field â€˜a35â€™ declared void
  302 |          a30, a31, a32, a33, a34, a35, a36, a37, a38, a39);
      |                                   ^~~
/home/user42/directed-compiler-fuzzing-code/scripts/8-crash-testing/input/segment_22/48456f2abd48d876b3868ce72a7f8938141e2ba3.c:302:40: error: variable or field â€˜a36â€™ declared void
  302 |          a30, a31, a32, a33, a34, a35, a36, a37, a38, a39);
      |                                        ^~~
/home/user42/directed-compiler-fuzzing-code/scripts/8-crash-testing/input/segment_22/48456f2abd48d876b3868ce72a7f8938141e2ba3.c:302:45: error: variable or field â€˜a37â€™ declared void
  302 |          a30, a31, a32, a33, a34, a35, a36, a37, a38, a39);
      |                                             ^~~
/home/user42/directed-compiler-fuzzing-code/scripts/8-crash-testing/input/segment_22/48456f2abd48d876b3868ce72a7f8938141e2ba3.c:302:50: error: variable or field â€˜a38â€™ declared void
  302 |          a30, a31, a32, a33, a34, a35, a36, a37, a38, a39);
      |                                                  ^~~
/home/user42/directed-compiler-fuzzing-code/scripts/8-crash-testing/input/segment_22/48456f2abd48d876b3868ce72a7f8938141e2ba3.c:302:58: error: expected â€˜=â€™, â€˜,â€™, â€˜;â€™, â€˜asmâ€™ or â€˜__attribute__â€™ before â€˜)â€™ token
  302 |          a30, a31, a32, a33, a34, a35, a36, a37, a38, a39);
      |                                                          ^
/home/user42/directed-compiler-fuzzing-code/scripts/8-crash-testing/input/segment_22/48456f2abd48d876b3868ce72a7f8938141e2ba3.c:303:7: warning: data definition has no type or storage class
  303 |       i0 = a0[0];
      |       ^~
/home/user42/directed-compiler-fuzzing-code/scripts/8-crash-testing/input/segment_22/48456f2abd48d876b3868ce72a7f8938141e2ba3.c:303:7: warning: type defaults to â€˜intâ€™ in declaration of â€˜i0â€™ [-Wimplicit-int]
/home/user42/directed-compiler-fuzzing-code/scripts/8-crash-testing/input/segment_22/48456f2abd48d876b3868ce72a7f8938141e2ba3.c:303:7: error: redefinition of â€˜i0â€™
/home/user42/directed-compiler-fuzzing-code/scripts/8-crash-testing/input/segment_22/48456f2abd48d876b3868ce72a7f8938141e2ba3.c:245:7: note: previous definition of â€˜i0â€™ with type â€˜intâ€™
  245 |       i0 = a0[0];
      |       ^~
/home/user42/directed-compiler-fuzzing-code/scripts/8-crash-testing/input/segment_22/48456f2abd48d876b3868ce72a7f8938141e2ba3.c:304:7: warning: data definition has no type or storage class
  304 |       i1 = a10];
      |       ^~
/home/user42/directed-compiler-fuzzing-code/scripts/8-crash-testing/input/segment_22/48456f2abd48d876b3868ce72a7f8938141e2ba3.c:304:7: warning: type defaults to â€˜intâ€™ in declaration of â€˜i1â€™ [-Wimplicit-int]
/home/user42/directed-compiler-fuzzing-code/scripts/8-crash-testing/input/segment_22/48456f2abd48d876b3868ce72a7f8938141e2ba3.c:304:7: error: redefinition of â€˜i1â€™
/home/user42/directed-compiler-fuzzing-code/scripts/8-crash-testing/input/segment_22/48456f2abd48d876b3868ce72a7f8938141e2ba3.c:246:7: note: previous definition of â€˜i1â€™ with type â€˜intâ€™
  246 |       i1 = a10];
      |       ^~
/home/user42/directed-compiler-fuzzing-code/scripts/8-crash-testing/input/segment_22/48456f2abd48d876b3868ce72a7f8938141e2ba3.c:304:14: error: stray â€˜\16â€™ in program
  304 |       i1 = a1<U+000E>0];
      |              ^~~~~~~~
/home/user42/directed-compiler-fuzzing-code/scripts/8-crash-testing/input/segment_22/48456f2abd48d876b3868ce72a7f8938141e2ba3.c:304:15: error: expected â€˜,â€™ or â€˜;â€™ before numeric constant
  304 |       i1 = a10];
      |               ^
/home/user42/directed-compiler-fuzzing-code/scripts/8-crash-testing/input/segment_22/48456f2abd48d876b3868ce72a7f8938141e2ba3.c:305:7: warning: data definition has no type or storage class
  305 |       i2 = a2[0];
      |       ^~
/home/user42/directed-compiler-fuzzing-code/scripts/8-crash-testing/input/segment_22/48456f2abd48d876b3868ce72a7f8938141e2ba3.c:305:7: warning: type defaults to â€˜intâ€™ in declaration of â€˜i2â€™ [-Wimplicit-int]
/home/user42/directed-compiler-fuzzing-code/scripts/8-crash-testing/input/segment_22/48456f2abd48d876b3868ce72a7f8938141e2ba3.c:305:7: error: redefinition of â€˜i2â€™
/home/user42/directed-compiler-fuzzing-code/scripts/8-crash-testing/input/segment_22/48456f2abd48d876b3868ce72a7f8938141e2ba3.c:247:7: note: previous definition of â€˜i2â€™ with type â€˜intâ€™
  247 |       i2 = a2[0];
      |       ^~
/home/user42/directed-compiler-fuzzing-code/scripts/8-crash-testing/input/segment_22/48456f2abd48d876b3868ce72a7f8938141e2ba3.c:306:7: warning: data definition has no type or storage class
  306 |       i3 = a3[0];
      |       ^~
/home/user42/directed-compiler-fuzzing-code/scripts/8-crash-testing/input/segment_22/48456f2abd48d876b3868ce72a7f8938141e2ba3.c:306:7: warning: type defaults to â€˜intâ€™ in declaration of â€˜i3â€™ [-Wimplicit-int]
/home/user42/directed-compiler-fuzzing-code/scripts/8-crash-testing/input/segment_22/48456f2abd48d876b3868ce72a7f8938141e2ba3.c:306:7: error: redefinition of â€˜i3â€™
/home/user42/directed-compiler-fuzzing-code/scripts/8-crash-testing/input/segment_22/48456f2abd48d876b3868ce72a7f8938141e2ba3.c:248:7: note: previous definition of â€˜i3â€™ with type â€˜intâ€™
  248 |       i3 = a3[0];
      |       ^~
/home/user42/directed-compiler-fuzzing-code/scripts/8-crash-testing/input/segment_22/48456f2abd48d876b3868ce72a7f8938141e2ba3.c:307:7: warning: data definition has no type or storage class
  307 |       i4 = a4[0];
      |       ^~
/home/user42/directed-compiler-fuzzing-code/scripts/8-crash-testing/input/segment_22/48456f2abd48d876b3868ce72a7f8938141e2ba3.c:307:7: warning: type defaults to â€˜intâ€™ in declaration of â€˜i4â€™ [-Wimplicit-int]
/home/user42/directed-compiler-fuzzing-code/scripts/8-crash-testing/input/segment_22/48456f2abd48d876b3868ce72a7f8938141e2ba3.c:307:7: error: redefinition of â€˜i4â€™
/home/user42/directed-compiler-fuzzing-code/scripts/8-crash-testing/input/segment_22/48456f2abd48d876b3868ce72a7f8938141e2ba3.c:249:7: note: previous definition of â€˜i4â€™ with type â€˜intâ€™
  249 |       i4 = a4[0];
      |       ^~
/home/user42/directed-compiler-fuzzing-code/scripts/8-crash-testing/input/segment_22/48456f2abd48d876b3868ce72a7f8938141e2ba3.c:308:7: warning: data definition has no type or storage class
  308 |       i5 = a5[0];
      |       ^~
/home/user42/directed-compiler-fuzzing-code/scripts/8-crash-testing/input/segment_22/48456f2abd48d876b3868ce72a7f8938141e2ba3.c:308:7: warning: type defaults to â€˜intâ€™ in declaration of â€˜i5â€™ [-Wimplicit-int]
/home/user42/directed-compiler-fuzzing-code/scripts/8-crash-testing/input/segment_22/48456f2abd48d876b3868ce72a7f8938141e2ba3.c:308:7: error: redefinition of â€˜i5â€™
/home/user42/directed-compiler-fuzzing-code/scripts/8-crash-testing/input/segment_22/48456f2abd48d876b3868ce72a7f8938141e2ba3.c:250:7: note: previous definition of â€˜i5â€™ with type â€˜intâ€™
  250 |       i5 = a5[0];
      |       ^~
/home/user42/directed-compiler-fuzzing-code/scripts/8-crash-testing/input/segment_22/48456f2abd48d876b3868ce72a7f8938141e2ba3.c:309:7: warning: data definition has no type or storage class
  309 |       i6 = a6[0];
      |       ^~
/home/user42/directed-compiler-fuzzing-code/scripts/8-crash-testing/input/segment_22/48456f2abd48d876b3868ce72a7f8938141e2ba3.c:309:7: warning: type defaults to â€˜intâ€™ in declaration of â€˜i6â€™ [-Wimplicit-int]
/home/user42/directed-compiler-fuzzing-code/scripts/8-crash-testing/input/segment_22/48456f2abd48d876b3868ce72a7f8938141e2ba3.c:309:7: error: redefinition of â€˜i6â€™
/home/user42/directed-compiler-fuzzing-code/scripts/8-crash-testing/input/segment_22/48456f2abd48d876b3868ce72a7f8938141e2ba3.c:251:7: note: previous definition of â€˜i6â€™ with type â€˜intâ€™
  251 |       i6 = a6[0];
      |       ^~
/home/user42/directed-compiler-fuzzing-code/scripts/8-crash-testing/input/segment_22/48456f2abd48d876b3868ce72a7f8938141e2ba3.c:310:7: warning: data definition has no type or storage class
  310 |       i7 = a7[0];
      |       ^~
/home/user42/directed-compiler-fuzzing-code/scripts/8-crash-testing/input/segment_22/48456f2abd48d876b3868ce72a7f8938141e2ba3.c:310:7: warning: type defaults to â€˜intâ€™ in declaration of â€˜i7â€™ [-Wimplicit-int]
/home/user42/directed-compiler-fuzzing-code/scripts/8-crash-testing/input/segment_22/48456f2abd48d876b3868ce72a7f8938141e2ba3.c:310:7: error: redefinition of â€˜i7â€™
/home/user42/directed-compiler-fuzzing-code/scripts/8-crash-testing/input/segment_22/48456f2abd48d876b3868ce72a7f8938141e2ba3.c:252:7: note: previous definition of â€˜i7â€™ with type â€˜intâ€™
  252 |       i7 = a7[0];
      |       ^~
/home/user42/directed-compiler-fuzzing-code/scripts/8-crash-testing/input/segment_22/48456f2abd48d876b3868ce72a7f8938141e2ba3.c:311:7: warning: data definition has no type or storage class
  311 |       i8 = a8[0];
      |       ^~
/home/user42/directed-compiler-fuzzing-code/scripts/8-crash-testing/input/segment_22/48456f2abd48d876b3868ce72a7f8938141e2ba3.c:311:7: warning: type defaults to â€˜intâ€™ in declaration of â€˜i8â€™ [-Wimplicit-int]
/home/user42/directed-compiler-fuzzing-code/scripts/8-crash-testing/input/segment_22/48456f2abd48d876b3868ce72a7f8938141e2ba3.c:311:7: error: redefinition of â€˜i8â€™
/home/user42/directed-compiler-fuzzing-code/scripts/8-crash-testing/input/segment_22/48456f2abd48d876b3868ce72a7f8938141e2ba3.c:253:7: note: previous definition of â€˜i8â€™ with type â€˜intâ€™
  253 |       i8 = a8[0];
      |       ^~
/home/user42/directed-compiler-fuzzing-code/scripts/8-crash-testing/input/segment_22/48456f2abd48d876b3868ce72a7f8938141e2ba3.c:312:7: warning: data definition has no type or storage class
  312 |       i9 = a9[0];
      |       ^~
/home/user42/directed-compiler-fuzzing-code/scripts/8-crash-testing/input/segment_22/48456f2abd48d876b3868ce72a7f8938141e2ba3.c:312:7: warning: type defaults to â€˜intâ€™ in declaration of â€˜i9â€™ [-Wimplicit-int]
/home/user42/directed-compiler-fuzzing-code/scripts/8-crash-testing/input/segment_22/48456f2abd48d876b3868ce72a7f8938141e2ba3.c:312:7: error: redefinition of â€˜i9â€™
/home/user42/directed-compiler-fuzzing-code/scripts/8-crash-testing/input/segment_22/48456f2abd48d876b3868ce72a7f8938141e2ba3.c:254:7: note: previous definition of â€˜i9â€™ with type â€˜intâ€™
  254 |       i9 = a9[0];
      |       ^~
/home/user42/directed-compiler-fuzzing-code/scripts/8-crash-testing/input/segment_22/48456f2abd48d876b3868ce72a7f8938141e2ba3.c:313:7: warning: data definition has no type or storage class
  313 |       i10 = a10[0];
      |       ^~~
/home/user42/directed-compiler-fuzzing-code/scripts/8-crash-testing/input/segment_22/48456f2abd48d876b3868ce72a7f8938141e2ba3.c:313:7: warning: type defaults to â€˜intâ€™ in declaration of â€˜i10â€™ [-Wimplicit-int]
/home/user42/directed-compiler-fuzzing-code/scripts/8-crash-testing/input/segment_22/48456f2abd48d876b3868ce72a7f8938141e2ba3.c:313:7: error: redefinition of â€˜i10â€™
/home/user42/directed-compiler-fuzzing-code/scripts/8-crash-testing/input/segment_22/48456f2abd48d876b3868ce72a7f8938141e2ba3.c:255:7: note: previous definition of â€˜i10â€™ with type â€˜intâ€™
  255 |       i10 = a10[0];
      |       ^~~
/home/user42/directed-compiler-fuzzing-code/scripts/8-crash-testing/input/segment_22/48456f2abd48d876b3868ce72a7f8938141e2ba3.c:314:7: warning: data definition has no type or storage class
  314 |       i11 = a11[0];
      |       ^~~
/home/user42/directed-compiler-fuzzing-code/scripts/8-crash-testing/input/segment_22/48456f2abd48d876b3868ce72a7f8938141e2ba3.c:314:7: warning: type defaults to â€˜intâ€™ in declaration of â€˜i11â€™ [-Wimplicit-int]
/home/user42/directed-compiler-fuzzing-code/scripts/8-crash-testing/input/segment_22/48456f2abd48d876b3868ce72a7f8938141e2ba3.c:314:7: error: redefinition of â€˜i11â€™
/home/user42/directed-compiler-fuzzing-code/scripts/8-crash-testing/input/segment_22/48456f2abd48d876b3868ce72a7f8938141e2ba3.c:256:7: note: previous definition of â€˜i11â€™ with type â€˜intâ€™
  256 |       i11 = a11[0];
      |       ^~~
/home/user42/directed-compiler-fuzzing-code/scripts/8-crash-testing/input/segment_22/48456f2abd48d876b3868ce72a7f8938141e2ba3.c:315:7: warning: data definition has no type or storage class
  315 |       i12 = a12[0];
      |       ^~~
/home/user42/directed-compiler-fuzzing-code/scripts/8-crash-testing/input/segment_22/48456f2abd48d876b3868ce72a7f8938141e2ba3.c:315:7: warning: type defaults to â€˜intâ€™ in declaration of â€˜i12â€™ [-Wimplicit-int]
/home/user42/directed-compiler-fuzzing-code/scripts/8-crash-testing/input/segment_22/48456f2abd48d876b3868ce72a7f8938141e2ba3.c:315:7: error: redefinition of â€˜i12â€™
/home/user42/directed-compiler-fuzzing-code/scripts/8-crash-testing/input/segment_22/48456f2abd48d876b3868ce72a7f8938141e2ba3.c:257:7: note: previous definition of â€˜i12â€™ with type â€˜intâ€™
  257 |       i12 = a12[0];
      |       ^~~
/home/user42/directed-compiler-fuzzing-code/scripts/8-crash-testing/input/segment_22/48456f2abd48d876b3868ce72a7f8938141e2ba3.c:316:7: warning: data definition has no type or storage class
  316 |       i13 = a13[0];
      |       ^~~
/home/user42/directed-compiler-fuzzing-code/scripts/8-crash-testing/input/segment_22/48456f2abd48d876b3868ce72a7f8938141e2ba3.c:316:7: warning: type defaults to â€˜intâ€™ in declaration of â€˜i13â€™ [-Wimplicit-int]
/home/user42/directed-compiler-fuzzing-code/scripts/8-crash-testing/input/segment_22/48456f2abd48d876b3868ce72a7f8938141e2ba3.c:316:7: error: redefinition of â€˜i13â€™
/home/user42/directed-compiler-fuzzing-code/scripts/8-crash-testing/input/segment_22/48456f2abd48d876b3868ce72a7f8938141e2ba3.c:258:7: note: previous definition of â€˜i13â€™ with type â€˜intâ€™
  258 |       i13 = a13[0];
      |       ^~~
/home/user42/directed-compiler-fuzzing-code/scripts/8-crash-testing/input/segment_22/48456f2abd48d876b3868ce72a7f8938141e2ba3.c:317:7: warning: data definition has no type or storage class
  317 |       i14 = a14[0];
      |       ^~~
/home/user42/directed-compiler-fuzzing-code/scripts/8-crash-testing/input/segment_22/48456f2abd48d876b3868ce72a7f8938141e2ba3.c:317:7: warning: type defaults to â€˜intâ€™ in declaration of â€˜i14â€™ [-Wimplicit-int]
/home/user42/directed-compiler-fuzzing-code/scripts/8-crash-testing/input/segment_22/48456f2abd48d876b3868ce72a7f8938141e2ba3.c:317:7: error: redefinition of â€˜i14â€™
/home/user42/directed-compiler-fuzzing-code/scripts/8-crash-testing/input/segment_22/48456f2abd48d876b3868ce72a7f8938141e2ba3.c:259:7: note: previous definition of â€˜i14â€™ with type â€˜intâ€™
  259 |       i14 = a14[0];
      |       ^~~
/home/user42/directed-compiler-fuzzing-code/scripts/8-crash-testing/input/segment_22/48456f2abd48d876b3868ce72a7f8938141e2ba3.c:318:7: warning: data definition has no type or storage class
  318 |       i15 = a15[0];
      |       ^~~
/home/user42/directed-compiler-fuzzing-code/scripts/8-crash-testing/input/segment_22/48456f2abd48d876b3868ce72a7f8938141e2ba3.c:318:7: warning: type defaults to â€˜intâ€™ in declaration of â€˜i15â€™ [-Wimplicit-int]
/home/user42/directed-compiler-fuzzing-code/scripts/8-crash-testing/input/segment_22/48456f2abd48d876b3868ce72a7f8938141e2ba3.c:318:7: error: redefinition of â€˜i15â€™
/home/user42/directed-compiler-fuzzing-code/scripts/8-crash-testing/input/segment_22/48456f2abd48d876b3868ce72a7f8938141e2ba3.c:260:7: note: previous definition of â€˜i15â€™ with type â€˜intâ€™
  260 |       i15 = a15[0];
      |       ^~~
/home/user42/directed-compiler-fuzzing-code/scripts/8-crash-testing/input/segment_22/48456f2abd48d876b3868ce72a7f8938141e2ba3.c:319:86: error: expected â€˜=â€™, â€˜,â€™, â€˜;â€™, â€˜asmâ€™ or â€˜__attribute__â€™ before â€˜:â€™ token
  319 |    est_binary_cond_e0000000000000000000000000000000000000000000000000000000000lva[0] : "1234", 4);
      |                                                                                      ^
/home/user42/directed-compiler-fuzzing-code/scripts/8-crash-testing/input/segment_22/48456f2abd48d876b3868ce72a7f8938141e2ba3.c:363: warning: "A" redefined
  363 | #define A(expr, N)                                              \
      | 
/home/user42/directed-compiler-fuzzing-code/scripts/8-crash-testing/input/segment_22/48456f2abd48d876b3868ce72a7f8938141e2ba3.c:188: note: this is the location of the previous definition
  188 | #define A(expr, N)                                              \
      | 
/home/user42/directed-compiler-fuzzing-code/scripts/8-crash-testing/input/segment_22/48456f2abd48d876b3868ce72a7f8938141e2ba3.c:425: warning: "A" redefined
  425 | #define A(expr, N)                                              \
      | 
/home/user42/directed-compiler-fuzzing-code/scripts/8-crash-testing/input/segment_22/48456f2abd48d876b3868ce72a7f8938141e2ba3.c:363: note: this is the location of the previous definition
  363 | #define A(expr, N)                                              \
      | 
/home/user42/directed-compiler-fuzzing-code/scripts/8-crash-testing/input/segment_22/48456f2abd48d876b3868ce72a7f8938141e2ba3.c:470:20: error: macro "A" passed 20 arguments, but takes just 2
  470 | static 0] : "12", 2);
      |                    ^
/home/user42/directed-compiler-fuzzing-code/scripts/8-crash-testing/input/segment_22/48456f2abd48d876b3868ce72a7f8938141e2ba3.c:188: note: macro "A" defined here
  188 | #define A(expr, N)                                              \
      | 
/home/user42/directed-compiler-fuzzing-code/scripts/8-crash-testing/input/segment_22/48456f2abd48d876b3868ce72a7f8938141e2ba3.c:321:3: warning: data definition has no type or storage class
  321 |   A (i0 ? "1" : lvb[0], 5{ "123" };
      |   ^
/home/user42/directed-compiler-fuzzing-code/scripts/8-crash-testing/input/segment_22/48456f2abd48d876b3868ce72a7f8938141e2ba3.c:321:3: warning: type defaults to â€˜intâ€™ in declaration of â€˜Aâ€™ [-Wimplicit-int]
/home/user42/directed-compiler-fuzzing-code/scripts/8-crash-testing/input/segment_22/48456f2abd48d876b3868ce72a7f8938141e2ba3.c:426:3: error: expected identifier or â€˜(â€™ before â€˜doâ€™
  426 |   do {                                                          \
      |   ^~
/home/user42/directed-compiler-fuzzing-code/scripts/8-crash-testing/input/segment_22/48456f2abd48d876b3868ce72a7f8938141e2ba3.c:472:3: note: in expansion of macro â€˜Aâ€™
  472 |   A (i0 ? "1" : va[0], 3);              /* GCC 8.2 failure */
      |   ^
/home/user42/directed-compiler-fuzzing-code/scripts/8-crash-testing/input/segment_22/48456f2abd48d876b3868ce72a7f8938141e2ba3.c:435:5: error: expected identifier or â€˜(â€™ before â€˜whileâ€™
  435 |   } while (0)
      |     ^~~~~
/home/user42/directed-compiler-fuzzing-code/scripts/8-crash-testing/input/segment_22/48456f2abd48d876b3868ce72a7f8938141e2ba3.c:472:3: note: in expansion of macro â€˜Aâ€™
  472 |   A (i0 ? "1" : va[0], 3);              /* GCC 8.2 failure */
      |   ^
/home/user42/directed-compiler-fuzzing-code/scripts/8-crash-testing/input/segment_22/48456f2abd48d876b3868ce72a7f8938141e2ba3.c:426:3: error: expected identifier or â€˜(â€™ before â€˜doâ€™
  426 |   do {                                                          \
      |   ^~
/home/user42/directed-compiler-fuzzing-code/scripts/8-crash-testing/input/segment_22/48456f2abd48d876b3868ce72a7f8938141e2ba3.c:473:3: note: in expansion of macro â€˜Aâ€™
  473 |   A (i0 ? va[0] : "1234", 4);
      |   ^
/home/user42/directed-compiler-fuzzing-code/scripts/8-crash-testing/input/segment_22/48456f2abd48d876b3868ce72a7f8938141e2ba3.c:435:5: error: expected identifier or â€˜(â€™ before â€˜whileâ€™
  435 |   } while (0)
      |     ^~~~~
/home/user42/directed-compiler-fuzzing-code/scripts/8-crash-testing/input/segment_22/48456f2abd48d876b3868ce72a7f8938141e2ba3.c:473:3: note: in expansion of macro â€˜Aâ€™
  473 |   A (i0 ? va[0] : "1234", 4);
      |   ^
/home/user42/directed-compiler-fuzzing-code/scripts/8-crash-testing/input/segment_22/48456f2abd48d876b3868ce72a7f8938141e2ba3.c:426:3: error: expected identifier or â€˜(â€™ before â€˜doâ€™
  426 |   do {                                                          \
      |   ^~
/home/user42/directed-compiler-fuzzing-code/scripts/8-crash-testing/input/segment_22/48456f2abd48d876b3868ce72a7f8938141e2ba3.c:475:3: note: in expansion of macro â€˜Aâ€™
  475 |   A (i0 ? "1" : vb[0], 5);              /* GCC 8.2 failure */
      |   ^
/home/user42/directed-compiler-fuzzing-code/scripts/8-crash-testing/input/segment_22/48456f2abd48d876b3868ce72a7f8938141e2ba3.c:435:5: error: expected identifier or â€˜(â€™ before â€˜whileâ€™
  435 |   } while (0)
      |     ^~~~~
/home/user42/directed-compiler-fuzzing-code/scripts/8-crash-testing/input/segment_22/48456f2abd48d876b3868ce72a7f8938141e2ba3.c:475:3: note: in expansion of macro â€˜Aâ€™
  475 |   A (i0 ? "1" : vb[0], 5);              /* GCC 8.2 failure */
      |   ^
/home/user42/directed-compiler-fuzzing-code/scripts/8-crash-testing/input/segment_22/48456f2abd48d876b3868ce72a7f8938141e2ba3.c:426:3: error: expected identifier or â€˜(â€™ before â€˜doâ€™
  426 |   do {                                                          \
      |   ^~
/home/user42/directed-compiler-fuzzing-code/scripts/8-crash-testing/input/segment_22/48456f2abd48d876b3868ce72a7f8938141e2ba3.c:476:3: note: in expansion of macro â€˜Aâ€™
  476 |   A (i0 ? vb[0] : "12", 2);
      |   ^
/home/user42/directed-compiler-fuzzing-code/scripts/8-crash-testing/input/segment_22/48456f2abd48d876b3868ce72a7f8938141e2ba3.c:435:5: error: expected identifier or â€˜(â€™ before â€˜whileâ€™
  435 |   } while (0)
      |     ^~~~~
/home/user42/directed-compiler-fuzzing-code/scripts/8-crash-testing/input/segment_22/48456f2abd48d876b3868ce72a7f8938141e2ba3.c:476:3: note: in expansion of macro â€˜Aâ€™
  476 |   A (i0 ? vb[0] : "12", 2);
      |   ^
/home/user42/directed-compiler-fuzzing-code/scripts/8-crash-testing/input/segment_22/48456f2abd48d876b3868ce72a7f8938141e2ba3.c:477:1: error: expected identifier or â€˜(â€™ before â€˜}â€™ token
  477 | }
      | ^
/home/user42/directed-compiler-fuzzing-code/scripts/8-crash-testing/input/segment_22/48456f2abd48d876b3868ce72a7f8938141e2ba3.c:480:13: error: variable or field â€˜t9â€™ declared void
  480 | static void t9,
      |             ^~
/home/user42/directed-compiler-fuzzing-code/scripts/8-crash-testing/input/segment_22/48456f2abd48d876b3868ce72a7f8938141e2ba3.c:481:7: error: expected identifier or â€˜(â€™ before â€˜%â€™ token
  481 |       %  a30, a31, a32, a33, a34, a35, a36, a37, a38, a39);
      |       ^
/home/user42/directed-compiler-fuzzing-code/scripts/8-crash-testing/input/segment_22/48456f2abd48d876b3868ce72a7f8938141e2ba3.c:482:7: warning: data definition has no type or storage class
  482 |       i0 = a0[0];
      |       ^~
/home/user42/directed-compiler-fuzzing-code/scripts/8-crash-testing/input/segment_22/48456f2abd48d876b3868ce72a7f8938141e2ba3.c:482:7: warning: type defaults to â€˜intâ€™ in declaration of â€˜i0â€™ [-Wimplicit-int]
/home/user42/directed-compiler-fuzzing-code/scripts/8-crash-testing/input/segment_22/48456f2abd48d876b3868ce72a7f8938141e2ba3.c:482:7: error: redefinition of â€˜i0â€™
/home/user42/directed-compiler-fuzzing-code/scripts/8-crash-testing/input/segment_22/48456f2abd48d876b3868ce72a7f8938141e2ba3.c:245:7: note: previous definition of â€˜i0â€™ with type â€˜intâ€™
  245 |       i0 = a0[0];
      |       ^~
/home/user42/directed-compiler-fuzzing-code/scripts/8-crash-testing/input/segment_22/48456f2abd48d876b3868ce72a7f8938141e2ba3.c:483:7: warning: data definition has no type or storage class
  483 |       i1 = a10];
      |       ^~
/home/user42/directed-compiler-fuzzing-code/scripts/8-crash-testing/input/segment_22/48456f2abd48d876b3868ce72a7f8938141e2ba3.c:483:7: warning: type defaults to â€˜intâ€™ in declaration of â€˜i1â€™ [-Wimplicit-int]
/home/user42/directed-compiler-fuzzing-code/scripts/8-crash-testing/input/segment_22/48456f2abd48d876b3868ce72a7f8938141e2ba3.c:483:7: error: redefinition of â€˜i1â€™
/home/user42/directed-compiler-fuzzing-code/scripts/8-crash-testing/input/segment_22/48456f2abd48d876b3868ce72a7f8938141e2ba3.c:246:7: note: previous definition of â€˜i1â€™ with type â€˜intâ€™
  246 |       i1 = a10];
      |       ^~
/home/user42/directed-compiler-fuzzing-code/scripts/8-crash-testing/input/segment_22/48456f2abd48d876b3868ce72a7f8938141e2ba3.c:483:14: error: stray â€˜\16â€™ in program
  483 |       i1 = a1<U+000E>0];
      |              ^~~~~~~~
/home/user42/directed-compiler-fuzzing-code/scripts/8-crash-testing/input/segment_22/48456f2abd48d876b3868ce72a7f8938141e2ba3.c:483:15: error: expected â€˜,â€™ or â€˜;â€™ before numeric constant
  483 |       i1 = a10];
      |               ^
/home/user42/directed-compiler-fuzzing-code/scripts/8-crash-testing/input/segment_22/48456f2abd48d876b3868ce72a7f8938141e2ba3.c:484:7: warning: data definition has no type or storage class
  484 |       i2 = a2[0];
      |       ^~
/home/user42/directed-compiler-fuzzing-code/scripts/8-crash-testing/input/segment_22/48456f2abd48d876b3868ce72a7f8938141e2ba3.c:484:7: warning: type defaults to â€˜intâ€™ in declaration of â€˜i2â€™ [-Wimplicit-int]
/home/user42/directed-compiler-fuzzing-code/scripts/8-crash-testing/input/segment_22/48456f2abd48d876b3868ce72a7f8938141e2ba3.c:484:7: error: redefinition of â€˜i2â€™
/home/user42/directed-compiler-fuzzing-code/scripts/8-crash-testing/input/segment_22/48456f2abd48d876b3868ce72a7f8938141e2ba3.c:247:7: note: previous definition of â€˜i2â€™ with type â€˜intâ€™
  247 |       i2 = a2[0];
      |       ^~
/home/user42/directed-compiler-fuzzing-code/scripts/8-crash-testing/input/segment_22/48456f2abd48d876b3868ce72a7f8938141e2ba3.c:485:7: warning: data definition has no type or storage class
  485 |       i3 = a3[0];
      |       ^~
/home/user42/directed-compiler-fuzzing-code/scripts/8-crash-testing/input/segment_22/48456f2abd48d876b3868ce72a7f8938141e2ba3.c:485:7: warning: type defaults to â€˜intâ€™ in declaration of â€˜i3â€™ [-Wimplicit-int]
/home/user42/directed-compiler-fuzzing-code/scripts/8-crash-testing/input/segment_22/48456f2abd48d876b3868ce72a7f8938141e2ba3.c:485:7: error: redefinition of â€˜i3â€™
/home/user42/directed-compiler-fuzzing-code/scripts/8-crash-testing/input/segment_22/48456f2abd48d876b3868ce72a7f8938141e2ba3.c:248:7: note: previous definition of â€˜i3â€™ with type â€˜intâ€™
  248 |       i3 = a3[0];
      |       ^~
/home/user42/directed-compiler-fuzzing-code/scripts/8-crash-testing/input/segment_22/48456f2abd48d876b3868ce72a7f8938141e2ba3.c:486:7: warning: data definition has no type or storage class
  486 |       i4 = a4[0];
      |       ^~
/home/user42/directed-compiler-fuzzing-code/scripts/8-crash-testing/input/segment_22/48456f2abd48d876b3868ce72a7f8938141e2ba3.c:486:7: warning: type defaults to â€˜intâ€™ in declaration of â€˜i4â€™ [-Wimplicit-int]
/home/user42/directed-compiler-fuzzing-code/scripts/8-crash-testing/input/segment_22/48456f2abd48d876b3868ce72a7f8938141e2ba3.c:486:7: error: redefinition of â€˜i4â€™
/home/user42/directed-compiler-fuzzing-code/scripts/8-crash-testing/input/segment_22/48456f2abd48d876b3868ce72a7f8938141e2ba3.c:249:7: note: previous definition of â€˜i4â€™ with type â€˜intâ€™
  249 |       i4 = a4[0];
      |       ^~
/home/user42/directed-compiler-fuzzing-code/scripts/8-crash-testing/input/segment_22/48456f2abd48d876b3868ce72a7f8938141e2ba3.c:487:7: warning: data definition has no type or storage class
  487 |       i5 = a5[0];
      |       ^~
/home/user42/directed-compiler-fuzzing-code/scripts/8-crash-testing/input/segment_22/48456f2abd48d876b3868ce72a7f8938141e2ba3.c:487:7: warning: type defaults to â€˜intâ€™ in declaration of â€˜i5â€™ [-Wimplicit-int]
/home/user42/directed-compiler-fuzzing-code/scripts/8-crash-testing/input/segment_22/48456f2abd48d876b3868ce72a7f8938141e2ba3.c:487:7: error: redefinition of â€˜i5â€™
/home/user42/directed-compiler-fuzzing-code/scripts/8-crash-testing/input/segment_22/48456f2abd48d876b3868ce72a7f8938141e2ba3.c:250:7: note: previous definition of â€˜i5â€™ with type â€˜intâ€™
  250 |       i5 = a5[0];
      |       ^~
/home/user42/directed-compiler-fuzzing-code/scripts/8-crash-testing/input/segment_22/48456f2abd48d876b3868ce72a7f8938141e2ba3.c:488:7: warning: data definition has no type or storage class
  488 |       i6 = a6[0];
      |       ^~
/home/user42/directed-compiler-fuzzing-code/scripts/8-crash-testing/input/segment_22/48456f2abd48d876b3868ce72a7f8938141e2ba3.c:488:7: warning: type defaults to â€˜intâ€™ in declaration of â€˜i6â€™ [-Wimplicit-int]
/home/user42/directed-compiler-fuzzing-code/scripts/8-crash-testing/input/segment_22/48456f2abd48d876b3868ce72a7f8938141e2ba3.c:488:7: error: redefinition of â€˜i6â€™
/home/user42/directed-compiler-fuzzing-code/scripts/8-crash-testing/input/segment_22/48456f2abd48d876b3868ce72a7f8938141e2ba3.c:251:7: note: previous definition of â€˜i6â€™ with type â€˜intâ€™
  251 |       i6 = a6[0];
      |       ^~
/home/user42/directed-compiler-fuzzing-code/scripts/8-crash-testing/input/segment_22/48456f2abd48d876b3868ce72a7f8938141e2ba3.c:489:7: warning: data definition has no type or storage class
  489 |       i7 = a7[0];
      |       ^~
/home/user42/directed-compiler-fuzzing-code/scripts/8-crash-testing/input/segment_22/48456f2abd48d876b3868ce72a7f8938141e2ba3.c:489:7: warning: type defaults to â€˜intâ€™ in declaration of â€˜i7â€™ [-Wimplicit-int]
/home/user42/directed-compiler-fuzzing-code/scripts/8-crash-testing/input/segment_22/48456f2abd48d876b3868ce72a7f8938141e2ba3.c:489:7: error: redefinition of â€˜i7â€™
/home/user42/directed-compiler-fuzzing-code/scripts/8-crash-testing/input/segment_22/48456f2abd48d876b3868ce72a7f8938141e2ba3.c:252:7: note: previous definition of â€˜i7â€™ with type â€˜intâ€™
  252 |       i7 = a7[0];
      |       ^~
/home/user42/directed-compiler-fuzzing-code/scripts/8-crash-testing/input/segment_22/48456f2abd48d876b3868ce72a7f8938141e2ba3.c:490:7: warning: data definition has no type or storage class
  490 |       i8 = a8[0];
      |       ^~
/home/user42/directed-compiler-fuzzing-code/scripts/8-crash-testing/input/segment_22/48456f2abd48d876b3868ce72a7f8938141e2ba3.c:490:7: warning: type defaults to â€˜intâ€™ in declaration of â€˜i8â€™ [-Wimplicit-int]
/home/user42/directed-compiler-fuzzing-code/scripts/8-crash-testing/input/segment_22/48456f2abd48d876b3868ce72a7f8938141e2ba3.c:490:7: error: redefinition of â€˜i8â€™
/home/user42/directed-compiler-fuzzing-code/scripts/8-crash-testing/input/segment_22/48456f2abd48d876b3868ce72a7f8938141e2ba3.c:253:7: note: previous definition of â€˜i8â€™ with type â€˜intâ€™
  253 |       i8 = a8[0];
      |       ^~
/home/user42/directed-compiler-fuzzing-code/scripts/8-crash-testing/input/segment_22/48456f2abd48d876b3868ce72a7f8938141e2ba3.c:491:7: warning: data definition has no type or storage class
  491 |       i9 = a9[0];
      |       ^~
/home/user42/directed-compiler-fuzzing-code/scripts/8-crash-testing/input/segment_22/48456f2abd48d876b3868ce72a7f8938141e2ba3.c:491:7: warning: type defaults to â€˜intâ€™ in declaration of â€˜i9â€™ [-Wimplicit-int]
/home/user42/directed-compiler-fuzzing-code/scripts/8-crash-testing/input/segment_22/48456f2abd48d876b3868ce72a7f8938141e2ba3.c:491:7: error: redefinition of â€˜i9â€™
/home/user42/directed-compiler-fuzzing-code/scripts/8-crash-testing/input/segment_22/48456f2abd48d876b3868ce72a7f8938141e2ba3.c:254:7: note: previous definition of â€˜i9â€™ with type â€˜intâ€™
  254 |       i9 = a9[0];
      |       ^~
/home/user42/directed-compiler-fuzzing-code/scripts/8-crash-testing/input/segment_22/48456f2abd48d876b3868ce72a7f8938141e2ba3.c:492:7: warning: data definition has no type or storage class
  492 |       i10 = a10[0];
      |       ^~~
/home/user42/directed-compiler-fuzzing-code/scripts/8-crash-testing/input/segment_22/48456f2abd48d876b3868ce72a7f8938141e2ba3.c:492:7: warning: type defaults to â€˜intâ€™ in declaration of â€˜i10â€™ [-Wimplicit-int]
/home/user42/directed-compiler-fuzzing-code/scripts/8-crash-testing/input/segment_22/48456f2abd48d876b3868ce72a7f8938141e2ba3.c:492:7: error: redefinition of â€˜i10â€™
/home/user42/directed-compiler-fuzzing-code/scripts/8-crash-testing/input/segment_22/48456f2abd48d876b3868ce72a7f8938141e2ba3.c:255:7: note: previous definition of â€˜i10â€™ with type â€˜intâ€™
  255 |       i10 = a10[0];
      |       ^~~
/home/user42/directed-compiler-fuzzing-code/scripts/8-crash-testing/input/segment_22/48456f2abd48d876b3868ce72a7f8938141e2ba3.c:493:7: warning: data definition has no type or storage class
  493 |       i11 = a11[0];
      |       ^~~
/home/user42/directed-compiler-fuzzing-code/scripts/8-crash-testing/input/segment_22/48456f2abd48d876b3868ce72a7f8938141e2ba3.c:493:7: warning: type defaults to â€˜intâ€™ in declaration of â€˜i11â€™ [-Wimplicit-int]
/home/user42/directed-compiler-fuzzing-code/scripts/8-crash-testing/input/segment_22/48456f2abd48d876b3868ce72a7f8938141e2ba3.c:493:7: error: redefinition of â€˜i11â€™
/home/user42/directed-compiler-fuzzing-code/scripts/8-crash-testing/input/segment_22/48456f2abd48d876b3868ce72a7f8938141e2ba3.c:256:7: note: previous definition of â€˜i11â€™ with type â€˜intâ€™
  256 |       i11 = a11[0];
      |       ^~~
/home/user42/directed-compiler-fuzzing-code/scripts/8-crash-testing/input/segment_22/48456f2abd48d876b3868ce72a7f8938141e2ba3.c:494:7: warning: data definition has no type or storage class
  494 |       i12 = a12[0];
      |       ^~~
/home/user42/directed-compiler-fuzzing-code/scripts/8-crash-testing/input/segment_22/48456f2abd48d876b3868ce72a7f8938141e2ba3.c:494:7: warning: type defaults to â€˜intâ€™ in declaration of â€˜i12â€™ [-Wimplicit-int]
/home/user42/directed-compiler-fuzzing-code/scripts/8-crash-testing/input/segment_22/48456f2abd48d876b3868ce72a7f8938141e2ba3.c:494:7: error: redefinition of â€˜i12â€™
/home/user42/directed-compiler-fuzzing-code/scripts/8-crash-testing/input/segment_22/48456f2abd48d876b3868ce72a7f8938141e2ba3.c:257:7: note: previous definition of â€˜i12â€™ with type â€˜intâ€™
  257 |       i12 = a12[0];
      |       ^~~
/home/user42/directed-compiler-fuzzing-code/scripts/8-crash-testing/input/segment_22/48456f2abd48d876b3868ce72a7f8938141e2ba3.c:495:7: warning: data definition has no type or storage class
  495 |       i13 = a13[0];
      |       ^~~
/home/user42/directed-compiler-fuzzing-code/scripts/8-crash-testing/input/segment_22/48456f2abd48d876b3868ce72a7f8938141e2ba3.c:495:7: warning: type defaults to â€˜intâ€™ in declaration of â€˜i13â€™ [-Wimplicit-int]
/home/user42/directed-compiler-fuzzing-code/scripts/8-crash-testing/input/segment_22/48456f2abd48d876b3868ce72a7f8938141e2ba3.c:495:7: error: redefinition of â€˜i13â€™
/home/user42/directed-compiler-fuzzing-code/scripts/8-crash-testing/input/segment_22/48456f2abd48d876b3868ce72a7f8938141e2ba3.c:258:7: note: previous definition of â€˜i13â€™ with type â€˜intâ€™
  258 |       i13 = a13[0];
      |       ^~~
/home/user42/directed-compiler-fuzzing-code/scripts/8-crash-testing/input/segment_22/48456f2abd48d876b3868ce72a7f8938141e2ba3.c:496:7: warning: data definition has no type or storage class
  496 |       i14 = a14[0];
      |       ^~~
/home/user42/directed-compiler-fuzzing-code/scripts/8-crash-testing/input/segment_22/48456f2abd48d876b3868ce72a7f8938141e2ba3.c:496:7: warning: type defaults to â€˜intâ€™ in declaration of â€˜i14â€™ [-Wimplicit-int]
/home/user42/directed-compiler-fuzzing-code/scripts/8-crash-testing/input/segment_22/48456f2abd48d876b3868ce72a7f8938141e2ba3.c:496:7: error: redefinition of â€˜i14â€™
/home/user42/directed-compiler-fuzzing-code/scripts/8-crash-testing/input/segment_22/48456f2abd48d876b3868ce72a7f8938141e2ba3.c:259:7: note: previous definition of â€˜i14â€™ with type â€˜intâ€™
  259 |       i14 = a14[0];
      |       ^~~
/home/user42/directed-compiler-fuzzing-code/scripts/8-crash-testing/input/segment_22/48456f2abd48d876b3868ce72a7f8938141e2ba3.c:497:7: warning: data definition has no type or storage class
  497 |       i15 = a15[0];
      |       ^~~
/home/user42/directed-compiler-fuzzing-code/scripts/8-crash-testing/input/segment_22/48456f2abd48d876b3868ce72a7f8938141e2ba3.c:497:7: warning: type defaults to â€˜intâ€™ in declaration of â€˜i15â€™ [-Wimplicit-int]
/home/user42/directed-compiler-fuzzing-code/scripts/8-crash-testing/input/segment_22/48456f2abd48d876b3868ce72a7f8938141e2ba3.c:497:7: error: redefinition of â€˜i15â€™
/home/user42/directed-compiler-fuzzing-code/scripts/8-crash-testing/input/segment_22/48456f2abd48d876b3868ce72a7f8938141e2ba3.c:260:7: note: previous definition of â€˜i15â€™ with type â€˜intâ€™
  260 |       i15 = a15[0];
      |       ^~~
/home/user42/directed-compiler-fuzzing-code/scripts/8-crash-testing/input/segment_22/48456f2abd48d876b3868ce72a7f8938141e2ba3.c:498:86: error: expected â€˜=â€™, â€˜,â€™, â€˜;â€™, â€˜asmâ€™ or â€˜__attribute__â€™ before â€˜:â€™ token
  498 |    est_binary_cond_e0000000000000000000000000000000000000000000000000000000000lva[0] : "1234", 4);
      |                                                                                      ^
/home/user42/directed-compiler-fuzzing-code/scripts/8-crash-testing/input/segment_22/48456f2abd48d876b3868ce72a7f8938141e2ba3.c:540:44: error: macro "A" passed 8 arguments, but takes just 2
  540 | static void test_binary_cond_expb : *pva, 3);
      |                                            ^
/home/user42/directed-compiler-fuzzing-code/scripts/8-crash-testing/input/segment_22/48456f2abd48d876b3868ce72a7f8938141e2ba3.c:425: note: macro "A" defined here
  425 | #define A(expr, N)                                              \
      | 
/home/user42/directed-compiler-fuzzing-code/scripts/8-crash-testing/input/segment_22/48456f2abd48d876b3868ce72a7f8938141e2ba3.c:500:3: warning: data definition has no type or storage class
  500 |   A (i0 ? "1" : lvb[0], 5{ "123" };
      |   ^
/home/user42/directed-compiler-fuzzing-code/scripts/8-crash-testing/input/segment_22/48456f2abd48d876b3868ce72a7f8938141e2ba3.c:500:3: warning: type defaults to â€˜intâ€™ in declaration of â€˜Aâ€™ [-Wimplicit-int]
/home/user42/directed-compiler-fuzzing-code/scripts/8-crash-testing/input/segment_22/48456f2abd48d876b3868ce72a7f8938141e2ba3.c:541:1: error: expected identifier or â€˜(â€™ before â€˜}â€™ token
  541 | }
      | ^
/home/user42/directed-compiler-fuzzing-code/scripts/8-crash-testing/input/segment_22/48456f2abd48d876b3868ce72a7f8938141e2ba3.c: In function â€˜mainâ€™:
/home/user42/directed-compiler-fuzzing-code/scripts/8-crash-testing/input/segment_22/48456f2abd48d876b3868ce72a7f8938141e2ba3.c:547:3: warning: implicit declaration of function â€˜test_binary_cond_expr_localâ€™; did you mean â€˜test_binary_cond_expr_globalâ€™? [-Wimplicit-function-declaration]
  547 |   test_binary_cond_expr_local ();
      |   ^~~~~~~~~~~~~~~~~~~~~~~~~~~
      |   test_binary_cond_expr_global
/home/user42/directed-compiler-fuzzing-code/scripts/8-crash-testing/input/segment_22/48456f2abd48d876b3868ce72a7f8938141e2ba3.c:549:3: error: unknown type name â€˜test_ternaryâ€™
  549 |   test_ternary          int32_t aborted;
      |   ^~~~~~~~~~~~
/home/user42/directed-compiler-fuzzing-code/scripts/8-crash-testing/input/segment_22/48456f2abd48d876b3868ce72a7f8938141e2ba3.c:549:33: error: expected â€˜=â€™, â€˜,â€™, â€˜;â€™, â€˜asmâ€™ or â€˜__attribute__â€™ before â€˜abortedâ€™
  549 |   test_ternary          int32_t aborted;
      |                                 ^~~~~~~
/home/user42/directed-compiler-fuzzing-code/scripts/8-crash-testing/input/segment_22/48456f2abd48d876b3868ce72a7f8938141e2ba3.c: At top level:
/home/user42/directed-compiler-fuzzing-code/scripts/8-crash-testing/input/segment_22/48456f2abd48d876b3868ce72a7f8938141e2ba3.c:550:19: warning: data definition has no type or storage class
  550 |                 } t;
      |                   ^
/home/user42/directed-compiler-fuzzing-code/scripts/8-crash-testing/input/segment_22/48456f2abd48d876b3868ce72a7f8938141e2ba3.c:550:19: warning: type defaults to â€˜intâ€™ in declaration of â€˜tâ€™ [-Wimplicit-int]
/home/user42/directed-compiler-fuzzing-code/scripts/8-crash-testing/input/segment_22/48456f2abd48d876b3868ce72a7f8938141e2ba3.c:554:25: error: unknown type name â€˜u_int32_tâ€™
  554 |                         u_int32_t flags;
      |                         ^~~~~~~~~
/home/user42/directed-compiler-fuzzing-code/scripts/8-crash-testing/input/segment_22/48456f2abd48d876b3868ce72a7f8938141e2ba3.c:555:25: error: unknown type name â€˜int32_tâ€™
  555 |                         int32_t fileid;
      |                         ^~~~~~~
/home/user42/directed-compiler-fuzzing-code/scripts/8-crash-testing/input/segment_22/48456f2abd48d876b3868ce72a7f8938141e2ba3.c:556:25: error: unknown type name â€˜u_int32_tâ€™
  556 |                         u_int32_t count;
      |                         ^~~~~~~~~
/home/user42/directed-compiler-fuzzing-code/scripts/8-crash-testing/input/segment_22/48456f2abd48d876b3868ce72a7f8938141e2ba3.c:560:25: error: unknown type name â€˜int32_tâ€™
  560 |                         int32_t ntxns;
      |                         ^~~~~~~
/home/user42/directed-compiler-fuzzing-code/scripts/8-crash-testing/input/segment_22/48456f2abd48d876b3868ce72a7f8938141e2ba3.c:561:25: error: unknown type name â€˜int32_tâ€™
  561 |                         int32_t maxn;
      |                         ^~~~~~~
/home/user42/directed-compiler-fuzzing-code/scripts/8-crash-testing/input/segment_22/48456f2abd48d876b3868ce72a7f8938141e2ba3.c:562:25: error: unknown type name â€˜DB_LSNâ€™
  562 |                         DB_LSN *lsn_array;
      |                         ^~~~~~
/home/user42/directed-compiler-fuzzing-code/scripts/8-crash-testing/input/segment_22/48456f2abd48d876b3868ce72a7f8938141e2ba3.c:565:9: error: unknown type name â€˜yâ€™
  565 |         y that strlen() calls with conditional expressions
      |         ^
/home/user42/directed-compiler-fuzzing-code/scripts/8-crash-testing/input/segment_22/48456f2abd48d876b3868ce72a7f8938141e2ba3.c:565:16: error: expected â€˜:â€™, â€˜,â€™, â€˜;â€™, â€˜}â€™ or â€˜__attribute__â€™ before â€˜strlenâ€™
  565 |         y that strlen() calls with conditional expressions
      |                ^~~~~~
/home/user42/directed-compiler-fuzzing-code/scripts/8-crash-testing/input/segment_22/48456f2abd48d876b3868ce72a7f8938141e2ba3.c:573: warning: "A" redefined
  573 | #define A(expr, N)                                              \
      | 
/home/user42/directed-compiler-fuzzing-code/scripts/8-crash-testing/input/segment_22/48456f2abd48d876b3868ce72a7f8938141e2ba3.c:425: note: this is the location of the previous definition
  425 | #define A(expr, N)                                              \
      | 
/home/user42/directed-compiler-fuzzing-code/scripts/8-crash-testing/input/segment_22/48456f2abd48d876b3868ce72a7f8938141e2ba3.c:611:34: error: stray â€˜\246â€™ in program
  611 |                         int32_t a<a6>orted;
      |                                  ^~~~
/home/user42/directed-compiler-fuzzing-code/scripts/8-crash-testing/input/segment_22/48456f2abd48d876b3868ce72a7f8938141e2ba3.c:617:41: error: stray â€˜\â€™ in program
  617 |                         int3en ((%s) = (\"%s\"))"       \
      |                                         ^
/home/user42/directed-compiler-fuzzing-code/scripts/8-crash-testing/input/segment_22/48456f2abd48d876b3868ce72a7f8938141e2ba3.c:619:37: error: stray â€˜#â€™ in program
  619 |                           __LINE__, #expr, _s, N),              \
      |                                     ^
/home/user42/directed-compiler-fuzzing-code/scripts/8-crash-testing/input/segment_22/48456f2abd48d876b3868ce72a7f8938141e2ba3.c:649:34: error: stray â€˜\246â€™ in program
  649 |                         int32_t a<a6>orted;
      |                                  ^~~~
/home/user42/directed-compiler-fuzzing-code/scripts/8-crash-testing/input/segment_22/48456f2abd48d876b3868ce72a7f8938141e2ba3.c:673: warning: "A" redefined
  673 | #define A(expr, N)                                              \
      | 
/home/user42/directed-compiler-fuzzing-code/scripts/8-crash-testing/input/segment_22/48456f2abd48d876b3868ce72a7f8938141e2ba3.c:573: note: this is the location of the previous definition
  573 | #define A(expr, N)                                              \
      | 
/home/user42/directed-compiler-fuzzing-code/scripts/8-crash-testing/input/segment_22/48456f2abd48d876b3868ce72a7f8938141e2ba3.c:731:14: error: stray â€˜\16â€™ in program
  731 |       i1 = a1<U+000E>0];
      |              ^~~~~~~~
/home/user42/directed-compiler-fuzzing-code/scripts/8-crash-testing/input/segment_22/48456f2abd48d876b3868ce72a7f8938141e2ba3.c:746:97: error: expected identifier or â€˜(â€™ before â€˜)â€™ token
  746 |    est_binary_cond_e0000000000000000000000000000000000000000000000000000000000lva[0] : "1234", 4);
      |                                                                                                 ^
/home/user42/directed-compiler-fuzzing-code/scripts/8-crash-testing/input/segment_22/48456f2abd48d876b3868ce72a7f8938141e2ba3.c:788:44: error: macro "A" passed 8 arguments, but takes just 2
  788 | static void test_binary_cond_expb : *pva, 3);
      |                                            ^
/home/user42/directed-compiler-fuzzing-code/scripts/8-crash-testing/input/segment_22/48456f2abd48d876b3868ce72a7f8938141e2ba3.c:673: note: macro "A" defined here
  673 | #define A(expr, N)                                              \
      | 
/home/user42/directed-compiler-fuzzing-code/scripts/8-crash-testing/input/segment_22/48456f2abd48d876b3868ce72a7f8938141e2ba3.c:748:3: warning: data definition has no type or storage class
  748 |   A (i0 ? "1" : lvb[0], 5{ "123" };
      |   ^
/home/user42/directed-compiler-fuzzing-code/scripts/8-crash-testing/input/segment_22/48456f2abd48d876b3868ce72a7f8938141e2ba3.c:748:3: warning: type defaults to â€˜intâ€™ in declaration of â€˜Aâ€™ [-Wimplicit-int]
/home/user42/directed-compiler-fuzzing-code/scripts/8-crash-testing/input/segment_22/48456f2abd48d876b3868ce72a7f8938141e2ba3.c:789:1: error: expected identifier or â€˜(â€™ before â€˜}â€™ token
  789 | }
      | ^
/home/user42/directed-compiler-fuzzing-code/scripts/8-crash-testing/input/segment_22/48456f2abd48d876b3868ce72a7f8938141e2ba3.c:792:5: error: redefinition of â€˜mainâ€™
  792 | int main (void)
      |     ^~~~
/home/user42/directed-compiler-fuzzing-code/scripts/8-crash-testing/input/segment_22/48456f2abd48d876b3868ce72a7f8938141e2ba3.c:544:5: note: previous definition of â€˜mainâ€™ with type â€˜int(void)â€™
  544 | int main (void)
      |     ^~~~
/home/user42/directed-compiler-fuzzing-code/scripts/8-crash-testing/input/segment_22/48456f2abd48d876b3868ce72a7f8938141e2ba3.c: In function â€˜mainâ€™:
/home/user42/directed-compiler-fuzzing-code/scripts/8-crash-testing/input/segment_22/48456f2abd48d876b3868ce72a7f8938141e2ba3.c:797:3: error: unknown type name â€˜test_ternaryâ€™
  797 |   test_ternary          int32_t aborted;
      |   ^~~~~~~~~~~~
/home/user42/directed-compiler-fuzzing-code/scripts/8-crash-testing/input/segment_22/48456f2abd48d876b3868ce72a7f8938141e2ba3.c:797:33: error: expected â€˜=â€™, â€˜,â€™, â€˜;â€™, â€˜asmâ€™ or â€˜__attribute__â€™ before â€˜abortedâ€™
  797 |   test_ternary          int32_t aborted;
      |                                 ^~~~~~~
/home/user42/directed-compiler-fuzzing-code/scripts/8-crash-testing/input/segment_22/48456f2abd48d876b3868ce72a7f8938141e2ba3.c: At top level:
/home/user42/directed-compiler-fuzzing-code/scripts/8-crash-testing/input/segment_22/48456f2abd48d876b3868ce72a7f8938141e2ba3.c:798:19: warning: data definition has no type or storage class
  798 |                 } t;
      |                   ^
/home/user42/directed-compiler-fuzzing-code/scripts/8-crash-testing/input/segment_22/48456f2abd48d876b3868ce72a7f8938141e2ba3.c:798:19: warning: type defaults to â€˜intâ€™ in declaration of â€˜tâ€™ [-Wimplicit-int]
/home/user42/directed-compiler-fuzzing-code/scripts/8-crash-testing/input/segment_22/48456f2abd48d876b3868ce72a7f8938141e2ba3.c:802:25: error: unknown type name â€˜u_int32_tâ€™
  802 |                         u_int32_t flags;
      |                         ^~~~~~~~~
/home/user42/directed-compiler-fuzzing-code/scripts/8-crash-testing/input/segment_22/48456f2abd48d876b3868ce72a7f8938141e2ba3.c:803:25: error: unknown type name â€˜int32_tâ€™
  803 |                         int32_t fileid;
      |                         ^~~~~~~
/home/user42/directed-compiler-fuzzing-code/scripts/8-crash-testing/input/segment_22/48456f2abd48d876b3868ce72a7f8938141e2ba3.c:804:25: error: unknown type name â€˜u_int32_tâ€™
  804 |                         u_int32_t count;
      |                         ^~~~~~~~~
/home/user42/directed-compiler-fuzzing-code/scripts/8-crash-testing/input/segment_22/48456f2abd48d876b3868ce72a7f8938141e2ba3.c:806:19: error: conflicting types for â€˜dâ€™; have â€˜struct <anonymous>â€™
  806 |                 } d;
      |                   ^
/home/user42/directed-compiler-fuzzing-code/scripts/8-crash-testing/input/segment_22/48456f2abd48d876b3868ce72a7f8938141e2ba3.c:558:19: note: previous declaration of â€˜dâ€™ with type â€˜struct <anonymous>â€™
  558 |                 } d;
      |                   ^
/home/user42/directed-compiler-fuzzing-code/scripts/8-crash-testing/input/segment_22/48456f2abd48d876b3868ce72a7f8938141e2ba3.c:808:25: error: unknown type name â€˜int32_tâ€™
  808 |                         int32_t ntxns;
      |                         ^~~~~~~
/home/user42/directed-compiler-fuzzing-code/scripts/8-crash-testing/input/segment_22/48456f2abd48d876b3868ce72a7f8938141e2ba3.c:809:25: error: unknown type name â€˜int32_tâ€™
  809 |                         int32_t maxn;
      |                         ^~~~~~~
/home/user42/directed-compiler-fuzzing-code/scripts/8-crash-testing/input/segment_22/48456f2abd48d876b3868ce72a7f8938141e2ba3.c:810:25: error: unknown type name â€˜DB_LSNâ€™
  810 |                         DB_LSN *lsn_array;
      |                         ^~~~~~
/home/user42/directed-compiler-fuzzing-code/scripts/8-crash-testing/input/segment_22/48456f2abd48d876b3868ce72a7f8938141e2ba3.c:811:19: error: conflicting types for â€˜lâ€™; have â€˜struct <anonymous>â€™
  811 |                 } l;
      |                   ^
/home/user42/directed-compiler-fuzzing-code/scripts/8-crash-testing/input/segment_22/48456f2abd48d876b3868ce72a7f8938141e2ba3.c:563:19: note: previous declaration of â€˜lâ€™ with type â€˜struct <anonymous>â€™
  563 |                 } l;
      |                   ^
/home/user42/directed-compiler-fuzzing-code/scripts/8-crash-testing/input/segment_22/48456f2abd48d876b3868ce72a7f8938141e2ba3.c:813:9: error: unknown type name â€˜yâ€™
  813 |         y that strlen() calls with conditional expressions
      |         ^
/home/user42/directed-compiler-fuzzing-code/scripts/8-crash-testing/input/segment_22/48456f2abd48d876b3868ce72a7f8938141e2ba3.c:813:16: error: expected â€˜:â€™, â€˜,â€™, â€˜;â€™, â€˜}â€™ or â€˜__attribute__â€™ before â€˜strlenâ€™
  813 |         y that strlen() calls with conditional expressions
      |                ^~~~~~
/home/user42/directed-compiler-fuzzing-code/scripts/8-crash-testing/input/segment_22/48456f2abd48d876b3868ce72a7f8938141e2ba3.c:821: warning: "A" redefined
  821 | #define A(expr, N)                                              \
      | 
/home/user42/directed-compiler-fuzzing-code/scripts/8-crash-testing/input/segment_22/48456f2abd48d876b3868ce72a7f8938141e2ba3.c:673: note: this is the location of the previous definition
  673 | #define A(expr, N)                                              \
      | 
/home/user42/directed-compiler-fuzzing-code/scripts/8-crash-testing/input/segment_22/48456f2abd48d876b3868ce72a7f8938141e2ba3.c:859:34: error: stray â€˜\246â€™ in program
  859 |                         int32_t a<a6>orted;
      |                                  ^~~~
/home/user42/directed-compiler-fuzzing-code/scripts/8-crash-testing/input/segment_22/48456f2abd48d876b3868ce72a7f8938141e2ba3.c:883: warning: "A" redefined
  883 | #define A(expr, N)                                              \
      | 
/home/user42/directed-compiler-fuzzing-code/scripts/8-crash-testing/input/segment_22/48456f2abd48d876b3868ce72a7f8938141e2ba3.c:821: note: this is the location of the previous definition
  821 | #define A(expr, N)                                              \
      | 
/home/user42/directed-compiler-fuzzing-code/scripts/8-crash-testing/input/segment_22/48456f2abd48d876b3868ce72a7f8938141e2ba3.c:931:14: error: stray â€˜\16â€™ in program
  931 |       i1 = a1<U+000E>0];
      |              ^~~~~~~~
/home/user42/directed-compiler-fuzzing-code/scripts/8-crash-testing/input/segment_22/48456f2abd48d876b3868ce72a7f8938141e2ba3.c:944:23: error: expected identifier or â€˜(â€™ before â€˜)â€™ token
  944 |       i14 0] : "12", 2);
      |                       ^
/home/user42/directed-compiler-fuzzing-code/scripts/8-crash-testing/input/segment_22/48456f2abd48d876b3868ce72a7f8938141e2ba3.c:884:3: error: expected identifier or â€˜(â€™ before â€˜doâ€™
  884 |   do {                                                          \
      |   ^~
/home/user42/directed-compiler-fuzzing-code/scripts/8-crash-testing/input/segment_22/48456f2abd48d876b3868ce72a7f8938141e2ba3.c:946:3: note: in expansion of macro â€˜Aâ€™
  946 |   A (i0 ? "1" : lva[0], 3);             /* GCC 8.2 failure */
      |   ^
/home/user42/directed-compiler-fuzzing-code/scripts/8-crash-testing/input/segment_22/48456f2abd48d876b3868ce72a7f8938141e2ba3.c:893:5: error: expected identifier or â€˜(â€™ before â€˜whileâ€™
  893 |   } while (0)
      |     ^~~~~
/home/user42/directed-compiler-fuzzing-code/scripts/8-crash-testing/input/segment_22/48456f2abd48d876b3868ce72a7f8938141e2ba3.c:946:3: note: in expansion of macro â€˜Aâ€™
  946 |   A (i0 ? "1" : lva[0], 3);             /* GCC 8.2 failure */
      |   ^
/home/user42/directed-compiler-fuzzing-code/scripts/8-crash-testing/input/segment_22/48456f2abd48d876b3868ce72a7f8938141e2ba3.c:884:3: error: expected identifier or â€˜(â€™ before â€˜doâ€™
  884 |   do {                                                          \
      |   ^~
/home/user42/directed-compiler-fuzzing-code/scripts/8-crash-testing/input/segment_22/48456f2abd48d876b3868ce72a7f8938141e2ba3.c:947:3: note: in expansion of macro â€˜Aâ€™
  947 |   A (i0 ? 000000000000000000000000000000000000000000000000000000000000000000000000000000000000000000000000000000000000000000000lva[0] : "1234", 4);
      |   ^
/home/user42/directed-compiler-fuzzing-code/scripts/8-crash-testing/input/segment_22/48456f2abd48d876b3868ce72a7f8938141e2ba3.c:947:11: error: invalid suffix "lva" on integer constant
  947 |   A (i0 ? 000000000000000000000000000000000000000000000000000000000000000000000000000000000000000000000000000000000000000000000lva[0] : "1234", 4);
      |           ^~~~~~~~~~~~~~~~~~~~~~~~~~~~~~~~~~~~~~~~~~~~~~~~~~~~~~~~~~~~~~~~~~~~~~~~~~~~~~~~~~~~~~~~~~~~~~~~~~~~~~~~~~~~~~~~~~~~~~~~
/home/user42/directed-compiler-fuzzing-code/scripts/8-crash-testing/input/segment_22/48456f2abd48d876b3868ce72a7f8938141e2ba3.c:885:23: note: in definition of macro â€˜Aâ€™
  885 |     const char *_s = (expr);                                    \
      |                       ^~~~
/home/user42/directed-compiler-fuzzing-code/scripts/8-crash-testing/input/segment_22/48456f2abd48d876b3868ce72a7f8938141e2ba3.c:893:5: error: expected identifier or â€˜(â€™ before â€˜whileâ€™
  893 |   } while (0)
      |     ^~~~~
/home/user42/directed-compiler-fuzzing-code/scripts/8-crash-testing/input/segment_22/48456f2abd48d876b3868ce72a7f8938141e2ba3.c:947:3: note: in expansion of macro â€˜Aâ€™
  947 |   A (i0 ? 000000000000000000000000000000000000000000000000000000000000000000000000000000000000000000000000000000000000000000000lva[0] : "1234", 4);
      |   ^
/home/user42/directed-compiler-fuzzing-code/scripts/8-crash-testing/input/segment_22/48456f2abd48d876b3868ce72a7f8938141e2ba3.c:884:3: error: expected identifier or â€˜(â€™ before â€˜doâ€™
  884 |   do {                                                          \
      |   ^~
/home/user42/directed-compiler-fuzzing-code/scripts/8-crash-testing/input/segment_22/48456f2abd48d876b3868ce72a7f8938141e2ba3.c:949:3: note: in expansion of macro â€˜Aâ€™
  949 |   A (i0 ? "1" : lvb[0], 5);             /* GCC 8.2 failure */
      |   ^
/home/user42/directed-compiler-fuzzing-code/scripts/8-crash-testing/input/segment_22/48456f2abd48d876b3868ce72a7f8938141e2ba3.c:893:5: error: expected identifier or â€˜(â€™ before â€˜whileâ€™
  893 |   } while (0)
      |     ^~~~~
/home/user42/directed-compiler-fuzzing-code/scripts/8-crash-testing/input/segment_22/48456f2abd48d876b3868ce72a7f8938141e2ba3.c:949:3: note: in expansion of macro â€˜Aâ€™
  949 |   A (i0 ? "1" : lvb[0], 5);             /* GCC 8.2 failure */
      |   ^
/home/user42/directed-compiler-fuzzing-code/scripts/8-crash-testing/input/segment_22/48456f2abd48d876b3868ce72a7f8938141e2ba3.c:884:3: error: expected identifier or â€˜(â€™ before â€˜doâ€™
  884 |   do {                                                          \
      |   ^~
/home/user42/directed-compiler-fuzzing-code/scripts/8-crash-testing/input/segment_22/48456f2abd48d876b3868ce72a7f8938141e2ba3.c:950:3: note: in expansion of macro â€˜Aâ€™
  950 |   A (i0 ? lvb[0] : "12", 2);
      |   ^
/home/user42/directed-compiler-fuzzing-code/scripts/8-crash-testing/input/segment_22/48456f2abd48d876b3868ce72a7f8938141e2ba3.c:893:5: error: expected identifier or â€˜(â€™ before â€˜whileâ€™
  893 |   } while (0)
      |     ^~~~~
/home/user42/directed-compiler-fuzzing-code/scripts/8-crash-testing/input/segment_22/48456f2abd48d876b3868ce72a7f8938141e2ba3.c:950:3: note: in expansion of macro â€˜Aâ€™
  950 |   A (i0 ? lvb[0] : "12", 2);
      |   ^
/home/user42/directed-compiler-fuzzing-code/scripts/8-crash-testing/input/segment_22/48456f2abd48d876b3868ce72a7f8938141e2ba3.c:951:1: error: expected identifier or â€˜(â€™ before â€˜}â€™ token
  951 | }
      | ^
/home/user42/directed-compiler-fuzzing-code/scripts/8-crash-testing/input/segment_22/48456f2abd48d876b3868ce72a7f8938141e2ba3.c: In function â€˜test_ternary_cond_exprâ€™:
/home/user42/directed-compiler-fuzzing-code/scripts/8-crash-testing/input/segment_22/48456f2abd48d876b3868ce72a7f8938141e2ba3.c:958:1: error: expected â€˜)â€™ before â€˜externâ€™
  958 | extern void abort (void);
      | ^~~~~~
/home/user42/directed-compiler-fuzzing-code/scripts/8-crash-testing/input/segment_22/48456f2abd48d876b3868ce72a7f8938141e2ba3.c:885:23: note: in definition of macro â€˜Aâ€™
  885 |     const char *_s = (expr);                                    \
      |                       ^~~~
/home/user42/directed-compiler-fuzzing-code/scripts/8-crash-testing/input/segment_22/48456f2abd48d876b3868ce72a7f8938141e2ba3.c:885:22: note: to match this â€˜(â€™
  885 |     const char *_s = (expr);                                    \
      |                      ^
/home/user42/directed-compiler-fuzzing-code/scripts/8-crash-testing/input/segment_22/48456f2abd48d876b3868ce72a7f8938141e2ba3.c:957:3: note: in expansion of macro â€˜Aâ€™
  957 |   A (i0 == 0 /* corpus/pr31136.c */
      |   ^
/home/user42/directed-compiler-fuzzing-code/scripts/8-crash-testing/input/segment_22/48456f2abd48d876b3868ce72a7f8938141e2ba3.c:885:22: warning: initialization of â€˜const char *â€™ from â€˜intâ€™ makes pointer from integer without a cast [-Wint-conversion]
  885 |     const char *_s = (expr);                                    \
      |                      ^
/home/user42/directed-compiler-fuzzing-code/scripts/8-crash-testing/input/segment_22/48456f2abd48d876b3868ce72a7f8938141e2ba3.c:957:3: note: in expansion of macro â€˜Aâ€™
  957 |   A (i0 == 0 /* corpus/pr31136.c */
      |   ^
/home/user42/directed-compiler-fuzzing-code/scripts/8-crash-testing/input/segment_22/48456f2abd48d876b3868ce72a7f8938141e2ba3.c:893:3: error: expected â€˜,â€™ or â€˜;â€™ before â€˜}â€™ token
  893 |   } while (0)
      |   ^
/home/user42/directed-compiler-fuzzing-code/scripts/8-crash-testing/input/segment_22/48456f2abd48d876b3868ce72a7f8938141e2ba3.c:957:3: note: in expansion of macro â€˜Aâ€™
  957 |   A (i0 == 0 /* corpus/pr31136.c */
      |   ^
/home/user42/directed-compiler-fuzzing-code/scripts/8-crash-testing/input/segment_22/48456f2abd48d876b3868ce72a7f8938141e2ba3.c:886:6: error: â€˜nsignedâ€™ undeclared (first use in this function)
  886 |     ~nsigned _n = strlen (_s);                                  \
      |      ^~~~~~~
/home/user42/directed-compiler-fuzzing-code/scripts/8-crash-testing/input/segment_22/48456f2abd48d876b3868ce72a7f8938141e2ba3.c:965:3: note: in expansion of macro â€˜Aâ€™
  965 |   A (i0 == 0 ? vb[0] : i0 == 1 ? s : "123", 5);
      |   ^
/home/user42/directed-compiler-fuzzing-code/scripts/8-crash-testing/input/segment_22/48456f2abd48d876b3868ce72a7f8938141e2ba3.c:886:14: error: expected â€˜;â€™ before â€˜_nâ€™
  886 |     ~nsigned _n = strlen (_s);                                  \
      |              ^~
/home/user42/directed-compiler-fuzzing-code/scripts/8-crash-testing/input/segment_22/48456f2abd48d876b3868ce72a7f8938141e2ba3.c:965:3: note: in expansion of macro â€˜Aâ€™
  965 |   A (i0 == 0 ? vb[0] : i0 == 1 ? s : "123", 5);
      |   ^
/home/user42/directed-compiler-fuzzing-code/scripts/8-crash-testing/input/segment_22/48456f2abd48d876b3868ce72a7f8938141e2ba3.c:887:7: error: â€˜nâ€™ undeclared (first use in this function)
  887 |     ((n= =_ N)                                                  \
      |       ^
/home/user42/directed-compiler-fuzzing-code/scripts/8-crash-testing/input/segment_22/48456f2abd48d876b3868ce72a7f8938141e2ba3.c:965:3: note: in expansion of macro â€˜Aâ€™
  965 |   A (i0 == 0 ? vb[0] : i0 == 1 ? s : "123", 5);
      |   ^
/home/user42/directed-compiler-fuzzing-code/scripts/8-crash-testing/input/segment_22/48456f2abd48d876b3868ce72a7f8938141e2ba3.c:887:10: error: expected expression before â€˜=â€™ token
  887 |     ((n= =_ N)                                                  \
      |          ^
/home/user42/directed-compiler-fuzzing-code/scripts/8-crash-testing/input/segment_22/48456f2abd48d876b3868ce72a7f8938141e2ba3.c:965:3: note: in expansion of macro â€˜Aâ€™
  965 |   A (i0 == 0 ? vb[0] : i0 == 1 ? s : "123", 5);
      |   ^
/home/user42/directed-compiler-fuzzing-code/scripts/8-crash-testing/input/segment_22/48456f2abd48d876b3868ce72a7f8938141e2ba3.c:887:11: error: â€˜_â€™ undeclared (first use in this function); did you mean â€˜_sâ€™?
  887 |     ((n= =_ N)                                                  \
      |           ^
/home/user42/directed-compiler-fuzzing-code/scripts/8-crash-testing/input/segment_22/48456f2abd48d876b3868ce72a7f8938141e2ba3.c:965:3: note: in expansion of macro â€˜Aâ€™
  965 |   A (i0 == 0 ? vb[0] : i0 == 1 ? s : "123", 5);
      |   ^
/home/user42/directed-compiler-fuzzing-code/scripts/8-crash-testing/input/segment_22/48456f2abd48d876b3868ce72a7f8938141e2ba3.c:892:11: error: â€˜nfailsâ€™ undeclared (first use in this function)
  892 |         ++nfails));                                             \
      |           ^~~~~~
/home/user42/directed-compiler-fuzzing-code/scripts/8-crash-testing/input/segment_22/48456f2abd48d876b3868ce72a7f8938141e2ba3.c:965:3: note: in expansion of macro â€˜Aâ€™
  965 |   A (i0 == 0 ? vb[0] : i0 == 1 ? s : "123", 5);
      |   ^
/home/user42/directed-compiler-fuzzing-code/scripts/8-crash-testing/input/segment_22/48456f2abd48d876b3868ce72a7f8938141e2ba3.c:886:14: error: expected â€˜;â€™ before â€˜_nâ€™
  886 |     ~nsigned _n = strlen (_s);                                  \
      |              ^~
/home/user42/directed-compiler-fuzzing-code/scripts/8-crash-testing/input/segment_22/48456f2abd48d876b3868ce72a7f8938141e2ba3.c:966:3: note: in expansion of macro â€˜Aâ€™
  966 |   A (i0 == 0 ? "123" : i0 == 1 ? s : vb[0], 3);
      |   ^
/home/user42/directed-compiler-fuzzing-code/scripts/8-crash-testing/input/segment_22/48456f2abd48d876b3868ce72a7f8938141e2ba3.c:887:10: error: expected expression before â€˜=â€™ token
  887 |     ((n= =_ N)                                                  \
      |          ^
/home/user42/directed-compiler-fuzzing-code/scripts/8-crash-testing/input/segment_22/48456f2abd48d876b3868ce72a7f8938141e2ba3.c:966:3: note: in expansion of macro â€˜Aâ€™
  966 |   A (i0 == 0 ? "123" : i0 == 1 ? s : vb[0], 3);
      |   ^
/home/user42/directed-compiler-fuzzing-code/scripts/8-crash-testing/input/segment_22/48456f2abd48d876b3868ce72a7f8938141e2ba3.c:970:1: error: expected â€˜whileâ€™ before â€˜constâ€™
  970 | const char (*pca)[3] = &ca[0];
      | ^~~~~
/home/user42/directed-compiler-fuzzing-code/scripts/8-crash-testing/input/segment_22/48456f2abd48d876b3868ce72a7f8938141e2ba3.c:976:13: error: invalid storage class for function â€˜test_binary_cond_expr_arrayptrâ€™
  976 | static void test_binary_cond_expr_arrayptr (void)
      |             ^~~~~~~~~~~~~~~~~~~~~~~~~~~~~~
/home/user42/directed-compiler-fuzzing-code/scripts/8-crash-testing/input/segment_22/48456f2abd48d876b3868ce72a7f8938141e2ba3.c: In function â€˜test_binary_cond_expr_arrayptrâ€™:
/home/user42/directed-compiler-fuzzing-code/scripts/8-crash-testing/input/segment_22/48456f2abd48d876b3868ce72a7f8938141e2ba3.c:979:12: error: â€˜pcaâ€™ undeclared (first use in this function); did you mean â€˜pvaâ€™?
  979 |   A (i0 ? *pca : *pcb, 4);              /* GCC 8.2 failure */
      |            ^~~
/home/user42/directed-compiler-fuzzing-code/scripts/8-crash-testing/input/segment_22/48456f2abd48d876b3868ce72a7f8938141e2ba3.c:885:23: note: in definition of macro â€˜Aâ€™
  885 |     const char *_s = (expr);                                    \
      |                       ^~~~
/home/user42/directed-compiler-fuzzing-code/scripts/8-crash-testing/input/segment_22/48456f2abd48d876b3868ce72a7f8938141e2ba3.c:886:14: error: expected â€˜;â€™ before â€˜_nâ€™
  886 |     ~nsigned _n = strlen (_s);                                  \
      |              ^~
/home/user42/directed-compiler-fuzzing-code/scripts/8-crash-testing/input/segment_22/48456f2abd48d876b3868ce72a7f8938141e2ba3.c:979:3: note: in expansion of macro â€˜Aâ€™
  979 |   A (i0 ? *pca : *pcb, 4);              /* GCC 8.2 failure */
      |   ^
/home/user42/directed-compiler-fuzzing-code/scripts/8-crash-testing/input/segment_22/48456f2abd48d876b3868ce72a7f8938141e2ba3.c:887:10: error: expected expression before â€˜=â€™ token
  887 |     ((n= =_ N)                                                  \
      |          ^
/home/user42/directed-compiler-fuzzing-code/scripts/8-crash-testing/input/segment_22/48456f2abd48d876b3868ce72a7f8938141e2ba3.c:979:3: note: in expansion of macro â€˜Aâ€™
  979 |   A (i0 ? *pca : *pcb, 4);              /* GCC 8.2 failure */
      |   ^
/home/user42/directed-compiler-fuzzing-code/scripts/8-crash-testing/input/segment_22/48456f2abd48d876b3868ce72a7f8938141e2ba3.c:886:14: error: expected â€˜;â€™ before â€˜_nâ€™
  886 |     ~nsigned _n = strlen (_s);                                  \
      |              ^~
/home/user42/directed-compiler-fuzzing-code/scripts/8-crash-testing/input/segment_22/48456f2abd48d876b3868ce72a7f8938141e2ba3.c:980:3: note: in expansion of macro â€˜Aâ€™
  980 |   A (i0 ? *pcb : *pca, 2);
      |   ^
/home/user42/directed-compiler-fuzzing-code/scripts/8-crash-testing/input/segment_22/48456f2abd48d876b3868ce72a7f8938141e2ba3.c:887:10: error: expected expression before â€˜=â€™ token
  887 |     ((n= =_ N)                                                  \
      |          ^
/home/user42/directed-compiler-fuzzing-code/scripts/8-crash-testing/input/segment_22/48456f2abd48d876b3868ce72a7f8938141e2ba3.c:980:3: note: in expansion of macro â€˜Aâ€™
  980 |   A (i0 ? *pcb : *pca, 2);
      |   ^
/home/user42/directed-compiler-fuzzing-code/scripts/8-crash-testing/input/segment_22/48456f2abd48d876b3868ce72a7f8938141e2ba3.c:886:14: error: expected â€˜;â€™ before â€˜_nâ€™
  886 |     ~nsigned _n = strlen (_s);                                  \
      |              ^~
/home/user42/directed-compiler-fuzzing-code/scripts/8-crash-testing/input/segment_22/48456f2abd48d876b3868ce72a7f8938141e2ba3.c:982:3: note: in expansion of macro â€˜Aâ€™
  982 |   A (i0 ? *pva : *pvb, 5);              /* GCC 8.2 failure */
      |   ^
/home/user42/directed-compiler-fuzzing-code/scripts/8-crash-testing/input/segment_22/48456f2abd48d876b3868ce72a7f8938141e2ba3.c:887:10: error: expected expression before â€˜=â€™ token
  887 |     ((n= =_ N)                                                  \
      |          ^
/home/user42/directed-compiler-fuzzing-code/scripts/8-crash-testing/input/segment_22/48456f2abd48d876b3868ce72a7f8938141e2ba3.c:982:3: note: in expansion of macro â€˜Aâ€™
  982 |   A (i0 ? *pva : *pvb, 5);              /* GCC 8.2 failure */
      |   ^
/home/user42/directed-compiler-fuzzing-code/scripts/8-crash-testing/input/segment_22/48456f2abd48d876b3868ce72a7f8938141e2ba3.c:886:14: error: expected â€˜;â€™ before â€˜_nâ€™
  886 |     ~nsigned _n = strlen (_s);                                  \
      |              ^~
/home/user42/directed-compiler-fuzzing-code/scripts/8-crash-testing/input/segment_22/48456f2abd48d876b3868ce72a7f8938141e2ba3.c:983:3: note: in expansion of macro â€˜Aâ€™
  983 |   A (i0 ? *pvb : *pva, 3);
      |   ^
/home/user42/directed-compiler-fuzzing-code/scripts/8-crash-testing/input/segment_22/48456f2abd48d876b3868ce72a7f8938141e2ba3.c:887:10: error: expected expression before â€˜=â€™ token
  887 |     ((n= =_ N)                                                  \
      |          ^
/home/user42/directed-compiler-fuzzing-code/scripts/8-crash-testing/input/segment_22/48456f2abd48d876b3868ce72a7f8938141e2ba3.c:983:3: note: in expansion of macro â€˜Aâ€™
  983 |   A (i0 ? *pvb : *pva, 3);
      |   ^
/home/user42/directed-compiler-fuzzing-code/scripts/8-crash-testing/input/segment_22/48456f2abd48d876b3868ce72a7f8938141e2ba3.c: In function â€˜mainâ€™:
/home/user42/directed-compiler-fuzzing-code/scripts/8-crash-testing/input/segment_22/48456f2abd48d876b3868ce72a7f8938141e2ba3.c:992:3: error: â€˜test_ternary_câ€™ undeclared (first use in this function); did you mean â€˜test_ternary_cond_exprâ€™?
  992 |   test_ternary_c}
      |   ^~~~~~~~~~~~~~
      |   test_ternary_cond_expr
/home/user42/directed-compiler-fuzzing-code/scripts/8-crash-testing/input/segment_22/48456f2abd48d876b3868ce72a7f8938141e2ba3.c:992:17: error: expected â€˜;â€™ before â€˜}â€™ token
  992 |   test_ternary_c}
      |                 ^
      |                 ;
/home/user42/directed-compiler-fuzzing-code/scripts/8-crash-testing/input/segment_22/48456f2abd48d876b3868ce72a7f8938141e2ba3.c: In function â€˜test_ternary_cond_exprâ€™:
/home/user42/directed-compiler-fuzzing-code/scripts/8-crash-testing/input/segment_22/48456f2abd48d876b3868ce72a7f8938141e2ba3.c:1057:13: error: invalid storage class for function â€˜test_binary_cond_expr_globalâ€™
 1057 | static void test_binary_cond_expr_global (void)
      |             ^~~~~~~~~~~~~~~~~~~~~~~~~~~~
/home/user42/directed-compiler-fuzzing-code/scripts/8-crash-testing/input/segment_22/48456f2abd48d876b3868ce72a7f8938141e2ba3.c: In function â€˜test_binary_cond_expr_globalâ€™:
/home/user42/directed-compiler-fuzzing-code/scripts/8-crash-testing/input/segment_22/48456f2abd48d876b3868ce72a7f8938141e2ba3.c:1036:14: error: expected â€˜;â€™ before â€˜_nâ€™
 1036 |     ~nsigned _n = strlen (_s);                                  \
      |              ^~
/home/user42/directed-compiler-fuzzing-code/scripts/8-crash-testing/input/segment_22/48456f2abd48d876b3868ce72a7f8938141e2ba3.c:1059:3: note: in expansion of macro â€˜Aâ€™
 1059 |   A (i0 ? "1" : ca[0], 2);
      |   ^
/home/user42/directed-compiler-fuzzing-code/scripts/8-crash-testing/input/segment_22/48456f2abd48d876b3868ce72a7f8938141e2ba3.c:1037:10: error: expected expression before â€˜=â€™ token
 1037 |     ((n= =_ N)                                                  \
      |          ^
/home/user42/directed-compiler-fuzzing-code/scripts/8-crash-testing/input/segment_22/48456f2abd48d876b3868ce72a7f8938141e2ba3.c:1059:3: note: in expansion of macro â€˜Aâ€™
 1059 |   A (i0 ? "1" : ca[0], 2);
      |   ^
/home/user42/directed-compiler-fuzzing-code/scripts/8-crash-testing/input/segment_22/48456f2abd48d876b3868ce72a7f8938141e2ba3.c:1036:14: error: expected â€˜;â€™ before â€˜_nâ€™
 1036 |     ~nsigned _n = strlen (_s);                                  \
      |              ^~
/home/user42/directed-compiler-fuzzing-code/scripts/8-crash-testing/input/segment_22/48456f2abd48d876b3868ce72a7f8938141e2ba3.c:1060:3: note: in expansion of macro â€˜Aâ€™
 1060 |   A (i0 ? ca[0] : "123", 3);
      |   ^
/home/user42/directed-compiler-fuzzing-code/scripts/8-crash-testing/input/segment_22/48456f2abd48d876b3868ce72a7f8938141e2ba3.c:1037:10: error: expected expression before â€˜=â€™ token
 1037 |     ((n= =_ N)                                                  \
      |          ^
/home/user42/directed-compiler-fuzzing-code/scripts/8-crash-testing/input/segment_22/48456f2abd48d876b3868ce72a7f8938141e2ba3.c:1060:3: note: in expansion of macro â€˜Aâ€™
 1060 |   A (i0 ? ca[0] : "123", 3);
      |   ^
/home/user42/directed-compiler-fuzzing-code/scripts/8-crash-testing/input/segment_22/48456f2abd48d876b3868ce72a7f8938141e2ba3.c:1036:14: error: expected â€˜;â€™ before â€˜_nâ€™
 1036 |     ~nsigned _n = strlen (_s);                                  \
      |              ^~
/home/user42/directed-compiler-fuzzing-code/scripts/8-crash-testing/input/segment_22/48456f2abd48d876b3868ce72a7f8938141e2ba3.c:1067:3: note: in expansion of macro â€˜Aâ€™
 1067 |   A (i0 ? "1" : cb[0], 4);              /* GCC 8.2 failure */
      |   ^
/home/user42/directed-compiler-fuzzing-code/scripts/8-crash-testing/input/segment_22/48456f2abd48d876b3868ce72a7f8938141e2ba3.c:1037:10: error: expected expression before â€˜=â€™ token
 1037 |     ((n= =_ N)                                                  \
      |          ^
/home/user42/directed-compiler-fuzzing-code/scripts/8-crash-testing/input/segment_22/48456f2abd48d876b3868ce72a7f8938141e2ba3.c:1067:3: note: in expansion of macro â€˜Aâ€™
 1067 |   A (i0 ? "1" : cb[0], 4);              /* GCC 8.2 failure */
      |   ^
/home/user42/directed-compiler-fuzzing-code/scripts/8-crash-testing/input/segment_22/48456f2abd48d876b3868ce72a7f8938141e2ba3.c:1036:14: error: expected â€˜;â€™ before â€˜_nâ€™
 1036 |     ~nsigned _n = strlen (_s);                                  \
      |              ^~
/home/user42/directed-compiler-fuzzing-code/scripts/8-crash-testing/input/segment_22/48456f2abd48d876b3868ce72a7f8938141e2ba3.c:1068:3: note: in expansion of macro â€˜Aâ€™
 1068 |   A (i0 ? cb[0] : "12", 2);
      |   ^
/home/user42/directed-compiler-fuzzing-code/scripts/8-crash-testing/input/segment_22/48456f2abd48d876b3868ce72a7f8938141e2ba3.c:1037:10: error: expected expression before â€˜=â€™ token
 1037 |     ((n= =_ N)                                                  \
      |          ^
/home/user42/directed-compiler-fuzzing-code/scripts/8-crash-testing/input/segment_22/48456f2abd48d876b3868ce72a7f8938141e2ba3.c:1068:3: note: in expansion of macro â€˜Aâ€™
 1068 |   A (i0 ? cb[0] : "12", 2);
      |   ^
/home/user42/directed-compiler-fuzzing-code/scripts/8-crash-testing/input/segment_22/48456f2abd48d876b3868ce72a7f8938141e2ba3.c:1036:14: error: expected â€˜;â€™ before â€˜_nâ€™
 1036 |     ~nsigned _n = strlen (_s);                                  \
      |              ^~
/home/user42/directed-compiler-fuzzing-code/scripts/8-crash-testing/input/segment_22/48456f2abd48d876b3868ce72a7f8938141e2ba3.c:1070:3: note: in expansion of macro â€˜Aâ€™
 1070 |   A (i0 ? "1" : va[0], 3);              /* GCC 8.2 failure */
      |   ^
/home/user42/directed-compiler-fuzzing-code/scripts/8-crash-testing/input/segment_22/48456f2abd48d876b3868ce72a7f8938141e2ba3.c:1037:10: error: expected expression before â€˜=â€™ token
 1037 |     ((n= =_ N)                                                  \
      |          ^
/home/user42/directed-compiler-fuzzing-code/scripts/8-crash-testing/input/segment_22/48456f2abd48d876b3868ce72a7f8938141e2ba3.c:1070:3: note: in expansion of macro â€˜Aâ€™
 1070 |   A (i0 ? "1" : va[0], 3);              /* GCC 8.2 failure */
      |   ^
/home/user42/directed-compiler-fuzzing-code/scripts/8-crash-testing/input/segment_22/48456f2abd48d876b3868ce72a7f8938141e2ba3.c:1036:14: error: expected â€˜;â€™ before â€˜_nâ€™
 1036 |     ~nsigned _n = strlen (_s);                                  \
      |              ^~
/home/user42/directed-compiler-fuzzing-code/scripts/8-crash-testing/input/segment_22/48456f2abd48d876b3868ce72a7f8938141e2ba3.c:1071:3: note: in expansion of macro â€˜Aâ€™
 1071 |   A (i0 ? va[0] : "1234", 4);
      |   ^
/home/user42/directed-compiler-fuzzing-code/scripts/8-crash-testing/input/segment_22/48456f2abd48d876b3868ce72a7f8938141e2ba3.c:1037:10: error: expected expression before â€˜=â€™ token
 1037 |     ((n= =_ N)                                                  \
      |          ^
/home/user42/directed-compiler-fuzzing-code/scripts/8-crash-testing/input/segment_22/48456f2abd48d876b3868ce72a7f8938141e2ba3.c:1071:3: note: in expansion of macro â€˜Aâ€™
 1071 |   A (i0 ? va[0] : "1234", 4);
      |   ^
/home/user42/directed-compiler-fuzzing-code/scripts/8-crash-testing/input/segment_22/48456f2abd48d876b3868ce72a7f8938141e2ba3.c:1036:14: error: expected â€˜;â€™ before â€˜_nâ€™
 1036 |     ~nsigned _n = strlen (_s);                                  \
      |              ^~
/home/user42/directed-compiler-fuzzing-code/scripts/8-crash-testing/input/segment_22/48456f2abd48d876b3868ce72a7f8938141e2ba3.c:1073:3: note: in expansion of macro â€˜Aâ€™
 1073 |   A (i0 ? "1" : vb[0], 5);              /* GCC 8.2 failure */
      |   ^
/home/user42/directed-compiler-fuzzing-code/scripts/8-crash-testing/input/segment_22/48456f2abd48d876b3868ce72a7f8938141e2ba3.c:1037:10: error: expected expression before â€˜=â€™ token
 1037 |     ((n= =_ N)                                                  \
      |          ^
/home/user42/directed-compiler-fuzzing-code/scripts/8-crash-testing/input/segment_22/48456f2abd48d876b3868ce72a7f8938141e2ba3.c:1073:3: note: in expansion of macro â€˜Aâ€™
 1073 |   A (i0 ? "1" : vb[0], 5);              /* GCC 8.2 failure */
      |   ^
/home/user42/directed-compiler-fuzzing-code/scripts/8-crash-testing/input/segment_22/48456f2abd48d876b3868ce72a7f8938141e2ba3.c:1036:14: error: expected â€˜;â€™ before â€˜_nâ€™
 1036 |     ~nsigned _n = strlen (_s);                                  \
      |              ^~
/home/user42/directed-compiler-fuzzing-code/scripts/8-crash-testing/input/segment_22/48456f2abd48d876b3868ce72a7f8938141e2ba3.c:1074:3: note: in expansion of macro â€˜Aâ€™
 1074 |   A (i0 ? vb[0] : "12", 2);
      |   ^
/home/user42/directed-compiler-fuzzing-code/scripts/8-crash-testing/input/segment_22/48456f2abd48d876b3868ce72a7f8938141e2ba3.c:1037:10: error: expected expression before â€˜=â€™ token
 1037 |     ((n= =_ N)                                                  \
      |          ^
/home/user42/directed-compiler-fuzzing-code/scripts/8-crash-testing/input/segment_22/48456f2abd48d876b3868ce72a7f8938141e2ba3.c:1074:3: note: in expansion of macro â€˜Aâ€™
 1074 |   A (i0 ? vb[0] : "12", 2);
      |   ^
/home/user42/directed-compiler-fuzzing-code/scripts/8-crash-testing/input/segment_22/48456f2abd48d876b3868ce72a7f8938141e2ba3.c: In function â€˜test_ternary_cond_exprâ€™:
/home/user42/directed-compiler-fuzzing-code/scripts/8-crash-testing/input/segment_22/48456f2abd48d876b3868ce72a7f8938141e2ba3.c:1078:13: error: variable or field â€˜t9â€™ declared void
 1078 | static void t9,
      |             ^~
/home/user42/directed-compiler-fuzzing-code/scripts/8-crash-testing/input/segment_22/48456f2abd48d876b3868ce72a7f8938141e2ba3.c:1079:10: error: variable or field â€˜a30â€™ declared void
 1079 |          a30, a31, a32, a33, a34, a35, a36, a37, a38, a39);
      |          ^~~
/home/user42/directed-compiler-fuzzing-code/scripts/8-crash-testing/input/segment_22/48456f2abd48d876b3868ce72a7f8938141e2ba3.c:1079:15: error: variable or field â€˜a31â€™ declared void
 1079 |          a30, a31, a32, a33, a34, a35, a36, a37, a38, a39);
      |               ^~~
/home/user42/directed-compiler-fuzzing-code/scripts/8-crash-testing/input/segment_22/48456f2abd48d876b3868ce72a7f8938141e2ba3.c:1079:20: error: variable or field â€˜a32â€™ declared void
 1079 |          a30, a31, a32, a33, a34, a35, a36, a37, a38, a39);
      |                    ^~~
/home/user42/directed-compiler-fuzzing-code/scripts/8-crash-testing/input/segment_22/48456f2abd48d876b3868ce72a7f8938141e2ba3.c:1079:25: error: variable or field â€˜a33â€™ declared void
 1079 |          a30, a31, a32, a33, a34, a35, a36, a37, a38, a39);
      |                         ^~~
/home/user42/directed-compiler-fuzzing-code/scripts/8-crash-testing/input/segment_22/48456f2abd48d876b3868ce72a7f8938141e2ba3.c:1079:30: error: variable or field â€˜a34â€™ declared void
 1079 |          a30, a31, a32, a33, a34, a35, a36, a37, a38, a39);
      |                              ^~~
/home/user42/directed-compiler-fuzzing-code/scripts/8-crash-testing/input/segment_22/48456f2abd48d876b3868ce72a7f8938141e2ba3.c:1079:35: error: variable or field â€˜a35â€™ declared void
 1079 |          a30, a31, a32, a33, a34, a35, a36, a37, a38, a39);
      |                                   ^~~
/home/user42/directed-compiler-fuzzing-code/scripts/8-crash-testing/input/segment_22/48456f2abd48d876b3868ce72a7f8938141e2ba3.c:1079:40: error: variable or field â€˜a36â€™ declared void
 1079 |          a30, a31, a32, a33, a34, a35, a36, a37, a38, a39);
      |                                        ^~~
/home/user42/directed-compiler-fuzzing-code/scripts/8-crash-testing/input/segment_22/48456f2abd48d876b3868ce72a7f8938141e2ba3.c:1079:45: error: variable or field â€˜a37â€™ declared void
 1079 |          a30, a31, a32, a33, a34, a35, a36, a37, a38, a39);
      |                                             ^~~
/home/user42/directed-compiler-fuzzing-code/scripts/8-crash-testing/input/segment_22/48456f2abd48d876b3868ce72a7f8938141e2ba3.c:1079:50: error: variable or field â€˜a38â€™ declared void
 1079 |          a30, a31, a32, a33, a34, a35, a36, a37, a38, a39);
      |                                                  ^~~
/home/user42/directed-compiler-fuzzing-code/scripts/8-crash-testing/input/segment_22/48456f2abd48d876b3868ce72a7f8938141e2ba3.c:1079:58: error: expected â€˜=â€™, â€˜,â€™, â€˜;â€™, â€˜asmâ€™ or â€˜__attribute__â€™ before â€˜)â€™ token
 1079 |          a30, a31, a32, a33, a34, a35, a36, a37, a38, a39);
      |                                                          ^
/home/user42/directed-compiler-fuzzing-code/scripts/8-crash-testing/input/segment_22/48456f2abd48d876b3868ce72a7f8938141e2ba3.c:1081:14: error: stray â€˜\16â€™ in program
 1081 |       i1 = a1<U+000E>0];
      |              ^~~~~~~~
/home/user42/directed-compiler-fuzzing-code/scripts/8-crash-testing/input/segment_22/48456f2abd48d876b3868ce72a7f8938141e2ba3.c:1081:14: error: expected â€˜;â€™ before numeric constant
 1081 |       i1 = a10];
      |              ^~
      |              ;
/home/user42/directed-compiler-fuzzing-code/scripts/8-crash-testing/input/segment_22/48456f2abd48d876b3868ce72a7f8938141e2ba3.c:1081:16: error: expected statement before â€˜]â€™ token
 1081 |       i1 = a10];
      |                ^
/home/user42/directed-compiler-fuzzing-code/scripts/8-crash-testing/input/segment_22/48456f2abd48d876b3868ce72a7f8938141e2ba3.c:1094:10: error: expected â€˜;â€™ before numeric constant
 1094 |       i14 0] : "12", 2);
      |          ^~
      |          ;
/home/user42/directed-compiler-fuzzing-code/scripts/8-crash-testing/input/segment_22/48456f2abd48d876b3868ce72a7f8938141e2ba3.c:1094:12: error: expected statement before â€˜]â€™ token
 1094 |       i14 0] : "12", 2);
      |            ^
/home/user42/directed-compiler-fuzzing-code/scripts/8-crash-testing/input/segment_22/48456f2abd48d876b3868ce72a7f8938141e2ba3.c:1094:14: error: expected expression before â€˜:â€™ token
 1094 |       i14 0] : "12", 2);
      |              ^
/home/user42/directed-compiler-fuzzing-code/scripts/8-crash-testing/input/segment_22/48456f2abd48d876b3868ce72a7f8938141e2ba3.c:1094:23: error: expected statement before â€˜)â€™ token
 1094 |       i14 0] : "12", 2);
      |                       ^
/home/user42/directed-compiler-fuzzing-code/scripts/8-crash-testing/input/segment_22/48456f2abd48d876b3868ce72a7f8938141e2ba3.c:1096:17: error: â€˜lvaâ€™ undeclared (first use in this function); did you mean â€˜vaâ€™?
 1096 |   A (i0 ? "1" : lva[0], 3);             /* GCC 8.2 failure */
      |                 ^~~
/home/user42/directed-compiler-fuzzing-code/scripts/8-crash-testing/input/segment_22/48456f2abd48d876b3868ce72a7f8938141e2ba3.c:1035:23: note: in definition of macro â€˜Aâ€™
 1035 |     const char *_s = (expr);                                    \
      |                       ^~~~
/home/user42/directed-compiler-fuzzing-code/scripts/8-crash-testing/input/segment_22/48456f2abd48d876b3868ce72a7f8938141e2ba3.c:1036:14: error: expected â€˜;â€™ before â€˜_nâ€™
 1036 |     ~nsigned _n = strlen (_s);                                  \
      |              ^~
/home/user42/directed-compiler-fuzzing-code/scripts/8-crash-testing/input/segment_22/48456f2abd48d876b3868ce72a7f8938141e2ba3.c:1096:3: note: in expansion of macro â€˜Aâ€™
 1096 |   A (i0 ? "1" : lva[0], 3);             /* GCC 8.2 failure */
      |   ^
/home/user42/directed-compiler-fuzzing-code/scripts/8-crash-testing/input/segment_22/48456f2abd48d876b3868ce72a7f8938141e2ba3.c:1037:10: error: expected expression before â€˜=â€™ token
 1037 |     ((n= =_ N)                                                  \
      |          ^
/home/user42/directed-compiler-fuzzing-code/scripts/8-crash-testing/input/segment_22/48456f2abd48d876b3868ce72a7f8938141e2ba3.c:1096:3: note: in expansion of macro â€˜Aâ€™
 1096 |   A (i0 ? "1" : lva[0], 3);             /* GCC 8.2 failure */
      |   ^
/home/user42/directed-compiler-fuzzing-code/scripts/8-crash-testing/input/segment_22/48456f2abd48d876b3868ce72a7f8938141e2ba3.c:1097:11: error: invalid suffix "lva" on integer constant
 1097 |   A (i0 ? 000000000000000000000000000000000000000000000000000000000000000000000000000000000000000000000000000000000000000000000lva[0] : "1234", 4);
      |           ^~~~~~~~~~~~~~~~~~~~~~~~~~~~~~~~~~~~~~~~~~~~~~~~~~~~~~~~~~~~~~~~~~~~~~~~~~~~~~~~~~~~~~~~~~~~~~~~~~~~~~~~~~~~~~~~~~~~~~~~
/home/user42/directed-compiler-fuzzing-code/scripts/8-crash-testing/input/segment_22/48456f2abd48d876b3868ce72a7f8938141e2ba3.c:1035:23: note: in definition of macro â€˜Aâ€™
 1035 |     const char *_s = (expr);                                    \
      |                       ^~~~
/home/user42/directed-compiler-fuzzing-code/scripts/8-crash-testing/input/segment_22/48456f2abd48d876b3868ce72a7f8938141e2ba3.c:1036:14: error: expected â€˜;â€™ before â€˜_nâ€™
 1036 |     ~nsigned _n = strlen (_s);                                  \
      |              ^~
/home/user42/directed-compiler-fuzzing-code/scripts/8-crash-testing/input/segment_22/48456f2abd48d876b3868ce72a7f8938141e2ba3.c:1097:3: note: in expansion of macro â€˜Aâ€™
 1097 |   A (i0 ? 000000000000000000000000000000000000000000000000000000000000000000000000000000000000000000000000000000000000000000000lva[0] : "1234", 4);
      |   ^
/home/user42/directed-compiler-fuzzing-code/scripts/8-crash-testing/input/segment_22/48456f2abd48d876b3868ce72a7f8938141e2ba3.c:1037:10: error: expected expression before â€˜=â€™ token
 1037 |     ((n= =_ N)                                                  \
      |          ^
/home/user42/directed-compiler-fuzzing-code/scripts/8-crash-testing/input/segment_22/48456f2abd48d876b3868ce72a7f8938141e2ba3.c:1097:3: note: in expansion of macro â€˜Aâ€™
 1097 |   A (i0 ? 000000000000000000000000000000000000000000000000000000000000000000000000000000000000000000000000000000000000000000000lva[0] : "1234", 4);
      |   ^
/home/user42/directed-compiler-fuzzing-code/scripts/8-crash-testing/input/segment_22/48456f2abd48d876b3868ce72a7f8938141e2ba3.c:1099:17: error: â€˜lvbâ€™ undeclared (first use in this function); did you mean â€˜vbâ€™?
 1099 |   A (i0 ? "1" : lvb[0], 5);             /* GCC 8.2 failure */
      |                 ^~~
/home/user42/directed-compiler-fuzzing-code/scripts/8-crash-testing/input/segment_22/48456f2abd48d876b3868ce72a7f8938141e2ba3.c:1035:23: note: in definition of macro â€˜Aâ€™
 1035 |     const char *_s = (expr);                                    \
      |                       ^~~~
/home/user42/directed-compiler-fuzzing-code/scripts/8-crash-testing/input/segment_22/48456f2abd48d876b3868ce72a7f8938141e2ba3.c:1036:14: error: expected â€˜;â€™ before â€˜_nâ€™
 1036 |     ~nsigned _n = strlen (_s);                                  \
      |              ^~
/home/user42/directed-compiler-fuzzing-code/scripts/8-crash-testing/input/segment_22/48456f2abd48d876b3868ce72a7f8938141e2ba3.c:1099:3: note: in expansion of macro â€˜Aâ€™
 1099 |   A (i0 ? "1" : lvb[0], 5);             /* GCC 8.2 failure */
      |   ^
/home/user42/directed-compiler-fuzzing-code/scripts/8-crash-testing/input/segment_22/48456f2abd48d876b3868ce72a7f8938141e2ba3.c:1037:10: error: expected expression before â€˜=â€™ token
 1037 |     ((n= =_ N)                                                  \
      |          ^
/home/user42/directed-compiler-fuzzing-code/scripts/8-crash-testing/input/segment_22/48456f2abd48d876b3868ce72a7f8938141e2ba3.c:1099:3: note: in expansion of macro â€˜Aâ€™
 1099 |   A (i0 ? "1" : lvb[0], 5);             /* GCC 8.2 failure */
      |   ^
/home/user42/directed-compiler-fuzzing-code/scripts/8-crash-testing/input/segment_22/48456f2abd48d876b3868ce72a7f8938141e2ba3.c:1036:14: error: expected â€˜;â€™ before â€˜_nâ€™
 1036 |     ~nsigned _n = strlen (_s);                                  \
      |              ^~
/home/user42/directed-compiler-fuzzing-code/scripts/8-crash-testing/input/segment_22/48456f2abd48d876b3868ce72a7f8938141e2ba3.c:1100:3: note: in expansion of macro â€˜Aâ€™
 1100 |   A (i0 ? lvb[0] : "12", 2);
      |   ^
/home/user42/directed-compiler-fuzzing-code/scripts/8-crash-testing/input/segment_22/48456f2abd48d876b3868ce72a7f8938141e2ba3.c:1037:10: error: expected expression before â€˜=â€™ token
 1037 |     ((n= =_ N)                                                  \
      |          ^
/home/user42/directed-compiler-fuzzing-code/scripts/8-crash-testing/input/segment_22/48456f2abd48d876b3868ce72a7f8938141e2ba3.c:1100:3: note: in expansion of macro â€˜Aâ€™
 1100 |   A (i0 ? lvb[0] : "12", 2);
      |   ^
/home/user42/directed-compiler-fuzzing-code/scripts/8-crash-testing/input/segment_22/48456f2abd48d876b3868ce72a7f8938141e2ba3.c: At top level:
/home/user42/directed-compiler-fuzzing-code/scripts/8-crash-testing/input/segment_22/48456f2abd48d876b3868ce72a7f8938141e2ba3.c:1104:13: error: redefinition of â€˜test_ternary_cond_exprâ€™
 1104 | static void test_ternary_cond_expr (void)
      |             ^~~~~~~~~~~~~~~~~~~~~~
/home/user42/directed-compiler-fuzzing-code/scripts/8-crash-testing/input/segment_22/48456f2abd48d876b3868ce72a7f8938141e2ba3.c:954:13: note: previous definition of â€˜test_ternary_cond_exprâ€™ with type â€˜void(void)â€™
  954 | static void test_ternary_cond_expr (void)
      |             ^~~~~~~~~~~~~~~~~~~~~~
/home/user42/directed-compiler-fuzzing-code/scripts/8-crash-testing/input/segment_22/48456f2abd48d876b3868ce72a7f8938141e2ba3.c: In function â€˜test_ternary_cond_exprâ€™:
/home/user42/directed-compiler-fuzzing-code/scripts/8-crash-testing/input/segment_22/48456f2abd48d876b3868ce72a7f8938141e2ba3.c:1108:1: error: expected â€˜)â€™ before â€˜externâ€™
 1108 | extern void abort (void);
      | ^~~~~~
/home/user42/directed-compiler-fuzzing-code/scripts/8-crash-testing/input/segment_22/48456f2abd48d876b3868ce72a7f8938141e2ba3.c:1035:23: note: in definition of macro â€˜Aâ€™
 1035 |     const char *_s = (expr);                                    \
      |                       ^~~~
/home/user42/directed-compiler-fuzzing-code/scripts/8-crash-testing/input/segment_22/48456f2abd48d876b3868ce72a7f8938141e2ba3.c:1035:22: note: to match this â€˜(â€™
 1035 |     const char *_s = (expr);                                    \
      |                      ^
/home/user42/directed-compiler-fuzzing-code/scripts/8-crash-testing/input/segment_22/48456f2abd48d876b3868ce72a7f8938141e2ba3.c:1107:3: note: in expansion of macro â€˜Aâ€™
 1107 |   A (i0 == 0 /* corpus/pr31136.c */
      |   ^
/home/user42/directed-compiler-fuzzing-code/scripts/8-crash-testing/input/segment_22/48456f2abd48d876b3868ce72a7f8938141e2ba3.c:1035:22: warning: initialization of â€˜const char *â€™ from â€˜intâ€™ makes pointer from integer without a cast [-Wint-conversion]
 1035 |     const char *_s = (expr);                                    \
      |                      ^
/home/user42/directed-compiler-fuzzing-code/scripts/8-crash-testing/input/segment_22/48456f2abd48d876b3868ce72a7f8938141e2ba3.c:1107:3: note: in expansion of macro â€˜Aâ€™
 1107 |   A (i0 == 0 /* corpus/pr31136.c */
      |   ^
/home/user42/directed-compiler-fuzzing-code/scripts/8-crash-testing/input/segment_22/48456f2abd48d876b3868ce72a7f8938141e2ba3.c:1043:3: error: expected â€˜,â€™ or â€˜;â€™ before â€˜}â€™ token
 1043 |   } while (0)
      |   ^
/home/user42/directed-compiler-fuzzing-code/scripts/8-crash-testing/input/segment_22/48456f2abd48d876b3868ce72a7f8938141e2ba3.c:1107:3: note: in expansion of macro â€˜Aâ€™
 1107 |   A (i0 == 0 /* corpus/pr31136.c */
      |   ^
/home/user42/directed-compiler-fuzzing-code/scripts/8-crash-testing/input/segment_22/48456f2abd48d876b3868ce72a7f8938141e2ba3.c:1036:6: error: â€˜nsignedâ€™ undeclared (first use in this function)
 1036 |     ~nsigned _n = strlen (_s);                                  \
      |      ^~~~~~~
/home/user42/directed-compiler-fuzzing-code/scripts/8-crash-testing/input/segment_22/48456f2abd48d876b3868ce72a7f8938141e2ba3.c:1115:3: note: in expansion of macro â€˜Aâ€™
 1115 |   A (i0 == 0 ? vb[0] : i0 == 1 ? s : "123", 5);
      |   ^
/home/user42/directed-compiler-fuzzing-code/scripts/8-crash-testing/input/segment_22/48456f2abd48d876b3868ce72a7f8938141e2ba3.c:1036:14: error: expected â€˜;â€™ before â€˜_nâ€™
 1036 |     ~nsigned _n = strlen (_s);                                  \
      |              ^~
/home/user42/directed-compiler-fuzzing-code/scripts/8-crash-testing/input/segment_22/48456f2abd48d876b3868ce72a7f8938141e2ba3.c:1115:3: note: in expansion of macro â€˜Aâ€™
 1115 |   A (i0 == 0 ? vb[0] : i0 == 1 ? s : "123", 5);
      |   ^
/home/user42/directed-compiler-fuzzing-code/scripts/8-crash-testing/input/segment_22/48456f2abd48d876b3868ce72a7f8938141e2ba3.c:1037:7: error: â€˜nâ€™ undeclared (first use in this function)
 1037 |     ((n= =_ N)                                                  \
      |       ^
/home/user42/directed-compiler-fuzzing-code/scripts/8-crash-testing/input/segment_22/48456f2abd48d876b3868ce72a7f8938141e2ba3.c:1115:3: note: in expansion of macro â€˜Aâ€™
 1115 |   A (i0 == 0 ? vb[0] : i0 == 1 ? s : "123", 5);
      |   ^
/home/user42/directed-compiler-fuzzing-code/scripts/8-crash-testing/input/segment_22/48456f2abd48d876b3868ce72a7f8938141e2ba3.c:1037:10: error: expected expression before â€˜=â€™ token
 1037 |     ((n= =_ N)                                                  \
      |          ^
/home/user42/directed-compiler-fuzzing-code/scripts/8-crash-testing/input/segment_22/48456f2abd48d876b3868ce72a7f8938141e2ba3.c:1115:3: note: in expansion of macro â€˜Aâ€™
 1115 |   A (i0 == 0 ? vb[0] : i0 == 1 ? s : "123", 5);
      |   ^
/home/user42/directed-compiler-fuzzing-code/scripts/8-crash-testing/input/segment_22/48456f2abd48d876b3868ce72a7f8938141e2ba3.c:1037:11: error: â€˜_â€™ undeclared (first use in this function); did you mean â€˜_sâ€™?
 1037 |     ((n= =_ N)                                                  \
      |           ^
/home/user42/directed-compiler-fuzzing-code/scripts/8-crash-testing/input/segment_22/48456f2abd48d876b3868ce72a7f8938141e2ba3.c:1115:3: note: in expansion of macro â€˜Aâ€™
 1115 |   A (i0 == 0 ? vb[0] : i0 == 1 ? s : "123", 5);
      |   ^
/home/user42/directed-compiler-fuzzing-code/scripts/8-crash-testing/input/segment_22/48456f2abd48d876b3868ce72a7f8938141e2ba3.c:1042:11: error: â€˜nfailsâ€™ undeclared (first use in this function)
 1042 |         ++nfails));                                             \
      |           ^~~~~~
/home/user42/directed-compiler-fuzzing-code/scripts/8-crash-testing/input/segment_22/48456f2abd48d876b3868ce72a7f8938141e2ba3.c:1115:3: note: in expansion of macro â€˜Aâ€™
 1115 |   A (i0 == 0 ? vb[0] : i0 == 1 ? s : "123", 5);
      |   ^
/home/user42/directed-compiler-fuzzing-code/scripts/8-crash-testing/input/segment_22/48456f2abd48d876b3868ce72a7f8938141e2ba3.c:1036:14: error: expected â€˜;â€™ before â€˜_nâ€™
 1036 |     ~nsigned _n = strlen (_s);                                  \
      |              ^~
/home/user42/directed-compiler-fuzzing-code/scripts/8-crash-testing/input/segment_22/48456f2abd48d876b3868ce72a7f8938141e2ba3.c:1116:3: note: in expansion of macro â€˜Aâ€™
 1116 |   A (i0 == 0 ? "123" : i0 == 1 ? s : vb[0], 3);
      |   ^
/home/user42/directed-compiler-fuzzing-code/scripts/8-crash-testing/input/segment_22/48456f2abd48d876b3868ce72a7f8938141e2ba3.c:1037:10: error: expected expression before â€˜=â€™ token
 1037 |     ((n= =_ N)                                                  \
      |          ^
/home/user42/directed-compiler-fuzzing-code/scripts/8-crash-testing/input/segment_22/48456f2abd48d876b3868ce72a7f8938141e2ba3.c:1116:3: note: in expansion of macro â€˜Aâ€™
 1116 |   A (i0 == 0 ? "123" : i0 == 1 ? s : vb[0], 3);
      |   ^
/home/user42/directed-compiler-fuzzing-code/scripts/8-crash-testing/input/segment_22/48456f2abd48d876b3868ce72a7f8938141e2ba3.c:1120:1: error: expected â€˜whileâ€™ before â€˜constâ€™
 1120 | const char (*pca)[3] = &ca[0];
      | ^~~~~
/home/user42/directed-compiler-fuzzing-code/scripts/8-crash-testing/input/segment_22/48456f2abd48d876b3868ce72a7f8938141e2ba3.c:1126:13: error: invalid storage class for function â€˜test_binary_cond_expr_arrayptrâ€™
 1126 | static void test_binary_cond_expr_arrayptr (void)
      |             ^~~~~~~~~~~~~~~~~~~~~~~~~~~~~~
/home/user42/directed-compiler-fuzzing-code/scripts/8-crash-testing/input/segment_22/48456f2abd48d876b3868ce72a7f8938141e2ba3.c: In function â€˜test_binary_cond_expr_arrayptrâ€™:
/home/user42/directed-compiler-fuzzing-code/scripts/8-crash-testing/input/segment_22/48456f2abd48d876b3868ce72a7f8938141e2ba3.c:1129:12: error: â€˜pcaâ€™ undeclared (first use in this function); did you mean â€˜pvaâ€™?
 1129 |   A (i0 ? *pca : *pcb, 4);              /* GCC 8.2 failure */
      |            ^~~
/home/user42/directed-compiler-fuzzing-code/scripts/8-crash-testing/input/segment_22/48456f2abd48d876b3868ce72a7f8938141e2ba3.c:1035:23: note: in definition of macro â€˜Aâ€™
 1035 |     const char *_s = (expr);                                    \
      |                       ^~~~
/home/user42/directed-compiler-fuzzing-code/scripts/8-crash-testing/input/segment_22/48456f2abd48d876b3868ce72a7f8938141e2ba3.c:1036:14: error: expected â€˜;â€™ before â€˜_nâ€™
 1036 |     ~nsigned _n = strlen (_s);                                  \
      |              ^~
/home/user42/directed-compiler-fuzzing-code/scripts/8-crash-testing/input/segment_22/48456f2abd48d876b3868ce72a7f8938141e2ba3.c:1129:3: note: in expansion of macro â€˜Aâ€™
 1129 |   A (i0 ? *pca : *pcb, 4);              /* GCC 8.2 failure */
      |   ^
/home/user42/directed-compiler-fuzzing-code/scripts/8-crash-testing/input/segment_22/48456f2abd48d876b3868ce72a7f8938141e2ba3.c:1037:10: error: expected expression before â€˜=â€™ token
 1037 |     ((n= =_ N)                                                  \
      |          ^
/home/user42/directed-compiler-fuzzing-code/scripts/8-crash-testing/input/segment_22/48456f2abd48d876b3868ce72a7f8938141e2ba3.c:1129:3: note: in expansion of macro â€˜Aâ€™
 1129 |   A (i0 ? *pca : *pcb, 4);              /* GCC 8.2 failure */
      |   ^
/home/user42/directed-compiler-fuzzing-code/scripts/8-crash-testing/input/segment_22/48456f2abd48d876b3868ce72a7f8938141e2ba3.c:1036:14: error: expected â€˜;â€™ before â€˜_nâ€™
 1036 |     ~nsigned _n = strlen (_s);                                  \
      |              ^~
/home/user42/directed-compiler-fuzzing-code/scripts/8-crash-testing/input/segment_22/48456f2abd48d876b3868ce72a7f8938141e2ba3.c:1130:3: note: in expansion of macro â€˜Aâ€™
 1130 |   A (i0 ? *pcb : *pca, 2);
      |   ^
/home/user42/directed-compiler-fuzzing-code/scripts/8-crash-testing/input/segment_22/48456f2abd48d876b3868ce72a7f8938141e2ba3.c:1037:10: error: expected expression before â€˜=â€™ token
 1037 |     ((n= =_ N)                                                  \
      |          ^
/home/user42/directed-compiler-fuzzing-code/scripts/8-crash-testing/input/segment_22/48456f2abd48d876b3868ce72a7f8938141e2ba3.c:1130:3: note: in expansion of macro â€˜Aâ€™
 1130 |   A (i0 ? *pcb : *pca, 2);
      |   ^
/home/user42/directed-compiler-fuzzing-code/scripts/8-crash-testing/input/segment_22/48456f2abd48d876b3868ce72a7f8938141e2ba3.c:1036:14: error: expected â€˜;â€™ before â€˜_nâ€™
 1036 |     ~nsigned _n = strlen (_s);                                  \
      |              ^~
/home/user42/directed-compiler-fuzzing-code/scripts/8-crash-testing/input/segment_22/48456f2abd48d876b3868ce72a7f8938141e2ba3.c:1132:3: note: in expansion of macro â€˜Aâ€™
 1132 |   A (i0 ? *pva : *pvb, 5);              /* GCC 8.2 failure */
      |   ^
/home/user42/directed-compiler-fuzzing-code/scripts/8-crash-testing/input/segment_22/48456f2abd48d876b3868ce72a7f8938141e2ba3.c:1037:10: error: expected expression before â€˜=â€™ token
 1037 |     ((n= =_ N)                                                  \
      |          ^
/home/user42/directed-compiler-fuzzing-code/scripts/8-crash-testing/input/segment_22/48456f2abd48d876b3868ce72a7f8938141e2ba3.c:1132:3: note: in expansion of macro â€˜Aâ€™
 1132 |   A (i0 ? *pva : *pvb, 5);              /* GCC 8.2 failure */
      |   ^
/home/user42/directed-compiler-fuzzing-code/scripts/8-crash-testing/input/segment_22/48456f2abd48d876b3868ce72a7f8938141e2ba3.c:1036:14: error: expected â€˜;â€™ before â€˜_nâ€™
 1036 |     ~nsigned _n = strlen (_s);                                  \
      |              ^~
/home/user42/directed-compiler-fuzzing-code/scripts/8-crash-testing/input/segment_22/48456f2abd48d876b3868ce72a7f8938141e2ba3.c:1133:3: note: in expansion of macro â€˜Aâ€™
 1133 |   A (i0 ? *pvb : *pva, 3);
      |   ^
/home/user42/directed-compiler-fuzzing-code/scripts/8-crash-testing/input/segment_22/48456f2abd48d876b3868ce72a7f8938141e2ba3.c:1037:10: error: expected expression before â€˜=â€™ token
 1037 |     ((n= =_ N)                                                  \
      |          ^
/home/user42/directed-compiler-fuzzing-code/scripts/8-crash-testing/input/segment_22/48456f2abd48d876b3868ce72a7f8938141e2ba3.c:1133:3: note: in expansion of macro â€˜Aâ€™
 1133 |   A (i0 ? *pvb : *pva, 3);
      |   ^
/home/user42/directed-compiler-fuzzing-code/scripts/8-crash-testing/input/segment_22/48456f2abd48d876b3868ce72a7f8938141e2ba3.c: In function â€˜mainâ€™:
/home/user42/directed-compiler-fuzzing-code/scripts/8-crash-testing/input/segment_22/48456f2abd48d876b3868ce72a7f8938141e2ba3.c:1142:3: error: â€˜test_ternary_câ€™ undeclared (first use in this function); did you mean â€˜test_ternary_cond_exprâ€™?
 1142 |   test_ternary_c}
      |   ^~~~~~~~~~~~~~
      |   test_ternary_cond_expr
/home/user42/directed-compiler-fuzzing-code/scripts/8-crash-testing/input/segment_22/48456f2abd48d876b3868ce72a7f8938141e2ba3.c:1142:17: error: expected â€˜;â€™ before â€˜}â€™ token
 1142 |   test_ternary_c}
      |                 ^
      |                 ;
/home/user42/directed-compiler-fuzzing-code/scripts/8-crash-testing/input/segment_22/48456f2abd48d876b3868ce72a7f8938141e2ba3.c: In function â€˜test_ternary_cond_exprâ€™:
/home/user42/directed-compiler-fuzzing-code/scripts/8-crash-testing/input/segment_22/48456f2abd48d876b3868ce72a7f8938141e2ba3.c:1255:7: error: â€˜CHUNKâ€™ undeclared (first use in this function)
 1255 |   if (CHUNK < 40)
      |       ^~~~~
/home/user42/directed-compiler-fuzzing-code/scripts/8-crash-testing/input/segment_22/48456f2abd48d876b3868ce72a7f8938141e2ba3.c:1256:7: warning: implicit declaration of function â€˜exitâ€™ [-Wimplicit-function-declaration]
 1256 |     { exit (0); }
      |       ^~~~
/home/user42/directed-compiler-fuzzing-code/scripts/8-crash-testing/input/segment_22/48456f2abd48d876b3868ce72a7f8938141e2ba3.c:1:1: note: include â€˜<stdlib.h>â€™ or provide a declaration of â€˜exitâ€™
  +++ |+#include <stdlib.h>
    1 | /* corpus/pr40022.c */
/home/user42/directed-compiler-fuzzing-code/scripts/8-crash-testing/input/segment_22/48456f2abd48d876b3868ce72a7f8938141e2ba3.c:1256:7: warning: incompatible implicit declaration of built-in function â€˜exitâ€™ [-Wbuiltin-declaration-mismatch]
 1256 |     { exit (0); }
      |       ^~~~
/home/user42/directed-compiler-fuzzing-code/scripts/8-crash-testing/input/segment_22/48456f2abd48d876b3868ce72a7f8938141e2ba3.c:1256:7: note: include â€˜<stdlib.h>â€™ or provide a declaration of â€˜exitâ€™
/home/user42/directed-compiler-fuzzing-code/scripts/8-crash-testing/input/segment_22/48456f2abd48d876b3868ce72a7f8938141e2ba3.c:1258:3: warning: implicit declaration of function â€˜fâ€™ [-Wimplicit-function-declaration]
 1258 |   f (1);
      |   ^
/home/user42/directed-compiler-fuzzing-code/scripts/8-crash-testing/input/segment_22/48456f2abd48d876b3868ce72a7f8938141e2ba3.c:1259:3: warning: incompatible implicit declaration of built-in function â€˜exitâ€™ [-Wbuiltin-declaration-mismatch]
 1259 |   exit (0);
      |   ^~~~
/home/user42/directed-compiler-fuzzing-code/scripts/8-crash-testing/input/segment_22/48456f2abd48d876b3868ce72a7f8938141e2ba3.c:1259:3: note: include â€˜<stdlib.h>â€™ or provide a declaration of â€˜exitâ€™
/home/user42/directed-compiler-fuzzing-code/scripts/8-crash-testing/input/segment_22/48456f2abd48d876b3868ce72a7f8938141e2ba3.c: At top level:
/home/user42/directed-compiler-fuzzing-code/scripts/8-crash-testing/input/segment_22/48456f2abd48d876b3868ce72a7f8938141e2ba3.c:1262:6: error: â€˜sâ€™ redeclared as different kind of symbol
 1262 | void s(int n, ...)
      |      ^
/home/user42/directed-compiler-fuzzing-code/scripts/8-crash-testing/input/segment_22/48456f2abd48d876b3868ce72a7f8938141e2ba3.c:277:13: note: previous definition of â€˜sâ€™ with type â€˜const char *â€™
  277 | const char *s = "123456";
      |             ^
/home/user42/directed-compiler-fuzzing-code/scripts/8-crash-testing/input/segment_22/48456f2abd48d876b3868ce72a7f8938141e2ba3.c: In function â€˜sâ€™:
/home/user42/directed-compiler-fuzzing-code/scripts/8-crash-testing/input/segment_22/48456f2abd48d876b3868ce72a7f8938141e2ba3.c:1264:3: error: unknown type name â€˜va_listâ€™
 1264 |   va_list list;
      |   ^~~~~~~
/home/user42/directed-compiler-fuzzing-code/scripts/8-crash-testing/input/segment_22/48456f2abd48d876b3868ce72a7f8938141e2ba3.c:1:1: note: â€˜va_listâ€™ is defined in header â€˜<stdarg.h>â€™; did you forget to â€˜#include <stdarg.h>â€™?
  +++ |+#include <stdarg.h>
    1 | /* corpus/pr40022.c */
/home/user42/directed-compiler-fuzzing-code/scripts/8-crash-testing/input/segment_22/48456f2abd48d876b3868ce72a7f8938141e2ba3.c:1266:3: error: â€˜va_rlpâ€™ undeclared (first use in this function)
 1266 |   va_rlp->u.l.lsn_array[__j + 1] = __tmp;
      |   ^~~~~~
/home/user42/directed-compiler-fuzzing-code/scripts/8-crash-testing/input/segment_22/48456f2abd48d876b3868ce72a7f8938141e2ba3.c:1266:25: error: â€˜__jâ€™ undeclared (first use in this function)
 1266 |   va_rlp->u.l.lsn_array[__j + 1] = __tmp;
      |                         ^~~
/home/user42/directed-compiler-fuzzing-code/scripts/8-crash-testing/input/segment_22/48456f2abd48d876b3868ce72a7f8938141e2ba3.c:1266:36: error: â€˜__tmpâ€™ undeclared (first use in this function)
 1266 |   va_rlp->u.l.lsn_array[__j + 1] = __tmp;
      |                                    ^~~~~
/home/user42/directed-compiler-fuzzing-code/scripts/8-crash-testing/input/segment_22/48456f2abd48d876b3868ce72a7f8938141e2ba3.c: At top level:
/home/user42/directed-compiler-fuzzing-code/scripts/8-crash-testing/input/segment_22/48456f2abd48d876b3868ce72a7f8938141e2ba3.c:1268:6: error: expected identifier or â€˜(â€™ before â€˜}â€™ token
 1268 |      }
      |      ^
/home/user42/directed-compiler-fuzzing-code/scripts/8-crash-testing/input/segment_22/48456f2abd48d876b3868ce72a7f8938141e2ba3.c:1269:1: error: stray â€˜\10â€™ in program
 1269 | <U+0008>   *lsnp = elp->u.l.lsn_array[0];
      | ^~~~~~~~
/home/user42/directed-compiler-fuzzing-code/scripts/8-crash-testing/input/segment_22/48456f2abd48d876b3868ce72a7f8938141e2ba3.c:1269:5: warning: data definition has no type or storage class
 1269 |    *lsnp = elp->u.l.lsn_array[0];
      |     ^
/home/user42/directed-compiler-fuzzing-code/scripts/8-crash-testing/input/segment_22/48456f2abd48d876b3868ce72a7f8938141e2ba3.c:1269:6: warning: type defaults to â€˜intâ€™ in declaration of â€˜lsnpâ€™ [-Wimplicit-int]
 1269 |    *lsnp = elp->u.l.lsn_array[0];
      |      ^~~~
/home/user42/directed-compiler-fuzzing-code/scripts/8-crash-testing/input/segment_22/48456f2abd48d876b3868ce72a7f8938141e2ba3.c:1269:13: error: â€˜elpâ€™ undeclared here (not in a function)
 1269 |    *lsnp = elp->u.l.lsn_array[0];
      |             ^~~
/home/user42/directed-compiler-fuzzing-code/scripts/8-crash-testing/input/segment_22/48456f2abd48d876b3868ce72a7f8938141e2ba3.c:1270:4: error: expected identifier or â€˜(â€™ before â€˜returnâ€™
 1270 |    return val;
      |    ^~~~~~
/home/user42/directed-compiler-fuzzing-code/scripts/8-crash-testing/input/segment_22/48456f2abd48d876b3868ce72a7f8938141e2ba3.c:1271:1: error: expected identifier or â€˜(â€™ before â€˜}â€™ token
 1271 | }
      | ^
/home/user42/directed-compiler-fuzzing-code/scripts/8-crash-testing/input/segment_22/48456f2abd48d876b3868ce72a7f8938141e2ba3.c:1312:5: error: redefinition of â€˜mainâ€™
 1312 | int main (void)
      |     ^~~~
/home/user42/directed-compiler-fuzzing-code/scripts/8-crash-testing/input/segment_22/48456f2abd48d876b3868ce72a7f8938141e2ba3.c:544:5: note: previous definition of â€˜mainâ€™ with type â€˜int(void)â€™
  544 | int main (void)
      |     ^~~~
/home/user42/directed-compiler-fuzzing-code/scripts/8-crash-testing/input/segment_22/48456f2abd48d876b3868ce72a7f8938141e2ba3.c: In function â€˜mainâ€™:
/home/user42/directed-compiler-fuzzing-code/scripts/8-crash-testing/input/segment_22/48456f2abd48d876b3868ce72a7f8938141e2ba3.c:1314:3: error: unknown type name â€˜DB_TXNLISTâ€™
 1314 |   DB_TXNLIST el;
      |   ^~~~~~~~~~
/home/user42/directed-compiler-fuzzing-code/scripts/8-crash-testing/input/segment_22/48456f2abd48d876b3868ce72a7f8938141e2ba3.c:1315:3: error: â€˜DB_LSâ€™ undeclared (first use in this function)
 1315 |   DB_LS..)
      |   ^~~~~
/home/user42/directed-compiler-fuzzing-code/scripts/8-crash-testing/input/segment_22/48456f2abd48d876b3868ce72a7f8938141e2ba3.c:1315:9: error: expected identifier before â€˜.â€™ token
 1315 |   DB_LS..)
      |         ^
/home/user42/directed-compiler-fuzzing-code/scripts/8-crash-testing/input/segment_22/48456f2abd48d876b3868ce72a7f8938141e2ba3.c:1315:10: error: expected statement before â€˜)â€™ token
 1315 |   DB_LS..)
      |          ^
/home/user42/directed-compiler-fuzzing-code/scripts/8-crash-testing/input/segment_22/48456f2abd48d876b3868ce72a7f8938141e2ba3.c:1317:3: error: unknown type name â€˜va_listâ€™
 1317 |   va_list list;
      |   ^~~~~~~
/home/user42/directed-compiler-fuzzing-code/scripts/8-crash-testing/input/segment_22/48456f2abd48d876b3868ce72a7f8938141e2ba3.c:1317:3: note: â€˜va_listâ€™ is defined in header â€˜<stdarg.h>â€™; did you forget to â€˜#include <stdarg.h>â€™?
/home/user42/directed-compiler-fuzzing-code/scripts/8-crash-testing/input/segment_22/48456f2abd48d876b3868ce72a7f8938141e2ba3.c:1319:3: warning: implicit declaration of function â€˜va_startâ€™ [-Wimplicit-function-declaration]
 1319 |   va_start (list, n);
      |   ^~~~~~~~
/home/user42/directed-compiler-fuzzing-code/scripts/8-crash-testing/input/segment_22/48456f2abd48d876b3868ce72a7f8938141e2ba3.c:1319:19: error: â€˜nâ€™ undeclared (first use in this function)
 1319 |   va_start (list, n);
      |                   ^
/home/user42/directed-compiler-fuzzing-code/scripts/8-crash-testing/input/segment_22/48456f2abd48d876b3868ce72a7f8938141e2ba3.c:1322:16: warning: implicit declaration of function â€˜va_argâ€™ [-Wimplicit-function-declaration]
 1322 |       int *a = va_arg (list, int *);
      |                ^~~~~~
/home/user42/directed-compiler-fuzzing-code/scripts/8-crash-testing/input/segment_22/48456f2abd48d876b3868ce72a7f8938141e2ba3.c:1322:30: error: expected expression before â€˜intâ€™
 1322 |       int *a = va_arg (list, int *);
      |                              ^~~
/home/user42/directed-compiler-fuzzing-code/scripts/8-crash-testing/input/segment_22/48456f2abd48d876b3868ce72a7f8938141e2ba3.c:1325:3: warning: implicit declaration of function â€˜va_endâ€™ [-Wimplicit-function-declaration]
 1325 |   va_end (list);
      |   ^~~~~~
/home/user42/directed-compiler-fuzzing-code/scripts/8-crash-testing/input/segment_22/48456f2abd48d876b3868ce72a7f8938141e2ba3.c: In function â€˜câ€™:
/home/user42/directed-compiler-fuzzing-code/scripts/8-crash-testing/input/segment_22/48456f2abd48d876b3868ce72a7f8938141e2ba3.c:1330:3: error: unknown type name â€˜va_listâ€™
 1330 |   va_list list;
      |   ^~~~~~~
/home/user42/directed-compiler-fuzzing-code/scripts/8-crash-testing/input/segment_22/48456f2abd48d876b3868ce72a7f8938141e2ba3.c:1330:3: note: â€˜va_listâ€™ is defined in header â€˜<stdarg.h>â€™; did you forget to â€˜#include <stdarg.h>â€™?
/home/user42/directed-compiler-fuzzing-code/scripts/8-crash-testing/input/segment_22/48456f2abd48d876b3868ce72a7f8938141e2ba3.c:1332:3: error: unknown type name â€˜vaNâ€™
 1332 |   vaN lsn, lsn_a[VLEN];
      |   ^~~
/home/user42/directed-compiler-fuzzing-code/scripts/8-crash-testing/input/segment_22/48456f2abd48d876b3868ce72a7f8938141e2ba3.c:1334:5: error: request for member â€˜uâ€™ in something not a structure or union
 1334 |   el.u.l.ntxns = VLEN-1;
      |     ^
/home/user42/directed-compiler-fuzzing-code/scripts/8-crash-testing/input/segment_22/48456f2abd48d876b3868ce72a7f8938141e2ba3.c:1335:5: error: request for member â€˜uâ€™ in something not a structure or union
 1335 |   el.u.l.lsn_array = lsn_a;
      |     ^
/home/user42/directed-compiler-fuzzing-code/scripts/8-crash-testing/input/segment_22/48456f2abd48d876b3868ce72a7f8938141e2ba3.c:1337:7: warning: implicit declaration of function â€˜_startâ€™ [-Wimplicit-function-declaration]
 1337 |   if (_start (list, n);
      |       ^~~~~~
/home/user42/directed-compiler-fuzzing-code/scripts/8-crash-testing/input/segment_22/48456f2abd48d876b3868ce72a7f8938141e2ba3.c:1337:23: error: expected â€˜)â€™ before â€˜;â€™ token
 1337 |   if (_start (list, n);
      |      ~                ^
      |                       )
/home/user42/directed-compiler-fuzzing-code/scripts/8-crash-testing/input/segment_22/48456f2abd48d876b3868ce72a7f8938141e2ba3.c:1338:12: warning: null character(s) ignored
 1338 |   while (n;<U+0000>--)
      |            ^~~~~~~~
/home/user42/directed-compiler-fuzzing-code/scripts/8-crash-testing/input/segment_22/48456f2abd48d876b3868ce72a7f8938141e2ba3.c:1340:7: error: expected declaration or statement at end of input
 1340 |       int *a = va_arg (list,_c}
      |       ^~~
/home/user42/directed-compiler-fuzzing-code/scripts/8-crash-testing/input/segment_22/48456f2abd48d876b3868ce72a7f8938141e2ba3.c: In function â€˜mainâ€™:
/home/user42/directed-compiler-fuzzing-code/scripts/8-crash-testing/input/segment_22/48456f2abd48d876b3868ce72a7f8938141e2ba3.c:1340:7: error: expected declaration or statement at end of input
/home/user42/directed-compiler-fuzzing-code/scripts/8-crash-testing/input/segment_22/48456f2abd48d876b3868ce72a7f8938141e2ba3.c: In function â€˜test_ternary_cond_exprâ€™:
/home/user42/directed-compiler-fuzzing-code/scripts/8-crash-testing/input/segment_22/48456f2abd48d876b3868ce72a7f8938141e2ba3.c:965:36: internal compiler error: tree check: expected class â€˜typeâ€™, have â€˜exceptionalâ€™ (error_mark) in useless_type_conversion_p, at gimple-expr.cc:87
  965 |   A (i0 == 0 ? vb[0] : i0 == 1 ? s : "123", 5);
      |                        ~~~~~~~~~~~~^~~~~~~
/home/user42/directed-compiler-fuzzing-code/scripts/8-crash-testing/input/segment_22/48456f2abd48d876b3868ce72a7f8938141e2ba3.c:885:23: note: in definition of macro â€˜Aâ€™
  885 |     const char *_s = (expr);                                    \
      |                       ^~~~
0x7e4445 tree_class_check_failed(tree_node const*, tree_code_class, char const*, int, char const*)
	.././../gcc-source/gcc/tree.cc:8738
0x7114ec tree_class_check(tree_node*, tree_code_class, char const*, int, char const*)
	.././../gcc-source/gcc/tree.h:3573
0x7114ec useless_type_conversion_p(tree_node*, tree_node*)
	.././../gcc-source/gcc/gimple-expr.cc:87
0xc3ba21 gimplify_modify_expr
	.././../gcc-source/gcc/gimplify.cc:5993
0xc2b126 gimplify_expr(tree_node**, gimple**, gimple**, bool (*)(tree_node*), int)
	.././../gcc-source/gcc/gimplify.cc:15056
0xc2e7f6 gimplify_stmt(tree_node**, gimple**)
	.././../gcc-source/gcc/gimplify.cc:7111
0xc3a7fe gimplify_cond_expr
	.././../gcc-source/gcc/gimplify.cc:4468
0xc2b840 gimplify_expr(tree_node**, gimple**, gimple**, bool (*)(tree_node*), int)
	.././../gcc-source/gcc/gimplify.cc:15013
0xc2e7f6 gimplify_stmt(tree_node**, gimple**)
	.././../gcc-source/gcc/gimplify.cc:7111
0xc3a4c5 gimplify_cond_expr
	.././../gcc-source/gcc/gimplify.cc:4364
0xc2b840 gimplify_expr(tree_node**, gimple**, gimple**, bool (*)(tree_node*), int)
	.././../gcc-source/gcc/gimplify.cc:15013
0xc3bae7 gimplify_modify_expr
	.././../gcc-source/gcc/gimplify.cc:6043
0xc2b126 gimplify_expr(tree_node**, gimple**, gimple**, bool (*)(tree_node*), int)
	.././../gcc-source/gcc/gimplify.cc:15056
0xc2e7f6 gimplify_stmt(tree_node**, gimple**)
	.././../gcc-source/gcc/gimplify.cc:7111
0xc3a7fe gimplify_cond_expr
	.././../gcc-source/gcc/gimplify.cc:4468
0xc2b840 gimplify_expr(tree_node**, gimple**, gimple**, bool (*)(tree_node*), int)
	.././../gcc-source/gcc/gimplify.cc:15013
0xc2e7f6 gimplify_stmt(tree_node**, gimple**)
	.././../gcc-source/gcc/gimplify.cc:7111
0xc3a4c5 gimplify_cond_expr
	.././../gcc-source/gcc/gimplify.cc:4364
0xc2b840 gimplify_expr(tree_node**, gimple**, gimple**, bool (*)(tree_node*), int)
	.././../gcc-source/gcc/gimplify.cc:15013
0xc3bae7 gimplify_modify_expr
	.././../gcc-source/gcc/gimplify.cc:6043
Please submit a full bug report, with preprocessed source (by using -freport-bug).
Please include the complete backtrace with any bug report.
See <https://gcc.gnu.org/bugs/> for instructions.
