/home/user42/directed-compiler-fuzzing-code/scripts/8-crash-testing/input/segment_17/5a70429fcc226f4212e735478d80590d960d51b4.c:1:1: error: expected identifier or â€˜(â€™ before â€˜/â€™ token
    1 | /ÿÿÿÿÿÿÿ/20071210-1.c */
      | ^
/home/user42/directed-compiler-fuzzing-code/scripts/8-crash-testing/input/segment_17/5a70429fcc226f4212e735478d80590d960d51b4.c:1:2: error: stray â€˜\377â€™ in program
    1 | /<ff><ff><ff><ff><ff><ff><ff><U+000E>/20071210-1.c */
      |  ^~~~
/home/user42/directed-compiler-fuzzing-code/scripts/8-crash-testing/input/segment_17/5a70429fcc226f4212e735478d80590d960d51b4.c:1:3: error: stray â€˜\377â€™ in program
    1 | /<ff><ff><ff><ff><ff><ff><ff><U+000E>/20071210-1.c */
      |      ^~~~
/home/user42/directed-compiler-fuzzing-code/scripts/8-crash-testing/input/segment_17/5a70429fcc226f4212e735478d80590d960d51b4.c:1:4: error: stray â€˜\377â€™ in program
    1 | /<ff><ff><ff><ff><ff><ff><ff><U+000E>/20071210-1.c */
      |          ^~~~
/home/user42/directed-compiler-fuzzing-code/scripts/8-crash-testing/input/segment_17/5a70429fcc226f4212e735478d80590d960d51b4.c:1:5: error: stray â€˜\377â€™ in program
    1 | /<ff><ff><ff><ff><ff><ff><ff><U+000E>/20071210-1.c */
      |              ^~~~
/home/user42/directed-compiler-fuzzing-code/scripts/8-crash-testing/input/segment_17/5a70429fcc226f4212e735478d80590d960d51b4.c:1:6: error: stray â€˜\377â€™ in program
    1 | /<ff><ff><ff><ff><ff><ff><ff><U+000E>/20071210-1.c */
      |                  ^~~~
/home/user42/directed-compiler-fuzzing-code/scripts/8-crash-testing/input/segment_17/5a70429fcc226f4212e735478d80590d960d51b4.c:1:7: error: stray â€˜\377â€™ in program
    1 | /<ff><ff><ff><ff><ff><ff><ff><U+000E>/20071210-1.c */
      |                      ^~~~
/home/user42/directed-compiler-fuzzing-code/scripts/8-crash-testing/input/segment_17/5a70429fcc226f4212e735478d80590d960d51b4.c:1:8: error: stray â€˜\377â€™ in program
    1 | /<ff><ff><ff><ff><ff><ff><ff><U+000E>/20071210-1.c */
      |                          ^~~~
/home/user42/directed-compiler-fuzzing-code/scripts/8-crash-testing/input/segment_17/5a70429fcc226f4212e735478d80590d960d51b4.c:1:9: error: stray â€˜\16â€™ in program
    1 | /<ff><ff><ff><ff><ff><ff><ff><U+000E>/20071210-1.c */
      |                              ^~~~~~~~
/home/user42/directed-compiler-fuzzing-code/scripts/8-crash-testing/input/segment_17/5a70429fcc226f4212e735478d80590d960d51b4.c:1:20: error: invalid suffix "c" on floating constant
    1 | /ÿÿÿÿÿÿÿ/20071210-1.c */
      |                    ^~~
/home/user42/directed-compiler-fuzzing-code/scripts/8-crash-testing/input/segment_17/5a70429fcc226f4212e735478d80590d960d51b4.c:10:11: error: expected â€˜:â€™, â€˜,â€™, â€˜;â€™, â€˜}â€™ or â€˜__attribute__â€™ before â€˜n2â€™
   10 |   int n1$ n2, n3, n4;
      |           ^~
/home/user42/directed-compiler-fuzzing-code/scripts/8-crash-testing/input/segment_17/5a70429fcc226f4212e735478d80590d960d51b4.c: In function â€˜fooâ€™:
/home/user42/directed-compiler-fuzzing-code/scripts/8-crash-testing/input/segment_17/5a70429fcc226f4212e735478d80590d960d51b4.c:17:7: warning: implicit declaration of function â€˜abortâ€™ [-Wimplicit-function-declaration]
   17 |     { abort (); }
      |       ^~~~~
/home/user42/directed-compiler-fuzzing-code/scripts/8-crash-testing/input/segment_17/5a70429fcc226f4212e735478d80590d960d51b4.c:1:1: note: include â€˜<stdlib.h>â€™ or provide a declaration of â€˜abortâ€™
  +++ |+#include <stdlib.h>
    1 | /ÿÿÿÿÿÿÿ/20071210-1.c */
/home/user42/directed-compiler-fuzzing-code/scripts/8-crash-testing/input/segment_17/5a70429fcc226f4212e735478d80590d960d51b4.c:17:7: warning: incompatible implicit declaration of built-in function â€˜abortâ€™ [-Wbuiltin-declaration-mismatch]
   17 |     { abort (); }
      |       ^~~~~
/home/user42/directed-compiler-fuzzing-code/scripts/8-crash-testing/input/segment_17/5a70429fcc226f4212e735478d80590d960d51b4.c:17:7: note: include â€˜<stdlib.h>â€™ or provide a declaration of â€˜abortâ€™
/home/user42/directed-compiler-fuzzing-code/scripts/8-crash-testing/input/segment_17/5a70429fcc226f4212e735478d80590d960d51b4.c:18:18: warning: excess elements in struct initializer
   18 |   struct S s = { 1, 2, 3, 4 };
      |                  ^
/home/user42/directed-compiler-fuzzing-code/scripts/8-crash-testing/input/segment_17/5a70429fcc226f4212e735478d80590d960d51b4.c:18:18: note: (near initialization for â€˜sâ€™)
/home/user42/directed-compiler-fuzzing-code/scripts/8-crash-testing/input/segment_17/5a70429fcc226f4212e735478d80590d960d51b4.c:18:21: warning: excess elements in struct initializer
   18 |   struct S s = { 1, 2, 3, 4 };
      |                     ^
/home/user42/directed-compiler-fuzzing-code/scripts/8-crash-testing/input/segment_17/5a70429fcc226f4212e735478d80590d960d51b4.c:18:21: note: (near initialization for â€˜sâ€™)
/home/user42/directed-compiler-fuzzing-code/scripts/8-crash-testing/input/segment_17/5a70429fcc226f4212e735478d80590d960d51b4.c:18:24: warning: excess elements in struct initializer
   18 |   struct S s = { 1, 2, 3, 4 };
      |                        ^
/home/user42/directed-compiler-fuzzing-code/scripts/8-crash-testing/input/segment_17/5a70429fcc226f4212e735478d80590d960d51b4.c:18:24: note: (near initialization for â€˜sâ€™)
/home/user42/directed-compiler-fuzzing-code/scripts/8-crash-testing/input/segment_17/5a70429fcc226f4212e735478d80590d960d51b4.c:18:27: warning: excess elements in struct initializer
   18 |   struct S s = { 1, 2, 3, 4 };
      |                           ^
/home/user42/directed-compiler-fuzzing-code/scripts/8-crash-testing/input/segment_17/5a70429fcc226f4212e735478d80590d960d51b4.c:18:27: note: (near initialization for â€˜sâ€™)
/home/user42/directed-compiler-fuzzing-code/scripts/8-crash-testing/input/segment_17/5a70429fcc226f4212e735478d80590d960d51b4.c: In function â€˜barâ€™:
/home/user42/directed-compiler-fuzzing-code/scripts/8-crash-testing/input/segment_17/5a70429fcc226f4212e735478d80590d960d51b4.c:25:14: error: stray â€˜\377â€™ in program
   25 |   void **w = <ff><ff><ff><ff><ff><ff><ff><ff><ff><ff><ff><ff><ff><ff><ff><ff>__unix<ff><ff><ff><ff><ff><ff><ff><ff><ff><ff><ff><ff><ff><ff><ff><ff><ff><ff><ff><ff><ff><ff><ff><ff><ff><ff><ff><ff><ff><ff><ff><ff><ff><ff><fe><ff><ff><ff><ff><ff><ff><ff><ff><ff><ff><ff><ff><ff><ff><ff><ff><ff><ff><ff><ff><ff><ff><ff><ff><ff><ff><ff><ff><ff><ff><ff><ff><ff><ff>u;
      |              ^~~~
/home/user42/directed-compiler-fuzzing-code/scripts/8-crash-testing/input/segment_17/5a70429fcc226f4212e735478d80590d960d51b4.c:25:15: error: stray â€˜\377â€™ in program
   25 |   void **w = <ff><ff><ff><ff><ff><ff><ff><ff><ff><ff><ff><ff><ff><ff><ff><ff>__unix<ff><ff><ff><ff><ff><ff><ff><ff><ff><ff><ff><ff><ff><ff><ff><ff><ff><ff><ff><ff><ff><ff><ff><ff><ff><ff><ff><ff><ff><ff><ff><ff><ff><ff><fe><ff><ff><ff><ff><ff><ff><ff><ff><ff><ff><ff><ff><ff><ff><ff><ff><ff><ff><ff><ff><ff><ff><ff><ff><ff><ff><ff><ff><ff><ff><ff><ff><ff><ff>u;
      |                  ^~~~
/home/user42/directed-compiler-fuzzing-code/scripts/8-crash-testing/input/segment_17/5a70429fcc226f4212e735478d80590d960d51b4.c:25:16: error: stray â€˜\377â€™ in program
   25 |   void **w = <ff><ff><ff><ff><ff><ff><ff><ff><ff><ff><ff><ff><ff><ff><ff><ff>__unix<ff><ff><ff><ff><ff><ff><ff><ff><ff><ff><ff><ff><ff><ff><ff><ff><ff><ff><ff><ff><ff><ff><ff><ff><ff><ff><ff><ff><ff><ff><ff><ff><ff><ff><fe><ff><ff><ff><ff><ff><ff><ff><ff><ff><ff><ff><ff><ff><ff><ff><ff><ff><ff><ff><ff><ff><ff><ff><ff><ff><ff><ff><ff><ff><ff><ff><ff><ff><ff>u;
      |                      ^~~~
/home/user42/directed-compiler-fuzzing-code/scripts/8-crash-testing/input/segment_17/5a70429fcc226f4212e735478d80590d960d51b4.c:25:17: error: stray â€˜\377â€™ in program
   25 |   void **w = <ff><ff><ff><ff><ff><ff><ff><ff><ff><ff><ff><ff><ff><ff><ff><ff>__unix<ff><ff><ff><ff><ff><ff><ff><ff><ff><ff><ff><ff><ff><ff><ff><ff><ff><ff><ff><ff><ff><ff><ff><ff><ff><ff><ff><ff><ff><ff><ff><ff><ff><ff><fe><ff><ff><ff><ff><ff><ff><ff><ff><ff><ff><ff><ff><ff><ff><ff><ff><ff><ff><ff><ff><ff><ff><ff><ff><ff><ff><ff><ff><ff><ff><ff><ff><ff><ff>u;
      |                          ^~~~
/home/user42/directed-compiler-fuzzing-code/scripts/8-crash-testing/input/segment_17/5a70429fcc226f4212e735478d80590d960d51b4.c:25:18: error: stray â€˜\377â€™ in program
   25 |   void **w = <ff><ff><ff><ff><ff><ff><ff><ff><ff><ff><ff><ff><ff><ff><ff><ff>__unix<ff><ff><ff><ff><ff><ff><ff><ff><ff><ff><ff><ff><ff><ff><ff><ff><ff><ff><ff><ff><ff><ff><ff><ff><ff><ff><ff><ff><ff><ff><ff><ff><ff><ff><fe><ff><ff><ff><ff><ff><ff><ff><ff><ff><ff><ff><ff><ff><ff><ff><ff><ff><ff><ff><ff><ff><ff><ff><ff><ff><ff><ff><ff><ff><ff><ff><ff><ff><ff>u;
      |                              ^~~~
/home/user42/directed-compiler-fuzzing-code/scripts/8-crash-testing/input/segment_17/5a70429fcc226f4212e735478d80590d960d51b4.c:25:19: error: stray â€˜\377â€™ in program
   25 |   void **w = <ff><ff><ff><ff><ff><ff><ff><ff><ff><ff><ff><ff><ff><ff><ff><ff>__unix<ff><ff><ff><ff><ff><ff><ff><ff><ff><ff><ff><ff><ff><ff><ff><ff><ff><ff><ff><ff><ff><ff><ff><ff><ff><ff><ff><ff><ff><ff><ff><ff><ff><ff><fe><ff><ff><ff><ff><ff><ff><ff><ff><ff><ff><ff><ff><ff><ff><ff><ff><ff><ff><ff><ff><ff><ff><ff><ff><ff><ff><ff><ff><ff><ff><ff><ff><ff><ff>u;
      |                                  ^~~~
/home/user42/directed-compiler-fuzzing-code/scripts/8-crash-testing/input/segment_17/5a70429fcc226f4212e735478d80590d960d51b4.c:25:20: error: stray â€˜\377â€™ in program
   25 |   void **w = <ff><ff><ff><ff><ff><ff><ff><ff><ff><ff><ff><ff><ff><ff><ff><ff>__unix<ff><ff><ff><ff><ff><ff><ff><ff><ff><ff><ff><ff><ff><ff><ff><ff><ff><ff><ff><ff><ff><ff><ff><ff><ff><ff><ff><ff><ff><ff><ff><ff><ff><ff><fe><ff><ff><ff><ff><ff><ff><ff><ff><ff><ff><ff><ff><ff><ff><ff><ff><ff><ff><ff><ff><ff><ff><ff><ff><ff><ff><ff><ff><ff><ff><ff><ff><ff><ff>u;
      |                                      ^~~~
/home/user42/directed-compiler-fuzzing-code/scripts/8-crash-testing/input/segment_17/5a70429fcc226f4212e735478d80590d960d51b4.c:25:21: error: stray â€˜\377â€™ in program
   25 |   void **w = <ff><ff><ff><ff><ff><ff><ff><ff><ff><ff><ff><ff><ff><ff><ff><ff>__unix<ff><ff><ff><ff><ff><ff><ff><ff><ff><ff><ff><ff><ff><ff><ff><ff><ff><ff><ff><ff><ff><ff><ff><ff><ff><ff><ff><ff><ff><ff><ff><ff><ff><ff><fe><ff><ff><ff><ff><ff><ff><ff><ff><ff><ff><ff><ff><ff><ff><ff><ff><ff><ff><ff><ff><ff><ff><ff><ff><ff><ff><ff><ff><ff><ff><ff><ff><ff><ff>u;
      |                                          ^~~~
/home/user42/directed-compiler-fuzzing-code/scripts/8-crash-testing/input/segment_17/5a70429fcc226f4212e735478d80590d960d51b4.c:25:22: error: stray â€˜\377â€™ in program
   25 |   void **w = <ff><ff><ff><ff><ff><ff><ff><ff><ff><ff><ff><ff><ff><ff><ff><ff>__unix<ff><ff><ff><ff><ff><ff><ff><ff><ff><ff><ff><ff><ff><ff><ff><ff><ff><ff><ff><ff><ff><ff><ff><ff><ff><ff><ff><ff><ff><ff><ff><ff><ff><ff><fe><ff><ff><ff><ff><ff><ff><ff><ff><ff><ff><ff><ff><ff><ff><ff><ff><ff><ff><ff><ff><ff><ff><ff><ff><ff><ff><ff><ff><ff><ff><ff><ff><ff><ff>u;
      |                                              ^~~~
/home/user42/directed-compiler-fuzzing-code/scripts/8-crash-testing/input/segment_17/5a70429fcc226f4212e735478d80590d960d51b4.c:25:23: error: stray â€˜\377â€™ in program
   25 |   void **w = <ff><ff><ff><ff><ff><ff><ff><ff><ff><ff><ff><ff><ff><ff><ff><ff>__unix<ff><ff><ff><ff><ff><ff><ff><ff><ff><ff><ff><ff><ff><ff><ff><ff><ff><ff><ff><ff><ff><ff><ff><ff><ff><ff><ff><ff><ff><ff><ff><ff><ff><ff><fe><ff><ff><ff><ff><ff><ff><ff><ff><ff><ff><ff><ff><ff><ff><ff><ff><ff><ff><ff><ff><ff><ff><ff><ff><ff><ff><ff><ff><ff><ff><ff><ff><ff><ff>u;
      |                                                  ^~~~
/home/user42/directed-compiler-fuzzing-code/scripts/8-crash-testing/input/segment_17/5a70429fcc226f4212e735478d80590d960d51b4.c:25:24: error: stray â€˜\377â€™ in program
   25 |   void **w = <ff><ff><ff><ff><ff><ff><ff><ff><ff><ff><ff><ff><ff><ff><ff><ff>__unix<ff><ff><ff><ff><ff><ff><ff><ff><ff><ff><ff><ff><ff><ff><ff><ff><ff><ff><ff><ff><ff><ff><ff><ff><ff><ff><ff><ff><ff><ff><ff><ff><ff><ff><fe><ff><ff><ff><ff><ff><ff><ff><ff><ff><ff><ff><ff><ff><ff><ff><ff><ff><ff><ff><ff><ff><ff><ff><ff><ff><ff><ff><ff><ff><ff><ff><ff><ff><ff>u;
      |                                                      ^~~~
/home/user42/directed-compiler-fuzzing-code/scripts/8-crash-testing/input/segment_17/5a70429fcc226f4212e735478d80590d960d51b4.c:25:25: error: stray â€˜\377â€™ in program
   25 |   void **w = <ff><ff><ff><ff><ff><ff><ff><ff><ff><ff><ff><ff><ff><ff><ff><ff>__unix<ff><ff><ff><ff><ff><ff><ff><ff><ff><ff><ff><ff><ff><ff><ff><ff><ff><ff><ff><ff><ff><ff><ff><ff><ff><ff><ff><ff><ff><ff><ff><ff><ff><ff><fe><ff><ff><ff><ff><ff><ff><ff><ff><ff><ff><ff><ff><ff><ff><ff><ff><ff><ff><ff><ff><ff><ff><ff><ff><ff><ff><ff><ff><ff><ff><ff><ff><ff><ff>u;
      |                                                          ^~~~
/home/user42/directed-compiler-fuzzing-code/scripts/8-crash-testing/input/segment_17/5a70429fcc226f4212e735478d80590d960d51b4.c:25:26: error: stray â€˜\377â€™ in program
   25 |   void **w = <ff><ff><ff><ff><ff><ff><ff><ff><ff><ff><ff><ff><ff><ff><ff><ff>__unix<ff><ff><ff><ff><ff><ff><ff><ff><ff><ff><ff><ff><ff><ff><ff><ff><ff><ff><ff><ff><ff><ff><ff><ff><ff><ff><ff><ff><ff><ff><ff><ff><ff><ff><fe><ff><ff><ff><ff><ff><ff><ff><ff><ff><ff><ff><ff><ff><ff><ff><ff><ff><ff><ff><ff><ff><ff><ff><ff><ff><ff><ff><ff><ff><ff><ff><ff><ff><ff>u;
      |                                                              ^~~~
/home/user42/directed-compiler-fuzzing-code/scripts/8-crash-testing/input/segment_17/5a70429fcc226f4212e735478d80590d960d51b4.c:25:27: error: stray â€˜\377â€™ in program
   25 |   void **w = <ff><ff><ff><ff><ff><ff><ff><ff><ff><ff><ff><ff><ff><ff><ff><ff>__unix<ff><ff><ff><ff><ff><ff><ff><ff><ff><ff><ff><ff><ff><ff><ff><ff><ff><ff><ff><ff><ff><ff><ff><ff><ff><ff><ff><ff><ff><ff><ff><ff><ff><ff><fe><ff><ff><ff><ff><ff><ff><ff><ff><ff><ff><ff><ff><ff><ff><ff><ff><ff><ff><ff><ff><ff><ff><ff><ff><ff><ff><ff><ff><ff><ff><ff><ff><ff><ff>u;
      |                                                                  ^~~~
/home/user42/directed-compiler-fuzzing-code/scripts/8-crash-testing/input/segment_17/5a70429fcc226f4212e735478d80590d960d51b4.c:25:28: error: stray â€˜\377â€™ in program
   25 |   void **w = <ff><ff><ff><ff><ff><ff><ff><ff><ff><ff><ff><ff><ff><ff><ff><ff>__unix<ff><ff><ff><ff><ff><ff><ff><ff><ff><ff><ff><ff><ff><ff><ff><ff><ff><ff><ff><ff><ff><ff><ff><ff><ff><ff><ff><ff><ff><ff><ff><ff><ff><ff><fe><ff><ff><ff><ff><ff><ff><ff><ff><ff><ff><ff><ff><ff><ff><ff><ff><ff><ff><ff><ff><ff><ff><ff><ff><ff><ff><ff><ff><ff><ff><ff><ff><ff><ff>u;
      |                                                                      ^~~~
/home/user42/directed-compiler-fuzzing-code/scripts/8-crash-testing/input/segment_17/5a70429fcc226f4212e735478d80590d960d51b4.c:25:29: error: stray â€˜\377â€™ in program
   25 |   void **w = <ff><ff><ff><ff><ff><ff><ff><ff><ff><ff><ff><ff><ff><ff><ff><ff>__unix<ff><ff><ff><ff><ff><ff><ff><ff><ff><ff><ff><ff><ff><ff><ff><ff><ff><ff><ff><ff><ff><ff><ff><ff><ff><ff><ff><ff><ff><ff><ff><ff><ff><ff><fe><ff><ff><ff><ff><ff><ff><ff><ff><ff><ff><ff><ff><ff><ff><ff><ff><ff><ff><ff><ff><ff><ff><ff><ff><ff><ff><ff><ff><ff><ff><ff><ff><ff><ff>u;
      |                                                                          ^~~~
/home/user42/directed-compiler-fuzzing-code/scripts/8-crash-testing/input/segment_17/5a70429fcc226f4212e735478d80590d960d51b4.c:25:36: error: stray â€˜\377â€™ in program
   25 |   void **w = <ff><ff><ff><ff><ff><ff><ff><ff><ff><ff><ff><ff><ff><ff><ff><ff>__unix<ff><ff><ff><ff><ff><ff><ff><ff><ff><ff><ff><ff><ff><ff><ff><ff><ff><ff><ff><ff><ff><ff><ff><ff><ff><ff><ff><ff><ff><ff><ff><ff><ff><ff><fe><ff><ff><ff><ff><ff><ff><ff><ff><ff><ff><ff><ff><ff><ff><ff><ff><ff><ff><ff><ff><ff><ff><ff><ff><ff><ff><ff><ff><ff><ff><ff><ff><ff><ff>u;
      |                                                                                    ^~~~
/home/user42/directed-compiler-fuzzing-code/scripts/8-crash-testing/input/segment_17/5a70429fcc226f4212e735478d80590d960d51b4.c:25:37: error: stray â€˜\377â€™ in program
   25 |   void **w = <ff><ff><ff><ff><ff><ff><ff><ff><ff><ff><ff><ff><ff><ff><ff><ff>__unix<ff><ff><ff><ff><ff><ff><ff><ff><ff><ff><ff><ff><ff><ff><ff><ff><ff><ff><ff><ff><ff><ff><ff><ff><ff><ff><ff><ff><ff><ff><ff><ff><ff><ff><fe><ff><ff><ff><ff><ff><ff><ff><ff><ff><ff><ff><ff><ff><ff><ff><ff><ff><ff><ff><ff><ff><ff><ff><ff><ff><ff><ff><ff><ff><ff><ff><ff><ff><ff>u;
      |                                                                                        ^~~~
/home/user42/directed-compiler-fuzzing-code/scripts/8-crash-testing/input/segment_17/5a70429fcc226f4212e735478d80590d960d51b4.c:25:38: error: stray â€˜\377â€™ in program
   25 |   void **w = <ff><ff><ff><ff><ff><ff><ff><ff><ff><ff><ff><ff><ff><ff><ff><ff>__unix<ff><ff><ff><ff><ff><ff><ff><ff><ff><ff><ff><ff><ff><ff><ff><ff><ff><ff><ff><ff><ff><ff><ff><ff><ff><ff><ff><ff><ff><ff><ff><ff><ff><ff><fe><ff><ff><ff><ff><ff><ff><ff><ff><ff><ff><ff><ff><ff><ff><ff><ff><ff><ff><ff><ff><ff><ff><ff><ff><ff><ff><ff><ff><ff><ff><ff><ff><ff><ff>u;
      |                                                                                            ^~~~
/home/user42/directed-compiler-fuzzing-code/scripts/8-crash-testing/input/segment_17/5a70429fcc226f4212e735478d80590d960d51b4.c:25:39: error: stray â€˜\377â€™ in program
   25 |   void **w = <ff><ff><ff><ff><ff><ff><ff><ff><ff><ff><ff><ff><ff><ff><ff><ff>__unix<ff><ff><ff><ff><ff><ff><ff><ff><ff><ff><ff><ff><ff><ff><ff><ff><ff><ff><ff><ff><ff><ff><ff><ff><ff><ff><ff><ff><ff><ff><ff><ff><ff><ff><fe><ff><ff><ff><ff><ff><ff><ff><ff><ff><ff><ff><ff><ff><ff><ff><ff><ff><ff><ff><ff><ff><ff><ff><ff><ff><ff><ff><ff><ff><ff><ff><ff><ff><ff>u;
      |                                                                                                ^~~~
/home/user42/directed-compiler-fuzzing-code/scripts/8-crash-testing/input/segment_17/5a70429fcc226f4212e735478d80590d960d51b4.c:25:40: error: stray â€˜\377â€™ in program
   25 |   void **w = <ff><ff><ff><ff><ff><ff><ff><ff><ff><ff><ff><ff><ff><ff><ff><ff>__unix<ff><ff><ff><ff><ff><ff><ff><ff><ff><ff><ff><ff><ff><ff><ff><ff><ff><ff><ff><ff><ff><ff><ff><ff><ff><ff><ff><ff><ff><ff><ff><ff><ff><ff><fe><ff><ff><ff><ff><ff><ff><ff><ff><ff><ff><ff><ff><ff><ff><ff><ff><ff><ff><ff><ff><ff><ff><ff><ff><ff><ff><ff><ff><ff><ff><ff><ff><ff><ff>u;
      |                                                                                                    ^~~~
/home/user42/directed-compiler-fuzzing-code/scripts/8-crash-testing/input/segment_17/5a70429fcc226f4212e735478d80590d960d51b4.c:25:41: error: stray â€˜\377â€™ in program
   25 |   void **w = <ff><ff><ff><ff><ff><ff><ff><ff><ff><ff><ff><ff><ff><ff><ff><ff>__unix<ff><ff><ff><ff><ff><ff><ff><ff><ff><ff><ff><ff><ff><ff><ff><ff><ff><ff><ff><ff><ff><ff><ff><ff><ff><ff><ff><ff><ff><ff><ff><ff><ff><ff><fe><ff><ff><ff><ff><ff><ff><ff><ff><ff><ff><ff><ff><ff><ff><ff><ff><ff><ff><ff><ff><ff><ff><ff><ff><ff><ff><ff><ff><ff><ff><ff><ff><ff><ff>u;
      |                                                                                                        ^~~~
/home/user42/directed-compiler-fuzzing-code/scripts/8-crash-testing/input/segment_17/5a70429fcc226f4212e735478d80590d960d51b4.c:25:42: error: stray â€˜\377â€™ in program
   25 |   void **w = <ff><ff><ff><ff><ff><ff><ff><ff><ff><ff><ff><ff><ff><ff><ff><ff>__unix<ff><ff><ff><ff><ff><ff><ff><ff><ff><ff><ff><ff><ff><ff><ff><ff><ff><ff><ff><ff><ff><ff><ff><ff><ff><ff><ff><ff><ff><ff><ff><ff><ff><ff><fe><ff><ff><ff><ff><ff><ff><ff><ff><ff><ff><ff><ff><ff><ff><ff><ff><ff><ff><ff><ff><ff><ff><ff><ff><ff><ff><ff><ff><ff><ff><ff><ff><ff><ff>u;
      |                                                                                                            ^~~~
/home/user42/directed-compiler-fuzzing-code/scripts/8-crash-testing/input/segment_17/5a70429fcc226f4212e735478d80590d960d51b4.c:25:43: error: stray â€˜\377â€™ in program
   25 |   void **w = <ff><ff><ff><ff><ff><ff><ff><ff><ff><ff><ff><ff><ff><ff><ff><ff>__unix<ff><ff><ff><ff><ff><ff><ff><ff><ff><ff><ff><ff><ff><ff><ff><ff><ff><ff><ff><ff><ff><ff><ff><ff><ff><ff><ff><ff><ff><ff><ff><ff><ff><ff><fe><ff><ff><ff><ff><ff><ff><ff><ff><ff><ff><ff><ff><ff><ff><ff><ff><ff><ff><ff><ff><ff><ff><ff><ff><ff><ff><ff><ff><ff><ff><ff><ff><ff><ff>u;
      |                                                                                                                ^~~~
/home/user42/directed-compiler-fuzzing-code/scripts/8-crash-testing/input/segment_17/5a70429fcc226f4212e735478d80590d960d51b4.c:25:44: error: stray â€˜\377â€™ in program
   25 |   void **w = <ff><ff><ff><ff><ff><ff><ff><ff><ff><ff><ff><ff><ff><ff><ff><ff>__unix<ff><ff><ff><ff><ff><ff><ff><ff><ff><ff><ff><ff><ff><ff><ff><ff><ff><ff><ff><ff><ff><ff><ff><ff><ff><ff><ff><ff><ff><ff><ff><ff><ff><ff><fe><ff><ff><ff><ff><ff><ff><ff><ff><ff><ff><ff><ff><ff><ff><ff><ff><ff><ff><ff><ff><ff><ff><ff><ff><ff><ff><ff><ff><ff><ff><ff><ff><ff><ff>u;
      |                                                                                                                    ^~~~
/home/user42/directed-compiler-fuzzing-code/scripts/8-crash-testing/input/segment_17/5a70429fcc226f4212e735478d80590d960d51b4.c:25:45: error: stray â€˜\377â€™ in program
   25 |   void **w = <ff><ff><ff><ff><ff><ff><ff><ff><ff><ff><ff><ff><ff><ff><ff><ff>__unix<ff><ff><ff><ff><ff><ff><ff><ff><ff><ff><ff><ff><ff><ff><ff><ff><ff><ff><ff><ff><ff><ff><ff><ff><ff><ff><ff><ff><ff><ff><ff><ff><ff><ff><fe><ff><ff><ff><ff><ff><ff><ff><ff><ff><ff><ff><ff><ff><ff><ff><ff><ff><ff><ff><ff><ff><ff><ff><ff><ff><ff><ff><ff><ff><ff><ff><ff><ff><ff>u;
      |                                                                                                                        ^~~~
/home/user42/directed-compiler-fuzzing-code/scripts/8-crash-testing/input/segment_17/5a70429fcc226f4212e735478d80590d960d51b4.c:25:46: error: stray â€˜\377â€™ in program
   25 |   void **w = <ff><ff><ff><ff><ff><ff><ff><ff><ff><ff><ff><ff><ff><ff><ff><ff>__unix<ff><ff><ff><ff><ff><ff><ff><ff><ff><ff><ff><ff><ff><ff><ff><ff><ff><ff><ff><ff><ff><ff><ff><ff><ff><ff><ff><ff><ff><ff><ff><ff><ff><ff><fe><ff><ff><ff><ff><ff><ff><ff><ff><ff><ff><ff><ff><ff><ff><ff><ff><ff><ff><ff><ff><ff><ff><ff><ff><ff><ff><ff><ff><ff><ff><ff><ff><ff><ff>u;
      |                                                                                                                            ^~~~
/home/user42/directed-compiler-fuzzing-code/scripts/8-crash-testing/input/segment_17/5a70429fcc226f4212e735478d80590d960d51b4.c:25:47: error: stray â€˜\377â€™ in program
   25 |   void **w = <ff><ff><ff><ff><ff><ff><ff><ff><ff><ff><ff><ff><ff><ff><ff><ff>__unix<ff><ff><ff><ff><ff><ff><ff><ff><ff><ff><ff><ff><ff><ff><ff><ff><ff><ff><ff><ff><ff><ff><ff><ff><ff><ff><ff><ff><ff><ff><ff><ff><ff><ff><fe><ff><ff><ff><ff><ff><ff><ff><ff><ff><ff><ff><ff><ff><ff><ff><ff><ff><ff><ff><ff><ff><ff><ff><ff><ff><ff><ff><ff><ff><ff><ff><ff><ff><ff>u;
      |                                                                                                                                ^~~~
/home/user42/directed-compiler-fuzzing-code/scripts/8-crash-testing/input/segment_17/5a70429fcc226f4212e735478d80590d960d51b4.c:25:48: error: stray â€˜\377â€™ in program
   25 |   void **w = <ff><ff><ff><ff><ff><ff><ff><ff><ff><ff><ff><ff><ff><ff><ff><ff>__unix<ff><ff><ff><ff><ff><ff><ff><ff><ff><ff><ff><ff><ff><ff><ff><ff><ff><ff><ff><ff><ff><ff><ff><ff><ff><ff><ff><ff><ff><ff><ff><ff><ff><ff><fe><ff><ff><ff><ff><ff><ff><ff><ff><ff><ff><ff><ff><ff><ff><ff><ff><ff><ff><ff><ff><ff><ff><ff><ff><ff><ff><ff><ff><ff><ff><ff><ff><ff><ff>u;
      |                                                                                                                                    ^~~~
/home/user42/directed-compiler-fuzzing-code/scripts/8-crash-testing/input/segment_17/5a70429fcc226f4212e735478d80590d960d51b4.c:25:49: error: stray â€˜\377â€™ in program
   25 |   void **w = <ff><ff><ff><ff><ff><ff><ff><ff><ff><ff><ff><ff><ff><ff><ff><ff>__unix<ff><ff><ff><ff><ff><ff><ff><ff><ff><ff><ff><ff><ff><ff><ff><ff><ff><ff><ff><ff><ff><ff><ff><ff><ff><ff><ff><ff><ff><ff><ff><ff><ff><ff><fe><ff><ff><ff><ff><ff><ff><ff><ff><ff><ff><ff><ff><ff><ff><ff><ff><ff><ff><ff><ff><ff><ff><ff><ff><ff><ff><ff><ff><ff><ff><ff><ff><ff><ff>u;
      |                                                                                                                                        ^~~~
/home/user42/directed-compiler-fuzzing-code/scripts/8-crash-testing/input/segment_17/5a70429fcc226f4212e735478d80590d960d51b4.c:25:50: error: stray â€˜\377â€™ in program
   25 |   void **w = <ff><ff><ff><ff><ff><ff><ff><ff><ff><ff><ff><ff><ff><ff><ff><ff>__unix<ff><ff><ff><ff><ff><ff><ff><ff><ff><ff><ff><ff><ff><ff><ff><ff><ff><ff><ff><ff><ff><ff><ff><ff><ff><ff><ff><ff><ff><ff><ff><ff><ff><ff><fe><ff><ff><ff><ff><ff><ff><ff><ff><ff><ff><ff><ff><ff><ff><ff><ff><ff><ff><ff><ff><ff><ff><ff><ff><ff><ff><ff><ff><ff><ff><ff><ff><ff><ff>u;
      |                                                                                                                                            ^~~~
/home/user42/directed-compiler-fuzzing-code/scripts/8-crash-testing/input/segment_17/5a70429fcc226f4212e735478d80590d960d51b4.c:25:51: error: stray â€˜\377â€™ in program
   25 |   void **w = <ff><ff><ff><ff><ff><ff><ff><ff><ff><ff><ff><ff><ff><ff><ff><ff>__unix<ff><ff><ff><ff><ff><ff><ff><ff><ff><ff><ff><ff><ff><ff><ff><ff><ff><ff><ff><ff><ff><ff><ff><ff><ff><ff><ff><ff><ff><ff><ff><ff><ff><ff><fe><ff><ff><ff><ff><ff><ff><ff><ff><ff><ff><ff><ff><ff><ff><ff><ff><ff><ff><ff><ff><ff><ff><ff><ff><ff><ff><ff><ff><ff><ff><ff><ff><ff><ff>u;
      |                                                                                                                                                ^~~~
/home/user42/directed-compiler-fuzzing-code/scripts/8-crash-testing/input/segment_17/5a70429fcc226f4212e735478d80590d960d51b4.c:25:52: error: stray â€˜\377â€™ in program
   25 |   void **w = <ff><ff><ff><ff><ff><ff><ff><ff><ff><ff><ff><ff><ff><ff><ff><ff>__unix<ff><ff><ff><ff><ff><ff><ff><ff><ff><ff><ff><ff><ff><ff><ff><ff><ff><ff><ff><ff><ff><ff><ff><ff><ff><ff><ff><ff><ff><ff><ff><ff><ff><ff><fe><ff><ff><ff><ff><ff><ff><ff><ff><ff><ff><ff><ff><ff><ff><ff><ff><ff><ff><ff><ff><ff><ff><ff><ff><ff><ff><ff><ff><ff><ff><ff><ff><ff><ff>u;
      |                                                                                                                                                    ^~~~
/home/user42/directed-compiler-fuzzing-code/scripts/8-crash-testing/input/segment_17/5a70429fcc226f4212e735478d80590d960d51b4.c:25:53: error: stray â€˜\377â€™ in program
   25 |   void **w = <ff><ff><ff><ff><ff><ff><ff><ff><ff><ff><ff><ff><ff><ff><ff><ff>__unix<ff><ff><ff><ff><ff><ff><ff><ff><ff><ff><ff><ff><ff><ff><ff><ff><ff><ff><ff><ff><ff><ff><ff><ff><ff><ff><ff><ff><ff><ff><ff><ff><ff><ff><fe><ff><ff><ff><ff><ff><ff><ff><ff><ff><ff><ff><ff><ff><ff><ff><ff><ff><ff><ff><ff><ff><ff><ff><ff><ff><ff><ff><ff><ff><ff><ff><ff><ff><ff>u;
      |                                                                                                                                                        ^~~~
/home/user42/directed-compiler-fuzzing-code/scripts/8-crash-testing/input/segment_17/5a70429fcc226f4212e735478d80590d960d51b4.c:25:54: error: stray â€˜\377â€™ in program
   25 |   void **w = <ff><ff><ff><ff><ff><ff><ff><ff><ff><ff><ff><ff><ff><ff><ff><ff>__unix<ff><ff><ff><ff><ff><ff><ff><ff><ff><ff><ff><ff><ff><ff><ff><ff><ff><ff><ff><ff><ff><ff><ff><ff><ff><ff><ff><ff><ff><ff><ff><ff><ff><ff><fe><ff><ff><ff><ff><ff><ff><ff><ff><ff><ff><ff><ff><ff><ff><ff><ff><ff><ff><ff><ff><ff><ff><ff><ff><ff><ff><ff><ff><ff><ff><ff><ff><ff><ff>u;
      |                                                                                                                                                            ^~~~
/home/user42/directed-compiler-fuzzing-code/scripts/8-crash-testing/input/segment_17/5a70429fcc226f4212e735478d80590d960d51b4.c:25:55: error: stray â€˜\377â€™ in program
   25 |   void **w = <ff><ff><ff><ff><ff><ff><ff><ff><ff><ff><ff><ff><ff><ff><ff><ff>__unix<ff><ff><ff><ff><ff><ff><ff><ff><ff><ff><ff><ff><ff><ff><ff><ff><ff><ff><ff><ff><ff><ff><ff><ff><ff><ff><ff><ff><ff><ff><ff><ff><ff><ff><fe><ff><ff><ff><ff><ff><ff><ff><ff><ff><ff><ff><ff><ff><ff><ff><ff><ff><ff><ff><ff><ff><ff><ff><ff><ff><ff><ff><ff><ff><ff><ff><ff><ff><ff>u;
      |                                                                                                                                                                ^~~~
/home/user42/directed-compiler-fuzzing-code/scripts/8-crash-testing/input/segment_17/5a70429fcc226f4212e735478d80590d960d51b4.c:25:56: error: stray â€˜\377â€™ in program
   25 |   void **w = <ff><ff><ff><ff><ff><ff><ff><ff><ff><ff><ff><ff><ff><ff><ff><ff>__unix<ff><ff><ff><ff><ff><ff><ff><ff><ff><ff><ff><ff><ff><ff><ff><ff><ff><ff><ff><ff><ff><ff><ff><ff><ff><ff><ff><ff><ff><ff><ff><ff><ff><ff><fe><ff><ff><ff><ff><ff><ff><ff><ff><ff><ff><ff><ff><ff><ff><ff><ff><ff><ff><ff><ff><ff><ff><ff><ff><ff><ff><ff><ff><ff><ff><ff><ff><ff><ff>u;
      |                                                                                                                                                                    ^~~~
/home/user42/directed-compiler-fuzzing-code/scripts/8-crash-testing/input/segment_17/5a70429fcc226f4212e735478d80590d960d51b4.c:25:57: error: stray â€˜\377â€™ in program
   25 |   void **w = <ff><ff><ff><ff><ff><ff><ff><ff><ff><ff><ff><ff><ff><ff><ff><ff>__unix<ff><ff><ff><ff><ff><ff><ff><ff><ff><ff><ff><ff><ff><ff><ff><ff><ff><ff><ff><ff><ff><ff><ff><ff><ff><ff><ff><ff><ff><ff><ff><ff><ff><ff><fe><ff><ff><ff><ff><ff><ff><ff><ff><ff><ff><ff><ff><ff><ff><ff><ff><ff><ff><ff><ff><ff><ff><ff><ff><ff><ff><ff><ff><ff><ff><ff><ff><ff><ff>u;
      |                                                                                                                                                                        ^~~~
/home/user42/directed-compiler-fuzzing-code/scripts/8-crash-testing/input/segment_17/5a70429fcc226f4212e735478d80590d960d51b4.c:25:58: error: stray â€˜\377â€™ in program
   25 |   void **w = <ff><ff><ff><ff><ff><ff><ff><ff><ff><ff><ff><ff><ff><ff><ff><ff>__unix<ff><ff><ff><ff><ff><ff><ff><ff><ff><ff><ff><ff><ff><ff><ff><ff><ff><ff><ff><ff><ff><ff><ff><ff><ff><ff><ff><ff><ff><ff><ff><ff><ff><ff><fe><ff><ff><ff><ff><ff><ff><ff><ff><ff><ff><ff><ff><ff><ff><ff><ff><ff><ff><ff><ff><ff><ff><ff><ff><ff><ff><ff><ff><ff><ff><ff><ff><ff><ff>u;
      |                                                                                                                                                                            ^~~~
/home/user42/directed-compiler-fuzzing-code/scripts/8-crash-testing/input/segment_17/5a70429fcc226f4212e735478d80590d960d51b4.c:25:59: error: stray â€˜\377â€™ in program
   25 |   void **w = <ff><ff><ff><ff><ff><ff><ff><ff><ff><ff><ff><ff><ff><ff><ff><ff>__unix<ff><ff><ff><ff><ff><ff><ff><ff><ff><ff><ff><ff><ff><ff><ff><ff><ff><ff><ff><ff><ff><ff><ff><ff><ff><ff><ff><ff><ff><ff><ff><ff><ff><ff><fe><ff><ff><ff><ff><ff><ff><ff><ff><ff><ff><ff><ff><ff><ff><ff><ff><ff><ff><ff><ff><ff><ff><ff><ff><ff><ff><ff><ff><ff><ff><ff><ff><ff><ff>u;
      |                                                                                                                                                                                ^~~~
/home/user42/directed-compiler-fuzzing-code/scripts/8-crash-testing/input/segment_17/5a70429fcc226f4212e735478d80590d960d51b4.c:25:60: error: stray â€˜\377â€™ in program
   25 |   void **w = <ff><ff><ff><ff><ff><ff><ff><ff><ff><ff><ff><ff><ff><ff><ff><ff>__unix<ff><ff><ff><ff><ff><ff><ff><ff><ff><ff><ff><ff><ff><ff><ff><ff><ff><ff><ff><ff><ff><ff><ff><ff><ff><ff><ff><ff><ff><ff><ff><ff><ff><ff><fe><ff><ff><ff><ff><ff><ff><ff><ff><ff><ff><ff><ff><ff><ff><ff><ff><ff><ff><ff><ff><ff><ff><ff><ff><ff><ff><ff><ff><ff><ff><ff><ff><ff><ff>u;
      |                                                                                                                                                                                    ^~~~
/home/user42/directed-compiler-fuzzing-code/scripts/8-crash-testing/input/segment_17/5a70429fcc226f4212e735478d80590d960d51b4.c:25:61: error: stray â€˜\377â€™ in program
   25 |   void **w = <ff><ff><ff><ff><ff><ff><ff><ff><ff><ff><ff><ff><ff><ff><ff><ff>__unix<ff><ff><ff><ff><ff><ff><ff><ff><ff><ff><ff><ff><ff><ff><ff><ff><ff><ff><ff><ff><ff><ff><ff><ff><ff><ff><ff><ff><ff><ff><ff><ff><ff><ff><fe><ff><ff><ff><ff><ff><ff><ff><ff><ff><ff><ff><ff><ff><ff><ff><ff><ff><ff><ff><ff><ff><ff><ff><ff><ff><ff><ff><ff><ff><ff><ff><ff><ff><ff>u;
      |                                                                                                                                                                                        ^~~~
/home/user42/directed-compiler-fuzzing-code/scripts/8-crash-testing/input/segment_17/5a70429fcc226f4212e735478d80590d960d51b4.c:25:62: error: stray â€˜\377â€™ in program
   25 |   void **w = <ff><ff><ff><ff><ff><ff><ff><ff><ff><ff><ff><ff><ff><ff><ff><ff>__unix<ff><ff><ff><ff><ff><ff><ff><ff><ff><ff><ff><ff><ff><ff><ff><ff><ff><ff><ff><ff><ff><ff><ff><ff><ff><ff><ff><ff><ff><ff><ff><ff><ff><ff><fe><ff><ff><ff><ff><ff><ff><ff><ff><ff><ff><ff><ff><ff><ff><ff><ff><ff><ff><ff><ff><ff><ff><ff><ff><ff><ff><ff><ff><ff><ff><ff><ff><ff><ff>u;
      |                                                                                                                                                                                            ^~~~
/home/user42/directed-compiler-fuzzing-code/scripts/8-crash-testing/input/segment_17/5a70429fcc226f4212e735478d80590d960d51b4.c:25:63: error: stray â€˜\377â€™ in program
   25 |   void **w = <ff><ff><ff><ff><ff><ff><ff><ff><ff><ff><ff><ff><ff><ff><ff><ff>__unix<ff><ff><ff><ff><ff><ff><ff><ff><ff><ff><ff><ff><ff><ff><ff><ff><ff><ff><ff><ff><ff><ff><ff><ff><ff><ff><ff><ff><ff><ff><ff><ff><ff><ff><fe><ff><ff><ff><ff><ff><ff><ff><ff><ff><ff><ff><ff><ff><ff><ff><ff><ff><ff><ff><ff><ff><ff><ff><ff><ff><ff><ff><ff><ff><ff><ff><ff><ff><ff>u;
      |                                                                                                                                                                                                ^~~~
/home/user42/directed-compiler-fuzzing-code/scripts/8-crash-testing/input/segment_17/5a70429fcc226f4212e735478d80590d960d51b4.c:25:64: error: stray â€˜\377â€™ in program
   25 |   void **w = <ff><ff><ff><ff><ff><ff><ff><ff><ff><ff><ff><ff><ff><ff><ff><ff>__unix<ff><ff><ff><ff><ff><ff><ff><ff><ff><ff><ff><ff><ff><ff><ff><ff><ff><ff><ff><ff><ff><ff><ff><ff><ff><ff><ff><ff><ff><ff><ff><ff><ff><ff><fe><ff><ff><ff><ff><ff><ff><ff><ff><ff><ff><ff><ff><ff><ff><ff><ff><ff><ff><ff><ff><ff><ff><ff><ff><ff><ff><ff><ff><ff><ff><ff><ff><ff><ff>u;
      |                                                                                                                                                                                                    ^~~~
/home/user42/directed-compiler-fuzzing-code/scripts/8-crash-testing/input/segment_17/5a70429fcc226f4212e735478d80590d960d51b4.c:25:65: error: stray â€˜\377â€™ in program
   25 |   void **w = <ff><ff><ff><ff><ff><ff><ff><ff><ff><ff><ff><ff><ff><ff><ff><ff>__unix<ff><ff><ff><ff><ff><ff><ff><ff><ff><ff><ff><ff><ff><ff><ff><ff><ff><ff><ff><ff><ff><ff><ff><ff><ff><ff><ff><ff><ff><ff><ff><ff><ff><ff><fe><ff><ff><ff><ff><ff><ff><ff><ff><ff><ff><ff><ff><ff><ff><ff><ff><ff><ff><ff><ff><ff><ff><ff><ff><ff><ff><ff><ff><ff><ff><ff><ff><ff><ff>u;
      |                                                                                                                                                                                                        ^~~~
/home/user42/directed-compiler-fuzzing-code/scripts/8-crash-testing/input/segment_17/5a70429fcc226f4212e735478d80590d960d51b4.c:25:66: error: stray â€˜\377â€™ in program
   25 |   void **w = <ff><ff><ff><ff><ff><ff><ff><ff><ff><ff><ff><ff><ff><ff><ff><ff>__unix<ff><ff><ff><ff><ff><ff><ff><ff><ff><ff><ff><ff><ff><ff><ff><ff><ff><ff><ff><ff><ff><ff><ff><ff><ff><ff><ff><ff><ff><ff><ff><ff><ff><ff><fe><ff><ff><ff><ff><ff><ff><ff><ff><ff><ff><ff><ff><ff><ff><ff><ff><ff><ff><ff><ff><ff><ff><ff><ff><ff><ff><ff><ff><ff><ff><ff><ff><ff><ff>u;
      |                                                                                                                                                                                                            ^~~~
/home/user42/directed-compiler-fuzzing-code/scripts/8-crash-testing/input/segment_17/5a70429fcc226f4212e735478d80590d960d51b4.c:25:67: error: stray â€˜\377â€™ in program
   25 |   void **w = <ff><ff><ff><ff><ff><ff><ff><ff><ff><ff><ff><ff><ff><ff><ff><ff>__unix<ff><ff><ff><ff><ff><ff><ff><ff><ff><ff><ff><ff><ff><ff><ff><ff><ff><ff><ff><ff><ff><ff><ff><ff><ff><ff><ff><ff><ff><ff><ff><ff><ff><ff><fe><ff><ff><ff><ff><ff><ff><ff><ff><ff><ff><ff><ff><ff><ff><ff><ff><ff><ff><ff><ff><ff><ff><ff><ff><ff><ff><ff><ff><ff><ff><ff><ff><ff><ff>u;
      |                                                                                                                                                                                                                ^~~~
/home/user42/directed-compiler-fuzzing-code/scripts/8-crash-testing/input/segment_17/5a70429fcc226f4212e735478d80590d960d51b4.c:25:68: error: stray â€˜\377â€™ in program
   25 |   void **w = <ff><ff><ff><ff><ff><ff><ff><ff><ff><ff><ff><ff><ff><ff><ff><ff>__unix<ff><ff><ff><ff><ff><ff><ff><ff><ff><ff><ff><ff><ff><ff><ff><ff><ff><ff><ff><ff><ff><ff><ff><ff><ff><ff><ff><ff><ff><ff><ff><ff><ff><ff><fe><ff><ff><ff><ff><ff><ff><ff><ff><ff><ff><ff><ff><ff><ff><ff><ff><ff><ff><ff><ff><ff><ff><ff><ff><ff><ff><ff><ff><ff><ff><ff><ff><ff><ff>u;
      |                                                                                                                                                                                                                    ^~~~
/home/user42/directed-compiler-fuzzing-code/scripts/8-crash-testing/input/segment_17/5a70429fcc226f4212e735478d80590d960d51b4.c:25:69: error: stray â€˜\377â€™ in program
   25 |   void **w = <ff><ff><ff><ff><ff><ff><ff><ff><ff><ff><ff><ff><ff><ff><ff><ff>__unix<ff><ff><ff><ff><ff><ff><ff><ff><ff><ff><ff><ff><ff><ff><ff><ff><ff><ff><ff><ff><ff><ff><ff><ff><ff><ff><ff><ff><ff><ff><ff><ff><ff><ff><fe><ff><ff><ff><ff><ff><ff><ff><ff><ff><ff><ff><ff><ff><ff><ff><ff><ff><ff><ff><ff><ff><ff><ff><ff><ff><ff><ff><ff><ff><ff><ff><ff><ff><ff>u;
      |                                                                                                                                                                                                                        ^~~~
/home/user42/directed-compiler-fuzzing-code/scripts/8-crash-testing/input/segment_17/5a70429fcc226f4212e735478d80590d960d51b4.c:25:70: error: stray â€˜\376â€™ in program
   25 |   void **w = <ff><ff><ff><ff><ff><ff><ff><ff><ff><ff><ff><ff><ff><ff><ff><ff>__unix<ff><ff><ff><ff><ff><ff><ff><ff><ff><ff><ff><ff><ff><ff><ff><ff><ff><ff><ff><ff><ff><ff><ff><ff><ff><ff><ff><ff><ff><ff><ff><ff><ff><ff><fe><ff><ff><ff><ff><ff><ff><ff><ff><ff><ff><ff><ff><ff><ff><ff><ff><ff><ff><ff><ff><ff><ff><ff><ff><ff><ff><ff><ff><ff><ff><ff><ff><ff><ff>u;
      |                                                                                                                                                                                                                            ^~~~
/home/user42/directed-compiler-fuzzing-code/scripts/8-crash-testing/input/segment_17/5a70429fcc226f4212e735478d80590d960d51b4.c:25:71: error: stray â€˜\377â€™ in program
   25 |   void **w = <ff><ff><ff><ff><ff><ff><ff><ff><ff><ff><ff><ff><ff><ff><ff><ff>__unix<ff><ff><ff><ff><ff><ff><ff><ff><ff><ff><ff><ff><ff><ff><ff><ff><ff><ff><ff><ff><ff><ff><ff><ff><ff><ff><ff><ff><ff><ff><ff><ff><ff><ff><fe><ff><ff><ff><ff><ff><ff><ff><ff><ff><ff><ff><ff><ff><ff><ff><ff><ff><ff><ff><ff><ff><ff><ff><ff><ff><ff><ff><ff><ff><ff><ff><ff><ff><ff>u;
      |                                                                                                                                                                                                                                ^~~~
/home/user42/directed-compiler-fuzzing-code/scripts/8-crash-testing/input/segment_17/5a70429fcc226f4212e735478d80590d960d51b4.c:25:72: error: stray â€˜\377â€™ in program
   25 |   void **w = <ff><ff><ff><ff><ff><ff><ff><ff><ff><ff><ff><ff><ff><ff><ff><ff>__unix<ff><ff><ff><ff><ff><ff><ff><ff><ff><ff><ff><ff><ff><ff><ff><ff><ff><ff><ff><ff><ff><ff><ff><ff><ff><ff><ff><ff><ff><ff><ff><ff><ff><ff><fe><ff><ff><ff><ff><ff><ff><ff><ff><ff><ff><ff><ff><ff><ff><ff><ff><ff><ff><ff><ff><ff><ff><ff><ff><ff><ff><ff><ff><ff><ff><ff><ff><ff><ff>u;
      |                                                                                                                                                                                                                                    ^~~~
/home/user42/directed-compiler-fuzzing-code/scripts/8-crash-testing/input/segment_17/5a70429fcc226f4212e735478d80590d960d51b4.c:25:73: error: stray â€˜\377â€™ in program
   25 |   void **w = <ff><ff><ff><ff><ff><ff><ff><ff><ff><ff><ff><ff><ff><ff><ff><ff>__unix<ff><ff><ff><ff><ff><ff><ff><ff><ff><ff><ff><ff><ff><ff><ff><ff><ff><ff><ff><ff><ff><ff><ff><ff><ff><ff><ff><ff><ff><ff><ff><ff><ff><ff><fe><ff><ff><ff><ff><ff><ff><ff><ff><ff><ff><ff><ff><ff><ff><ff><ff><ff><ff><ff><ff><ff><ff><ff><ff><ff><ff><ff><ff><ff><ff><ff><ff><ff><ff>u;
      |                                                                                                                                                                                                                                        ^~~~
/home/user42/directed-compiler-fuzzing-code/scripts/8-crash-testing/input/segment_17/5a70429fcc226f4212e735478d80590d960d51b4.c:25:74: error: stray â€˜\377â€™ in program
   25 |   void **w = <ff><ff><ff><ff><ff><ff><ff><ff><ff><ff><ff><ff><ff><ff><ff><ff>__unix<ff><ff><ff><ff><ff><ff><ff><ff><ff><ff><ff><ff><ff><ff><ff><ff><ff><ff><ff><ff><ff><ff><ff><ff><ff><ff><ff><ff><ff><ff><ff><ff><ff><ff><fe><ff><ff><ff><ff><ff><ff><ff><ff><ff><ff><ff><ff><ff><ff><ff><ff><ff><ff><ff><ff><ff><ff><ff><ff><ff><ff><ff><ff><ff><ff><ff><ff><ff><ff>u;
      |                                                                                                                                                                                                                                            ^~~~
/home/user42/directed-compiler-fuzzing-code/scripts/8-crash-testing/input/segment_17/5a70429fcc226f4212e735478d80590d960d51b4.c:25:75: error: stray â€˜\377â€™ in program
   25 |   void **w = <ff><ff><ff><ff><ff><ff><ff><ff><ff><ff><ff><ff><ff><ff><ff><ff>__unix<ff><ff><ff><ff><ff><ff><ff><ff><ff><ff><ff><ff><ff><ff><ff><ff><ff><ff><ff><ff><ff><ff><ff><ff><ff><ff><ff><ff><ff><ff><ff><ff><ff><ff><fe><ff><ff><ff><ff><ff><ff><ff><ff><ff><ff><ff><ff><ff><ff><ff><ff><ff><ff><ff><ff><ff><ff><ff><ff><ff><ff><ff><ff><ff><ff><ff><ff><ff><ff>u;
      |                                                                                                                                                                                                                                                ^~~~
/home/user42/directed-compiler-fuzzing-code/scripts/8-crash-testing/input/segment_17/5a70429fcc226f4212e735478d80590d960d51b4.c:25:76: error: stray â€˜\377â€™ in program
   25 |   void **w = <ff><ff><ff><ff><ff><ff><ff><ff><ff><ff><ff><ff><ff><ff><ff><ff>__unix<ff><ff><ff><ff><ff><ff><ff><ff><ff><ff><ff><ff><ff><ff><ff><ff><ff><ff><ff><ff><ff><ff><ff><ff><ff><ff><ff><ff><ff><ff><ff><ff><ff><ff><fe><ff><ff><ff><ff><ff><ff><ff><ff><ff><ff><ff><ff><ff><ff><ff><ff><ff><ff><ff><ff><ff><ff><ff><ff><ff><ff><ff><ff><ff><ff><ff><ff><ff><ff>u;
      |                                                                                                                                                                                                                                                    ^~~~
/home/user42/directed-compiler-fuzzing-code/scripts/8-crash-testing/input/segment_17/5a70429fcc226f4212e735478d80590d960d51b4.c:25:77: error: stray â€˜\377â€™ in program
   25 |   void **w = <ff><ff><ff><ff><ff><ff><ff><ff><ff><ff><ff><ff><ff><ff><ff><ff>__unix<ff><ff><ff><ff><ff><ff><ff><ff><ff><ff><ff><ff><ff><ff><ff><ff><ff><ff><ff><ff><ff><ff><ff><ff><ff><ff><ff><ff><ff><ff><ff><ff><ff><ff><fe><ff><ff><ff><ff><ff><ff><ff><ff><ff><ff><ff><ff><ff><ff><ff><ff><ff><ff><ff><ff><ff><ff><ff><ff><ff><ff><ff><ff><ff><ff><ff><ff><ff><ff>u;
      |                                                                                                                                                                                                                                                        ^~~~
/home/user42/directed-compiler-fuzzing-code/scripts/8-crash-testing/input/segment_17/5a70429fcc226f4212e735478d80590d960d51b4.c:25:78: error: stray â€˜\377â€™ in program
   25 |   void **w = <ff><ff><ff><ff><ff><ff><ff><ff><ff><ff><ff><ff><ff><ff><ff><ff>__unix<ff><ff><ff><ff><ff><ff><ff><ff><ff><ff><ff><ff><ff><ff><ff><ff><ff><ff><ff><ff><ff><ff><ff><ff><ff><ff><ff><ff><ff><ff><ff><ff><ff><ff><fe><ff><ff><ff><ff><ff><ff><ff><ff><ff><ff><ff><ff><ff><ff><ff><ff><ff><ff><ff><ff><ff><ff><ff><ff><ff><ff><ff><ff><ff><ff><ff><ff><ff><ff>u;
      |                                                                                                                                                                                                                                                            ^~~~
/home/user42/directed-compiler-fuzzing-code/scripts/8-crash-testing/input/segment_17/5a70429fcc226f4212e735478d80590d960d51b4.c:25:79: error: stray â€˜\377â€™ in program
   25 |   void **w = <ff><ff><ff><ff><ff><ff><ff><ff><ff><ff><ff><ff><ff><ff><ff><ff>__unix<ff><ff><ff><ff><ff><ff><ff><ff><ff><ff><ff><ff><ff><ff><ff><ff><ff><ff><ff><ff><ff><ff><ff><ff><ff><ff><ff><ff><ff><ff><ff><ff><ff><ff><fe><ff><ff><ff><ff><ff><ff><ff><ff><ff><ff><ff><ff><ff><ff><ff><ff><ff><ff><ff><ff><ff><ff><ff><ff><ff><ff><ff><ff><ff><ff><ff><ff><ff><ff>u;
      |                                                                                                                                                                                                                                                                ^~~~
/home/user42/directed-compiler-fuzzing-code/scripts/8-crash-testing/input/segment_17/5a70429fcc226f4212e735478d80590d960d51b4.c:25:80: error: stray â€˜\377â€™ in program
   25 |   void **w = <ff><ff><ff><ff><ff><ff><ff><ff><ff><ff><ff><ff><ff><ff><ff><ff>__unix<ff><ff><ff><ff><ff><ff><ff><ff><ff><ff><ff><ff><ff><ff><ff><ff><ff><ff><ff><ff><ff><ff><ff><ff><ff><ff><ff><ff><ff><ff><ff><ff><ff><ff><fe><ff><ff><ff><ff><ff><ff><ff><ff><ff><ff><ff><ff><ff><ff><ff><ff><ff><ff><ff><ff><ff><ff><ff><ff><ff><ff><ff><ff><ff><ff><ff><ff><ff><ff>u;
      |                                                                                                                                                                                                                                                                    ^~~~
/home/user42/directed-compiler-fuzzing-code/scripts/8-crash-testing/input/segment_17/5a70429fcc226f4212e735478d80590d960d51b4.c:25:81: error: stray â€˜\377â€™ in program
   25 |   void **w = <ff><ff><ff><ff><ff><ff><ff><ff><ff><ff><ff><ff><ff><ff><ff><ff>__unix<ff><ff><ff><ff><ff><ff><ff><ff><ff><ff><ff><ff><ff><ff><ff><ff><ff><ff><ff><ff><ff><ff><ff><ff><ff><ff><ff><ff><ff><ff><ff><ff><ff><ff><fe><ff><ff><ff><ff><ff><ff><ff><ff><ff><ff><ff><ff><ff><ff><ff><ff><ff><ff><ff><ff><ff><ff><ff><ff><ff><ff><ff><ff><ff><ff><ff><ff><ff><ff>u;
      |                                                                                                                                                                                                                                                                        ^~~~
/home/user42/directed-compiler-fuzzing-code/scripts/8-crash-testing/input/segment_17/5a70429fcc226f4212e735478d80590d960d51b4.c:25:82: error: stray â€˜\377â€™ in program
   25 |   void **w = <ff><ff><ff><ff><ff><ff><ff><ff><ff><ff><ff><ff><ff><ff><ff><ff>__unix<ff><ff><ff><ff><ff><ff><ff><ff><ff><ff><ff><ff><ff><ff><ff><ff><ff><ff><ff><ff><ff><ff><ff><ff><ff><ff><ff><ff><ff><ff><ff><ff><ff><ff><fe><ff><ff><ff><ff><ff><ff><ff><ff><ff><ff><ff><ff><ff><ff><ff><ff><ff><ff><ff><ff><ff><ff><ff><ff><ff><ff><ff><ff><ff><ff><ff><ff><ff><ff>u;
      |                                                                                                                                                                                                                                                                            ^~~~
/home/user42/directed-compiler-fuzzing-code/scripts/8-crash-testing/input/segment_17/5a70429fcc226f4212e735478d80590d960d51b4.c:25:83: error: stray â€˜\377â€™ in program
   25 |   void **w = <ff><ff><ff><ff><ff><ff><ff><ff><ff><ff><ff><ff><ff><ff><ff><ff>__unix<ff><ff><ff><ff><ff><ff><ff><ff><ff><ff><ff><ff><ff><ff><ff><ff><ff><ff><ff><ff><ff><ff><ff><ff><ff><ff><ff><ff><ff><ff><ff><ff><ff><ff><fe><ff><ff><ff><ff><ff><ff><ff><ff><ff><ff><ff><ff><ff><ff><ff><ff><ff><ff><ff><ff><ff><ff><ff><ff><ff><ff><ff><ff><ff><ff><ff><ff><ff><ff>u;
      |                                                                                                                                                                                                                                                                                ^~~~
/home/user42/directed-compiler-fuzzing-code/scripts/8-crash-testing/input/segment_17/5a70429fcc226f4212e735478d80590d960d51b4.c:25:84: error: stray â€˜\377â€™ in program
   25 |   void **w = <ff><ff><ff><ff><ff><ff><ff><ff><ff><ff><ff><ff><ff><ff><ff><ff>__unix<ff><ff><ff><ff><ff><ff><ff><ff><ff><ff><ff><ff><ff><ff><ff><ff><ff><ff><ff><ff><ff><ff><ff><ff><ff><ff><ff><ff><ff><ff><ff><ff><ff><ff><fe><ff><ff><ff><ff><ff><ff><ff><ff><ff><ff><ff><ff><ff><ff><ff><ff><ff><ff><ff><ff><ff><ff><ff><ff><ff><ff><ff><ff><ff><ff><ff><ff><ff><ff>u;
      |                                                                                                                                                                                                                                                                                    ^~~~
/home/user42/directed-compiler-fuzzing-code/scripts/8-crash-testing/input/segment_17/5a70429fcc226f4212e735478d80590d960d51b4.c:25:85: error: stray â€˜\377â€™ in program
   25 |   void **w = <ff><ff><ff><ff><ff><ff><ff><ff><ff><ff><ff><ff><ff><ff><ff><ff>__unix<ff><ff><ff><ff><ff><ff><ff><ff><ff><ff><ff><ff><ff><ff><ff><ff><ff><ff><ff><ff><ff><ff><ff><ff><ff><ff><ff><ff><ff><ff><ff><ff><ff><ff><fe><ff><ff><ff><ff><ff><ff><ff><ff><ff><ff><ff><ff><ff><ff><ff><ff><ff><ff><ff><ff><ff><ff><ff><ff><ff><ff><ff><ff><ff><ff><ff><ff><ff><ff>u;
      |                                                                                                                                                                                                                                                                                        ^~~~
/home/user42/directed-compiler-fuzzing-code/scripts/8-crash-testing/input/segment_17/5a70429fcc226f4212e735478d80590d960d51b4.c:25:86: error: stray â€˜\377â€™ in program
   25 |   void **w = <ff><ff><ff><ff><ff><ff><ff><ff><ff><ff><ff><ff><ff><ff><ff><ff>__unix<ff><ff><ff><ff><ff><ff><ff><ff><ff><ff><ff><ff><ff><ff><ff><ff><ff><ff><ff><ff><ff><ff><ff><ff><ff><ff><ff><ff><ff><ff><ff><ff><ff><ff><fe><ff><ff><ff><ff><ff><ff><ff><ff><ff><ff><ff><ff><ff><ff><ff><ff><ff><ff><ff><ff><ff><ff><ff><ff><ff><ff><ff><ff><ff><ff><ff><ff><ff><ff>u;
      |                                                                                                                                                                                                                                                                                            ^~~~
/home/user42/directed-compiler-fuzzing-code/scripts/8-crash-testing/input/segment_17/5a70429fcc226f4212e735478d80590d960d51b4.c:25:87: error: stray â€˜\377â€™ in program
   25 |   void **w = <ff><ff><ff><ff><ff><ff><ff><ff><ff><ff><ff><ff><ff><ff><ff><ff>__unix<ff><ff><ff><ff><ff><ff><ff><ff><ff><ff><ff><ff><ff><ff><ff><ff><ff><ff><ff><ff><ff><ff><ff><ff><ff><ff><ff><ff><ff><ff><ff><ff><ff><ff><fe><ff><ff><ff><ff><ff><ff><ff><ff><ff><ff><ff><ff><ff><ff><ff><ff><ff><ff><ff><ff><ff><ff><ff><ff><ff><ff><ff><ff><ff><ff><ff><ff><ff><ff>u;
      |                                                                                                                                                                                                                                                                                                ^~~~
/home/user42/directed-compiler-fuzzing-code/scripts/8-crash-testing/input/segment_17/5a70429fcc226f4212e735478d80590d960d51b4.c:25:88: error: stray â€˜\377â€™ in program
   25 |   void **w = <ff><ff><ff><ff><ff><ff><ff><ff><ff><ff><ff><ff><ff><ff><ff><ff>__unix<ff><ff><ff><ff><ff><ff><ff><ff><ff><ff><ff><ff><ff><ff><ff><ff><ff><ff><ff><ff><ff><ff><ff><ff><ff><ff><ff><ff><ff><ff><ff><ff><ff><ff><fe><ff><ff><ff><ff><ff><ff><ff><ff><ff><ff><ff><ff><ff><ff><ff><ff><ff><ff><ff><ff><ff><ff><ff><ff><ff><ff><ff><ff><ff><ff><ff><ff><ff><ff>u;
      |                                                                                                                                                                                                                                                                                                    ^~~~
/home/user42/directed-compiler-fuzzing-code/scripts/8-crash-testing/input/segment_17/5a70429fcc226f4212e735478d80590d960d51b4.c:25:89: error: stray â€˜\377â€™ in program
   25 |   void **w = <ff><ff><ff><ff><ff><ff><ff><ff><ff><ff><ff><ff><ff><ff><ff><ff>__unix<ff><ff><ff><ff><ff><ff><ff><ff><ff><ff><ff><ff><ff><ff><ff><ff><ff><ff><ff><ff><ff><ff><ff><ff><ff><ff><ff><ff><ff><ff><ff><ff><ff><ff><fe><ff><ff><ff><ff><ff><ff><ff><ff><ff><ff><ff><ff><ff><ff><ff><ff><ff><ff><ff><ff><ff><ff><ff><ff><ff><ff><ff><ff><ff><ff><ff><ff><ff><ff>u;
      |                                                                                                                                                                                                                                                                                                        ^~~~
/home/user42/directed-compiler-fuzzing-code/scripts/8-crash-testing/input/segment_17/5a70429fcc226f4212e735478d80590d960d51b4.c:25:90: error: stray â€˜\377â€™ in program
   25 |   void **w = <ff><ff><ff><ff><ff><ff><ff><ff><ff><ff><ff><ff><ff><ff><ff><ff>__unix<ff><ff><ff><ff><ff><ff><ff><ff><ff><ff><ff><ff><ff><ff><ff><ff><ff><ff><ff><ff><ff><ff><ff><ff><ff><ff><ff><ff><ff><ff><ff><ff><ff><ff><fe><ff><ff><ff><ff><ff><ff><ff><ff><ff><ff><ff><ff><ff><ff><ff><ff><ff><ff><ff><ff><ff><ff><ff><ff><ff><ff><ff><ff><ff><ff><ff><ff><ff><ff>u;
      |                                                                                                                                                                                                                                                                                                            ^~~~
/home/user42/directed-compiler-fuzzing-code/scripts/8-crash-testing/input/segment_17/5a70429fcc226f4212e735478d80590d960d51b4.c:25:91: error: stray â€˜\377â€™ in program
   25 |   void **w = <ff><ff><ff><ff><ff><ff><ff><ff><ff><ff><ff><ff><ff><ff><ff><ff>__unix<ff><ff><ff><ff><ff><ff><ff><ff><ff><ff><ff><ff><ff><ff><ff><ff><ff><ff><ff><ff><ff><ff><ff><ff><ff><ff><ff><ff><ff><ff><ff><ff><ff><ff><fe><ff><ff><ff><ff><ff><ff><ff><ff><ff><ff><ff><ff><ff><ff><ff><ff><ff><ff><ff><ff><ff><ff><ff><ff><ff><ff><ff><ff><ff><ff><ff><ff><ff><ff>u;
      |                                                                                                                                                                                                                                                                                                                ^~~~
/home/user42/directed-compiler-fuzzing-code/scripts/8-crash-testing/input/segment_17/5a70429fcc226f4212e735478d80590d960d51b4.c:25:92: error: stray â€˜\377â€™ in program
   25 |   void **w = <ff><ff><ff><ff><ff><ff><ff><ff><ff><ff><ff><ff><ff><ff><ff><ff>__unix<ff><ff><ff><ff><ff><ff><ff><ff><ff><ff><ff><ff><ff><ff><ff><ff><ff><ff><ff><ff><ff><ff><ff><ff><ff><ff><ff><ff><ff><ff><ff><ff><ff><ff><fe><ff><ff><ff><ff><ff><ff><ff><ff><ff><ff><ff><ff><ff><ff><ff><ff><ff><ff><ff><ff><ff><ff><ff><ff><ff><ff><ff><ff><ff><ff><ff><ff><ff><ff>u;
      |                                                                                                                                                                                                                                                                                                                    ^~~~
/home/user42/directed-compiler-fuzzing-code/scripts/8-crash-testing/input/segment_17/5a70429fcc226f4212e735478d80590d960d51b4.c:25:93: error: stray â€˜\377â€™ in program
   25 |   void **w = <ff><ff><ff><ff><ff><ff><ff><ff><ff><ff><ff><ff><ff><ff><ff><ff>__unix<ff><ff><ff><ff><ff><ff><ff><ff><ff><ff><ff><ff><ff><ff><ff><ff><ff><ff><ff><ff><ff><ff><ff><ff><ff><ff><ff><ff><ff><ff><ff><ff><ff><ff><fe><ff><ff><ff><ff><ff><ff><ff><ff><ff><ff><ff><ff><ff><ff><ff><ff><ff><ff><ff><ff><ff><ff><ff><ff><ff><ff><ff><ff><ff><ff><ff><ff><ff><ff>u;
      |                                                                                                                                                                                                                                                                                                                        ^~~~
/home/user42/directed-compiler-fuzzing-code/scripts/8-crash-testing/input/segment_17/5a70429fcc226f4212e735478d80590d960d51b4.c:25:94: error: stray â€˜\377â€™ in program
   25 |   void **w = <ff><ff><ff><ff><ff><ff><ff><ff><ff><ff><ff><ff><ff><ff><ff><ff>__unix<ff><ff><ff><ff><ff><ff><ff><ff><ff><ff><ff><ff><ff><ff><ff><ff><ff><ff><ff><ff><ff><ff><ff><ff><ff><ff><ff><ff><ff><ff><ff><ff><ff><ff><fe><ff><ff><ff><ff><ff><ff><ff><ff><ff><ff><ff><ff><ff><ff><ff><ff><ff><ff><ff><ff><ff><ff><ff><ff><ff><ff><ff><ff><ff><ff><ff><ff><ff><ff>u;
      |                                                                                                                                                                                                                                                                                                                            ^~~~
/home/user42/directed-compiler-fuzzing-code/scripts/8-crash-testing/input/segment_17/5a70429fcc226f4212e735478d80590d960d51b4.c:25:95: error: stray â€˜\377â€™ in program
   25 |   void **w = <ff><ff><ff><ff><ff><ff><ff><ff><ff><ff><ff><ff><ff><ff><ff><ff>__unix<ff><ff><ff><ff><ff><ff><ff><ff><ff><ff><ff><ff><ff><ff><ff><ff><ff><ff><ff><ff><ff><ff><ff><ff><ff><ff><ff><ff><ff><ff><ff><ff><ff><ff><fe><ff><ff><ff><ff><ff><ff><ff><ff><ff><ff><ff><ff><ff><ff><ff><ff><ff><ff><ff><ff><ff><ff><ff><ff><ff><ff><ff><ff><ff><ff><ff><ff><ff><ff>u;
      |                                                                                                                                                                                                                                                                                                                                ^~~~
/home/user42/directed-compiler-fuzzing-code/scripts/8-crash-testing/input/segment_17/5a70429fcc226f4212e735478d80590d960d51b4.c:25:96: error: stray â€˜\377â€™ in program
   25 |   void **w = <ff><ff><ff><ff><ff><ff><ff><ff><ff><ff><ff><ff><ff><ff><ff><ff>__unix<ff><ff><ff><ff><ff><ff><ff><ff><ff><ff><ff><ff><ff><ff><ff><ff><ff><ff><ff><ff><ff><ff><ff><ff><ff><ff><ff><ff><ff><ff><ff><ff><ff><ff><fe><ff><ff><ff><ff><ff><ff><ff><ff><ff><ff><ff><ff><ff><ff><ff><ff><ff><ff><ff><ff><ff><ff><ff><ff><ff><ff><ff><ff><ff><ff><ff><ff><ff><ff>u;
      |                                                                                                                                                                                                                                                                                                                                    ^~~~
/home/user42/directed-compiler-fuzzing-code/scripts/8-crash-testing/input/segment_17/5a70429fcc226f4212e735478d80590d960d51b4.c:25:97: error: stray â€˜\377â€™ in program
   25 |   void **w = <ff><ff><ff><ff><ff><ff><ff><ff><ff><ff><ff><ff><ff><ff><ff><ff>__unix<ff><ff><ff><ff><ff><ff><ff><ff><ff><ff><ff><ff><ff><ff><ff><ff><ff><ff><ff><ff><ff><ff><ff><ff><ff><ff><ff><ff><ff><ff><ff><ff><ff><ff><fe><ff><ff><ff><ff><ff><ff><ff><ff><ff><ff><ff><ff><ff><ff><ff><ff><ff><ff><ff><ff><ff><ff><ff><ff><ff><ff><ff><ff><ff><ff><ff><ff><ff><ff>u;
      |                                                                                                                                                                                                                                                                                                                                        ^~~~
/home/user42/directed-compiler-fuzzing-code/scripts/8-crash-testing/input/segment_17/5a70429fcc226f4212e735478d80590d960d51b4.c:25:98: error: stray â€˜\377â€™ in program
   25 |   void **w = <ff><ff><ff><ff><ff><ff><ff><ff><ff><ff><ff><ff><ff><ff><ff><ff>__unix<ff><ff><ff><ff><ff><ff><ff><ff><ff><ff><ff><ff><ff><ff><ff><ff><ff><ff><ff><ff><ff><ff><ff><ff><ff><ff><ff><ff><ff><ff><ff><ff><ff><ff><fe><ff><ff><ff><ff><ff><ff><ff><ff><ff><ff><ff><ff><ff><ff><ff><ff><ff><ff><ff><ff><ff><ff><ff><ff><ff><ff><ff><ff><ff><ff><ff><ff><ff><ff>u;
      |                                                                                                                                                                                                                                                                                                                                            ^~~~
/home/user42/directed-compiler-fuzzing-code/scripts/8-crash-testing/input/segment_17/5a70429fcc226f4212e735478d80590d960d51b4.c:25:99: error: stray â€˜\377â€™ in program
   25 |   void **w = <ff><ff><ff><ff><ff><ff><ff><ff><ff><ff><ff><ff><ff><ff><ff><ff>__unix<ff><ff><ff><ff><ff><ff><ff><ff><ff><ff><ff><ff><ff><ff><ff><ff><ff><ff><ff><ff><ff><ff><ff><ff><ff><ff><ff><ff><ff><ff><ff><ff><ff><ff><fe><ff><ff><ff><ff><ff><ff><ff><ff><ff><ff><ff><ff><ff><ff><ff><ff><ff><ff><ff><ff><ff><ff><ff><ff><ff><ff><ff><ff><ff><ff><ff><ff><ff><ff>u;
      |                                                                                                                                                                                                                                                                                                                                                ^~~~
/home/user42/directed-compiler-fuzzing-code/scripts/8-crash-testing/input/segment_17/5a70429fcc226f4212e735478d80590d960d51b4.c:25:100: error: stray â€˜\377â€™ in program
   25 |   void **w = <ff><ff><ff><ff><ff><ff><ff><ff><ff><ff><ff><ff><ff><ff><ff><ff>__unix<ff><ff><ff><ff><ff><ff><ff><ff><ff><ff><ff><ff><ff><ff><ff><ff><ff><ff><ff><ff><ff><ff><ff><ff><ff><ff><ff><ff><ff><ff><ff><ff><ff><ff><fe><ff><ff><ff><ff><ff><ff><ff><ff><ff><ff><ff><ff><ff><ff><ff><ff><ff><ff><ff><ff><ff><ff><ff><ff><ff><ff><ff><ff><ff><ff><ff><ff><ff><ff>u;
      |                                                                                                                                                                                                                                                                                                                                                    ^~~~
/home/user42/directed-compiler-fuzzing-code/scripts/8-crash-testing/input/segment_17/5a70429fcc226f4212e735478d80590d960d51b4.c:25:101: error: stray â€˜\377â€™ in program
   25 |   void **w = <ff><ff><ff><ff><ff><ff><ff><ff><ff><ff><ff><ff><ff><ff><ff><ff>__unix<ff><ff><ff><ff><ff><ff><ff><ff><ff><ff><ff><ff><ff><ff><ff><ff><ff><ff><ff><ff><ff><ff><ff><ff><ff><ff><ff><ff><ff><ff><ff><ff><ff><ff><fe><ff><ff><ff><ff><ff><ff><ff><ff><ff><ff><ff><ff><ff><ff><ff><ff><ff><ff><ff><ff><ff><ff><ff><ff><ff><ff><ff><ff><ff><ff><ff><ff><ff><ff>u;
      |                                                                                                                                                                                                                                                                                                                                                        ^~~~
/home/user42/directed-compiler-fuzzing-code/scripts/8-crash-testing/input/segment_17/5a70429fcc226f4212e735478d80590d960d51b4.c:25:102: error: stray â€˜\377â€™ in program
   25 |   void **w = <ff><ff><ff><ff><ff><ff><ff><ff><ff><ff><ff><ff><ff><ff><ff><ff>__unix<ff><ff><ff><ff><ff><ff><ff><ff><ff><ff><ff><ff><ff><ff><ff><ff><ff><ff><ff><ff><ff><ff><ff><ff><ff><ff><ff><ff><ff><ff><ff><ff><ff><ff><fe><ff><ff><ff><ff><ff><ff><ff><ff><ff><ff><ff><ff><ff><ff><ff><ff><ff><ff><ff><ff><ff><ff><ff><ff><ff><ff><ff><ff><ff><ff><ff><ff><ff><ff>u;
      |                                                                                                                                                                                                                                                                                                                                                            ^~~~
/home/user42/directed-compiler-fuzzing-code/scripts/8-crash-testing/input/segment_17/5a70429fcc226f4212e735478d80590d960d51b4.c:25:103: error: stray â€˜\377â€™ in program
   25 |   void **w = <ff><ff><ff><ff><ff><ff><ff><ff><ff><ff><ff><ff><ff><ff><ff><ff>__unix<ff><ff><ff><ff><ff><ff><ff><ff><ff><ff><ff><ff><ff><ff><ff><ff><ff><ff><ff><ff><ff><ff><ff><ff><ff><ff><ff><ff><ff><ff><ff><ff><ff><ff><fe><ff><ff><ff><ff><ff><ff><ff><ff><ff><ff><ff><ff><ff><ff><ff><ff><ff><ff><ff><ff><ff><ff><ff><ff><ff><ff><ff><ff><ff><ff><ff><ff><ff><ff>u;
      |                                                                                                                                                                                                                                                                                                                                                                ^~~~
/home/user42/directed-compiler-fuzzing-code/scripts/8-crash-testing/input/segment_17/5a70429fcc226f4212e735478d80590d960d51b4.c:25:104: error: stray â€˜\377â€™ in program
   25 |   void **w = <ff><ff><ff><ff><ff><ff><ff><ff><ff><ff><ff><ff><ff><ff><ff><ff>__unix<ff><ff><ff><ff><ff><ff><ff><ff><ff><ff><ff><ff><ff><ff><ff><ff><ff><ff><ff><ff><ff><ff><ff><ff><ff><ff><ff><ff><ff><ff><ff><ff><ff><ff><fe><ff><ff><ff><ff><ff><ff><ff><ff><ff><ff><ff><ff><ff><ff><ff><ff><ff><ff><ff><ff><ff><ff><ff><ff><ff><ff><ff><ff><ff><ff><ff><ff><ff><ff>u;
      |                                                                                                                                                                                                                                                                                                                                                                    ^~~~
/home/user42/directed-compiler-fuzzing-code/scripts/8-crash-testing/input/segment_17/5a70429fcc226f4212e735478d80590d960d51b4.c:25:30: warning: initialization of â€˜void **â€™ from â€˜intâ€™ makes pointer from integer without a cast [-Wint-conversion]
   25 |   void **w = ÿÿÿÿÿÿÿÿÿÿÿÿÿÿÿÿ__unixÿÿÿÿÿÿÿÿÿÿÿÿÿÿÿÿÿÿÿÿÿÿÿÿÿÿÿÿÿÿÿÿÿÿþÿÿÿÿÿÿÿÿÿÿÿÿÿÿÿÿÿÿÿÿÿÿÿÿÿÿÿÿÿÿÿÿÿÿu;
      |                              ^~~~~~
/home/user42/directed-compiler-fuzzing-code/scripts/8-crash-testing/input/segment_17/5a70429fcc226f4212e735478d80590d960d51b4.c:25:105: error: expected â€˜,â€™ or â€˜;â€™ before â€˜uâ€™
   25 |   void **w = ÿÿÿÿÿÿÿÿÿÿÿÿÿÿÿÿ__unixÿÿÿÿÿÿÿÿÿÿÿÿÿÿÿÿÿÿÿÿÿÿÿÿÿÿÿÿÿÿÿÿÿÿþÿÿÿÿÿÿÿÿÿÿÿÿÿÿÿÿÿÿÿÿÿÿÿÿÿÿÿÿÿÿÿÿÿÿu;
      |                                                                                                         ^
/home/user42/directed-compiler-fuzzing-code/scripts/8-crash-testing/input/segment_17/5a70429fcc226f4212e735478d80590d960d51b4.c:26:15: error: expected identifier or â€˜(â€™ before â€˜=â€™ token
   26 |   int *s = v, = 32)
      |               ^
/home/user42/directed-compiler-fuzzing-code/scripts/8-crash-testing/input/segment_17/5a70429fcc226f4212e735478d80590d960d51b4.c:28:7: error: â€˜nâ€™ undeclared (first use in this function)
   28 |   if (n != 0)
      |       ^
/home/user42/directed-compiler-fuzzing-code/scripts/8-crash-testing/input/segment_17/5a70429fcc226f4212e735478d80590d960d51b4.c:28:7: note: each undeclared identifier is reported only once for each function it appears in
/home/user42/directed-compiler-fuzzing-code/scripts/8-crash-testing/input/segment_17/5a70429fcc226f4212e735478d80590d960d51b4.c:31:12: warning: comparison between pointer and integer
   31 |   while (u != 32)
      |            ^~
/home/user42/directed-compiler-fuzzing-code/scripts/8-crash-testing/input/segment_17/5a70429fcc226f4212e735478d80590d960d51b4.c:34:9: warning: assignment to â€˜void **â€™ from â€˜intâ€™ makes pointer from integer without a cast [-Wint-conversion]
   34 |       u = 32;
      |         ^
/home/user42/directed-compiler-fuzzing-code/scripts/8-crash-testing/input/segment_17/5a70429fcc226f4212e735478d80590d960d51b4.c:35:7: error: â€˜iâ€™ undeclared (first use in this function)
   35 |       i = 1;
      |       ^
/home/user42/directed-compiler-fuzzing-code/scripts/8-crash-testing/input/segment_17/5a70429fcc226f4212e735478d80590d960d51b4.c:36:3: error: â€˜xâ€™ undeclared (first use in this function)
   36 |   x, y, z;
      |   ^
/home/user42/directed-compiler-fuzzing-code/scripts/8-crash-testing/input/segment_17/5a70429fcc226f4212e735478d80590d960d51b4.c:36:6: error: â€˜yâ€™ undeclared (first use in this function)
   36 |   x, y, z;
      |      ^
/home/user42/directed-compiler-fuzzing-code/scripts/8-crash-testing/input/segment_17/5a70429fcc226f4212e735478d80590d960d51b4.c:36:9: error: â€˜zâ€™ undeclared (first use in this function)
   36 |   x, y, z;
      |         ^
/home/user42/directed-compiler-fuzzing-code/scripts/8-crash-testing/input/segment_17/5a70429fcc226f4212e735478d80590d960d51b4.c:41:5: error: â€˜retâ€™ undeclared (first use in this function)
   41 |     ret/* corpus/960312-1.c */
      |     ^~~
/home/user42/directed-compiler-fuzzing-code/scripts/8-crash-testing/input/segment_17/5a70429fcc226f4212e735478d80590d960d51b4.c:41:8: error: expected â€˜;â€™ before â€˜structâ€™
   41 |     ret/* corpus/960312-1.c */
      |        ^
      |        ;
   42 | struct S
      | ~~~~~~  
/home/user42/directed-compiler-fuzzing-code/scripts/8-crash-testing/input/segment_17/5a70429fcc226f4212e735478d80590d960d51b4.c:64:56: error: stray â€˜\377â€™ in program
   64 | int z = __builtin_choose_expr%%%%%%%%%%% (!__builtin_co<ff><ff><ff><ff><ff><ff><ff><ff><ff><ff><ff><ff><ff><ff><ff><ff><ff><ff><ff><ff><ff><ff><ff><ff><ff><ff><ff><ff><ff><ff><ff><ff><ff><ff><ff><ff><ff><ff><ff><ff><ff><ff><ff><ff><ff><ff><ff><ff><ff><ff><ff><ff><ff><ff><ff><ff><ff><ff><ff><ff>nstant_p (y), 3, 4);
      |                                                        ^~~~
/home/user42/directed-compiler-fuzzing-code/scripts/8-crash-testing/input/segment_17/5a70429fcc226f4212e735478d80590d960d51b4.c:64:57: error: stray â€˜\377â€™ in program
   64 | int z = __builtin_choose_expr%%%%%%%%%%% (!__builtin_co<ff><ff><ff><ff><ff><ff><ff><ff><ff><ff><ff><ff><ff><ff><ff><ff><ff><ff><ff><ff><ff><ff><ff><ff><ff><ff><ff><ff><ff><ff><ff><ff><ff><ff><ff><ff><ff><ff><ff><ff><ff><ff><ff><ff><ff><ff><ff><ff><ff><ff><ff><ff><ff><ff><ff><ff><ff><ff><ff><ff>nstant_p (y), 3, 4);
      |                                                            ^~~~
/home/user42/directed-compiler-fuzzing-code/scripts/8-crash-testing/input/segment_17/5a70429fcc226f4212e735478d80590d960d51b4.c:64:58: error: stray â€˜\377â€™ in program
   64 | int z = __builtin_choose_expr%%%%%%%%%%% (!__builtin_co<ff><ff><ff><ff><ff><ff><ff><ff><ff><ff><ff><ff><ff><ff><ff><ff><ff><ff><ff><ff><ff><ff><ff><ff><ff><ff><ff><ff><ff><ff><ff><ff><ff><ff><ff><ff><ff><ff><ff><ff><ff><ff><ff><ff><ff><ff><ff><ff><ff><ff><ff><ff><ff><ff><ff><ff><ff><ff><ff><ff>nstant_p (y), 3, 4);
      |                                                                ^~~~
/home/user42/directed-compiler-fuzzing-code/scripts/8-crash-testing/input/segment_17/5a70429fcc226f4212e735478d80590d960d51b4.c:64:59: error: stray â€˜\377â€™ in program
   64 | int z = __builtin_choose_expr%%%%%%%%%%% (!__builtin_co<ff><ff><ff><ff><ff><ff><ff><ff><ff><ff><ff><ff><ff><ff><ff><ff><ff><ff><ff><ff><ff><ff><ff><ff><ff><ff><ff><ff><ff><ff><ff><ff><ff><ff><ff><ff><ff><ff><ff><ff><ff><ff><ff><ff><ff><ff><ff><ff><ff><ff><ff><ff><ff><ff><ff><ff><ff><ff><ff><ff>nstant_p (y), 3, 4);
      |                                                                    ^~~~
/home/user42/directed-compiler-fuzzing-code/scripts/8-crash-testing/input/segment_17/5a70429fcc226f4212e735478d80590d960d51b4.c:64:60: error: stray â€˜\377â€™ in program
   64 | int z = __builtin_choose_expr%%%%%%%%%%% (!__builtin_co<ff><ff><ff><ff><ff><ff><ff><ff><ff><ff><ff><ff><ff><ff><ff><ff><ff><ff><ff><ff><ff><ff><ff><ff><ff><ff><ff><ff><ff><ff><ff><ff><ff><ff><ff><ff><ff><ff><ff><ff><ff><ff><ff><ff><ff><ff><ff><ff><ff><ff><ff><ff><ff><ff><ff><ff><ff><ff><ff><ff>nstant_p (y), 3, 4);
      |                                                                        ^~~~
/home/user42/directed-compiler-fuzzing-code/scripts/8-crash-testing/input/segment_17/5a70429fcc226f4212e735478d80590d960d51b4.c:64:61: error: stray â€˜\377â€™ in program
   64 | int z = __builtin_choose_expr%%%%%%%%%%% (!__builtin_co<ff><ff><ff><ff><ff><ff><ff><ff><ff><ff><ff><ff><ff><ff><ff><ff><ff><ff><ff><ff><ff><ff><ff><ff><ff><ff><ff><ff><ff><ff><ff><ff><ff><ff><ff><ff><ff><ff><ff><ff><ff><ff><ff><ff><ff><ff><ff><ff><ff><ff><ff><ff><ff><ff><ff><ff><ff><ff><ff><ff>nstant_p (y), 3, 4);
      |                                                                            ^~~~
/home/user42/directed-compiler-fuzzing-code/scripts/8-crash-testing/input/segment_17/5a70429fcc226f4212e735478d80590d960d51b4.c:64:62: error: stray â€˜\377â€™ in program
   64 | int z = __builtin_choose_expr%%%%%%%%%%% (!__builtin_co<ff><ff><ff><ff><ff><ff><ff><ff><ff><ff><ff><ff><ff><ff><ff><ff><ff><ff><ff><ff><ff><ff><ff><ff><ff><ff><ff><ff><ff><ff><ff><ff><ff><ff><ff><ff><ff><ff><ff><ff><ff><ff><ff><ff><ff><ff><ff><ff><ff><ff><ff><ff><ff><ff><ff><ff><ff><ff><ff><ff>nstant_p (y), 3, 4);
      |                                                                                ^~~~
/home/user42/directed-compiler-fuzzing-code/scripts/8-crash-testing/input/segment_17/5a70429fcc226f4212e735478d80590d960d51b4.c:64:63: error: stray â€˜\377â€™ in program
   64 | int z = __builtin_choose_expr%%%%%%%%%%% (!__builtin_co<ff><ff><ff><ff><ff><ff><ff><ff><ff><ff><ff><ff><ff><ff><ff><ff><ff><ff><ff><ff><ff><ff><ff><ff><ff><ff><ff><ff><ff><ff><ff><ff><ff><ff><ff><ff><ff><ff><ff><ff><ff><ff><ff><ff><ff><ff><ff><ff><ff><ff><ff><ff><ff><ff><ff><ff><ff><ff><ff><ff>nstant_p (y), 3, 4);
      |                                                                                    ^~~~
/home/user42/directed-compiler-fuzzing-code/scripts/8-crash-testing/input/segment_17/5a70429fcc226f4212e735478d80590d960d51b4.c:64:64: error: stray â€˜\377â€™ in program
   64 | int z = __builtin_choose_expr%%%%%%%%%%% (!__builtin_co<ff><ff><ff><ff><ff><ff><ff><ff><ff><ff><ff><ff><ff><ff><ff><ff><ff><ff><ff><ff><ff><ff><ff><ff><ff><ff><ff><ff><ff><ff><ff><ff><ff><ff><ff><ff><ff><ff><ff><ff><ff><ff><ff><ff><ff><ff><ff><ff><ff><ff><ff><ff><ff><ff><ff><ff><ff><ff><ff><ff>nstant_p (y), 3, 4);
      |                                                                                        ^~~~
/home/user42/directed-compiler-fuzzing-code/scripts/8-crash-testing/input/segment_17/5a70429fcc226f4212e735478d80590d960d51b4.c:64:65: error: stray â€˜\377â€™ in program
   64 | int z = __builtin_choose_expr%%%%%%%%%%% (!__builtin_co<ff><ff><ff><ff><ff><ff><ff><ff><ff><ff><ff><ff><ff><ff><ff><ff><ff><ff><ff><ff><ff><ff><ff><ff><ff><ff><ff><ff><ff><ff><ff><ff><ff><ff><ff><ff><ff><ff><ff><ff><ff><ff><ff><ff><ff><ff><ff><ff><ff><ff><ff><ff><ff><ff><ff><ff><ff><ff><ff><ff>nstant_p (y), 3, 4);
      |                                                                                            ^~~~
/home/user42/directed-compiler-fuzzing-code/scripts/8-crash-testing/input/segment_17/5a70429fcc226f4212e735478d80590d960d51b4.c:64:66: error: stray â€˜\377â€™ in program
   64 | int z = __builtin_choose_expr%%%%%%%%%%% (!__builtin_co<ff><ff><ff><ff><ff><ff><ff><ff><ff><ff><ff><ff><ff><ff><ff><ff><ff><ff><ff><ff><ff><ff><ff><ff><ff><ff><ff><ff><ff><ff><ff><ff><ff><ff><ff><ff><ff><ff><ff><ff><ff><ff><ff><ff><ff><ff><ff><ff><ff><ff><ff><ff><ff><ff><ff><ff><ff><ff><ff><ff>nstant_p (y), 3, 4);
      |                                                                                                ^~~~
/home/user42/directed-compiler-fuzzing-code/scripts/8-crash-testing/input/segment_17/5a70429fcc226f4212e735478d80590d960d51b4.c:64:67: error: stray â€˜\377â€™ in program
   64 | int z = __builtin_choose_expr%%%%%%%%%%% (!__builtin_co<ff><ff><ff><ff><ff><ff><ff><ff><ff><ff><ff><ff><ff><ff><ff><ff><ff><ff><ff><ff><ff><ff><ff><ff><ff><ff><ff><ff><ff><ff><ff><ff><ff><ff><ff><ff><ff><ff><ff><ff><ff><ff><ff><ff><ff><ff><ff><ff><ff><ff><ff><ff><ff><ff><ff><ff><ff><ff><ff><ff>nstant_p (y), 3, 4);
      |                                                                                                    ^~~~
/home/user42/directed-compiler-fuzzing-code/scripts/8-crash-testing/input/segment_17/5a70429fcc226f4212e735478d80590d960d51b4.c:64:68: error: stray â€˜\377â€™ in program
   64 | int z = __builtin_choose_expr%%%%%%%%%%% (!__builtin_co<ff><ff><ff><ff><ff><ff><ff><ff><ff><ff><ff><ff><ff><ff><ff><ff><ff><ff><ff><ff><ff><ff><ff><ff><ff><ff><ff><ff><ff><ff><ff><ff><ff><ff><ff><ff><ff><ff><ff><ff><ff><ff><ff><ff><ff><ff><ff><ff><ff><ff><ff><ff><ff><ff><ff><ff><ff><ff><ff><ff>nstant_p (y), 3, 4);
      |                                                                                                        ^~~~
/home/user42/directed-compiler-fuzzing-code/scripts/8-crash-testing/input/segment_17/5a70429fcc226f4212e735478d80590d960d51b4.c:64:69: error: stray â€˜\377â€™ in program
   64 | int z = __builtin_choose_expr%%%%%%%%%%% (!__builtin_co<ff><ff><ff><ff><ff><ff><ff><ff><ff><ff><ff><ff><ff><ff><ff><ff><ff><ff><ff><ff><ff><ff><ff><ff><ff><ff><ff><ff><ff><ff><ff><ff><ff><ff><ff><ff><ff><ff><ff><ff><ff><ff><ff><ff><ff><ff><ff><ff><ff><ff><ff><ff><ff><ff><ff><ff><ff><ff><ff><ff>nstant_p (y), 3, 4);
      |                                                                                                            ^~~~
/home/user42/directed-compiler-fuzzing-code/scripts/8-crash-testing/input/segment_17/5a70429fcc226f4212e735478d80590d960d51b4.c:64:70: error: stray â€˜\377â€™ in program
   64 | int z = __builtin_choose_expr%%%%%%%%%%% (!__builtin_co<ff><ff><ff><ff><ff><ff><ff><ff><ff><ff><ff><ff><ff><ff><ff><ff><ff><ff><ff><ff><ff><ff><ff><ff><ff><ff><ff><ff><ff><ff><ff><ff><ff><ff><ff><ff><ff><ff><ff><ff><ff><ff><ff><ff><ff><ff><ff><ff><ff><ff><ff><ff><ff><ff><ff><ff><ff><ff><ff><ff>nstant_p (y), 3, 4);
      |                                                                                                                ^~~~
/home/user42/directed-compiler-fuzzing-code/scripts/8-crash-testing/input/segment_17/5a70429fcc226f4212e735478d80590d960d51b4.c:64:71: error: stray â€˜\377â€™ in program
   64 | int z = __builtin_choose_expr%%%%%%%%%%% (!__builtin_co<ff><ff><ff><ff><ff><ff><ff><ff><ff><ff><ff><ff><ff><ff><ff><ff><ff><ff><ff><ff><ff><ff><ff><ff><ff><ff><ff><ff><ff><ff><ff><ff><ff><ff><ff><ff><ff><ff><ff><ff><ff><ff><ff><ff><ff><ff><ff><ff><ff><ff><ff><ff><ff><ff><ff><ff><ff><ff><ff><ff>nstant_p (y), 3, 4);
      |                                                                                                                    ^~~~
/home/user42/directed-compiler-fuzzing-code/scripts/8-crash-testing/input/segment_17/5a70429fcc226f4212e735478d80590d960d51b4.c:64:72: error: stray â€˜\377â€™ in program
   64 | int z = __builtin_choose_expr%%%%%%%%%%% (!__builtin_co<ff><ff><ff><ff><ff><ff><ff><ff><ff><ff><ff><ff><ff><ff><ff><ff><ff><ff><ff><ff><ff><ff><ff><ff><ff><ff><ff><ff><ff><ff><ff><ff><ff><ff><ff><ff><ff><ff><ff><ff><ff><ff><ff><ff><ff><ff><ff><ff><ff><ff><ff><ff><ff><ff><ff><ff><ff><ff><ff><ff>nstant_p (y), 3, 4);
      |                                                                                                                        ^~~~
/home/user42/directed-compiler-fuzzing-code/scripts/8-crash-testing/input/segment_17/5a70429fcc226f4212e735478d80590d960d51b4.c:64:73: error: stray â€˜\377â€™ in program
   64 | int z = __builtin_choose_expr%%%%%%%%%%% (!__builtin_co<ff><ff><ff><ff><ff><ff><ff><ff><ff><ff><ff><ff><ff><ff><ff><ff><ff><ff><ff><ff><ff><ff><ff><ff><ff><ff><ff><ff><ff><ff><ff><ff><ff><ff><ff><ff><ff><ff><ff><ff><ff><ff><ff><ff><ff><ff><ff><ff><ff><ff><ff><ff><ff><ff><ff><ff><ff><ff><ff><ff>nstant_p (y), 3, 4);
      |                                                                                                                            ^~~~
/home/user42/directed-compiler-fuzzing-code/scripts/8-crash-testing/input/segment_17/5a70429fcc226f4212e735478d80590d960d51b4.c:64:74: error: stray â€˜\377â€™ in program
   64 | int z = __builtin_choose_expr%%%%%%%%%%% (!__builtin_co<ff><ff><ff><ff><ff><ff><ff><ff><ff><ff><ff><ff><ff><ff><ff><ff><ff><ff><ff><ff><ff><ff><ff><ff><ff><ff><ff><ff><ff><ff><ff><ff><ff><ff><ff><ff><ff><ff><ff><ff><ff><ff><ff><ff><ff><ff><ff><ff><ff><ff><ff><ff><ff><ff><ff><ff><ff><ff><ff><ff>nstant_p (y), 3, 4);
      |                                                                                                                                ^~~~
/home/user42/directed-compiler-fuzzing-code/scripts/8-crash-testing/input/segment_17/5a70429fcc226f4212e735478d80590d960d51b4.c:64:75: error: stray â€˜\377â€™ in program
   64 | int z = __builtin_choose_expr%%%%%%%%%%% (!__builtin_co<ff><ff><ff><ff><ff><ff><ff><ff><ff><ff><ff><ff><ff><ff><ff><ff><ff><ff><ff><ff><ff><ff><ff><ff><ff><ff><ff><ff><ff><ff><ff><ff><ff><ff><ff><ff><ff><ff><ff><ff><ff><ff><ff><ff><ff><ff><ff><ff><ff><ff><ff><ff><ff><ff><ff><ff><ff><ff><ff><ff>nstant_p (y), 3, 4);
      |                                                                                                                                    ^~~~
/home/user42/directed-compiler-fuzzing-code/scripts/8-crash-testing/input/segment_17/5a70429fcc226f4212e735478d80590d960d51b4.c:64:76: error: stray â€˜\377â€™ in program
   64 | int z = __builtin_choose_expr%%%%%%%%%%% (!__builtin_co<ff><ff><ff><ff><ff><ff><ff><ff><ff><ff><ff><ff><ff><ff><ff><ff><ff><ff><ff><ff><ff><ff><ff><ff><ff><ff><ff><ff><ff><ff><ff><ff><ff><ff><ff><ff><ff><ff><ff><ff><ff><ff><ff><ff><ff><ff><ff><ff><ff><ff><ff><ff><ff><ff><ff><ff><ff><ff><ff><ff>nstant_p (y), 3, 4);
      |                                                                                                                                        ^~~~
/home/user42/directed-compiler-fuzzing-code/scripts/8-crash-testing/input/segment_17/5a70429fcc226f4212e735478d80590d960d51b4.c:64:77: error: stray â€˜\377â€™ in program
   64 | int z = __builtin_choose_expr%%%%%%%%%%% (!__builtin_co<ff><ff><ff><ff><ff><ff><ff><ff><ff><ff><ff><ff><ff><ff><ff><ff><ff><ff><ff><ff><ff><ff><ff><ff><ff><ff><ff><ff><ff><ff><ff><ff><ff><ff><ff><ff><ff><ff><ff><ff><ff><ff><ff><ff><ff><ff><ff><ff><ff><ff><ff><ff><ff><ff><ff><ff><ff><ff><ff><ff>nstant_p (y), 3, 4);
      |                                                                                                                                            ^~~~
/home/user42/directed-compiler-fuzzing-code/scripts/8-crash-testing/input/segment_17/5a70429fcc226f4212e735478d80590d960d51b4.c:64:78: error: stray â€˜\377â€™ in program
   64 | int z = __builtin_choose_expr%%%%%%%%%%% (!__builtin_co<ff><ff><ff><ff><ff><ff><ff><ff><ff><ff><ff><ff><ff><ff><ff><ff><ff><ff><ff><ff><ff><ff><ff><ff><ff><ff><ff><ff><ff><ff><ff><ff><ff><ff><ff><ff><ff><ff><ff><ff><ff><ff><ff><ff><ff><ff><ff><ff><ff><ff><ff><ff><ff><ff><ff><ff><ff><ff><ff><ff>nstant_p (y), 3, 4);
      |                                                                                                                                                ^~~~
/home/user42/directed-compiler-fuzzing-code/scripts/8-crash-testing/input/segment_17/5a70429fcc226f4212e735478d80590d960d51b4.c:64:79: error: stray â€˜\377â€™ in program
   64 | int z = __builtin_choose_expr%%%%%%%%%%% (!__builtin_co<ff><ff><ff><ff><ff><ff><ff><ff><ff><ff><ff><ff><ff><ff><ff><ff><ff><ff><ff><ff><ff><ff><ff><ff><ff><ff><ff><ff><ff><ff><ff><ff><ff><ff><ff><ff><ff><ff><ff><ff><ff><ff><ff><ff><ff><ff><ff><ff><ff><ff><ff><ff><ff><ff><ff><ff><ff><ff><ff><ff>nstant_p (y), 3, 4);
      |                                                                                                                                                    ^~~~
/home/user42/directed-compiler-fuzzing-code/scripts/8-crash-testing/input/segment_17/5a70429fcc226f4212e735478d80590d960d51b4.c:64:80: error: stray â€˜\377â€™ in program
   64 | int z = __builtin_choose_expr%%%%%%%%%%% (!__builtin_co<ff><ff><ff><ff><ff><ff><ff><ff><ff><ff><ff><ff><ff><ff><ff><ff><ff><ff><ff><ff><ff><ff><ff><ff><ff><ff><ff><ff><ff><ff><ff><ff><ff><ff><ff><ff><ff><ff><ff><ff><ff><ff><ff><ff><ff><ff><ff><ff><ff><ff><ff><ff><ff><ff><ff><ff><ff><ff><ff><ff>nstant_p (y), 3, 4);
      |                                                                                                                                                        ^~~~
/home/user42/directed-compiler-fuzzing-code/scripts/8-crash-testing/input/segment_17/5a70429fcc226f4212e735478d80590d960d51b4.c:64:81: error: stray â€˜\377â€™ in program
   64 | int z = __builtin_choose_expr%%%%%%%%%%% (!__builtin_co<ff><ff><ff><ff><ff><ff><ff><ff><ff><ff><ff><ff><ff><ff><ff><ff><ff><ff><ff><ff><ff><ff><ff><ff><ff><ff><ff><ff><ff><ff><ff><ff><ff><ff><ff><ff><ff><ff><ff><ff><ff><ff><ff><ff><ff><ff><ff><ff><ff><ff><ff><ff><ff><ff><ff><ff><ff><ff><ff><ff>nstant_p (y), 3, 4);
      |                                                                                                                                                            ^~~~
/home/user42/directed-compiler-fuzzing-code/scripts/8-crash-testing/input/segment_17/5a70429fcc226f4212e735478d80590d960d51b4.c:64:82: error: stray â€˜\377â€™ in program
   64 | int z = __builtin_choose_expr%%%%%%%%%%% (!__builtin_co<ff><ff><ff><ff><ff><ff><ff><ff><ff><ff><ff><ff><ff><ff><ff><ff><ff><ff><ff><ff><ff><ff><ff><ff><ff><ff><ff><ff><ff><ff><ff><ff><ff><ff><ff><ff><ff><ff><ff><ff><ff><ff><ff><ff><ff><ff><ff><ff><ff><ff><ff><ff><ff><ff><ff><ff><ff><ff><ff><ff>nstant_p (y), 3, 4);
      |                                                                                                                                                                ^~~~
/home/user42/directed-compiler-fuzzing-code/scripts/8-crash-testing/input/segment_17/5a70429fcc226f4212e735478d80590d960d51b4.c:64:83: error: stray â€˜\377â€™ in program
   64 | int z = __builtin_choose_expr%%%%%%%%%%% (!__builtin_co<ff><ff><ff><ff><ff><ff><ff><ff><ff><ff><ff><ff><ff><ff><ff><ff><ff><ff><ff><ff><ff><ff><ff><ff><ff><ff><ff><ff><ff><ff><ff><ff><ff><ff><ff><ff><ff><ff><ff><ff><ff><ff><ff><ff><ff><ff><ff><ff><ff><ff><ff><ff><ff><ff><ff><ff><ff><ff><ff><ff>nstant_p (y), 3, 4);
      |                                                                                                                                                                    ^~~~
/home/user42/directed-compiler-fuzzing-code/scripts/8-crash-testing/input/segment_17/5a70429fcc226f4212e735478d80590d960d51b4.c:64:84: error: stray â€˜\377â€™ in program
   64 | int z = __builtin_choose_expr%%%%%%%%%%% (!__builtin_co<ff><ff><ff><ff><ff><ff><ff><ff><ff><ff><ff><ff><ff><ff><ff><ff><ff><ff><ff><ff><ff><ff><ff><ff><ff><ff><ff><ff><ff><ff><ff><ff><ff><ff><ff><ff><ff><ff><ff><ff><ff><ff><ff><ff><ff><ff><ff><ff><ff><ff><ff><ff><ff><ff><ff><ff><ff><ff><ff><ff>nstant_p (y), 3, 4);
      |                                                                                                                                                                        ^~~~
/home/user42/directed-compiler-fuzzing-code/scripts/8-crash-testing/input/segment_17/5a70429fcc226f4212e735478d80590d960d51b4.c:64:85: error: stray â€˜\377â€™ in program
   64 | int z = __builtin_choose_expr%%%%%%%%%%% (!__builtin_co<ff><ff><ff><ff><ff><ff><ff><ff><ff><ff><ff><ff><ff><ff><ff><ff><ff><ff><ff><ff><ff><ff><ff><ff><ff><ff><ff><ff><ff><ff><ff><ff><ff><ff><ff><ff><ff><ff><ff><ff><ff><ff><ff><ff><ff><ff><ff><ff><ff><ff><ff><ff><ff><ff><ff><ff><ff><ff><ff><ff>nstant_p (y), 3, 4);
      |                                                                                                                                                                            ^~~~
/home/user42/directed-compiler-fuzzing-code/scripts/8-crash-testing/input/segment_17/5a70429fcc226f4212e735478d80590d960d51b4.c:64:86: error: stray â€˜\377â€™ in program
   64 | int z = __builtin_choose_expr%%%%%%%%%%% (!__builtin_co<ff><ff><ff><ff><ff><ff><ff><ff><ff><ff><ff><ff><ff><ff><ff><ff><ff><ff><ff><ff><ff><ff><ff><ff><ff><ff><ff><ff><ff><ff><ff><ff><ff><ff><ff><ff><ff><ff><ff><ff><ff><ff><ff><ff><ff><ff><ff><ff><ff><ff><ff><ff><ff><ff><ff><ff><ff><ff><ff><ff>nstant_p (y), 3, 4);
      |                                                                                                                                                                                ^~~~
/home/user42/directed-compiler-fuzzing-code/scripts/8-crash-testing/input/segment_17/5a70429fcc226f4212e735478d80590d960d51b4.c:64:87: error: stray â€˜\377â€™ in program
   64 | int z = __builtin_choose_expr%%%%%%%%%%% (!__builtin_co<ff><ff><ff><ff><ff><ff><ff><ff><ff><ff><ff><ff><ff><ff><ff><ff><ff><ff><ff><ff><ff><ff><ff><ff><ff><ff><ff><ff><ff><ff><ff><ff><ff><ff><ff><ff><ff><ff><ff><ff><ff><ff><ff><ff><ff><ff><ff><ff><ff><ff><ff><ff><ff><ff><ff><ff><ff><ff><ff><ff>nstant_p (y), 3, 4);
      |                                                                                                                                                                                    ^~~~
/home/user42/directed-compiler-fuzzing-code/scripts/8-crash-testing/input/segment_17/5a70429fcc226f4212e735478d80590d960d51b4.c:64:88: error: stray â€˜\377â€™ in program
   64 | int z = __builtin_choose_expr%%%%%%%%%%% (!__builtin_co<ff><ff><ff><ff><ff><ff><ff><ff><ff><ff><ff><ff><ff><ff><ff><ff><ff><ff><ff><ff><ff><ff><ff><ff><ff><ff><ff><ff><ff><ff><ff><ff><ff><ff><ff><ff><ff><ff><ff><ff><ff><ff><ff><ff><ff><ff><ff><ff><ff><ff><ff><ff><ff><ff><ff><ff><ff><ff><ff><ff>nstant_p (y), 3, 4);
      |                                                                                                                                                                                        ^~~~
/home/user42/directed-compiler-fuzzing-code/scripts/8-crash-testing/input/segment_17/5a70429fcc226f4212e735478d80590d960d51b4.c:64:89: error: stray â€˜\377â€™ in program
   64 | int z = __builtin_choose_expr%%%%%%%%%%% (!__builtin_co<ff><ff><ff><ff><ff><ff><ff><ff><ff><ff><ff><ff><ff><ff><ff><ff><ff><ff><ff><ff><ff><ff><ff><ff><ff><ff><ff><ff><ff><ff><ff><ff><ff><ff><ff><ff><ff><ff><ff><ff><ff><ff><ff><ff><ff><ff><ff><ff><ff><ff><ff><ff><ff><ff><ff><ff><ff><ff><ff><ff>nstant_p (y), 3, 4);
      |                                                                                                                                                                                            ^~~~
/home/user42/directed-compiler-fuzzing-code/scripts/8-crash-testing/input/segment_17/5a70429fcc226f4212e735478d80590d960d51b4.c:64:90: error: stray â€˜\377â€™ in program
   64 | int z = __builtin_choose_expr%%%%%%%%%%% (!__builtin_co<ff><ff><ff><ff><ff><ff><ff><ff><ff><ff><ff><ff><ff><ff><ff><ff><ff><ff><ff><ff><ff><ff><ff><ff><ff><ff><ff><ff><ff><ff><ff><ff><ff><ff><ff><ff><ff><ff><ff><ff><ff><ff><ff><ff><ff><ff><ff><ff><ff><ff><ff><ff><ff><ff><ff><ff><ff><ff><ff><ff>nstant_p (y), 3, 4);
      |                                                                                                                                                                                                ^~~~
/home/user42/directed-compiler-fuzzing-code/scripts/8-crash-testing/input/segment_17/5a70429fcc226f4212e735478d80590d960d51b4.c:64:91: error: stray â€˜\377â€™ in program
   64 | int z = __builtin_choose_expr%%%%%%%%%%% (!__builtin_co<ff><ff><ff><ff><ff><ff><ff><ff><ff><ff><ff><ff><ff><ff><ff><ff><ff><ff><ff><ff><ff><ff><ff><ff><ff><ff><ff><ff><ff><ff><ff><ff><ff><ff><ff><ff><ff><ff><ff><ff><ff><ff><ff><ff><ff><ff><ff><ff><ff><ff><ff><ff><ff><ff><ff><ff><ff><ff><ff><ff>nstant_p (y), 3, 4);
      |                                                                                                                                                                                                    ^~~~
/home/user42/directed-compiler-fuzzing-code/scripts/8-crash-testing/input/segment_17/5a70429fcc226f4212e735478d80590d960d51b4.c:64:92: error: stray â€˜\377â€™ in program
   64 | int z = __builtin_choose_expr%%%%%%%%%%% (!__builtin_co<ff><ff><ff><ff><ff><ff><ff><ff><ff><ff><ff><ff><ff><ff><ff><ff><ff><ff><ff><ff><ff><ff><ff><ff><ff><ff><ff><ff><ff><ff><ff><ff><ff><ff><ff><ff><ff><ff><ff><ff><ff><ff><ff><ff><ff><ff><ff><ff><ff><ff><ff><ff><ff><ff><ff><ff><ff><ff><ff><ff>nstant_p (y), 3, 4);
      |                                                                                                                                                                                                        ^~~~
/home/user42/directed-compiler-fuzzing-code/scripts/8-crash-testing/input/segment_17/5a70429fcc226f4212e735478d80590d960d51b4.c:64:93: error: stray â€˜\377â€™ in program
   64 | int z = __builtin_choose_expr%%%%%%%%%%% (!__builtin_co<ff><ff><ff><ff><ff><ff><ff><ff><ff><ff><ff><ff><ff><ff><ff><ff><ff><ff><ff><ff><ff><ff><ff><ff><ff><ff><ff><ff><ff><ff><ff><ff><ff><ff><ff><ff><ff><ff><ff><ff><ff><ff><ff><ff><ff><ff><ff><ff><ff><ff><ff><ff><ff><ff><ff><ff><ff><ff><ff><ff>nstant_p (y), 3, 4);
      |                                                                                                                                                                                                            ^~~~
/home/user42/directed-compiler-fuzzing-code/scripts/8-crash-testing/input/segment_17/5a70429fcc226f4212e735478d80590d960d51b4.c:64:94: error: stray â€˜\377â€™ in program
   64 | int z = __builtin_choose_expr%%%%%%%%%%% (!__builtin_co<ff><ff><ff><ff><ff><ff><ff><ff><ff><ff><ff><ff><ff><ff><ff><ff><ff><ff><ff><ff><ff><ff><ff><ff><ff><ff><ff><ff><ff><ff><ff><ff><ff><ff><ff><ff><ff><ff><ff><ff><ff><ff><ff><ff><ff><ff><ff><ff><ff><ff><ff><ff><ff><ff><ff><ff><ff><ff><ff><ff>nstant_p (y), 3, 4);
      |                                                                                                                                                                                                                ^~~~
/home/user42/directed-compiler-fuzzing-code/scripts/8-crash-testing/input/segment_17/5a70429fcc226f4212e735478d80590d960d51b4.c:64:95: error: stray â€˜\377â€™ in program
   64 | int z = __builtin_choose_expr%%%%%%%%%%% (!__builtin_co<ff><ff><ff><ff><ff><ff><ff><ff><ff><ff><ff><ff><ff><ff><ff><ff><ff><ff><ff><ff><ff><ff><ff><ff><ff><ff><ff><ff><ff><ff><ff><ff><ff><ff><ff><ff><ff><ff><ff><ff><ff><ff><ff><ff><ff><ff><ff><ff><ff><ff><ff><ff><ff><ff><ff><ff><ff><ff><ff><ff>nstant_p (y), 3, 4);
      |                                                                                                                                                                                                                    ^~~~
/home/user42/directed-compiler-fuzzing-code/scripts/8-crash-testing/input/segment_17/5a70429fcc226f4212e735478d80590d960d51b4.c:64:96: error: stray â€˜\377â€™ in program
   64 | int z = __builtin_choose_expr%%%%%%%%%%% (!__builtin_co<ff><ff><ff><ff><ff><ff><ff><ff><ff><ff><ff><ff><ff><ff><ff><ff><ff><ff><ff><ff><ff><ff><ff><ff><ff><ff><ff><ff><ff><ff><ff><ff><ff><ff><ff><ff><ff><ff><ff><ff><ff><ff><ff><ff><ff><ff><ff><ff><ff><ff><ff><ff><ff><ff><ff><ff><ff><ff><ff><ff>nstant_p (y), 3, 4);
      |                                                                                                                                                                                                                        ^~~~
/home/user42/directed-compiler-fuzzing-code/scripts/8-crash-testing/input/segment_17/5a70429fcc226f4212e735478d80590d960d51b4.c:64:97: error: stray â€˜\377â€™ in program
   64 | int z = __builtin_choose_expr%%%%%%%%%%% (!__builtin_co<ff><ff><ff><ff><ff><ff><ff><ff><ff><ff><ff><ff><ff><ff><ff><ff><ff><ff><ff><ff><ff><ff><ff><ff><ff><ff><ff><ff><ff><ff><ff><ff><ff><ff><ff><ff><ff><ff><ff><ff><ff><ff><ff><ff><ff><ff><ff><ff><ff><ff><ff><ff><ff><ff><ff><ff><ff><ff><ff><ff>nstant_p (y), 3, 4);
      |                                                                                                                                                                                                                            ^~~~
/home/user42/directed-compiler-fuzzing-code/scripts/8-crash-testing/input/segment_17/5a70429fcc226f4212e735478d80590d960d51b4.c:64:98: error: stray â€˜\377â€™ in program
   64 | int z = __builtin_choose_expr%%%%%%%%%%% (!__builtin_co<ff><ff><ff><ff><ff><ff><ff><ff><ff><ff><ff><ff><ff><ff><ff><ff><ff><ff><ff><ff><ff><ff><ff><ff><ff><ff><ff><ff><ff><ff><ff><ff><ff><ff><ff><ff><ff><ff><ff><ff><ff><ff><ff><ff><ff><ff><ff><ff><ff><ff><ff><ff><ff><ff><ff><ff><ff><ff><ff><ff>nstant_p (y), 3, 4);
      |                                                                                                                                                                                                                                ^~~~
/home/user42/directed-compiler-fuzzing-code/scripts/8-crash-testing/input/segment_17/5a70429fcc226f4212e735478d80590d960d51b4.c:64:99: error: stray â€˜\377â€™ in program
   64 | int z = __builtin_choose_expr%%%%%%%%%%% (!__builtin_co<ff><ff><ff><ff><ff><ff><ff><ff><ff><ff><ff><ff><ff><ff><ff><ff><ff><ff><ff><ff><ff><ff><ff><ff><ff><ff><ff><ff><ff><ff><ff><ff><ff><ff><ff><ff><ff><ff><ff><ff><ff><ff><ff><ff><ff><ff><ff><ff><ff><ff><ff><ff><ff><ff><ff><ff><ff><ff><ff><ff>nstant_p (y), 3, 4);
      |                                                                                                                                                                                                                                    ^~~~
/home/user42/directed-compiler-fuzzing-code/scripts/8-crash-testing/input/segment_17/5a70429fcc226f4212e735478d80590d960d51b4.c:64:100: error: stray â€˜\377â€™ in program
   64 | int z = __builtin_choose_expr%%%%%%%%%%% (!__builtin_co<ff><ff><ff><ff><ff><ff><ff><ff><ff><ff><ff><ff><ff><ff><ff><ff><ff><ff><ff><ff><ff><ff><ff><ff><ff><ff><ff><ff><ff><ff><ff><ff><ff><ff><ff><ff><ff><ff><ff><ff><ff><ff><ff><ff><ff><ff><ff><ff><ff><ff><ff><ff><ff><ff><ff><ff><ff><ff><ff><ff>nstant_p (y), 3, 4);
      |                                                                                                                                                                                                                                        ^~~~
/home/user42/directed-compiler-fuzzing-code/scripts/8-crash-testing/input/segment_17/5a70429fcc226f4212e735478d80590d960d51b4.c:64:101: error: stray â€˜\377â€™ in program
   64 | int z = __builtin_choose_expr%%%%%%%%%%% (!__builtin_co<ff><ff><ff><ff><ff><ff><ff><ff><ff><ff><ff><ff><ff><ff><ff><ff><ff><ff><ff><ff><ff><ff><ff><ff><ff><ff><ff><ff><ff><ff><ff><ff><ff><ff><ff><ff><ff><ff><ff><ff><ff><ff><ff><ff><ff><ff><ff><ff><ff><ff><ff><ff><ff><ff><ff><ff><ff><ff><ff><ff>nstant_p (y), 3, 4);
      |                                                                                                                                                                                                                                            ^~~~
/home/user42/directed-compiler-fuzzing-code/scripts/8-crash-testing/input/segment_17/5a70429fcc226f4212e735478d80590d960d51b4.c:64:102: error: stray â€˜\377â€™ in program
   64 | int z = __builtin_choose_expr%%%%%%%%%%% (!__builtin_co<ff><ff><ff><ff><ff><ff><ff><ff><ff><ff><ff><ff><ff><ff><ff><ff><ff><ff><ff><ff><ff><ff><ff><ff><ff><ff><ff><ff><ff><ff><ff><ff><ff><ff><ff><ff><ff><ff><ff><ff><ff><ff><ff><ff><ff><ff><ff><ff><ff><ff><ff><ff><ff><ff><ff><ff><ff><ff><ff><ff>nstant_p (y), 3, 4);
      |                                                                                                                                                                                                                                                ^~~~
/home/user42/directed-compiler-fuzzing-code/scripts/8-crash-testing/input/segment_17/5a70429fcc226f4212e735478d80590d960d51b4.c:64:103: error: stray â€˜\377â€™ in program
   64 | int z = __builtin_choose_expr%%%%%%%%%%% (!__builtin_co<ff><ff><ff><ff><ff><ff><ff><ff><ff><ff><ff><ff><ff><ff><ff><ff><ff><ff><ff><ff><ff><ff><ff><ff><ff><ff><ff><ff><ff><ff><ff><ff><ff><ff><ff><ff><ff><ff><ff><ff><ff><ff><ff><ff><ff><ff><ff><ff><ff><ff><ff><ff><ff><ff><ff><ff><ff><ff><ff><ff>nstant_p (y), 3, 4);
      |                                                                                                                                                                                                                                                    ^~~~
/home/user42/directed-compiler-fuzzing-code/scripts/8-crash-testing/input/segment_17/5a70429fcc226f4212e735478d80590d960d51b4.c:64:104: error: stray â€˜\377â€™ in program
   64 | int z = __builtin_choose_expr%%%%%%%%%%% (!__builtin_co<ff><ff><ff><ff><ff><ff><ff><ff><ff><ff><ff><ff><ff><ff><ff><ff><ff><ff><ff><ff><ff><ff><ff><ff><ff><ff><ff><ff><ff><ff><ff><ff><ff><ff><ff><ff><ff><ff><ff><ff><ff><ff><ff><ff><ff><ff><ff><ff><ff><ff><ff><ff><ff><ff><ff><ff><ff><ff><ff><ff>nstant_p (y), 3, 4);
      |                                                                                                                                                                                                                                                        ^~~~
/home/user42/directed-compiler-fuzzing-code/scripts/8-crash-testing/input/segment_17/5a70429fcc226f4212e735478d80590d960d51b4.c:64:105: error: stray â€˜\377â€™ in program
   64 | int z = __builtin_choose_expr%%%%%%%%%%% (!__builtin_co<ff><ff><ff><ff><ff><ff><ff><ff><ff><ff><ff><ff><ff><ff><ff><ff><ff><ff><ff><ff><ff><ff><ff><ff><ff><ff><ff><ff><ff><ff><ff><ff><ff><ff><ff><ff><ff><ff><ff><ff><ff><ff><ff><ff><ff><ff><ff><ff><ff><ff><ff><ff><ff><ff><ff><ff><ff><ff><ff><ff>nstant_p (y), 3, 4);
      |                                                                                                                                                                                                                                                            ^~~~
/home/user42/directed-compiler-fuzzing-code/scripts/8-crash-testing/input/segment_17/5a70429fcc226f4212e735478d80590d960d51b4.c:64:106: error: stray â€˜\377â€™ in program
   64 | int z = __builtin_choose_expr%%%%%%%%%%% (!__builtin_co<ff><ff><ff><ff><ff><ff><ff><ff><ff><ff><ff><ff><ff><ff><ff><ff><ff><ff><ff><ff><ff><ff><ff><ff><ff><ff><ff><ff><ff><ff><ff><ff><ff><ff><ff><ff><ff><ff><ff><ff><ff><ff><ff><ff><ff><ff><ff><ff><ff><ff><ff><ff><ff><ff><ff><ff><ff><ff><ff><ff>nstant_p (y), 3, 4);
      |                                                                                                                                                                                                                                                                ^~~~
/home/user42/directed-compiler-fuzzing-code/scripts/8-crash-testing/input/segment_17/5a70429fcc226f4212e735478d80590d960d51b4.c:64:107: error: stray â€˜\377â€™ in program
   64 | int z = __builtin_choose_expr%%%%%%%%%%% (!__builtin_co<ff><ff><ff><ff><ff><ff><ff><ff><ff><ff><ff><ff><ff><ff><ff><ff><ff><ff><ff><ff><ff><ff><ff><ff><ff><ff><ff><ff><ff><ff><ff><ff><ff><ff><ff><ff><ff><ff><ff><ff><ff><ff><ff><ff><ff><ff><ff><ff><ff><ff><ff><ff><ff><ff><ff><ff><ff><ff><ff><ff>nstant_p (y), 3, 4);
      |                                                                                                                                                                                                                                                                    ^~~~
/home/user42/directed-compiler-fuzzing-code/scripts/8-crash-testing/input/segment_17/5a70429fcc226f4212e735478d80590d960d51b4.c:64:108: error: stray â€˜\377â€™ in program
   64 | int z = __builtin_choose_expr%%%%%%%%%%% (!__builtin_co<ff><ff><ff><ff><ff><ff><ff><ff><ff><ff><ff><ff><ff><ff><ff><ff><ff><ff><ff><ff><ff><ff><ff><ff><ff><ff><ff><ff><ff><ff><ff><ff><ff><ff><ff><ff><ff><ff><ff><ff><ff><ff><ff><ff><ff><ff><ff><ff><ff><ff><ff><ff><ff><ff><ff><ff><ff><ff><ff><ff>nstant_p (y), 3, 4);
      |                                                                                                                                                                                                                                                                        ^~~~
/home/user42/directed-compiler-fuzzing-code/scripts/8-crash-testing/input/segment_17/5a70429fcc226f4212e735478d80590d960d51b4.c:64:109: error: stray â€˜\377â€™ in program
   64 | int z = __builtin_choose_expr%%%%%%%%%%% (!__builtin_co<ff><ff><ff><ff><ff><ff><ff><ff><ff><ff><ff><ff><ff><ff><ff><ff><ff><ff><ff><ff><ff><ff><ff><ff><ff><ff><ff><ff><ff><ff><ff><ff><ff><ff><ff><ff><ff><ff><ff><ff><ff><ff><ff><ff><ff><ff><ff><ff><ff><ff><ff><ff><ff><ff><ff><ff><ff><ff><ff><ff>nstant_p (y), 3, 4);
      |                                                                                                                                                                                                                                                                            ^~~~
/home/user42/directed-compiler-fuzzing-code/scripts/8-crash-testing/input/segment_17/5a70429fcc226f4212e735478d80590d960d51b4.c:64:110: error: stray â€˜\377â€™ in program
   64 | int z = __builtin_choose_expr%%%%%%%%%%% (!__builtin_co<ff><ff><ff><ff><ff><ff><ff><ff><ff><ff><ff><ff><ff><ff><ff><ff><ff><ff><ff><ff><ff><ff><ff><ff><ff><ff><ff><ff><ff><ff><ff><ff><ff><ff><ff><ff><ff><ff><ff><ff><ff><ff><ff><ff><ff><ff><ff><ff><ff><ff><ff><ff><ff><ff><ff><ff><ff><ff><ff><ff>nstant_p (y), 3, 4);
      |                                                                                                                                                                                                                                                                                ^~~~
/home/user42/directed-compiler-fuzzing-code/scripts/8-crash-testing/input/segment_17/5a70429fcc226f4212e735478d80590d960d51b4.c:64:111: error: stray â€˜\377â€™ in program
   64 | int z = __builtin_choose_expr%%%%%%%%%%% (!__builtin_co<ff><ff><ff><ff><ff><ff><ff><ff><ff><ff><ff><ff><ff><ff><ff><ff><ff><ff><ff><ff><ff><ff><ff><ff><ff><ff><ff><ff><ff><ff><ff><ff><ff><ff><ff><ff><ff><ff><ff><ff><ff><ff><ff><ff><ff><ff><ff><ff><ff><ff><ff><ff><ff><ff><ff><ff><ff><ff><ff><ff>nstant_p (y), 3, 4);
      |                                                                                                                                                                                                                                                                                    ^~~~
/home/user42/directed-compiler-fuzzing-code/scripts/8-crash-testing/input/segment_17/5a70429fcc226f4212e735478d80590d960d51b4.c:64:112: error: stray â€˜\377â€™ in program
   64 | int z = __builtin_choose_expr%%%%%%%%%%% (!__builtin_co<ff><ff><ff><ff><ff><ff><ff><ff><ff><ff><ff><ff><ff><ff><ff><ff><ff><ff><ff><ff><ff><ff><ff><ff><ff><ff><ff><ff><ff><ff><ff><ff><ff><ff><ff><ff><ff><ff><ff><ff><ff><ff><ff><ff><ff><ff><ff><ff><ff><ff><ff><ff><ff><ff><ff><ff><ff><ff><ff><ff>nstant_p (y), 3, 4);
      |                                                                                                                                                                                                                                                                                        ^~~~
/home/user42/directed-compiler-fuzzing-code/scripts/8-crash-testing/input/segment_17/5a70429fcc226f4212e735478d80590d960d51b4.c:64:113: error: stray â€˜\377â€™ in program
   64 | int z = __builtin_choose_expr%%%%%%%%%%% (!__builtin_co<ff><ff><ff><ff><ff><ff><ff><ff><ff><ff><ff><ff><ff><ff><ff><ff><ff><ff><ff><ff><ff><ff><ff><ff><ff><ff><ff><ff><ff><ff><ff><ff><ff><ff><ff><ff><ff><ff><ff><ff><ff><ff><ff><ff><ff><ff><ff><ff><ff><ff><ff><ff><ff><ff><ff><ff><ff><ff><ff><ff>nstant_p (y), 3, 4);
      |                                                                                                                                                                                                                                                                                            ^~~~
/home/user42/directed-compiler-fuzzing-code/scripts/8-crash-testing/input/segment_17/5a70429fcc226f4212e735478d80590d960d51b4.c:64:114: error: stray â€˜\377â€™ in program
   64 | int z = __builtin_choose_expr%%%%%%%%%%% (!__builtin_co<ff><ff><ff><ff><ff><ff><ff><ff><ff><ff><ff><ff><ff><ff><ff><ff><ff><ff><ff><ff><ff><ff><ff><ff><ff><ff><ff><ff><ff><ff><ff><ff><ff><ff><ff><ff><ff><ff><ff><ff><ff><ff><ff><ff><ff><ff><ff><ff><ff><ff><ff><ff><ff><ff><ff><ff><ff><ff><ff><ff>nstant_p (y), 3, 4);
      |                                                                                                                                                                                                                                                                                                ^~~~
/home/user42/directed-compiler-fuzzing-code/scripts/8-crash-testing/input/segment_17/5a70429fcc226f4212e735478d80590d960d51b4.c:64:115: error: stray â€˜\377â€™ in program
   64 | int z = __builtin_choose_expr%%%%%%%%%%% (!__builtin_co<ff><ff><ff><ff><ff><ff><ff><ff><ff><ff><ff><ff><ff><ff><ff><ff><ff><ff><ff><ff><ff><ff><ff><ff><ff><ff><ff><ff><ff><ff><ff><ff><ff><ff><ff><ff><ff><ff><ff><ff><ff><ff><ff><ff><ff><ff><ff><ff><ff><ff><ff><ff><ff><ff><ff><ff><ff><ff><ff><ff>nstant_p (y), 3, 4);
      |                                                                                                                                                                                                                                                                                                    ^~~~
/home/user42/directed-compiler-fuzzing-code/scripts/8-crash-testing/input/segment_17/5a70429fcc226f4212e735478d80590d960d51b4.c:84:22: error: stray â€˜\240â€™ in program
   84 |   if ((x.ull35 - 2) <<a0>0)     /* promoted value should be UNsigned */
      |                      ^~~~
/home/user42/directed-compiler-fuzzing-code/scripts/8-crash-testing/input/segment_17/5a70429fcc226f4212e735478d80590d960d51b4.c:86:10: error: stray â€˜\303â€™ in program
   86 |   int a1 <c3><U+07C7><d2><c1><9e><a4><ce>];
      |          ^~~~
/home/user42/directed-compiler-fuzzing-code/scripts/8-crash-testing/input/segment_17/5a70429fcc226f4212e735478d80590d960d51b4.c:86:12: error: stray â€˜\322â€™ in program
   86 |   int a1 <c3><U+07C7><d2><c1><9e><a4><ce>];
      |                      ^~~~
/home/user42/directed-compiler-fuzzing-code/scripts/8-crash-testing/input/segment_17/5a70429fcc226f4212e735478d80590d960d51b4.c:86:13: error: stray â€˜\301â€™ in program
   86 |   int a1 <c3><U+07C7><d2><c1><9e><a4><ce>];
      |                          ^~~~
/home/user42/directed-compiler-fuzzing-code/scripts/8-crash-testing/input/segment_17/5a70429fcc226f4212e735478d80590d960d51b4.c:86:14: error: stray â€˜\236â€™ in program
   86 |   int a1 <c3><U+07C7><d2><c1><9e><a4><ce>];
      |                              ^~~~
/home/user42/directed-compiler-fuzzing-code/scripts/8-crash-testing/input/segment_17/5a70429fcc226f4212e735478d80590d960d51b4.c:86:15: error: stray â€˜\244â€™ in program
   86 |   int a1 <c3><U+07C7><d2><c1><9e><a4><ce>];
      |                                  ^~~~
/home/user42/directed-compiler-fuzzing-code/scripts/8-crash-testing/input/segment_17/5a70429fcc226f4212e735478d80590d960d51b4.c:86:16: error: stray â€˜\316â€™ in program
   86 |   int a1 <c3><U+07C7><d2><c1><9e><a4><ce>];
      |                                      ^~~~
/home/user42/directed-compiler-fuzzing-code/scripts/8-crash-testing/input/segment_17/5a70429fcc226f4212e735478d80590d960d51b4.c:133:9: warning: assignment to â€˜void **â€™ from â€˜intâ€™ makes pointer from integer without a cast [-Wint-conversion]
  133 |       u = 32;
      |         ^
/home/user42/directed-compiler-fuzzing-code/scripts/8-crash-testing/input/segment_17/5a70429fcc226f4212e735478d80590d960d51b4.c:136:10: error: redeclaration of â€˜pâ€™ with no linkage
  136 |   void **p, **q;
      |          ^
/home/user42/directed-compiler-fuzzing-code/scripts/8-crash-testing/input/segment_17/5a70429fcc226f4212e735478d80590d960d51b4.c:37:10: note: previous declaration of â€˜pâ€™ with type â€˜void **â€™
   37 |   void **p, **q;
      |          ^
/home/user42/directed-compiler-fuzzing-code/scripts/8-crash-testing/input/segment_17/5a70429fcc226f4212e735478d80590d960d51b4.c:136:15: error: redeclaration of â€˜qâ€™ with no linkage
  136 |   void **p, **q;
      |               ^
/home/user42/directed-compiler-fuzzing-code/scripts/8-crash-testing/input/segment_17/5a70429fcc226f4212e735478d80590d960d51b4.c:37:15: note: previous declaration of â€˜qâ€™ with type â€˜void **â€™
   37 |   void **p, **q;
      |               ^
/home/user42/directed-compiler-fuzzing-code/scripts/8-crash-testing/input/segment_17/5a70429fcc226f4212e735478d80590d960d51b4.c:137:15: error: variable or field â€˜vâ€™ declared void
  137 |   static void v, = 32)
      |               ^
/home/user42/directed-compiler-fuzzing-code/scripts/8-crash-testing/input/segment_17/5a70429fcc226f4212e735478d80590d960d51b4.c:137:18: error: expected identifier or â€˜(â€™ before â€˜=â€™ token
  137 |   static void v, = 32)
      |                  ^
/home/user42/directed-compiler-fuzzing-code/scripts/8-crash-testing/input/segment_17/5a70429fcc226f4212e735478d80590d960d51b4.c:142:12: warning: comparison between pointer and integer
  142 |   while (u != 32)
      |            ^~
/home/user42/directed-compiler-fuzzing-code/scripts/8-crash-testing/input/segment_17/5a70429fcc226f4212e735478d80590d960d51b4.c:145:9: warning: assignment to â€˜void **â€™ from â€˜intâ€™ makes pointer from integer without a cast [-Wint-conversion]
  145 |       u = 32;
      |         ^
/home/user42/directed-compiler-fuzzing-code/scripts/8-crash-testing/input/segment_17/5a70429fcc226f4212e735478d80590d960d51b4.c:149:50: error: expected identifier before numeric constant
  149 |   static void *l[] = { &&lab1, &&lab1, &&lab2, &&1 || s[5] != 12)
      |                                                  ^
/home/user42/directed-compiler-fuzzing-code/scripts/8-crash-testing/input/segment_17/5a70429fcc226f4212e735478d80590d960d51b4.c:149:65: error: expected â€˜,â€™ or â€˜;â€™ before â€˜)â€™ token
  149 |   static void *l[] = { &&lab1, &&lab1, &&lab2, &&1 || s[5] != 12)
      |                                                                 ^
/home/user42/directed-compiler-fuzzing-code/scripts/8-crash-testing/input/segment_17/5a70429fcc226f4212e735478d80590d960d51b4.c:159:9: warning: incompatible implicit declaration of built-in function â€˜abortâ€™ [-Wbuiltin-declaration-mismatch]
  159 |         abort ();
      |         ^~~~~
/home/user42/directed-compiler-fuzzing-code/scripts/8-crash-testing/input/segment_17/5a70429fcc226f4212e735478d80590d960d51b4.c:159:9: note: include â€˜<stdlib.h>â€™ or provide a declaration of â€˜abortâ€™
/home/user42/directed-compiler-fuzzing-code/scripts/8-crash-testing/input/segment_17/5a70429fcc226f4212e735478d80590d960d51b4.c:161:3: error: expected expression before â€˜[â€™ token
  161 |   [lse
      |   ^
/home/user42/directed-compiler-fuzzing-code/scripts/8-crash-testing/input/segment_17/5a70429fcc226f4212e735478d80590d960d51b4.c:161:4: error: â€˜lseâ€™ undeclared (first use in this function)
  161 |   [lse
      |    ^~~
/home/user42/directed-compiler-fuzzing-code/scripts/8-crash-testing/input/segment_17/5a70429fcc226f4212e735478d80590d960d51b4.c:175:10: error: stray â€˜\303â€™ in program
  175 |   int a1 <c3><U+07C7><d2><c1><9e><a4><ce>];
      |          ^~~~
/home/user42/directed-compiler-fuzzing-code/scripts/8-crash-testing/input/segment_17/5a70429fcc226f4212e735478d80590d960d51b4.c:175:12: error: stray â€˜\322â€™ in program
  175 |   int a1 <c3><U+07C7><d2><c1><9e><a4><ce>];
      |                      ^~~~
/home/user42/directed-compiler-fuzzing-code/scripts/8-crash-testing/input/segment_17/5a70429fcc226f4212e735478d80590d960d51b4.c:175:13: error: stray â€˜\301â€™ in program
  175 |   int a1 <c3><U+07C7><d2><c1><9e><a4><ce>];
      |                          ^~~~
/home/user42/directed-compiler-fuzzing-code/scripts/8-crash-testing/input/segment_17/5a70429fcc226f4212e735478d80590d960d51b4.c:175:14: error: stray â€˜\236â€™ in program
  175 |   int a1 <c3><U+07C7><d2><c1><9e><a4><ce>];
      |                              ^~~~
/home/user42/directed-compiler-fuzzing-code/scripts/8-crash-testing/input/segment_17/5a70429fcc226f4212e735478d80590d960d51b4.c:175:15: error: stray â€˜\244â€™ in program
  175 |   int a1 <c3><U+07C7><d2><c1><9e><a4><ce>];
      |                                  ^~~~
/home/user42/directed-compiler-fuzzing-code/scripts/8-crash-testing/input/segment_17/5a70429fcc226f4212e735478d80590d960d51b4.c:175:16: error: stray â€˜\316â€™ in program
  175 |   int a1 <c3><U+07C7><d2><c1><9e><a4><ce>];
      |                                      ^~~~
/home/user42/directed-compiler-fuzzing-code/scripts/8-crash-testing/input/segment_17/5a70429fcc226f4212e735478d80590d960d51b4.c:176:17: error: â€˜t2â€™ undeclared (first use in this function)
  176 |   asm("": :"r" (t2), "r" (t3));
      |                 ^~
/home/user42/directed-compiler-fuzzing-code/scripts/8-crash-testing/input/segment_17/5a70429fcc226f4212e735478d80590d960d51b4.c:176:27: error: â€˜t3â€™ undeclared (first use in this function)
  176 |   asm("": :"r" (t2), "r" (t3));
      |                           ^~
/home/user42/directed-compiler-fuzzing-code/scripts/8-crash-testing/input/segment_17/5a70429fcc226f4212e735478d80590d960d51b4.c:177:3: error: â€˜tâ€™ undeclared (first use in this function)
  177 |   t[2] = t1;
      |   ^
/home/user42/directed-compiler-fuzzing-code/scripts/8-crash-testing/input/segment_17/5a70429fcc226f4212e735478d80590d960d51b4.c:177:10: error: â€˜t1â€™ undeclared (first use in this function)
  177 |   t[2] = t1;
      |          ^~
/home/user42/directed-compiler-fuzzing-code/scripts/8-crash-testing/input/segment_17/5a70429fcc226f4212e735478d80590d960d51b4.c:178:10: error: â€˜a1â€™ undeclared (first use in this function)
  178 |   t[0] = a1;
      |          ^~
/home/user42/directed-compiler-fuzzing-code/scripts/8-crash-testing/input/segment_17/5a70429fcc226f4212e735478d80590d960d51b4.c:179:13: error: â€˜a0â€™ undeclared (first use in this function)
  179 |   x->a[1] = a0;
      |             ^~
/home/user42/directed-compiler-fuzzing-code/scripts/8-crash-testing/input/segment_17/5a70429fcc226f4212e735478d80590d960d51b4.c:185:1: warning: implicit declaration of function â€˜mainâ€™ [-Wimplicit-function-declaration]
  185 | main ()
      | ^~~~
/home/user42/directed-compiler-fuzzing-code/scripts/8-crash-testing/input/segment_17/5a70429fcc226f4212e735478d80590d960d51b4.c:185:8: error: expected â€˜;â€™ before â€˜{â€™ token
  185 | main ()
      |        ^
      |        ;
  186 | {
      | ~       
/home/user42/directed-compiler-fuzzing-code/scripts/8-crash-testing/input/segment_17/5a70429fcc226f4212e735478d80590d960d51b4.c:203:3: error: â€˜qâ€™ undeclared (first use in this function)
  203 |   q = *w++;
      |   ^
/home/user42/directed-compiler-fuzzing-code/scripts/8-crash-testing/input/segment_17/5a70429fcc226f4212e735478d80590d960d51b4.c:206:3: error: â€˜pâ€™ undeclared (first use in this function)
  206 |   p = q;
      |   ^
/home/user42/directed-compiler-fuzzing-code/scripts/8-crash-testing/input/segment_17/5a70429fcc226f4212e735478d80590d960d51b4.c:213:11: error: â€˜struct Sâ€™ has no member named â€˜n1â€™
  213 |   s[3] = r.n1;
      |           ^
/home/user42/directed-compiler-fuzzing-code/scripts/8-crash-testing/input/segment_17/5a70429fcc226f4212e735478d80590d960d51b4.c:214:11: error: â€˜struct Sâ€™ has no member named â€˜n2â€™
  214 |   s[2] = r.n2;
      |           ^
/home/user42/directed-compiler-fuzzing-code/scripts/8-crash-testing/input/segment_17/5a70429fcc226f4212e735478d80590d960d51b4.c:215:11: error: â€˜struct Sâ€™ has no member named â€˜n3â€™
  215 |   s[1] = r.n3;
      |           ^
/home/user42/directed-compiler-fuzzing-code/scripts/8-crash-testing/input/segment_17/5a70429fcc226f4212e735478d80590d960d51b4.c:216:11: error: â€˜struct Sâ€™ has no member named â€˜n4â€™
  216 |   s[0] = r.n4;
      |           ^
/home/user42/directed-compiler-fuzzing-code/scripts/8-crash-testing/input/segment_17/5a70429fcc226f4212e735478d80590d960d51b4.c:221:4: error: expected â€˜;â€™ before string constant
  221 |   s"" : : "g" (u));
      |    ^~
      |    ;
/home/user42/directed-compiler-fuzzing-code/scripts/8-crash-testing/input/segment_17/5a70429fcc226f4212e735478d80590d960d51b4.c:221:18: error: expected statement before â€˜)â€™ token
  221 |   s"" : : "g" (u));
      |                  ^
/home/user42/directed-compiler-fuzzing-code/scripts/8-crash-testing/input/segment_17/5a70429fcc226f4212e735478d80590d960d51b4.c:222:9: warning: assignment to â€˜void **â€™ from â€˜intâ€™ makes pointer from integer without a cast [-Wint-conversion]
  222 |       u = 32;
      |         ^
/home/user42/directed-compiler-fuzzing-code/scripts/8-crash-testing/input/segment_17/5a70429fcc226f4212e735478d80590d960d51b4.c:226:15: error: variable or field â€˜vâ€™ declared void
  226 |   static void v, = 32)
      |               ^
/home/user42/directed-compiler-fuzzing-code/scripts/8-crash-testing/input/segment_17/5a70429fcc226f4212e735478d80590d960d51b4.c:226:15: error: â€˜vâ€™ redeclared as different kind of symbol
/home/user42/directed-compiler-fuzzing-code/scripts/8-crash-testing/input/segment_17/5a70429fcc226f4212e735478d80590d960d51b4.c:23:21: note: previous definition of â€˜vâ€™ with type â€˜int *â€™
   23 | bar (void **u, int *v)
      |                ~~~~~^
/home/user42/directed-compiler-fuzzing-code/scripts/8-crash-testing/input/segment_17/5a70429fcc226f4212e735478d80590d960d51b4.c:226:18: error: expected identifier or â€˜(â€™ before â€˜=â€™ token
  226 |   static void v, = 32)
      |                  ^
/home/user42/directed-compiler-fuzzing-code/scripts/8-crash-testing/input/segment_17/5a70429fcc226f4212e735478d80590d960d51b4.c:231:12: warning: comparison between pointer and integer
  231 |   while (u != 32)
      |            ^~
/home/user42/directed-compiler-fuzzing-code/scripts/8-crash-testing/input/segment_17/5a70429fcc226f4212e735478d80590d960d51b4.c:234:9: warning: assignment to â€˜void **â€™ from â€˜intâ€™ makes pointer from integer without a cast [-Wint-conversion]
  234 |       u = 32;
      |         ^
/home/user42/directed-compiler-fuzzing-code/scripts/8-crash-testing/input/segment_17/5a70429fcc226f4212e735478d80590d960d51b4.c:238:50: error: expected identifier before numeric constant
  238 |   static void *l[] = { &&lab1, &&lab1, &&lab2, &&1 || s[5] != 12)
      |                                                  ^
/home/user42/directed-compiler-fuzzing-code/scripts/8-crash-testing/input/segment_17/5a70429fcc226f4212e735478d80590d960d51b4.c:238:65: error: expected â€˜,â€™ or â€˜;â€™ before â€˜)â€™ token
  238 |   static void *l[] = { &&lab1, &&lab1, &&lab2, &&1 || s[5] != 12)
      |                                                                 ^
/home/user42/directed-compiler-fuzzing-code/scripts/8-crash-testing/input/segment_17/5a70429fcc226f4212e735478d80590d960d51b4.c:241:1: error: expected declaration or statement at end of input
  241 | }
      | ^
/home/user42/directed-compiler-fuzzing-code/scripts/8-crash-testing/input/segment_17/5a70429fcc226f4212e735478d80590d960d51b4.c:38:3: error: label â€˜lab4â€™ used but not defined
   38 |   static void *l[] = { &&lab1, &&lab1, &&lab2, &&lab3, &&lab4 };
      |   ^~~~~~
/home/user42/directed-compiler-fuzzing-code/scripts/8-crash-testing/input/segment_17/5a70429fcc226f4212e735478d80590d960d51b4.c:238:3: error: label â€˜lab1â€™ used but not defined
  238 |   static void *l[] = { &&lab1, &&lab1, &&lab2, &&1 || s[5] != 12)
      |   ^~~~~~
/home/user42/directed-compiler-fuzzing-code/scripts/8-crash-testing/input/segment_17/5a70429fcc226f4212e735478d80590d960d51b4.c:26:8: internal compiler error: tree check: expected class â€˜typeâ€™, have â€˜exceptionalâ€™ (error_mark) in useless_type_conversion_p, at gimple-expr.cc:87
   26 |   int *s = v, = 32)
      |        ^
0x7e4445 tree_class_check_failed(tree_node const*, tree_code_class, char const*, int, char const*)
	.././../gcc-source/gcc/tree.cc:8738
0x7114ec tree_class_check(tree_node*, tree_code_class, char const*, int, char const*)
	.././../gcc-source/gcc/tree.h:3573
0x7114ec useless_type_conversion_p(tree_node*, tree_node*)
	.././../gcc-source/gcc/gimple-expr.cc:87
0xc3ba21 gimplify_modify_expr
	.././../gcc-source/gcc/gimplify.cc:5993
0xc2b126 gimplify_expr(tree_node**, gimple**, gimple**, bool (*)(tree_node*), int)
	.././../gcc-source/gcc/gimplify.cc:15056
0xc2e7f6 gimplify_stmt(tree_node**, gimple**)
	.././../gcc-source/gcc/gimplify.cc:7111
0xc3931a gimplify_and_add(tree_node*, gimple**)
	.././../gcc-source/gcc/gimplify.cc:496
0xc3931a gimplify_decl_expr
	.././../gcc-source/gcc/gimplify.cc:1936
0xc2b1a2 gimplify_expr(tree_node**, gimple**, gimple**, bool (*)(tree_node*), int)
	.././../gcc-source/gcc/gimplify.cc:15253
0xc2e7f6 gimplify_stmt(tree_node**, gimple**)
	.././../gcc-source/gcc/gimplify.cc:7111
0xc2b8eb gimplify_statement_list
	.././../gcc-source/gcc/gimplify.cc:2019
0xc2b8eb gimplify_expr(tree_node**, gimple**, gimple**, bool (*)(tree_node*), int)
	.././../gcc-source/gcc/gimplify.cc:15501
0xc2e7f6 gimplify_stmt(tree_node**, gimple**)
	.././../gcc-source/gcc/gimplify.cc:7111
0xc2efb4 gimplify_bind_expr
	.././../gcc-source/gcc/gimplify.cc:1428
0xc2b891 gimplify_expr(tree_node**, gimple**, gimple**, bool (*)(tree_node*), int)
	.././../gcc-source/gcc/gimplify.cc:15257
0xc3d02f gimplify_stmt(tree_node**, gimple**)
	.././../gcc-source/gcc/gimplify.cc:7111
0xc3d02f gimplify_body(tree_node*, bool)
	.././../gcc-source/gcc/gimplify.cc:16313
0xc3d47d gimplify_function_tree(tree_node*)
	.././../gcc-source/gcc/gimplify.cc:16467
0xa691f7 cgraph_node::analyze()
	.././../gcc-source/gcc/cgraphunit.cc:675
0xa6be47 analyze_functions
	.././../gcc-source/gcc/cgraphunit.cc:1240
Please submit a full bug report, with preprocessed source (by using -freport-bug).
Please include the complete backtrace with any bug report.
See <https://gcc.gnu.org/bugs/> for instructions.
