/home/user42/directed-compiler-fuzzing-code/scripts/8-crash-testing/input/segment_6/bb2b011fd28cfd9f9b76f9da38c5363a7ada8a80.c:2:3: error: stray â€˜\26â€™ in program
    2 | ex<U+0016>ern void abort (void);
      |   ^~~~~~~~
/home/user42/directed-compiler-fuzzing-code/scripts/8-crash-testing/input/segment_6/bb2b011fd28cfd9f9b76f9da38c5363a7ada8a80.c:2:1: error: unknown type name â€˜exâ€™
    2 | exern void abort (void);
      | ^~
/home/user42/directed-compiler-fuzzing-code/scripts/8-crash-testing/input/segment_6/bb2b011fd28cfd9f9b76f9da38c5363a7ada8a80.c:2:7: error: expected â€˜;â€™ before â€˜voidâ€™
    2 | exern void abort (void);
      |       ^~~~~
      |       ;
/home/user42/directed-compiler-fuzzing-code/scripts/8-crash-testing/input/segment_6/bb2b011fd28cfd9f9b76f9da38c5363a7ada8a80.c:8:4: error: stray â€˜\27â€™ in program
    8 | int<U+0017>__attribute__ ((noinline))
      |    ^~~~~~~~
/home/user42/directed-compiler-fuzzing-code/scripts/8-crash-testing/input/segment_6/bb2b011fd28cfd9f9b76f9da38c5363a7ada8a80.c: In function â€˜mainâ€™:
/home/user42/directed-compiler-fuzzing-code/scripts/8-crash-testing/input/segment_6/bb2b011fd28cfd9f9b76f9da38c5363a7ada8a80.c:18:57: error: â€˜tâ€™ undeclared (first use in this function)
   18 |  {    exit + (0.10278e-9 + (0.47965e-12 + 0.21285e-14 * t) * t) * t) * t) * t) * tdddddddddddddddddddddddddddddddddddddddddddddddddddddddddddddddddddddddddddddddddddddddddddddddddddddddd;
      |                                                         ^
/home/user42/directed-compiler-fuzzing-code/scripts/8-crash-testing/input/segment_6/bb2b011fd28cfd9f9b76f9da38c5363a7ada8a80.c:18:57: note: each undeclared identifier is reported only once for each function it appears in
/home/user42/directed-compiler-fuzzing-code/scripts/8-crash-testing/input/segment_6/bb2b011fd28cfd9f9b76f9da38c5363a7ada8a80.c:18:68: error: expected â€˜;â€™ before â€˜)â€™ token
   18 |  {    exit + (0.10278e-9 + (0.47965e-12 + 0.21285e-14 * t) * t) * t) * t) * t) * tdddddddddddddddddddddddddddddddddddddddddddddddddddddddddddddddddddddddddddddddddddddddddddddddddddddddd;
      |                                                                    ^
      |                                                                    ;
/home/user42/directed-compiler-fuzzing-code/scripts/8-crash-testing/input/segment_6/bb2b011fd28cfd9f9b76f9da38c5363a7ada8a80.c:18:68: error: expected statement before â€˜)â€™ token
/home/user42/directed-compiler-fuzzing-code/scripts/8-crash-testing/input/segment_6/bb2b011fd28cfd9f9b76f9da38c5363a7ada8a80.c:18:73: error: expected â€˜;â€™ before â€˜)â€™ token
   18 |  {    exit + (0.10278e-9 + (0.47965e-12 + 0.21285e-14 * t) * t) * t) * t) * t) * tdddddddddddddddddddddddddddddddddddddddddddddddddddddddddddddddddddddddddddddddddddddddddddddddddddddddd;
      |                                                                         ^
      |                                                                         ;
/home/user42/directed-compiler-fuzzing-code/scripts/8-crash-testing/input/segment_6/bb2b011fd28cfd9f9b76f9da38c5363a7ada8a80.c:18:73: error: expected statement before â€˜)â€™ token
/home/user42/directed-compiler-fuzzing-code/scripts/8-crash-testing/input/segment_6/bb2b011fd28cfd9f9b76f9da38c5363a7ada8a80.c:18:78: error: expected â€˜;â€™ before â€˜)â€™ token
   18 |  {    exit + (0.10278e-9 + (0.47965e-12 + 0.21285e-14 * t) * t) * t) * t) * t) * tdddddddddddddddddddddddddddddddddddddddddddddddddddddddddddddddddddddddddddddddddddddddddddddddddddddddd;
      |                                                                              ^
      |                                                                              ;
/home/user42/directed-compiler-fuzzing-code/scripts/8-crash-testing/input/segment_6/bb2b011fd28cfd9f9b76f9da38c5363a7ada8a80.c:18:78: error: expected statement before â€˜)â€™ token
/home/user42/directed-compiler-fuzzing-code/scripts/8-crash-testing/input/segment_6/bb2b011fd28cfd9f9b76f9da38c5363a7ada8a80.c:18:82: error: â€˜tddddddddddddddddddddddddddddddddddddddddddddddddddddddddddddddddddddddddddddddddddddddddddddddddddddddddâ€™ undeclared (first use in this function)
   18 |  {    exit + (0.10278e-9 + (0.47965e-12 + 0.21285e-14 * t) * t) * t) * t) * t) * tdddddddddddddddddddddddddddddddddddddddddddddddddddddddddddddddddddddddddddddddddddddddddddddddddddddddd;
      |                                                                                  ^~~~~~~~~~~~~~~~~~~~~~~~~~~~~~~~~~~~~~~~~~~~~~~~~~~~~~~~~~~~~~~~~~~~~~~~~~~~~~~~~~~~~~~~~~~~~~~~~~~~~~~~~
/home/user42/directed-compiler-fuzzing-code/scripts/8-crash-testing/input/segment_6/bb2b011fd28cfd9f9b76f9da38c5363a7ada8a80.c:19:5: error: case label not within a switch statement
   19 |     case 6:
      |     ^~~~
/home/user42/directed-compiler-fuzzing-code/scripts/8-crash-testing/input/segment_6/bb2b011fd28cfd9f9b76f9da38c5363a7ada8a80.c:20:15: error: â€˜xâ€™ undeclared (first use in this function)
   20 |       t = 2 * x - 12;
      |               ^
/home/user42/directed-compiler-fuzzing-code/scripts/8-crash-testing/input/segment_6/bb2b011fd28cfd9f9b76f9da38c5363a7ada8a80.c:22:5: error: case label not within a switch statement
   22 |     case 7:
      |     ^~~~
/home/user42/directed-compiler-fuzzing-code/scripts/8-crash-testing/input/segment_6/bb2b011fd28cfd9f9b76f9da38c5363a7ada8a80.c:25:5: error: case label not within a switch statement
   25 |     case 8:
      |     ^~~~
/home/user42/directed-compiler-fuzzing-code/scripts/8-crash-testing/input/segment_6/bb2b011fd28cfd9f9b76f9da38c5363a7ada8a80.c:28:5: error: case label not within a switch statement
   28 |     case 9:
      |     ^~~~
/home/user42/directed-compiler-fuzzing-code/scripts/8-crash-testing/input/segment_6/bb2b011fd28cfd9f9b76f9da38c5363a7ada8a80.c:31:5: error: case label not within a switch statement
   31 |     case 10:
      |     ^~~~
/home/user42/directed-compiler-fuzzing-code/scripts/8-crash-testing/input/segment_6/bb2b011fd28cfd9f9b76f9da38c5363a7ada8a80.c:34:5: error: case label not within a switch statement
   34 |     case 11:
      |     ^~~~
/home/user42/directed-compiler-fuzzing-code/scripts/8-crash-testing/input/segment_6/bb2b011fd28cfd9f9b76f9da38c5363a7ada8a80.c:37:5: error: case label not within a switch statement
   37 |     case 12:
      |     ^~~~
/home/user42/directed-compiler-fuzzing-code/scripts/8-crash-testing/input/segment_6/bb2b011fd28cfd9f9b76f9da38c5363a7ada8a80.c: In function â€˜mainâ€™:
/home/user42/directed-compiler-fuzzing-code/scripts/8-crash-testing/input/segment_6/bb2b011fd28cfd9f9b76f9da38c5363a7ada8a80.c:71:3: error: â€˜râ€™ undeclared (first use in this function)
   71 |   r
      |   ^
/home/user42/directed-compiler-fuzzing-code/scripts/8-crash-testing/input/segment_6/bb2b011fd28cfd9f9b76f9da38c5363a7ada8a80.c:71:4: error: expected â€˜;â€™ before â€˜returnâ€™
   71 |   r
      |    ^
      |    ;
   72 |       return 0.20136e-1 + (0.91936e-3 + (0.51ÿ34e-5 + (0.27900e-7 + (0.14357e-9 + (0.70114e-12 + 0.32252e-14 * t) * t) * t) * t) * t) * t;
      |       ~~~~~~
/home/user42/directed-compiler-fuzzing-code/scripts/8-crash-testing/input/segment_6/bb2b011fd28cfd9f9b76f9da38c5363a7ada8a80.c:72:46: error: stray â€˜\377â€™ in program
   72 |       return 0.20136e-1 + (0.91936e-3 + (0.51<ff>34e-5 + (0.27900e-7 + (0.14357e-9 + (0.70114e-12 + 0.32252e-14 * t) * t) * t) * t) * t) * t;
      |                                              ^~~~
/home/user42/directed-compiler-fuzzing-code/scripts/8-crash-testing/input/segment_6/bb2b011fd28cfd9f9b76f9da38c5363a7ada8a80.c:73:5: error: case label not within a switch statement
   73 |     case 13:
      |     ^~~~
/home/user42/directed-compiler-fuzzing-code/scripts/8-crash-testing/input/segment_6/bb2b011fd28cfd9f9b76f9da38c5363a7ada8a80.c:76:5: error: case label not within a switch statement
   76 |     case 14:
      |     ^~~~
/home/user42/directed-compiler-fuzzing-code/scripts/8-crash-testing/input/segment_6/bb2b011fd28cfd9f9b76f9da38c5363a7ada8a80.c:79:5: error: case label not within a switch statement
   79 |     case 15:
      |     ^~~~
/home/user42/directed-compiler-fuzzing-code/scripts/8-crash-testing/input/segment_6/bb2b011fd28cfd9f9b76f9da38c5363a7ada8a80.c:81:4: error: expected expression before â€˜|â€™ token
   81 |    |   return 0.25845e-1 + (0.98459e-3 + (0.57082e-5 + (0.31613e-7 + (0.16646e-9 + (0.82840e-12 + 0.38649e-14 * t) * t) * t) * t) * t) * t;
      |    ^
/home/user42/directed-compiler-fuzzing-code/scripts/8-crash-testing/input/segment_6/bb2b011fd28cfd9f9b76f9da38c5363a7ada8a80.c:82:5: error: case label not within a switch statement
   82 |     case 16:
      |     ^~~~
/home/user42/directed-compiler-fuzzing-code/scripts/8-crash-testing/input/segment_6/bb2b011fd28cfd9f9b76f9da38c5363a7ada8a80.c:85:5: error: case label not within a switch statement
   85 |     case 17:
      |     ^~~~
/home/user42/directed-compiler-fuzzing-code/scripts/8-crash-testing/input/segment_6/bb2b011fd28cfd9f9b76f9da38c5363a7ada8a80.c:88:5: error: case label not within a switch statement
   88 |     case 18:
      |     ^~~~
/home/user42/directed-compiler-fuzzing-code/scripts/8-crash-testing/input/segment_6/bb2b011fd28cfd9f9b76f9da38c5363a7ada8a80.c:91:5: error: case label not within a switch statement
   91 |     case 19:
      |     ^~~~
/home/user42/directed-compiler-fuzzing-code/scripts/8-crash-testing/input/segment_6/bb2b011fd28cfd9f9b76f9da38c5363a7ada8a80.c:94:33: error: expected â€˜:â€™ or â€˜...â€™ before â€˜)â€™ token
   94 |     case 20-10 + 0.10901e-12 * t) * t) * t) * t) * t) * t;
      |                                 ^
/home/user42/directed-compiler-fuzzing-code/scripts/8-crash-testing/input/segment_6/bb2b011fd28cfd9f9b76f9da38c5363a7ada8a80.c:94:33: error: expected statement before â€˜)â€™ token
/home/user42/directed-compiler-fuzzing-code/scripts/8-crash-testing/input/segment_6/bb2b011fd28cfd9f9b76f9da38c5363a7ada8a80.c:94:38: error: expected â€˜;â€™ before â€˜)â€™ token
   94 |     case 20-10 + 0.10901e-12 * t) * t) * t) * t) * t) * t;
      |                                      ^
      |                                      ;
/home/user42/directed-compiler-fuzzing-code/scripts/8-crash-testing/input/segment_6/bb2b011fd28cfd9f9b76f9da38c5363a7ada8a80.c:94:38: error: expected statement before â€˜)â€™ token
/home/user42/directed-compiler-fuzzing-code/scripts/8-crash-testing/input/segment_6/bb2b011fd28cfd9f9b76f9da38c5363a7ada8a80.c:94:43: error: expected â€˜;â€™ before â€˜)â€™ token
   94 |     case 20-10 + 0.10901e-12 * t) * t) * t) * t) * t) * t;
      |                                           ^
      |                                           ;
/home/user42/directed-compiler-fuzzing-code/scripts/8-crash-testing/input/segment_6/bb2b011fd28cfd9f9b76f9da38c5363a7ada8a80.c:94:43: error: expected statement before â€˜)â€™ token
/home/user42/directed-compiler-fuzzing-code/scripts/8-crash-testing/input/segment_6/bb2b011fd28cfd9f9b76f9da38c5363a7ada8a80.c:94:48: error: expected â€˜;â€™ before â€˜)â€™ token
   94 |     case 20-10 + 0.10901e-12 * t) * t) * t) * t) * t) * t;
      |                                                ^
      |                                                ;
/home/user42/directed-compiler-fuzzing-code/scripts/8-crash-testing/input/segment_6/bb2b011fd28cfd9f9b76f9da38c5363a7ada8a80.c:94:48: error: expected statement before â€˜)â€™ token
/home/user42/directed-compiler-fuzzing-code/scripts/8-crash-testing/input/segment_6/bb2b011fd28cfd9f9b76f9da38c5363a7ada8a80.c:94:53: error: expected â€˜;â€™ before â€˜)â€™ token
   94 |     case 20-10 + 0.10901e-12 * t) * t) * t) * t) * t) * t;
      |                                                     ^
      |                                                     ;
/home/user42/directed-compiler-fuzzing-code/scripts/8-crash-testing/input/segment_6/bb2b011fd28cfd9f9b76f9da38c5363a7ada8a80.c:94:53: error: expected statement before â€˜)â€™ token
/home/user42/directed-compiler-fuzzing-code/scripts/8-crash-testing/input/segment_6/bb2b011fd28cfd9f9b76f9da38c5363a7ada8a80.c:95:5: error: case label not within a switch statement
   95 |     case 75:
      |     ^~~~
/home/user42/directed-compiler-fuzzing-code/scripts/8-crash-testing/input/segment_6/bb2b011fd28cfd9f9b76f9da38c5363a7ada8a80.c:97:121: error: â€˜eturnâ€™ undeclared (first use in this function)
   97 |       return 0.35803e0 + (0.69787e-2 + (0.76710e-4 + (0.67306e-6 + (0.47397e-8 + (0.26505e-10 + 0.11376e-12 * t) * t) * eturn 0;t) * t) * t) * t;
      |                                                                                                                         ^~~~~
/home/user42/directed-compiler-fuzzing-code/scripts/8-crash-testing/input/segment_6/bb2b011fd28cfd9f9b76f9da38c5363a7ada8a80.c:97:126: error: expected â€˜)â€™ before numeric constant
   97 |       return 0.35803e0 + (0.69787e-2 + (0.76710e-4 + (0.67306e-6 + (0.47397e-8 + (0.26505e-10 + 0.11376e-12 * t) * t) * eturn 0;t) * t) * t) * t;
      |                                                      ~                                                                       ^~
      |                                                                                                                              )
/home/user42/directed-compiler-fuzzing-code/scripts/8-crash-testing/input/segment_6/bb2b011fd28cfd9f9b76f9da38c5363a7ada8a80.c:98:5: error: case label not within a switch statement
   98 |     case 76:
      |     ^~~~
/home/user42/directed-compiler-fuzzing-code/scripts/8-crash-testing/input/segment_6/bb2b011fd28cfd9f9b76f9da38c5363a7ada8a80.c:101:5: error: case label not within a switch statement
  101 |     case 77:
      |     ^~~~
/home/user42/directed-compiler-fuzzing-code/scripts/8-crash-testing/input/segment_6/bb2b011fd28cfd9f9b76f9da38c5363a7ada8a80.c:104:5: error: case label not within a switch statement
  104 |     case 78:
      |     ^~~~
/home/user42/directed-compiler-fuzzing-code/scripts/8-crash-testing/input/segment_6/bb2b011fd28cfd9f9b76f9da38c5363a7ada8a80.c:106:2: error: â€˜usâ€™ undeclared (first use in this function); did you mean â€˜uâ€™?
  106 |  us/pr88739.c */
      |  ^~
      |  u
/home/user42/directed-compiler-fuzzing-code/scripts/8-crash-testing/input/segment_6/bb2b011fd28cfd9f9b76f9da38c5363a7ada8a80.c:106:5: error: â€˜pr88739â€™ undeclared (first use in this function)
  106 |  us/pr88739.c */
      |     ^~~~~~~
/home/user42/directed-compiler-fuzzing-code/scripts/8-crash-testing/input/segment_6/bb2b011fd28cfd9f9b76f9da38c5363a7ada8a80.c:106:16: error: expected expression before â€˜/â€™ token
  106 |  us/pr88739.c */
      |                ^
/home/user42/directed-compiler-fuzzing-code/scripts/8-crash-testing/input/segment_6/bb2b011fd28cfd9f9b76f9da38c5363a7ada8a80.c:118:12: error: field â€˜fâ€™ has incomplete type
  118 |   struct A f;
      |            ^
/home/user42/directed-compiler-fuzzing-code/scripts/8-crash-testing/input/segment_6/bb2b011fd28cfd9f9b76f9da38c5363a7ada8a80.c:120:23: error: expected specifier-qualifier-list before â€˜fâ€™
  120 |   unsigned short h[8];f (x != v.h[7]) __builtin_abort (); break;
      |                       ^
/home/user42/directed-compiler-fuzzing-code/scripts/8-crash-testing/input/segment_6/bb2b011fd28cfd9f9b76f9da38c5363a7ada8a80.c:123:1: error: expected identifier or â€˜(â€™ before â€˜}â€™ token
  123 | }
      | ^
/home/user42/directed-compiler-fuzzing-code/scripts/8-crash-testing/input/segment_6/bb2b011fd28cfd9f9b76f9da38c5363a7ada8a80.c: In function â€˜fooâ€™:
/home/user42/directed-compiler-fuzzing-code/scripts/8-crash-testing/input/segment_6/bb2b011fd28cfd9f9b76f9da38c5363a7ada8a80.c:131:3: warning: implicit declaration of function â€˜barâ€™ [-Wimplicit-function-declaration]
  131 |   bar (u.f.d);
      |   ^~~
/home/user42/directed-compiler-fuzzing-code/scripts/8-crash-testing/input/segment_6/bb2b011fd28cfd9f9b76f9da38c5363a7ada8a80.c:135:10: error: invalid suffix "h" on floating constant
  135 |   bar (u[.7h]);
      |          ^~~
/home/user42/directed-compiler-fuzzing-code/scripts/8-crash-testing/input/segment_6/bb2b011fd28cfd9f9b76f9da38c5363a7ada8a80.c: In function â€˜mainâ€™:
/home/user42/directed-compiler-fuzzing-code/scripts/8-crash-testing/input/segment_6/bb2b011fd28cfd9f9b76f9da38c5363a7ada8a80.c:136:2: error: unknown type name â€˜anâ€™
  136 | }an
      |  ^~
/home/user42/directed-compiler-fuzzing-code/scripts/8-crash-testing/input/segment_6/bb2b011fd28cfd9f9b76f9da38c5363a7ada8a80.c:139:1: error: expected â€˜=â€™, â€˜,â€™, â€˜;â€™, â€˜asmâ€™ or â€˜__attribute__â€™ before â€˜inâ€™
  139 | in ()
      | ^~
/home/user42/directed-compiler-fuzzing-code/scripts/8-crash-testing/input/segment_6/bb2b011fd28cfd9f9b76f9da38c5363a7ada8a80.c:141:8: error: invalid suffix "x00124" on integer constant
  141 |   foo (2x00124);
      |        ^~~~~~~
/home/user42/directed-compiler-fuzzing-code/scripts/8-crash-testing/input/segment_6/bb2b011fd28cfd9f9b76f9da38c5363a7ada8a80.c:144:2: error: invalid preprocessing directive #els0e; did you mean #else?
  144 | #els0e
      |  ^~~~~
      |  else
/home/user42/directed-compiler-fuzzing-code/scripts/8-crash-testing/input/segment_6/bb2b011fd28cfd9f9b76f9da38c5363a7ada8a80.c:145:1: error: â€˜iâ€™ undeclared (first use in this function)
  145 | i     return 0.40282e0 + (0.79762e-2 .(+ 089909e-4 + (0.79687e-6 + (0.55989e-8 + (0.30866e-10 + 0.12868e-12 * t) * t) * t) * t) * t) * t;
      | ^
/home/user42/directed-compiler-fuzzing-code/scripts/8-crash-testing/input/segment_6/bb2b011fd28cfd9f9b76f9da38c5363a7ada8a80.c:145:2: error: expected â€˜;â€™ before â€˜returnâ€™
  145 | i     return 0.40282e0 + (0.79762e-2 .(+ 089909e-4 + (0.79687e-6 + (0.55989e-8 + (0.30866e-10 + 0.12868e-12 * t) * t) * t) * t) * t) * t;
      |  ^    ~~~~~~
      |  ;
/home/user42/directed-compiler-fuzzing-code/scripts/8-crash-testing/input/segment_6/bb2b011fd28cfd9f9b76f9da38c5363a7ada8a80.c:146:5: error: case label not within a switch statement
  146 |     case 79:
      |     ^~~~
/home/user42/directed-compiler-fuzzing-code/scripts/8-crash-testing/input/segment_6/bb2b011fd28cfd9f9b76f9da38c5363a7ada8a80.c:149:5: error: case label not within a switch statement
  149 |     case 80:
      |     ^~~~
/home/user42/directed-compiler-fuzzing-code/scripts/8-crash-testing/input/segment_6/bb2b011fd28cfd9f9b76f9da38c5363a7ada8a80.c:152:5: error: case label not within a switch statement
  152 |     case 81:
      |     ^~~~
/home/user42/directed-compiler-fuzzing-code/scripts/8-crash-testing/input/segment_6/bb2b011fd28cfd9f9b76f9da38c5363a7ada8a80.c:155:5: error: case label not within a switch statement
  155 |     case 82:
      |     ^~~~
/home/user42/directed-compiler-fuzzing-code/scripts/8-crash-testing/input/segment_6/bb2b011fd28cfd9f9b76f9da38c5363a7ada8a80.c:158:5: error: case label not within a switch statement
  158 |     case 83:
      |     ^~~~
/home/user42/directed-compiler-fuzzing-code/scripts/8-crash-testing/input/segment_6/bb2b011fd28cfd9f9b76f9da38c5363a7ada8a80.c:161:5: error: case label not within a switch statement
  161 |     case 84:
      |     ^~~~
/home/user42/directed-compiler-fuzzing-code/scripts/8-crash-testing/input/segment_6/bb2b011fd28cfd9f9b76f9da38c5363a7ada8a80.c:163:74: error: expected â€˜)â€™ before â€˜}â€™ token
  163 |       return 0.51298e0 + (0.10520e-1 + (0.12400e-3 + (0.11147e-5 + (0.775
      |                                                                    ~     ^
      |                                                                          )
  164 | }
      | ~                                                                         
/home/user42/directed-compiler-fuzzing-code/scripts/8-crash-testing/input/segment_6/bb2b011fd28cfd9f9b76f9da38c5363a7ada8a80.c:163:74: error: expected â€˜)â€™ before â€˜}â€™ token
  163 |       return 0.51298e0 + (0.10520e-1 + (0.12400e-3 + (0.11147e-5 + (0.775
      |                                                      ~                   ^
      |                                                                          )
  164 | }
      | ~                                                                         
/home/user42/directed-compiler-fuzzing-code/scripts/8-crash-testing/input/segment_6/bb2b011fd28cfd9f9b76f9da38c5363a7ada8a80.c:163:74: error: expected â€˜)â€™ before â€˜}â€™ token
  163 |       return 0.51298e0 + (0.10520e-1 + (0.12400e-3 + (0.11147e-5 + (0.775
      |                                        ~                                 ^
      |                                                                          )
  164 | }
      | ~                                                                         
/home/user42/directed-compiler-fuzzing-code/scripts/8-crash-testing/input/segment_6/bb2b011fd28cfd9f9b76f9da38c5363a7ada8a80.c:163:74: error: expected â€˜)â€™ before â€˜}â€™ token
  163 |       return 0.51298e0 + (0.10520e-1 + (0.12400e-3 + (0.11147e-5 + (0.775
      |                          ~                                               ^
      |                                                                          )
  164 | }
      | ~                                                                         
/home/user42/directed-compiler-fuzzing-code/scripts/8-crash-testing/input/segment_6/bb2b011fd28cfd9f9b76f9da38c5363a7ada8a80.c:163:74: error: expected â€˜;â€™ before â€˜}â€™ token
  163 |       return 0.51298e0 + (0.10520e-1 + (0.12400e-3 + (0.11147e-5 + (0.775
      |                                                                          ^
      |                                                                          ;
  164 | }
      | ~                                                                         
/home/user42/directed-compiler-fuzzing-code/scripts/8-crash-testing/input/segment_6/bb2b011fd28cfd9f9b76f9da38c5363a7ada8a80.c: In function â€˜mainâ€™:
/home/user42/directed-compiler-fuzzing-code/scripts/8-crash-testing/input/segment_6/bb2b011fd28cfd9f9b76f9da38c5363a7ada8a80.c:185:5: error: case label not within a switch statement
  185 |     case 91:
      |     ^~~~
/home/user42/directed-compiler-fuzzing-code/scripts/8-crash-testing/input/segment_6/bb2b011fd28cfd9f9b76f9da38c5363a7ada8a80.c:188:5: error: case label not within a switch statement
  188 |     case 92:
      |     ^~~~
/home/user42/directed-compiler-fuzzing-code/scripts/8-crash-testing/input/segment_6/bb2b011fd28cfd9f9b76f9da38c5363a7ada8a80.c:191:5: error: case label not within a switch statement
  191 |     case 93:
      |     ^~~~
/home/user42/directed-compiler-fuzzing-code/scripts/8-crash-testing/input/segment_6/bb2b011fd28cfd9f9b76f9da38c5363a7ada8a80.c:194:6: error: expected â€˜)â€™ before â€˜returnâ€™
  194 |     }
      |      ^
      |      )
  195 |   return 1.0;
      |   ~~~~~~
/home/user42/directed-compiler-fuzzing-code/scripts/8-crash-testing/input/segment_6/bb2b011fd28cfd9f9b76f9da38c5363a7ada8a80.c:195:14: error: expected â€˜)â€™ before â€˜}â€™ token
  195 |   return 1.0;
      |              ^
      |              )
  196 | }
      | ~             
/home/user42/directed-compiler-fuzzing-code/scripts/8-crash-testing/input/segment_6/bb2b011fd28cfd9f9b76f9da38c5363a7ada8a80.c:17:6: note: to match this â€˜(â€™
   17 |   if (sizeof (
      |      ^
/home/user42/directed-compiler-fuzzing-code/scripts/8-crash-testing/input/segment_6/bb2b011fd28cfd9f9b76f9da38c5363a7ada8a80.c:196:1: error: expected expression before â€˜}â€™ token
  196 | }
      | ^
/home/user42/directed-compiler-fuzzing-code/scripts/8-crash-testing/input/segment_6/bb2b011fd28cfd9f9b76f9da38c5363a7ada8a80.c: At top level:
/home/user42/directed-compiler-fuzzing-code/scripts/8-crash-testing/input/segment_6/bb2b011fd28cfd9f9b76f9da38c5363a7ada8a80.c:199:1: error: redefinition of â€˜mainâ€™
  199 | main ()
      | ^~~~
/home/user42/directed-compiler-fuzzing-code/scripts/8-crash-testing/input/segment_6/bb2b011fd28cfd9f9b76f9da38c5363a7ada8a80.c:15:1: note: previous definition of â€˜mainâ€™ with type â€˜int()â€™
   15 | main ()
      | ^~~~
/home/user42/directed-compiler-fuzzing-code/scripts/8-crash-testing/input/segment_6/bb2b011fd28cfd9f9b76f9da38c5363a7ada8a80.c: In function â€˜mainâ€™:
/home/user42/directed-compiler-fuzzing-code/scripts/8-crash-testing/input/segment_6/bb2b011fd28cfd9f9b76f9da38c5363a7ada8a80.c:208:14: warning: implicit declaration of function â€˜fooâ€™ [-Wimplicit-function-declaration]
  208 |   double d = foo (78.4);
      |              ^~~
/home/user42/directed-compiler-fuzzing-code/scripts/8-crash-testing/input/segment_6/bb2b011fd28cfd9f9b76f9da38c5363a7ada8a80.c:211:3: warning: implicit declaration of function â€˜râ€™ [-Wimplicit-function-declaration]
  211 |   r(0)}
      |   ^
/home/user42/directed-compiler-fuzzing-code/scripts/8-crash-testing/input/segment_6/bb2b011fd28cfd9f9b76f9da38c5363a7ada8a80.c:211:7: error: expected â€˜;â€™ before â€˜}â€™ token
  211 |   r(0)}
      |       ^
      |       ;
/home/user42/directed-compiler-fuzzing-code/scripts/8-crash-testing/input/segment_6/bb2b011fd28cfd9f9b76f9da38c5363a7ada8a80.c: At top level:
/home/user42/directed-compiler-fuzzing-code/scripts/8-crash-testing/input/segment_6/bb2b011fd28cfd9f9b76f9da38c5363a7ada8a80.c:212:1: warning: data definition has no type or storage class
  212 | a
      | ^
/home/user42/directed-compiler-fuzzing-code/scripts/8-crash-testing/input/segment_6/bb2b011fd28cfd9f9b76f9da38c5363a7ada8a80.c:212:1: warning: type defaults to â€˜intâ€™ in declaration of â€˜aâ€™ [-Wimplicit-int]
/home/user42/directed-compiler-fuzzing-code/scripts/8-crash-testing/input/segment_6/bb2b011fd28cfd9f9b76f9da38c5363a7ada8a80.c:212:1: error: conflicting types for â€˜aâ€™; have â€˜intâ€™
/home/user42/directed-compiler-fuzzing-code/scripts/8-crash-testing/input/segment_6/bb2b011fd28cfd9f9b76f9da38c5363a7ada8a80.c:5:5: note: previous declaration of â€˜aâ€™ with type â€˜int[6]â€™
    5 | int a[6], c = 1, d;
      |     ^
/home/user42/directed-compiler-fuzzing-code/scripts/8-crash-testing/input/segment_6/bb2b011fd28cfd9f9b76f9da38c5363a7ada8a80.c:213:3: error: expected identifier or â€˜(â€™ before â€˜[â€™ token
  213 | ; [0 ] = 1;
      |   ^
/home/user42/directed-compiler-fuzzing-code/scripts/8-crash-testing/input/segment_6/bb2b011fd28cfd9f9b76f9da38c5363a7ada8a80.c:213:5: error: stray â€˜\6â€™ in program
  213 | ; [0<U+0006><U+0000>] = 1;
      |     ^~~~~~~~
/home/user42/directed-compiler-fuzzing-code/scripts/8-crash-testing/input/segment_6/bb2b011fd28cfd9f9b76f9da38c5363a7ada8a80.c:213:6: warning: null character(s) ignored
  213 | ; [0<U+0006><U+0000>] = 1;
      |             ^~~~~~~~
/home/user42/directed-compiler-fuzzing-code/scripts/8-crash-testing/input/segment_6/bb2b011fd28cfd9f9b76f9da38c5363a7ada8a80.c:214:3: error: expected identifier or â€˜(â€™ before â€˜ifâ€™
  214 |   if (c)
      |   ^~
/home/user42/directed-compiler-fuzzing-code/scripts/8-crash-testing/input/segment_6/bb2b011fd28cfd9f9b76f9da38c5363a7ada8a80.c:216:3: warning: data definition has no type or storage class
  216 |   d = e;
      |   ^
/home/user42/directed-compiler-fuzzing-code/scripts/8-crash-testing/input/segment_6/bb2b011fd28cfd9f9b76f9da38c5363a7ada8a80.c:216:3: warning: type defaults to â€˜intâ€™ in declaration of â€˜dâ€™ [-Wimplicit-int]
/home/user42/directed-compiler-fuzzing-code/scripts/8-crash-testing/input/segment_6/bb2b011fd28cfd9f9b76f9da38c5363a7ada8a80.c:216:7: error: initializer element is not constant
  216 |   d = e;
      |       ^
/home/user42/directed-compiler-fuzzing-code/scripts/8-crash-testing/input/segment_6/bb2b011fd28cfd9f9b76f9da38c5363a7ada8a80.c:217:17: error: initializer element is not constant
  217 |   long long f = e;
      |                 ^
/home/user42/directed-compiler-fuzzing-code/scripts/8-crash-testing/input/segment_6/bb2b011fd28cfd9f9b76f9da38c5363a7ada8a80.c:218:3: error: expected identifier or â€˜(â€™ before â€˜ifâ€™
  218 |   if (fg f = e;
      |   ^~
/home/user42/directed-compiler-fuzzing-code/scripts/8-crash-testing/input/segment_6/bb2b011fd28cfd9f9b76f9da38c5363a7ada8a80.c:219:3: error: expected identifier or â€˜(â€™ before â€˜ifâ€™
  219 |   if (fn1 ((f >> 56) & 1) != 0)
      |   ^~
/home/user42/directed-compiler-fuzzing-code/scripts/8-crash-testing/input/segment_6/bb2b011fd28cfd9f9b76f9da38c5363a7ada8a80.c:221:9: error: expected declaration specifiers or â€˜...â€™ before numeric constant
  221 |   exit (0);
      |         ^
/home/user42/directed-compiler-fuzzing-code/scripts/8-crash-testing/input/segment_6/bb2b011fd28cfd9f9b76f9da38c5363a7ada8a80.c:222:1: error: expected identifier or â€˜(â€™ before â€˜}â€™ token
  222 | }
      | ^
/home/user42/directed-compiler-fuzzing-code/scripts/8-crash-testing/input/segment_6/bb2b011fd28cfd9f9b76f9da38c5363a7ada8a80.c:108: error: unterminated #if
  108 | #if __SIZEOF_SHORT__ == 2 &&  __SIZEOF_INT__ == 4 && __CHAR_BIT__ == 8
      | 
/home/user42/directed-compiler-fuzzing-code/scripts/8-crash-testing/input/segment_6/bb2b011fd28cfd9f9b76f9da38c5363a7ada8a80.c: In function â€˜fn1â€™:
/home/user42/directed-compiler-fuzzing-code/scripts/8-crash-testing/input/segment_6/bb2b011fd28cfd9f9b76f9da38c5363a7ada8a80.c:11:11: internal compiler error: tree check: expected array_type, have error_mark in array_ref_low_bound, at tree.cc:12479
   11 |   return a[p];
      |          ~^~~
0x7e3fd0 tree_check_failed(tree_node const*, char const*, int, char const*, ...)
	.././../gcc-source/gcc/tree.cc:8688
0x7edb6d tree_check(tree_node*, char const*, int, char const*, tree_code)
	.././../gcc-source/gcc/tree.h:3450
0x7edb6d array_ref_low_bound(tree_node*)
	.././../gcc-source/gcc/tree.cc:12479
0xc310ef gimplify_compound_lval
	.././../gcc-source/gcc/gimplify.cc:3204
0xc2a904 gimplify_expr(tree_node**, gimple**, gimple**, bool (*)(tree_node*), int)
	.././../gcc-source/gcc/gimplify.cc:15008
0xc3bae7 gimplify_modify_expr
	.././../gcc-source/gcc/gimplify.cc:6043
0xc2b126 gimplify_expr(tree_node**, gimple**, gimple**, bool (*)(tree_node*), int)
	.././../gcc-source/gcc/gimplify.cc:15056
0xc2e7f6 gimplify_stmt(tree_node**, gimple**)
	.././../gcc-source/gcc/gimplify.cc:7111
0xc38c80 gimplify_and_add(tree_node*, gimple**)
	.././../gcc-source/gcc/gimplify.cc:496
0xc38c80 gimplify_return_expr
	.././../gcc-source/gcc/gimplify.cc:1678
0xc2b519 gimplify_expr(tree_node**, gimple**, gimple**, bool (*)(tree_node*), int)
	.././../gcc-source/gcc/gimplify.cc:15318
0xc2e7f6 gimplify_stmt(tree_node**, gimple**)
	.././../gcc-source/gcc/gimplify.cc:7111
0xc2efb4 gimplify_bind_expr
	.././../gcc-source/gcc/gimplify.cc:1428
0xc2b891 gimplify_expr(tree_node**, gimple**, gimple**, bool (*)(tree_node*), int)
	.././../gcc-source/gcc/gimplify.cc:15257
0xc3d02f gimplify_stmt(tree_node**, gimple**)
	.././../gcc-source/gcc/gimplify.cc:7111
0xc3d02f gimplify_body(tree_node*, bool)
	.././../gcc-source/gcc/gimplify.cc:16313
0xc3d47d gimplify_function_tree(tree_node*)
	.././../gcc-source/gcc/gimplify.cc:16467
0xa691f7 cgraph_node::analyze()
	.././../gcc-source/gcc/cgraphunit.cc:675
0xa6be47 analyze_functions
	.././../gcc-source/gcc/cgraphunit.cc:1240
0xa6cacd symbol_table::finalize_compilation_unit()
	.././../gcc-source/gcc/cgraphunit.cc:2500
Please submit a full bug report, with preprocessed source (by using -freport-bug).
Please include the complete backtrace with any bug report.
See <https://gcc.gnu.org/bugs/> for instructions.
