/home/user42/directed-compiler-fuzzing-code/scripts/8-crash-testing/tar-data/clang-fuzzer-3/segment_1/209f31c8b2dfe55cd6bc36bfa4ef8c93e5c2f4e3.c:1:1: error: expected identifier or â€˜(â€™ before â€˜/â€™ token
    1 | / c*ropus/pr23324.c */
      | ^
/home/user42/directed-compiler-fuzzing-code/scripts/8-crash-testing/tar-data/clang-fuzzer-3/segment_1/209f31c8b2dfe55cd6bc36bfa4ef8c93e5c2f4e3.c:13:5: error: expected specifier-qualifier-list before â€˜signeddvâ€™
   13 |     signeddv 6:5;
      |     ^~~~~~~~
/home/user42/directed-compiler-fuzzing-code/scripts/8-crash-testing/tar-data/clang-fuzzer-3/segment_1/209f31c8b2dfe55cd6bc36bfa4ef8c93e5c2f4e3.c: In function â€˜callee_af6â€™:
/home/user42/directed-compiler-fuzzing-code/scripts/8-crash-testing/tar-data/clang-fuzzer-3/segment_1/209f31c8b2dfe55cd6bc36bfa4ef8c93e5c2f4e3.c:39:21: error: â€˜ap6â€™ undeclared (first use in this function); did you mean â€˜dp6â€™?
   39 |   A (wv6.mv6.av6 == ap6.mv6.av6);
      |                     ^~~
/home/user42/directed-compiler-fuzzing-code/scripts/8-crash-testing/tar-data/clang-fuzzer-3/segment_1/209f31c8b2dfe55cd6bc36bfa4ef8c93e5c2f4e3.c:3:20: note: in definition of macro â€˜Aâ€™
    3 | #define A(x) if (!(x)) abort ()
      |                    ^
/home/user42/directed-compiler-fuzzing-code/scripts/8-crash-testing/tar-data/clang-fuzzer-3/segment_1/209f31c8b2dfe55cd6bc36bfa4ef8c93e5c2f4e3.c:39:21: note: each undeclared identifier is reported only once for each function it appears in
   39 |   A (wv6.mv6.av6 == ap6.mv6.av6);
      |                     ^~~
/home/user42/directed-compiler-fuzzing-code/scripts/8-crash-testing/tar-data/clang-fuzzer-3/segment_1/209f31c8b2dfe55cd6bc36bfa4ef8c93e5c2f4e3.c:3:20: note: in definition of macro â€˜Aâ€™
    3 | #define A(x) if (!(x)) abort ()
      |                    ^
/home/user42/directed-compiler-fuzzing-code/scripts/8-crash-testing/tar-data/clang-fuzzer-3/segment_1/209f31c8b2dfe55cd6bc36bfa4ef8c93e5c2f4e3.c:42:14: error: â€˜struct bt6â€™ has no member named â€˜dv6â€™; did you mean â€˜av6â€™?
   42 |   A (wv6.mv6.dv6 == ap6.mv6.dv6);
      |              ^~~
/home/user42/directed-compiler-fuzzing-code/scripts/8-crash-testing/tar-data/clang-fuzzer-3/segment_1/209f31c8b2dfe55cd6bc36bfa4ef8c93e5c2f4e3.c:3:20: note: in definition of macro â€˜Aâ€™
    3 | #define A(x) if (!(x)) abort ()
      |                    ^
/home/user42/directed-compiler-fuzzing-code/scripts/8-crash-testing/tar-data/clang-fuzzer-3/segment_1/209f31c8b2dfe55cd6bc36bfa4ef8c93e5c2f4e3.c:43:14: error: â€˜struct bt6â€™ has no member named â€˜ev6â€™; did you mean â€˜av6â€™?
   43 |   A (wv6.mv6.ev6 == ap6.mv6.ev6);
      |              ^~~
/home/user42/directed-compiler-fuzzing-code/scripts/8-crash-testing/tar-data/clang-fuzzer-3/segment_1/209f31c8b2dfe55cd6bc36bfa4ef8c93e5c2f4e3.c:3:20: note: in definition of macro â€˜Aâ€™
    3 | #define A(x) if (!(x)) abort ()
      |                    ^
/home/user42/directed-compiler-fuzzing-code/scripts/8-crash-testing/tar-data/clang-fuzzer-3/segment_1/209f31c8b2dfe55cd6bc36bfa4ef8c93e5c2f4e3.c:44:14: error: â€˜struct bt6â€™ has no member named â€˜fv6â€™; did you mean â€˜av6â€™?
   44 |   A (wv6.mv6.fv6 == ap6.mv6.fv6);
      |              ^~~
/home/user42/directed-compiler-fuzzing-code/scripts/8-crash-testing/tar-data/clang-fuzzer-3/segment_1/209f31c8b2dfe55cd6bc36bfa4ef8c93e5c2f4e3.c:3:20: note: in definition of macro â€˜Aâ€™
    3 | #define A(x) if (!(x)) abort ()
      |                    ^
/home/user42/directed-compiler-fuzzing-code/scripts/8-crash-testing/tar-data/clang-fuzzer-3/segment_1/209f31c8b2dfe55cd6bc36bfa4ef8c93e5c2f4e3.c:45:14: error: â€˜struct bt6â€™ has no member named â€˜gv6â€™; did you mean â€˜av6â€™?
   45 |   A (wv6.mv6.gv6 == ap6.mv6.gv6);
      |              ^~~
/home/user42/directed-compiler-fuzzing-code/scripts/8-crash-testing/tar-data/clang-fuzzer-3/segment_1/209f31c8b2dfe55cd6bc36bfa4ef8c93e5c2f4e3.c:3:20: note: in definition of macro â€˜Aâ€™
    3 | #define A(x) if (!(x)) abort ()
      |                    ^
/home/user42/directed-compiler-fuzzing-code/scripts/8-crash-testing/tar-data/clang-fuzzer-3/segment_1/209f31c8b2dfe55cd6bc36bfa4ef8c93e5c2f4e3.c: In function â€˜caller_bf6â€™:
/home/user42/directed-compiler-fuzzing-code/scripts/8-crash-testing/tar-data/clang-fuzzer-3/segment_1/209f31c8b2dfe55cd6bc36bfa4ef8c93e5c2f4e3.c:63:2: error: stray â€˜`â€™ in program
   63 |  `union at6 bav6;
      |  ^
/home/user42/directed-compiler-fuzzing-code/scripts/8-crash-testing/tar-data/clang-fuzzer-3/segment_1/209f31c8b2dfe55cd6bc36bfa4ef8c93e5c2f4e3.c: At top level:
/home/user42/directed-compiler-fuzzing-code/scripts/8-crash-testing/tar-data/clang-fuzzer-3/segment_1/209f31c8b2dfe55cd6bc36bfa4ef8c93e5c2f4e3.c:94:59: error: expected identifier or â€˜(â€™ before â€˜+â€™ token
   94 | static struct gt7 { double tv7; } bbv7 = { 47875.491954 };+avxtic long int bcv7[1] = { 1732133482L };
      |                                                           ^
/home/user42/directed-compiler-fuzzing-code/scripts/8-crash-testing/tar-data/clang-fuzzer-3/segment_1/209f31c8b2dfe55cd6bc36bfa4ef8c93e5c2f4e3.c:95:26: error: expected â€˜;â€™ before â€˜structâ€™
   95 | static long long int bdv7/* corpus/pr23135.c */
      |                          ^
      |                          ;
......
  103 | struct a_short { char c; short s; } s_c_s = { 'a', 13 };
      | ~~~~~~                    
/home/user42/directed-compiler-fuzzing-code/scripts/8-crash-testing/tar-data/clang-fuzzer-3/segment_1/209f31c8b2dfe55cd6bc36bfa4ef8c93e5c2f4e3.c: In function â€˜mainâ€™:
/home/user42/directed-compiler-fuzzing-code/scripts/8-crash-testing/tar-data/clang-fuzzer-3/segment_1/209f31c8b2dfe55cd6bc36bfa4ef8c93e5c2f4e3.c:136:1: error: expected expression before â€˜constâ€™
  136 | const char a[2][3] = { "1234", "xyz" };
      | ^~~~~
/home/user42/directed-compiler-fuzzing-code/scripts/8-crash-testing/tar-data/clang-fuzzer-3/segment_1/209f31c8b2dfe55cd6bc36bfa4ef8c93e5c2f4e3.c: In function â€˜mlainâ€™:
/home/user42/directed-compiler-fuzzing-code/scripts/8-crash-testing/tar-data/clang-fuzzer-3/segment_1/209f31c8b2dfe55cd6bc36bfa4ef8c93e5c2f4e3.c:143:4: error: â€˜_dgâ€™ undeclared (first use in this function)
  143 |    _dg-options "-Wno-psabi" _builtin_memcpy (b,  a, 4);
      |    ^~~
/home/user42/directed-compiler-fuzzing-code/scripts/8-crash-testing/tar-data/clang-fuzzer-3/segment_1/209f31c8b2dfe55cd6bc36bfa4ef8c93e5c2f4e3.c:143:8: error: â€˜optionsâ€™ undeclared (first use in this function)
  143 |    _dg-options "-Wno-psabi" _builtin_memcpy (b,  a, 4);
      |        ^~~~~~~
/home/user42/directed-compiler-fuzzing-code/scripts/8-crash-testing/tar-data/clang-fuzzer-3/segment_1/209f31c8b2dfe55cd6bc36bfa4ef8c93e5c2f4e3.c:143:15: error: expected â€˜;â€™ before string constant
  143 |    _dg-options "-Wno-psabi" _builtin_memcpy (b,  a, 4);
      |               ^~~~~~~~~~~~~
      |               ;
/home/user42/directed-compiler-fuzzing-code/scripts/8-crash-testing/tar-data/clang-fuzzer-3/segment_1/209f31c8b2dfe55cd6bc36bfa4ef8c93e5c2f4e3.c:143:49: error: stray â€˜\6â€™ in program
  143 |    _dg-options "-Wno-psabi" _builtin_memcpy (b, <U+0006><U+0000>a, 4);
      |                                                 ^~~~~~~~
/home/user42/directed-compiler-fuzzing-code/scripts/8-crash-testing/tar-data/clang-fuzzer-3/segment_1/209f31c8b2dfe55cd6bc36bfa4ef8c93e5c2f4e3.c:145:1: error: stray â€˜\212â€™ in program
  145 | <8a>   if (b[0] != '1' || b[1] != '2' || b[2] !} */
      | ^~~~
/home/user42/directed-compiler-fuzzing-code/scripts/8-crash-testing/tar-data/clang-fuzzer-3/segment_1/209f31c8b2dfe55cd6bc36bfa4ef8c93e5c2f4e3.c:145:43: error: expected â€˜)â€™ before â€˜!â€™ token
  145 | Š   if (b[0] != '1' || b[1] != '2' || b[2] !} */
      |        ~                                  ^~
      |                                           )
/home/user42/directed-compiler-fuzzing-code/scripts/8-crash-testing/tar-data/clang-fuzzer-3/segment_1/209f31c8b2dfe55cd6bc36bfa4ef8c93e5c2f4e3.c:145:45: error: expected expression before â€˜}â€™ token
  145 | Š   if (b[0] != '1' || b[1] != '2' || b[2] !} */
      |                                             ^
/home/user42/directed-compiler-fuzzing-code/scripts/8-crash-testing/tar-data/clang-fuzzer-3/segment_1/209f31c8b2dfe55cd6bc36bfa4ef8c93e5c2f4e3.c: In function â€˜mainâ€™:
/home/user42/directed-compiler-fuzzing-code/scripts/8-crash-testing/tar-data/clang-fuzzer-3/segment_1/209f31c8b2dfe55cd6bc36bfa4ef8c93e5c2f4e3.c:145:48: error: expected expression before â€˜/â€™ token
  145 | Š   if (b[0] != '1' || b[1] != '2' || b[2] !} */
      |                                                ^
/home/user42/directed-compiler-fuzzing-code/scripts/8-crash-testing/tar-data/clang-fuzzer-3/segment_1/209f31c8b2dfe55cd6bc36bfa4ef8c93e5c2f4e3.c:158:37: error: expected â€˜)â€™ before â€˜+â€™ token
  158 | typedef int __attribute__((mode(SI))+ siint;
      |                                     ^
      |                                     )
/home/user42/directed-compiler-fuzzing-code/scripts/8-crash-testing/tar-data/clang-fuzzer-3/segment_1/209f31c8b2dfe55cd6bc36bfa4ef8c93e5c2f4e3.c:175:1: error: expected identifier or â€˜(â€™ before â€˜}â€™ token
  175 | }
      | ^
In file included from /usr/include/stdio.h:859,
                 from /home/user42/data/csmith/runtime/platform_generic.h:39,
                 from /home/user42/data/csmith/runtime/random_inc.h:89,
                 from /home/user42/data/csmith/runtime/csmith.h:45,
                 from /home/user42/directed-compiler-fuzzing-code/scripts/8-crash-testing/tar-data/clang-fuzzer-3/segment_1/209f31c8b2dfe55cd6bc36bfa4ef8c93e5c2f4e3.c:252:
/usr/include/x86_64-linux-gnu/bits/stdio.h:36:1: error: nested function â€˜vprintfâ€™ declared â€˜externâ€™
   36 | vprintf (const char *__restrict __fmt, _G_va_list __arg)
      | ^~~~~~~
/usr/include/x86_64-linux-gnu/bits/stdio.h:36:1: error: static declaration of â€˜vprintfâ€™ follows non-static declaration
/usr/include/stdio.h:333:12: note: previous declaration of â€˜vprintfâ€™ with type â€˜int(const char * restrict,  __va_list_tag *)â€™
  333 | extern int vprintf (const char *__restrict __format, _G_va_list __arg);
      |            ^~~~~~~
/usr/include/x86_64-linux-gnu/bits/stdio.h:44:1: error: nested function â€˜getcharâ€™ declared â€˜externâ€™
   44 | getchar (void)
      | ^~~~~~~
/usr/include/x86_64-linux-gnu/bits/stdio.h:44:1: error: static declaration of â€˜getcharâ€™ follows non-static declaration
/usr/include/stdio.h:484:12: note: previous declaration of â€˜getcharâ€™ with type â€˜int(void)â€™
  484 | extern int getchar (void);
      |            ^~~~~~~
/usr/include/x86_64-linux-gnu/bits/stdio.h:53:1: error: nested function â€˜fgetc_unlockedâ€™ declared â€˜externâ€™
   53 | fgetc_unlocked (FILE *__fp)
      | ^~~~~~~~~~~~~~
/usr/include/x86_64-linux-gnu/bits/stdio.h:53:1: error: static declaration of â€˜fgetc_unlockedâ€™ follows non-static declaration
/usr/include/stdio.h:506:12: note: previous declaration of â€˜fgetc_unlockedâ€™ with type â€˜int(FILE *)â€™
  506 | extern int fgetc_unlocked (FILE *__stream);
      |            ^~~~~~~~~~~~~~
/usr/include/x86_64-linux-gnu/bits/stdio.h:63:1: error: nested function â€˜getc_unlockedâ€™ declared â€˜externâ€™
   63 | getc_unlocked (FILE *__fp)
      | ^~~~~~~~~~~~~
/usr/include/x86_64-linux-gnu/bits/stdio.h:63:1: error: static declaration of â€˜getc_unlockedâ€™ follows non-static declaration
/usr/include/stdio.h:495:12: note: previous declaration of â€˜getc_unlockedâ€™ with type â€˜int(FILE *)â€™
  495 | extern int getc_unlocked (FILE *__stream);
      |            ^~~~~~~~~~~~~
/usr/include/x86_64-linux-gnu/bits/stdio.h:70:1: error: nested function â€˜getchar_unlockedâ€™ declared â€˜externâ€™
   70 | getchar_unlocked (void)
      | ^~~~~~~~~~~~~~~~
/usr/include/x86_64-linux-gnu/bits/stdio.h:70:1: error: static declaration of â€˜getchar_unlockedâ€™ follows non-static declaration
/usr/include/stdio.h:496:12: note: previous declaration of â€˜getchar_unlockedâ€™ with type â€˜int(void)â€™
  496 | extern int getchar_unlocked (void);
      |            ^~~~~~~~~~~~~~~~
/usr/include/x86_64-linux-gnu/bits/stdio.h:79:1: error: nested function â€˜putcharâ€™ declared â€˜externâ€™
   79 | putchar (int __c)
      | ^~~~~~~
/usr/include/x86_64-linux-gnu/bits/stdio.h:79:1: error: static declaration of â€˜putcharâ€™ follows non-static declaration
/usr/include/stdio.h:524:12: note: previous declaration of â€˜putcharâ€™ with type â€˜int(int)â€™
  524 | extern int putchar (int __c);
      |            ^~~~~~~
/usr/include/x86_64-linux-gnu/bits/stdio.h:88:1: error: nested function â€˜fputc_unlockedâ€™ declared â€˜externâ€™
   88 | fputc_unlocked (int __c, FILE *__stream)
      | ^~~~~~~~~~~~~~
/usr/include/x86_64-linux-gnu/bits/stdio.h:88:1: error: static declaration of â€˜fputc_unlockedâ€™ follows non-static declaration
/usr/include/stdio.h:537:12: note: previous declaration of â€˜fputc_unlockedâ€™ with type â€˜int(int,  FILE *)â€™
  537 | extern int fputc_unlocked (int __c, FILE *__stream);
      |            ^~~~~~~~~~~~~~
/usr/include/x86_64-linux-gnu/bits/stdio.h:98:1: error: nested function â€˜putc_unlockedâ€™ declared â€˜externâ€™
   98 | putc_unlocked (int __c, FILE *__stream)
      | ^~~~~~~~~~~~~
/usr/include/x86_64-linux-gnu/bits/stdio.h:98:1: error: static declaration of â€˜putc_unlockedâ€™ follows non-static declaration
/usr/include/stdio.h:545:12: note: previous declaration of â€˜putc_unlockedâ€™ with type â€˜int(int,  FILE *)â€™
  545 | extern int putc_unlocked (int __c, FILE *__stream);
      |            ^~~~~~~~~~~~~
/usr/include/x86_64-linux-gnu/bits/stdio.h:105:1: error: nested function â€˜putchar_unlockedâ€™ declared â€˜externâ€™
  105 | putchar_unlocked (int __c)
      | ^~~~~~~~~~~~~~~~
/usr/include/x86_64-linux-gnu/bits/stdio.h:105:1: error: static declaration of â€˜putchar_unlockedâ€™ follows non-static declaration
/usr/include/stdio.h:546:12: note: previous declaration of â€˜putchar_unlockedâ€™ with type â€˜int(int)â€™
  546 | extern int putchar_unlocked (int __c);
      |            ^~~~~~~~~~~~~~~~
In file included from /usr/include/features.h:424,
                 from /usr/include/x86_64-linux-gnu/bits/libc-header-start.h:33,
                 from /usr/include/string.h:26,
                 from /home/user42/data/csmith/runtime/csmith.h:40:
/usr/include/x86_64-linux-gnu/bits/stdio.h:125:1: error: nested function â€˜feof_unlockedâ€™ declared â€˜externâ€™
  125 | __NTH (feof_unlocked (FILE *__stream))
      | ^~~~~
/usr/include/x86_64-linux-gnu/bits/stdio.h:125:1: error: static declaration of â€˜feof_unlockedâ€™ follows non-static declaration
/usr/include/stdio.h:766:12: note: previous declaration of â€˜feof_unlockedâ€™ with type â€˜int(FILE *)â€™
  766 | extern int feof_unlocked (FILE *__stream) __THROW __wur;
      |            ^~~~~~~~~~~~~
/usr/include/x86_64-linux-gnu/bits/stdio.h:132:1: error: nested function â€˜ferror_unlockedâ€™ declared â€˜externâ€™
  132 | __NTH (ferror_unlocked (FILE *__stream))
      | ^~~~~
/usr/include/x86_64-linux-gnu/bits/stdio.h:132:1: error: static declaration of â€˜ferror_unlockedâ€™ follows non-static declaration
/usr/include/stdio.h:767:12: note: previous declaration of â€˜ferror_unlockedâ€™ with type â€˜int(FILE *)â€™
  767 | extern int ferror_unlocked (FILE *__stream) __THROW __wur;
      |            ^~~~~~~~~~~~~~~
/home/user42/data/csmith/runtime/platform_generic.h:43:1: error: invalid storage class for function â€˜platform_main_beginâ€™
   43 | platform_main_begin(void)
      | ^~~~~~~~~~~~~~~~~~~
/home/user42/data/csmith/runtime/platform_generic.h:49:1: error: invalid storage class for function â€˜platform_main_endâ€™
   49 | platform_main_end(uint32_t crc, int flag)
      | ^~~~~~~~~~~~~~~~~
/home/user42/data/csmith/runtime/random_inc.h:99:23: error: invalid storage class for function â€˜safe_unary_minus_func_int8_t_sâ€™
   99 | #define FUNC_NAME(x) (safe_##x)
      |                       ^~~~~
/home/user42/data/csmith/build/runtime/safe_math.h:14:1: note: in expansion of macro â€˜FUNC_NAMEâ€™
   14 | FUNC_NAME(unary_minus_func_int8_t_s)(int8_t si LOG_INDEX)
      | ^~~~~~~~~
/home/user42/data/csmith/runtime/random_inc.h:99:23: error: invalid storage class for function â€˜safe_add_func_int8_t_s_sâ€™
   99 | #define FUNC_NAME(x) (safe_##x)
      |                       ^~~~~
/home/user42/data/csmith/build/runtime/safe_math.h:28:1: note: in expansion of macro â€˜FUNC_NAMEâ€™
   28 | FUNC_NAME(add_func_int8_t_s_s)(int8_t si1, int8_t si2 LOG_INDEX)
      | ^~~~~~~~~
/home/user42/data/csmith/runtime/random_inc.h:99:23: error: invalid storage class for function â€˜safe_sub_func_int8_t_s_sâ€™
   99 | #define FUNC_NAME(x) (safe_##x)
      |                       ^~~~~
/home/user42/data/csmith/build/runtime/safe_math.h:42:1: note: in expansion of macro â€˜FUNC_NAMEâ€™
   42 | FUNC_NAME(sub_func_int8_t_s_s)(int8_t si1, int8_t si2 LOG_INDEX)
      | ^~~~~~~~~
/home/user42/data/csmith/runtime/random_inc.h:99:23: error: invalid storage class for function â€˜safe_mul_func_int8_t_s_sâ€™
   99 | #define FUNC_NAME(x) (safe_##x)
      |                       ^~~~~
/home/user42/data/csmith/build/runtime/safe_math.h:56:1: note: in expansion of macro â€˜FUNC_NAMEâ€™
   56 | FUNC_NAME(mul_func_int8_t_s_s)(int8_t si1, int8_t si2 LOG_INDEX)
      | ^~~~~~~~~
/home/user42/data/csmith/runtime/random_inc.h:99:23: error: invalid storage class for function â€˜safe_mod_func_int8_t_s_sâ€™
   99 | #define FUNC_NAME(x) (safe_##x)
      |                       ^~~~~
/home/user42/data/csmith/build/runtime/safe_math.h:70:1: note: in expansion of macro â€˜FUNC_NAMEâ€™
   70 | FUNC_NAME(mod_func_int8_t_s_s)(int8_t si1, int8_t si2 LOG_INDEX)
      | ^~~~~~~~~
/home/user42/data/csmith/runtime/random_inc.h:99:23: error: invalid storage class for function â€˜safe_div_func_int8_t_s_sâ€™
   99 | #define FUNC_NAME(x) (safe_##x)
      |                       ^~~~~
/home/user42/data/csmith/build/runtime/safe_math.h:82:1: note: in expansion of macro â€˜FUNC_NAMEâ€™
   82 | FUNC_NAME(div_func_int8_t_s_s)(int8_t si1, int8_t si2 LOG_INDEX)
      | ^~~~~~~~~
/home/user42/data/csmith/runtime/random_inc.h:99:23: error: invalid storage class for function â€˜safe_lshift_func_int8_t_s_sâ€™
   99 | #define FUNC_NAME(x) (safe_##x)
      |                       ^~~~~
/home/user42/data/csmith/build/runtime/safe_math.h:94:1: note: in expansion of macro â€˜FUNC_NAMEâ€™
   94 | FUNC_NAME(lshift_func_int8_t_s_s)(int8_t left, int right LOG_INDEX)
      | ^~~~~~~~~
/home/user42/data/csmith/runtime/random_inc.h:99:23: error: invalid storage class for function â€˜safe_lshift_func_int8_t_s_uâ€™
   99 | #define FUNC_NAME(x) (safe_##x)
      |                       ^~~~~
/home/user42/data/csmith/build/runtime/safe_math.h:106:1: note: in expansion of macro â€˜FUNC_NAMEâ€™
  106 | FUNC_NAME(lshift_func_int8_t_s_u)(int8_t left, unsigned int right LOG_INDEX)
      | ^~~~~~~~~
/home/user42/data/csmith/runtime/random_inc.h:99:23: error: invalid storage class for function â€˜safe_rshift_func_int8_t_s_sâ€™
   99 | #define FUNC_NAME(x) (safe_##x)
      |                       ^~~~~
/home/user42/data/csmith/build/runtime/safe_math.h:118:1: note: in expansion of macro â€˜FUNC_NAMEâ€™
  118 | FUNC_NAME(rshift_func_int8_t_s_s)(int8_t left, int right LOG_INDEX)
      | ^~~~~~~~~
/home/user42/data/csmith/runtime/random_inc.h:99:23: error: invalid storage class for function â€˜safe_rshift_func_int8_t_s_uâ€™
   99 | #define FUNC_NAME(x) (safe_##x)
      |                       ^~~~~
/home/user42/data/csmith/build/runtime/safe_math.h:130:1: note: in expansion of macro â€˜FUNC_NAMEâ€™
  130 | FUNC_NAME(rshift_func_int8_t_s_u)(int8_t left, unsigned int right LOG_INDEX)
      | ^~~~~~~~~
/home/user42/data/csmith/runtime/random_inc.h:99:23: error: invalid storage class for function â€˜safe_unary_minus_func_int16_t_sâ€™
   99 | #define FUNC_NAME(x) (safe_##x)
      |                       ^~~~~
/home/user42/data/csmith/build/runtime/safe_math.h:144:1: note: in expansion of macro â€˜FUNC_NAMEâ€™
  144 | FUNC_NAME(unary_minus_func_int16_t_s)(int16_t si LOG_INDEX)
      | ^~~~~~~~~
/home/user42/data/csmith/runtime/random_inc.h:99:23: error: invalid storage class for function â€˜safe_add_func_int16_t_s_sâ€™
   99 | #define FUNC_NAME(x) (safe_##x)
      |                       ^~~~~
/home/user42/data/csmith/build/runtime/safe_math.h:158:1: note: in expansion of macro â€˜FUNC_NAMEâ€™
  158 | FUNC_NAME(add_func_int16_t_s_s)(int16_t si1, int16_t si2 LOG_INDEX)
      | ^~~~~~~~~
/home/user42/data/csmith/runtime/random_inc.h:99:23: error: invalid storage class for function â€˜safe_sub_func_int16_t_s_sâ€™
   99 | #define FUNC_NAME(x) (safe_##x)
      |                       ^~~~~
/home/user42/data/csmith/build/runtime/safe_math.h:172:1: note: in expansion of macro â€˜FUNC_NAMEâ€™
  172 | FUNC_NAME(sub_func_int16_t_s_s)(int16_t si1, int16_t si2 LOG_INDEX)
      | ^~~~~~~~~
/home/user42/data/csmith/runtime/random_inc.h:99:23: error: invalid storage class for function â€˜safe_mul_func_int16_t_s_sâ€™
   99 | #define FUNC_NAME(x) (safe_##x)
      |                       ^~~~~
/home/user42/data/csmith/build/runtime/safe_math.h:186:1: note: in expansion of macro â€˜FUNC_NAMEâ€™
  186 | FUNC_NAME(mul_func_int16_t_s_s)(int16_t si1, int16_t si2 LOG_INDEX)
      | ^~~~~~~~~
/home/user42/data/csmith/runtime/random_inc.h:99:23: error: invalid storage class for function â€˜safe_mod_func_int16_t_s_sâ€™
   99 | #define FUNC_NAME(x) (safe_##x)
      |                       ^~~~~
/home/user42/data/csmith/build/runtime/safe_math.h:200:1: note: in expansion of macro â€˜FUNC_NAMEâ€™
  200 | FUNC_NAME(mod_func_int16_t_s_s)(int16_t si1, int16_t si2 LOG_INDEX)
      | ^~~~~~~~~
/home/user42/data/csmith/runtime/random_inc.h:99:23: error: invalid storage class for function â€˜safe_div_func_int16_t_s_sâ€™
   99 | #define FUNC_NAME(x) (safe_##x)
      |                       ^~~~~
/home/user42/data/csmith/build/runtime/safe_math.h:212:1: note: in expansion of macro â€˜FUNC_NAMEâ€™
  212 | FUNC_NAME(div_func_int16_t_s_s)(int16_t si1, int16_t si2 LOG_INDEX)
      | ^~~~~~~~~
/home/user42/data/csmith/runtime/random_inc.h:99:23: error: invalid storage class for function â€˜safe_lshift_func_int16_t_s_sâ€™
   99 | #define FUNC_NAME(x) (safe_##x)
      |                       ^~~~~
/home/user42/data/csmith/build/runtime/safe_math.h:224:1: note: in expansion of macro â€˜FUNC_NAMEâ€™
  224 | FUNC_NAME(lshift_func_int16_t_s_s)(int16_t left, int right LOG_INDEX)
      | ^~~~~~~~~
/home/user42/data/csmith/runtime/random_inc.h:99:23: error: invalid storage class for function â€˜safe_lshift_func_int16_t_s_uâ€™
   99 | #define FUNC_NAME(x) (safe_##x)
      |                       ^~~~~
/home/user42/data/csmith/build/runtime/safe_math.h:236:1: note: in expansion of macro â€˜FUNC_NAMEâ€™
  236 | FUNC_NAME(lshift_func_int16_t_s_u)(int16_t left, unsigned int right LOG_INDEX)
      | ^~~~~~~~~
/home/user42/data/csmith/runtime/random_inc.h:99:23: error: invalid storage class for function â€˜safe_rshift_func_int16_t_s_sâ€™
   99 | #define FUNC_NAME(x) (safe_##x)
      |                       ^~~~~
/home/user42/data/csmith/build/runtime/safe_math.h:248:1: note: in expansion of macro â€˜FUNC_NAMEâ€™
  248 | FUNC_NAME(rshift_func_int16_t_s_s)(int16_t left, int right LOG_INDEX)
      | ^~~~~~~~~
/home/user42/data/csmith/runtime/random_inc.h:99:23: error: invalid storage class for function â€˜safe_rshift_func_int16_t_s_uâ€™
   99 | #define FUNC_NAME(x) (safe_##x)
      |                       ^~~~~
/home/user42/data/csmith/build/runtime/safe_math.h:260:1: note: in expansion of macro â€˜FUNC_NAMEâ€™
  260 | FUNC_NAME(rshift_func_int16_t_s_u)(int16_t left, unsigned int right LOG_INDEX)
      | ^~~~~~~~~
/home/user42/data/csmith/runtime/random_inc.h:99:23: error: invalid storage class for function â€˜safe_unary_minus_func_int32_t_sâ€™
   99 | #define FUNC_NAME(x) (safe_##x)
      |                       ^~~~~
/home/user42/data/csmith/build/runtime/safe_math.h:274:1: note: in expansion of macro â€˜FUNC_NAMEâ€™
  274 | FUNC_NAME(unary_minus_func_int32_t_s)(int32_t si LOG_INDEX)
      | ^~~~~~~~~
/home/user42/data/csmith/runtime/random_inc.h:99:23: error: invalid storage class for function â€˜safe_add_func_int32_t_s_sâ€™
   99 | #define FUNC_NAME(x) (safe_##x)
      |                       ^~~~~
/home/user42/data/csmith/build/runtime/safe_math.h:288:1: note: in expansion of macro â€˜FUNC_NAMEâ€™
  288 | FUNC_NAME(add_func_int32_t_s_s)(int32_t si1, int32_t si2 LOG_INDEX)
      | ^~~~~~~~~
/home/user42/data/csmith/runtime/random_inc.h:99:23: error: invalid storage class for function â€˜safe_sub_func_int32_t_s_sâ€™
   99 | #define FUNC_NAME(x) (safe_##x)
      |                       ^~~~~
/home/user42/data/csmith/build/runtime/safe_math.h:302:1: note: in expansion of macro â€˜FUNC_NAMEâ€™
  302 | FUNC_NAME(sub_func_int32_t_s_s)(int32_t si1, int32_t si2 LOG_INDEX)
      | ^~~~~~~~~
/home/user42/data/csmith/runtime/random_inc.h:99:23: error: invalid storage class for function â€˜safe_mul_func_int32_t_s_sâ€™
   99 | #define FUNC_NAME(x) (safe_##x)
      |                       ^~~~~
/home/user42/data/csmith/build/runtime/safe_math.h:316:1: note: in expansion of macro â€˜FUNC_NAMEâ€™
  316 | FUNC_NAME(mul_func_int32_t_s_s)(int32_t si1, int32_t si2 LOG_INDEX)
      | ^~~~~~~~~
/home/user42/data/csmith/runtime/random_inc.h:99:23: error: invalid storage class for function â€˜safe_mod_func_int32_t_s_sâ€™
   99 | #define FUNC_NAME(x) (safe_##x)
      |                       ^~~~~
/home/user42/data/csmith/build/runtime/safe_math.h:330:1: note: in expansion of macro â€˜FUNC_NAMEâ€™
  330 | FUNC_NAME(mod_func_int32_t_s_s)(int32_t si1, int32_t si2 LOG_INDEX)
      | ^~~~~~~~~
/home/user42/data/csmith/runtime/random_inc.h:99:23: error: invalid storage class for function â€˜safe_div_func_int32_t_s_sâ€™
   99 | #define FUNC_NAME(x) (safe_##x)
      |                       ^~~~~
/home/user42/data/csmith/build/runtime/safe_math.h:342:1: note: in expansion of macro â€˜FUNC_NAMEâ€™
  342 | FUNC_NAME(div_func_int32_t_s_s)(int32_t si1, int32_t si2 LOG_INDEX)
      | ^~~~~~~~~
/home/user42/data/csmith/runtime/random_inc.h:99:23: error: invalid storage class for function â€˜safe_lshift_func_int32_t_s_sâ€™
   99 | #define FUNC_NAME(x) (safe_##x)
      |                       ^~~~~
/home/user42/data/csmith/build/runtime/safe_math.h:354:1: note: in expansion of macro â€˜FUNC_NAMEâ€™
  354 | FUNC_NAME(lshift_func_int32_t_s_s)(int32_t left, int right LOG_INDEX)
      | ^~~~~~~~~
/home/user42/data/csmith/runtime/random_inc.h:99:23: error: invalid storage class for function â€˜safe_lshift_func_int32_t_s_uâ€™
   99 | #define FUNC_NAME(x) (safe_##x)
      |                       ^~~~~
/home/user42/data/csmith/build/runtime/safe_math.h:366:1: note: in expansion of macro â€˜FUNC_NAMEâ€™
  366 | FUNC_NAME(lshift_func_int32_t_s_u)(int32_t left, unsigned int right LOG_INDEX)
      | ^~~~~~~~~
/home/user42/data/csmith/runtime/random_inc.h:99:23: error: invalid storage class for function â€˜safe_rshift_func_int32_t_s_sâ€™
   99 | #define FUNC_NAME(x) (safe_##x)
      |                       ^~~~~
/home/user42/data/csmith/build/runtime/safe_math.h:378:1: note: in expansion of macro â€˜FUNC_NAMEâ€™
  378 | FUNC_NAME(rshift_func_int32_t_s_s)(int32_t left, int right LOG_INDEX)
      | ^~~~~~~~~
/home/user42/data/csmith/runtime/random_inc.h:99:23: error: invalid storage class for function â€˜safe_rshift_func_int32_t_s_uâ€™
   99 | #define FUNC_NAME(x) (safe_##x)
      |                       ^~~~~
/home/user42/data/csmith/build/runtime/safe_math.h:390:1: note: in expansion of macro â€˜FUNC_NAMEâ€™
  390 | FUNC_NAME(rshift_func_int32_t_s_u)(int32_t left, unsigned int right LOG_INDEX)
      | ^~~~~~~~~
/home/user42/data/csmith/runtime/random_inc.h:99:23: error: invalid storage class for function â€˜safe_unary_minus_func_int64_t_sâ€™
   99 | #define FUNC_NAME(x) (safe_##x)
      |                       ^~~~~
/home/user42/data/csmith/build/runtime/safe_math.h:405:1: note: in expansion of macro â€˜FUNC_NAMEâ€™
  405 | FUNC_NAME(unary_minus_func_int64_t_s)(int64_t si LOG_INDEX)
      | ^~~~~~~~~
/home/user42/data/csmith/runtime/random_inc.h:99:23: error: invalid storage class for function â€˜safe_add_func_int64_t_s_sâ€™
   99 | #define FUNC_NAME(x) (safe_##x)
      |                       ^~~~~
/home/user42/data/csmith/build/runtime/safe_math.h:419:1: note: in expansion of macro â€˜FUNC_NAMEâ€™
  419 | FUNC_NAME(add_func_int64_t_s_s)(int64_t si1, int64_t si2 LOG_INDEX)
      | ^~~~~~~~~
/home/user42/data/csmith/runtime/random_inc.h:99:23: error: invalid storage class for function â€˜safe_sub_func_int64_t_s_sâ€™
   99 | #define FUNC_NAME(x) (safe_##x)
      |                       ^~~~~
/home/user42/data/csmith/build/runtime/safe_math.h:433:1: note: in expansion of macro â€˜FUNC_NAMEâ€™
  433 | FUNC_NAME(sub_func_int64_t_s_s)(int64_t si1, int64_t si2 LOG_INDEX)
      | ^~~~~~~~~
/home/user42/data/csmith/runtime/random_inc.h:99:23: error: invalid storage class for function â€˜safe_mul_func_int64_t_s_sâ€™
   99 | #define FUNC_NAME(x) (safe_##x)
      |                       ^~~~~
/home/user42/data/csmith/build/runtime/safe_math.h:447:1: note: in expansion of macro â€˜FUNC_NAMEâ€™
  447 | FUNC_NAME(mul_func_int64_t_s_s)(int64_t si1, int64_t si2 LOG_INDEX)
      | ^~~~~~~~~
/home/user42/data/csmith/runtime/random_inc.h:99:23: error: invalid storage class for function â€˜safe_mod_func_int64_t_s_sâ€™
   99 | #define FUNC_NAME(x) (safe_##x)
      |                       ^~~~~
/home/user42/data/csmith/build/runtime/safe_math.h:461:1: note: in expansion of macro â€˜FUNC_NAMEâ€™
  461 | FUNC_NAME(mod_func_int64_t_s_s)(int64_t si1, int64_t si2 LOG_INDEX)
      | ^~~~~~~~~
/home/user42/data/csmith/runtime/random_inc.h:99:23: error: invalid storage class for function â€˜safe_div_func_int64_t_s_sâ€™
   99 | #define FUNC_NAME(x) (safe_##x)
      |                       ^~~~~
/home/user42/data/csmith/build/runtime/safe_math.h:473:1: note: in expansion of macro â€˜FUNC_NAMEâ€™
  473 | FUNC_NAME(div_func_int64_t_s_s)(int64_t si1, int64_t si2 LOG_INDEX)
      | ^~~~~~~~~
/home/user42/data/csmith/runtime/random_inc.h:99:23: error: invalid storage class for function â€˜safe_lshift_func_int64_t_s_sâ€™
   99 | #define FUNC_NAME(x) (safe_##x)
      |                       ^~~~~
/home/user42/data/csmith/build/runtime/safe_math.h:485:1: note: in expansion of macro â€˜FUNC_NAMEâ€™
  485 | FUNC_NAME(lshift_func_int64_t_s_s)(int64_t left, int right LOG_INDEX)
      | ^~~~~~~~~
/home/user42/data/csmith/runtime/random_inc.h:99:23: error: invalid storage class for function â€˜safe_lshift_func_int64_t_s_uâ€™
   99 | #define FUNC_NAME(x) (safe_##x)
      |                       ^~~~~
/home/user42/data/csmith/build/runtime/safe_math.h:497:1: note: in expansion of macro â€˜FUNC_NAMEâ€™
  497 | FUNC_NAME(lshift_func_int64_t_s_u)(int64_t left, unsigned int right LOG_INDEX)
      | ^~~~~~~~~
/home/user42/data/csmith/runtime/random_inc.h:99:23: error: invalid storage class for function â€˜safe_rshift_func_int64_t_s_sâ€™
   99 | #define FUNC_NAME(x) (safe_##x)
      |                       ^~~~~
/home/user42/data/csmith/build/runtime/safe_math.h:509:1: note: in expansion of macro â€˜FUNC_NAMEâ€™
  509 | FUNC_NAME(rshift_func_int64_t_s_s)(int64_t left, int right LOG_INDEX)
      | ^~~~~~~~~
/home/user42/data/csmith/runtime/random_inc.h:99:23: error: invalid storage class for function â€˜safe_rshift_func_int64_t_s_uâ€™
   99 | #define FUNC_NAME(x) (safe_##x)
      |                       ^~~~~
/home/user42/data/csmith/build/runtime/safe_math.h:521:1: note: in expansion of macro â€˜FUNC_NAMEâ€™
  521 | FUNC_NAME(rshift_func_int64_t_s_u)(int64_t left, unsigned int right LOG_INDEX)
      | ^~~~~~~~~
/home/user42/data/csmith/runtime/random_inc.h:99:23: error: invalid storage class for function â€˜safe_unary_minus_func_uint8_t_uâ€™
   99 | #define FUNC_NAME(x) (safe_##x)
      |                       ^~~~~
/home/user42/data/csmith/build/runtime/safe_math.h:539:1: note: in expansion of macro â€˜FUNC_NAMEâ€™
  539 | FUNC_NAME(unary_minus_func_uint8_t_u)(uint8_t ui LOG_INDEX)
      | ^~~~~~~~~
/home/user42/data/csmith/runtime/random_inc.h:99:23: error: invalid storage class for function â€˜safe_add_func_uint8_t_u_uâ€™
   99 | #define FUNC_NAME(x) (safe_##x)
      |                       ^~~~~
/home/user42/data/csmith/build/runtime/safe_math.h:546:1: note: in expansion of macro â€˜FUNC_NAMEâ€™
  546 | FUNC_NAME(add_func_uint8_t_u_u)(uint8_t ui1, uint8_t ui2 LOG_INDEX)
      | ^~~~~~~~~
/home/user42/data/csmith/runtime/random_inc.h:99:23: error: invalid storage class for function â€˜safe_sub_func_uint8_t_u_uâ€™
   99 | #define FUNC_NAME(x) (safe_##x)
      |                       ^~~~~
/home/user42/data/csmith/build/runtime/safe_math.h:553:1: note: in expansion of macro â€˜FUNC_NAMEâ€™
  553 | FUNC_NAME(sub_func_uint8_t_u_u)(uint8_t ui1, uint8_t ui2 LOG_INDEX)
      | ^~~~~~~~~
/home/user42/data/csmith/runtime/random_inc.h:99:23: error: invalid storage class for function â€˜safe_mul_func_uint8_t_u_uâ€™
   99 | #define FUNC_NAME(x) (safe_##x)
      |                       ^~~~~
/home/user42/data/csmith/build/runtime/safe_math.h:560:1: note: in expansion of macro â€˜FUNC_NAMEâ€™
  560 | FUNC_NAME(mul_func_uint8_t_u_u)(uint8_t ui1, uint8_t ui2 LOG_INDEX)
      | ^~~~~~~~~
/home/user42/data/csmith/runtime/random_inc.h:99:23: error: invalid storage class for function â€˜safe_mod_func_uint8_t_u_uâ€™
   99 | #define FUNC_NAME(x) (safe_##x)
      |                       ^~~~~
/home/user42/data/csmith/build/runtime/safe_math.h:567:1: note: in expansion of macro â€˜FUNC_NAMEâ€™
  567 | FUNC_NAME(mod_func_uint8_t_u_u)(uint8_t ui1, uint8_t ui2 LOG_INDEX)
      | ^~~~~~~~~
/home/user42/data/csmith/runtime/random_inc.h:99:23: error: invalid storage class for function â€˜safe_div_func_uint8_t_u_uâ€™
   99 | #define FUNC_NAME(x) (safe_##x)
      |                       ^~~~~
/home/user42/data/csmith/build/runtime/safe_math.h:579:1: note: in expansion of macro â€˜FUNC_NAMEâ€™
  579 | FUNC_NAME(div_func_uint8_t_u_u)(uint8_t ui1, uint8_t ui2 LOG_INDEX)
      | ^~~~~~~~~
/home/user42/data/csmith/runtime/random_inc.h:99:23: error: invalid storage class for function â€˜safe_lshift_func_uint8_t_u_sâ€™
   99 | #define FUNC_NAME(x) (safe_##x)
      |                       ^~~~~
/home/user42/data/csmith/build/runtime/safe_math.h:591:1: note: in expansion of macro â€˜FUNC_NAMEâ€™
  591 | FUNC_NAME(lshift_func_uint8_t_u_s)(uint8_t left, int right LOG_INDEX)
      | ^~~~~~~~~
/home/user42/data/csmith/runtime/random_inc.h:99:23: error: invalid storage class for function â€˜safe_lshift_func_uint8_t_u_uâ€™
   99 | #define FUNC_NAME(x) (safe_##x)
      |                       ^~~~~
/home/user42/data/csmith/build/runtime/safe_math.h:603:1: note: in expansion of macro â€˜FUNC_NAMEâ€™
  603 | FUNC_NAME(lshift_func_uint8_t_u_u)(uint8_t left, unsigned int right LOG_INDEX)
      | ^~~~~~~~~
/home/user42/data/csmith/runtime/random_inc.h:99:23: error: invalid storage class for function â€˜safe_rshift_func_uint8_t_u_sâ€™
   99 | #define FUNC_NAME(x) (safe_##x)
      |                       ^~~~~
/home/user42/data/csmith/build/runtime/safe_math.h:615:1: note: in expansion of macro â€˜FUNC_NAMEâ€™
  615 | FUNC_NAME(rshift_func_uint8_t_u_s)(uint8_t left, int right LOG_INDEX)
      | ^~~~~~~~~
/home/user42/data/csmith/runtime/random_inc.h:99:23: error: invalid storage class for function â€˜safe_rshift_func_uint8_t_u_uâ€™
   99 | #define FUNC_NAME(x) (safe_##x)
      |                       ^~~~~
/home/user42/data/csmith/build/runtime/safe_math.h:627:1: note: in expansion of macro â€˜FUNC_NAMEâ€™
  627 | FUNC_NAME(rshift_func_uint8_t_u_u)(uint8_t left, unsigned int right LOG_INDEX)
      | ^~~~~~~~~
/home/user42/data/csmith/runtime/random_inc.h:99:23: error: invalid storage class for function â€˜safe_unary_minus_func_uint16_t_uâ€™
   99 | #define FUNC_NAME(x) (safe_##x)
      |                       ^~~~~
/home/user42/data/csmith/build/runtime/safe_math.h:641:1: note: in expansion of macro â€˜FUNC_NAMEâ€™
  641 | FUNC_NAME(unary_minus_func_uint16_t_u)(uint16_t ui LOG_INDEX)
      | ^~~~~~~~~
/home/user42/data/csmith/runtime/random_inc.h:99:23: error: invalid storage class for function â€˜safe_add_func_uint16_t_u_uâ€™
   99 | #define FUNC_NAME(x) (safe_##x)
      |                       ^~~~~
/home/user42/data/csmith/build/runtime/safe_math.h:648:1: note: in expansion of macro â€˜FUNC_NAMEâ€™
  648 | FUNC_NAME(add_func_uint16_t_u_u)(uint16_t ui1, uint16_t ui2 LOG_INDEX)
      | ^~~~~~~~~
/home/user42/data/csmith/runtime/random_inc.h:99:23: error: invalid storage class for function â€˜safe_sub_func_uint16_t_u_uâ€™
   99 | #define FUNC_NAME(x) (safe_##x)
      |                       ^~~~~
/home/user42/data/csmith/build/runtime/safe_math.h:655:1: note: in expansion of macro â€˜FUNC_NAMEâ€™
  655 | FUNC_NAME(sub_func_uint16_t_u_u)(uint16_t ui1, uint16_t ui2 LOG_INDEX)
      | ^~~~~~~~~
/home/user42/data/csmith/runtime/random_inc.h:99:23: error: invalid storage class for function â€˜safe_mul_func_uint16_t_u_uâ€™
   99 | #define FUNC_NAME(x) (safe_##x)
      |                       ^~~~~
/home/user42/data/csmith/build/runtime/safe_math.h:662:1: note: in expansion of macro â€˜FUNC_NAMEâ€™
  662 | FUNC_NAME(mul_func_uint16_t_u_u)(uint16_t ui1, uint16_t ui2 LOG_INDEX)
      | ^~~~~~~~~
/home/user42/data/csmith/runtime/random_inc.h:99:23: error: invalid storage class for function â€˜safe_mod_func_uint16_t_u_uâ€™
   99 | #define FUNC_NAME(x) (safe_##x)
      |                       ^~~~~
/home/user42/data/csmith/build/runtime/safe_math.h:669:1: note: in expansion of macro â€˜FUNC_NAMEâ€™
  669 | FUNC_NAME(mod_func_uint16_t_u_u)(uint16_t ui1, uint16_t ui2 LOG_INDEX)
      | ^~~~~~~~~
/home/user42/data/csmith/runtime/random_inc.h:99:23: error: invalid storage class for function â€˜safe_div_func_uint16_t_u_uâ€™
   99 | #define FUNC_NAME(x) (safe_##x)
      |                       ^~~~~
/home/user42/data/csmith/build/runtime/safe_math.h:681:1: note: in expansion of macro â€˜FUNC_NAMEâ€™
  681 | FUNC_NAME(div_func_uint16_t_u_u)(uint16_t ui1, uint16_t ui2 LOG_INDEX)
      | ^~~~~~~~~
/home/user42/data/csmith/runtime/random_inc.h:99:23: error: invalid storage class for function â€˜safe_lshift_func_uint16_t_u_sâ€™
   99 | #define FUNC_NAME(x) (safe_##x)
      |                       ^~~~~
/home/user42/data/csmith/build/runtime/safe_math.h:693:1: note: in expansion of macro â€˜FUNC_NAMEâ€™
  693 | FUNC_NAME(lshift_func_uint16_t_u_s)(uint16_t left, int right LOG_INDEX)
      | ^~~~~~~~~
/home/user42/data/csmith/runtime/random_inc.h:99:23: error: invalid storage class for function â€˜safe_lshift_func_uint16_t_u_uâ€™
   99 | #define FUNC_NAME(x) (safe_##x)
      |                       ^~~~~
/home/user42/data/csmith/build/runtime/safe_math.h:705:1: note: in expansion of macro â€˜FUNC_NAMEâ€™
  705 | FUNC_NAME(lshift_func_uint16_t_u_u)(uint16_t left, unsigned int right LOG_INDEX)
      | ^~~~~~~~~
/home/user42/data/csmith/runtime/random_inc.h:99:23: error: invalid storage class for function â€˜safe_rshift_func_uint16_t_u_sâ€™
   99 | #define FUNC_NAME(x) (safe_##x)
      |                       ^~~~~
/home/user42/data/csmith/build/runtime/safe_math.h:717:1: note: in expansion of macro â€˜FUNC_NAMEâ€™
  717 | FUNC_NAME(rshift_func_uint16_t_u_s)(uint16_t left, int right LOG_INDEX)
      | ^~~~~~~~~
/home/user42/data/csmith/runtime/random_inc.h:99:23: error: invalid storage class for function â€˜safe_rshift_func_uint16_t_u_uâ€™
   99 | #define FUNC_NAME(x) (safe_##x)
      |                       ^~~~~
/home/user42/data/csmith/build/runtime/safe_math.h:729:1: note: in expansion of macro â€˜FUNC_NAMEâ€™
  729 | FUNC_NAME(rshift_func_uint16_t_u_u)(uint16_t left, unsigned int right LOG_INDEX)
      | ^~~~~~~~~
/home/user42/data/csmith/runtime/random_inc.h:99:23: error: invalid storage class for function â€˜safe_unary_minus_func_uint32_t_uâ€™
   99 | #define FUNC_NAME(x) (safe_##x)
      |                       ^~~~~
/home/user42/data/csmith/build/runtime/safe_math.h:743:1: note: in expansion of macro â€˜FUNC_NAMEâ€™
  743 | FUNC_NAME(unary_minus_func_uint32_t_u)(uint32_t ui LOG_INDEX)
      | ^~~~~~~~~
/home/user42/data/csmith/runtime/random_inc.h:99:23: error: invalid storage class for function â€˜safe_add_func_uint32_t_u_uâ€™
   99 | #define FUNC_NAME(x) (safe_##x)
      |                       ^~~~~
/home/user42/data/csmith/build/runtime/safe_math.h:750:1: note: in expansion of macro â€˜FUNC_NAMEâ€™
  750 | FUNC_NAME(add_func_uint32_t_u_u)(uint32_t ui1, uint32_t ui2 LOG_INDEX)
      | ^~~~~~~~~
/home/user42/data/csmith/runtime/random_inc.h:99:23: error: invalid storage class for function â€˜safe_sub_func_uint32_t_u_uâ€™
   99 | #define FUNC_NAME(x) (safe_##x)
      |                       ^~~~~
/home/user42/data/csmith/build/runtime/safe_math.h:757:1: note: in expansion of macro â€˜FUNC_NAMEâ€™
  757 | FUNC_NAME(sub_func_uint32_t_u_u)(uint32_t ui1, uint32_t ui2 LOG_INDEX)
      | ^~~~~~~~~
/home/user42/data/csmith/runtime/random_inc.h:99:23: error: invalid storage class for function â€˜safe_mul_func_uint32_t_u_uâ€™
   99 | #define FUNC_NAME(x) (safe_##x)
      |                       ^~~~~
/home/user42/data/csmith/build/runtime/safe_math.h:764:1: note: in expansion of macro â€˜FUNC_NAMEâ€™
  764 | FUNC_NAME(mul_func_uint32_t_u_u)(uint32_t ui1, uint32_t ui2 LOG_INDEX)
      | ^~~~~~~~~
/home/user42/data/csmith/runtime/random_inc.h:99:23: error: invalid storage class for function â€˜safe_mod_func_uint32_t_u_uâ€™
   99 | #define FUNC_NAME(x) (safe_##x)
      |                       ^~~~~
/home/user42/data/csmith/build/runtime/safe_math.h:771:1: note: in expansion of macro â€˜FUNC_NAMEâ€™
  771 | FUNC_NAME(mod_func_uint32_t_u_u)(uint32_t ui1, uint32_t ui2 LOG_INDEX)
      | ^~~~~~~~~
/home/user42/data/csmith/runtime/random_inc.h:99:23: error: invalid storage class for function â€˜safe_div_func_uint32_t_u_uâ€™
   99 | #define FUNC_NAME(x) (safe_##x)
      |                       ^~~~~
/home/user42/data/csmith/build/runtime/safe_math.h:783:1: note: in expansion of macro â€˜FUNC_NAMEâ€™
  783 | FUNC_NAME(div_func_uint32_t_u_u)(uint32_t ui1, uint32_t ui2 LOG_INDEX)
      | ^~~~~~~~~
/home/user42/data/csmith/runtime/random_inc.h:99:23: error: invalid storage class for function â€˜safe_lshift_func_uint32_t_u_sâ€™
   99 | #define FUNC_NAME(x) (safe_##x)
      |                       ^~~~~
/home/user42/data/csmith/build/runtime/safe_math.h:795:1: note: in expansion of macro â€˜FUNC_NAMEâ€™
  795 | FUNC_NAME(lshift_func_uint32_t_u_s)(uint32_t left, int right LOG_INDEX)
      | ^~~~~~~~~
/home/user42/data/csmith/runtime/random_inc.h:99:23: error: invalid storage class for function â€˜safe_lshift_func_uint32_t_u_uâ€™
   99 | #define FUNC_NAME(x) (safe_##x)
      |                       ^~~~~
/home/user42/data/csmith/build/runtime/safe_math.h:807:1: note: in expansion of macro â€˜FUNC_NAMEâ€™
  807 | FUNC_NAME(lshift_func_uint32_t_u_u)(uint32_t left, unsigned int right LOG_INDEX)
      | ^~~~~~~~~
/home/user42/data/csmith/runtime/random_inc.h:99:23: error: invalid storage class for function â€˜safe_rshift_func_uint32_t_u_sâ€™
   99 | #define FUNC_NAME(x) (safe_##x)
      |                       ^~~~~
/home/user42/data/csmith/build/runtime/safe_math.h:819:1: note: in expansion of macro â€˜FUNC_NAMEâ€™
  819 | FUNC_NAME(rshift_func_uint32_t_u_s)(uint32_t left, int right LOG_INDEX)
      | ^~~~~~~~~
/home/user42/data/csmith/runtime/random_inc.h:99:23: error: invalid storage class for function â€˜safe_rshift_func_uint32_t_u_uâ€™
   99 | #define FUNC_NAME(x) (safe_##x)
      |                       ^~~~~
/home/user42/data/csmith/build/runtime/safe_math.h:831:1: note: in expansion of macro â€˜FUNC_NAMEâ€™
  831 | FUNC_NAME(rshift_func_uint32_t_u_u)(uint32_t left, unsigned int right LOG_INDEX)
      | ^~~~~~~~~
/home/user42/data/csmith/runtime/random_inc.h:99:23: error: invalid storage class for function â€˜safe_unary_minus_func_uint64_t_uâ€™
   99 | #define FUNC_NAME(x) (safe_##x)
      |                       ^~~~~
/home/user42/data/csmith/build/runtime/safe_math.h:846:1: note: in expansion of macro â€˜FUNC_NAMEâ€™
  846 | FUNC_NAME(unary_minus_func_uint64_t_u)(uint64_t ui LOG_INDEX)
      | ^~~~~~~~~
/home/user42/data/csmith/runtime/random_inc.h:99:23: error: invalid storage class for function â€˜safe_add_func_uint64_t_u_uâ€™
   99 | #define FUNC_NAME(x) (safe_##x)
      |                       ^~~~~
/home/user42/data/csmith/build/runtime/safe_math.h:853:1: note: in expansion of macro â€˜FUNC_NAMEâ€™
  853 | FUNC_NAME(add_func_uint64_t_u_u)(uint64_t ui1, uint64_t ui2 LOG_INDEX)
      | ^~~~~~~~~
/home/user42/data/csmith/runtime/random_inc.h:99:23: error: invalid storage class for function â€˜safe_sub_func_uint64_t_u_uâ€™
   99 | #define FUNC_NAME(x) (safe_##x)
      |                       ^~~~~
/home/user42/data/csmith/build/runtime/safe_math.h:860:1: note: in expansion of macro â€˜FUNC_NAMEâ€™
  860 | FUNC_NAME(sub_func_uint64_t_u_u)(uint64_t ui1, uint64_t ui2 LOG_INDEX)
      | ^~~~~~~~~
/home/user42/data/csmith/runtime/random_inc.h:99:23: error: invalid storage class for function â€˜safe_mul_func_uint64_t_u_uâ€™
   99 | #define FUNC_NAME(x) (safe_##x)
      |                       ^~~~~
/home/user42/data/csmith/build/runtime/safe_math.h:867:1: note: in expansion of macro â€˜FUNC_NAMEâ€™
  867 | FUNC_NAME(mul_func_uint64_t_u_u)(uint64_t ui1, uint64_t ui2 LOG_INDEX)
      | ^~~~~~~~~
/home/user42/data/csmith/runtime/random_inc.h:99:23: error: invalid storage class for function â€˜safe_mod_func_uint64_t_u_uâ€™
   99 | #define FUNC_NAME(x) (safe_##x)
      |                       ^~~~~
/home/user42/data/csmith/build/runtime/safe_math.h:874:1: note: in expansion of macro â€˜FUNC_NAMEâ€™
  874 | FUNC_NAME(mod_func_uint64_t_u_u)(uint64_t ui1, uint64_t ui2 LOG_INDEX)
      | ^~~~~~~~~
/home/user42/data/csmith/runtime/random_inc.h:99:23: error: invalid storage class for function â€˜safe_div_func_uint64_t_u_uâ€™
   99 | #define FUNC_NAME(x) (safe_##x)
      |                       ^~~~~
/home/user42/data/csmith/build/runtime/safe_math.h:886:1: note: in expansion of macro â€˜FUNC_NAMEâ€™
  886 | FUNC_NAME(div_func_uint64_t_u_u)(uint64_t ui1, uint64_t ui2 LOG_INDEX)
      | ^~~~~~~~~
/home/user42/data/csmith/runtime/random_inc.h:99:23: error: invalid storage class for function â€˜safe_lshift_func_uint64_t_u_sâ€™
   99 | #define FUNC_NAME(x) (safe_##x)
      |                       ^~~~~
/home/user42/data/csmith/build/runtime/safe_math.h:898:1: note: in expansion of macro â€˜FUNC_NAMEâ€™
  898 | FUNC_NAME(lshift_func_uint64_t_u_s)(uint64_t left, int right LOG_INDEX)
      | ^~~~~~~~~
/home/user42/data/csmith/runtime/random_inc.h:99:23: error: invalid storage class for function â€˜safe_lshift_func_uint64_t_u_uâ€™
   99 | #define FUNC_NAME(x) (safe_##x)
      |                       ^~~~~
/home/user42/data/csmith/build/runtime/safe_math.h:910:1: note: in expansion of macro â€˜FUNC_NAMEâ€™
  910 | FUNC_NAME(lshift_func_uint64_t_u_u)(uint64_t left, unsigned int right LOG_INDEX)
      | ^~~~~~~~~
/home/user42/data/csmith/runtime/random_inc.h:99:23: error: invalid storage class for function â€˜safe_rshift_func_uint64_t_u_sâ€™
   99 | #define FUNC_NAME(x) (safe_##x)
      |                       ^~~~~
/home/user42/data/csmith/build/runtime/safe_math.h:922:1: note: in expansion of macro â€˜FUNC_NAMEâ€™
  922 | FUNC_NAME(rshift_func_uint64_t_u_s)(uint64_t left, int right LOG_INDEX)
      | ^~~~~~~~~
/home/user42/data/csmith/runtime/random_inc.h:99:23: error: invalid storage class for function â€˜safe_rshift_func_uint64_t_u_uâ€™
   99 | #define FUNC_NAME(x) (safe_##x)
      |                       ^~~~~
/home/user42/data/csmith/build/runtime/safe_math.h:934:1: note: in expansion of macro â€˜FUNC_NAMEâ€™
  934 | FUNC_NAME(rshift_func_uint64_t_u_u)(uint64_t left, unsigned int right LOG_INDEX)
      | ^~~~~~~~~
/home/user42/data/csmith/runtime/random_inc.h:99:23: error: invalid storage class for function â€˜safe_add_func_float_f_fâ€™
   99 | #define FUNC_NAME(x) (safe_##x)
      |                       ^~~~~
/home/user42/data/csmith/build/runtime/safe_math.h:954:1: note: in expansion of macro â€˜FUNC_NAMEâ€™
  954 | FUNC_NAME(add_func_float_f_f)(float sf1, float sf2 LOG_INDEX)
      | ^~~~~~~~~
/home/user42/data/csmith/runtime/random_inc.h:99:23: error: invalid storage class for function â€˜safe_sub_func_float_f_fâ€™
   99 | #define FUNC_NAME(x) (safe_##x)
      |                       ^~~~~
/home/user42/data/csmith/build/runtime/safe_math.h:966:1: note: in expansion of macro â€˜FUNC_NAMEâ€™
  966 | FUNC_NAME(sub_func_float_f_f)(float sf1, float sf2 LOG_INDEX)
      | ^~~~~~~~~
/home/user42/data/csmith/runtime/random_inc.h:99:23: error: invalid storage class for function â€˜safe_mul_func_float_f_fâ€™
   99 | #define FUNC_NAME(x) (safe_##x)
      |                       ^~~~~
/home/user42/data/csmith/build/runtime/safe_math.h:978:1: note: in expansion of macro â€˜FUNC_NAMEâ€™
  978 | FUNC_NAME(mul_func_float_f_f)(float sf1, float sf2 LOG_INDEX)
      | ^~~~~~~~~
/home/user42/data/csmith/runtime/random_inc.h:99:23: error: invalid storage class for function â€˜safe_div_func_float_f_fâ€™
   99 | #define FUNC_NAME(x) (safe_##x)
      |                       ^~~~~
/home/user42/data/csmith/build/runtime/safe_math.h:994:1: note: in expansion of macro â€˜FUNC_NAMEâ€™
  994 | FUNC_NAME(div_func_float_f_f)(float sf1, float sf2 LOG_INDEX)
      | ^~~~~~~~~
/home/user42/data/csmith/runtime/random_inc.h:99:23: error: invalid storage class for function â€˜safe_add_func_double_f_fâ€™
   99 | #define FUNC_NAME(x) (safe_##x)
      |                       ^~~~~
/home/user42/data/csmith/build/runtime/safe_math.h:1013:1: note: in expansion of macro â€˜FUNC_NAMEâ€™
 1013 | FUNC_NAME(add_func_double_f_f)(double sf1, double sf2 LOG_INDEX)
      | ^~~~~~~~~
/home/user42/data/csmith/runtime/random_inc.h:99:23: error: invalid storage class for function â€˜safe_sub_func_double_f_fâ€™
   99 | #define FUNC_NAME(x) (safe_##x)
      |                       ^~~~~
/home/user42/data/csmith/build/runtime/safe_math.h:1025:1: note: in expansion of macro â€˜FUNC_NAMEâ€™
 1025 | FUNC_NAME(sub_func_double_f_f)(double sf1, double sf2 LOG_INDEX)
      | ^~~~~~~~~
/home/user42/data/csmith/runtime/random_inc.h:99:23: error: invalid storage class for function â€˜safe_mul_func_double_f_fâ€™
   99 | #define FUNC_NAME(x) (safe_##x)
      |                       ^~~~~
/home/user42/data/csmith/build/runtime/safe_math.h:1037:1: note: in expansion of macro â€˜FUNC_NAMEâ€™
 1037 | FUNC_NAME(mul_func_double_f_f)(double sf1, double sf2 LOG_INDEX)
      | ^~~~~~~~~
/home/user42/data/csmith/runtime/random_inc.h:99:23: error: invalid storage class for function â€˜safe_div_func_double_f_fâ€™
   99 | #define FUNC_NAME(x) (safe_##x)
      |                       ^~~~~
/home/user42/data/csmith/build/runtime/safe_math.h:1053:1: note: in expansion of macro â€˜FUNC_NAMEâ€™
 1053 | FUNC_NAME(div_func_double_f_f)(double sf1, double sf2 LOG_INDEX)
      | ^~~~~~~~~
/home/user42/data/csmith/runtime/random_inc.h:99:23: error: invalid storage class for function â€˜safe_convert_func_float_to_int32_tâ€™
   99 | #define FUNC_NAME(x) (safe_##x)
      |                       ^~~~~
/home/user42/data/csmith/build/runtime/safe_math.h:1194:1: note: in expansion of macro â€˜FUNC_NAMEâ€™
 1194 | FUNC_NAME(convert_func_float_to_int32_t)(float sf1 LOG_INDEX)
      | ^~~~~~~~~
/home/user42/data/csmith/runtime/csmith.h:51:1: error: invalid storage class for function â€˜crc32_gentabâ€™
   51 | crc32_gentab (void)
      | ^~~~~~~~~~~~
/home/user42/data/csmith/runtime/csmith.h:71:1: error: invalid storage class for function â€˜crc32_byteâ€™
   71 | crc32_byte (uint8_t b) {
      | ^~~~~~~~~~
/home/user42/data/csmith/runtime/csmith.h:97:1: error: invalid storage class for function â€˜crc32_8bytesâ€™
   97 | crc32_8bytes (uint64_t val)
      | ^~~~~~~~~~~~
/home/user42/data/csmith/runtime/csmith.h:110:1: error: invalid storage class for function â€˜transparent_crcâ€™
  110 | transparent_crc (uint64_t val, char* vname, int flag)
      | ^~~~~~~~~~~~~~~
/home/user42/data/csmith/runtime/csmith.h:121:1: error: invalid storage class for function â€˜transparent_crc_bytesâ€™
  121 | transparent_crc_bytes (char *ptr, int nbytes, char* vname, int flag)
      | ^~~~~~~~~~~~~~~~~~~~~
/home/user42/directed-compiler-fuzzing-code/scripts/8-crash-testing/tar-data/clang-fuzzer-3/segment_1/209f31c8b2dfe55cd6bc36bfa4ef8c93e5c2f4e3.c:253:15: error: conflicting types for â€˜bâ€™; have â€˜int32_tâ€™ {aka â€˜intâ€™}
  253 | int32_t a=-1, b=0;
      |               ^
/home/user42/directed-compiler-fuzzing-code/scripts/8-crash-testing/tar-data/clang-fuzzer-3/segment_1/209f31c8b2dfe55cd6bc36bfa4ef8c93e5c2f4e3.c:137:6: note: previous declaration of â€˜bâ€™ with type â€˜char[6]â€™
  137 | char b[6];
      |      ^
/home/user42/directed-compiler-fuzzing-code/scripts/8-crash-testing/tar-data/clang-fuzzer-3/segment_1/209f31c8b2dfe55cd6bc36bfa4ef8c93e5c2f4e3.c:264:6: error: expected â€˜;â€™ before â€˜)â€™ token
  264 |  35.0) { abort (); }
      |      ^
      |      ;
/home/user42/directed-compiler-fuzzing-code/scripts/8-crash-testing/tar-data/clang-fuzzer-3/segment_1/209f31c8b2dfe55cd6bc36bfa4ef8c93e5c2f4e3.c:264:6: error: expected statement before â€˜)â€™ token
/home/user42/directed-compiler-fuzzing-code/scripts/8-crash-testing/tar-data/clang-fuzzer-3/segment_1/209f31c8b2dfe55cd6bc36bfa4ef8c93e5c2f4e3.c: At top level:
/home/user42/directed-compiler-fuzzing-code/scripts/8-crash-testing/tar-data/clang-fuzzer-3/segment_1/209f31c8b2dfe55cd6bc36bfa4ef8c93e5c2f4e3.c:294:6: error: expected â€˜=â€™, â€˜,â€™, â€˜;â€™, â€˜asmâ€™ or â€˜__attribute__â€™ before â€˜.â€™ token
  294 |   res.v = k2;
      |      ^
/home/user42/directed-compiler-fuzzing-code/scripts/8-crash-testing/tar-data/clang-fuzzer-3/segment_1/209f31c8b2dfe55cd6bc36bfa4ef8c93e5c2f4e3.c:296:14: error: expected â€˜)â€™ before â€˜.â€™ token
  296 |   verify (res.i[0], res.i[1], 15, 7, big);
      |              ^
      |              )
/home/user42/directed-compiler-fuzzing-code/scripts/8-crash-testing/tar-data/clang-fuzzer-3/segment_1/209f31c8b2dfe55cd6bc36bfa4ef8c93e5c2f4e3.c:298:8: error: â€˜iâ€™ undeclared here (not in a function)
  298 |   k3 = i & j;
      |        ^
/home/user42/directed-compiler-fuzzing-code/scripts/8-crash-testing/tar-data/clang-fuzzer-3/segment_1/209f31c8b2dfe55cd6bc36bfa4ef8c93e5c2f4e3.c:298:12: error: â€˜jâ€™ undeclared here (not in a function)
  298 |   k3 = i & j;
      |            ^
/home/user42/directed-compiler-fuzzing-code/scripts/8-crash-testing/tar-data/clang-fuzzer-3/segment_1/209f31c8b2dfe55cd6bc36bfa4ef8c93e5c2f4e3.c:299:6: error: expected â€˜=â€™, â€˜,â€™, â€˜;â€™, â€˜asmâ€™ or â€˜__attribute__â€™ before â€˜.â€™ token
  299 |   res.v = k3;
      |      ^
/home/user42/directed-compiler-fuzzing-code/scripts/8-crash-testing/tar-data/clang-fuzzer-3/segment_1/209f31c8b2dfe55cd6bc36bfa4ef8c93e5c2f4e3.c:301:14: error: expected â€˜)â€™ before â€˜.â€™ token
  301 |   verify (res.i[0], res.i[1], 2, 4, big);
      |              ^
      |              )
/home/user42/directed-compiler-fuzzing-code/scripts/8-crash-testing/tar-data/clang-fuzzer-3/segment_1/209f31c8b2dfe55cd6bc36bfa4ef8c93e5c2f4e3.c:304:6: error: expected â€˜=â€™, â€˜,â€™, â€˜;â€™, â€˜asmâ€™ or â€˜__attribute__â€™ before â€˜.â€™ token
  304 |   res.v = k4;
      |      ^
/home/user42/directed-compiler-fuzzing-code/scripts/8-crash-testing/tar-data/clang-fuzzer-3/segment_1/209f31c8b2dfe55cd6bc36bfa4ef8c93e5c2f4e3.c:306:14: error: expected â€˜)â€™ before â€˜.â€™ token
  306 |   verify (res.i[0], res.i[1], 158, 109, big);
      |              ^
      |              )
/home/user42/directed-compiler-fuzzing-code/scripts/8-crash-testing/tar-data/clang-fuzzer-3/segment_1/209f31c8b2dfe55cd6bc36bfa4ef8c93e5c2f4e3.c:309:6: error: expected â€˜=â€™, â€˜,â€™, â€˜;â€™, â€˜asmâ€™ or â€˜__attribute__â€™ before â€˜.â€™ token
  309 |   res.v = k5;
      |      ^
/home/user42/directed-compiler-fuzzing-code/scripts/8-crash-testing/tar-data/clang-fuzzer-3/segment_1/209f31c8b2dfe55cd6bc36bfa4ef8c93e5c2f4e3.c:311:14: error: expected â€˜)â€™ before â€˜.â€™ token
  311 |   verify (res.i[0], res.i[1], 156, 105, big)ov7 == dp7.ov7);
      |              ^
      |              )
/home/user42/directed-compiler-fuzzing-code/scripts/8-crash-testing/tar-data/clang-fuzzer-3/segment_1/209f31c8b2dfe55cd6bc36bfa4ef8c93e5c2f4e3.c:3:14: error: expected identifier or â€˜(â€™ before â€˜ifâ€™
    3 | #define A(x) if (!(x)) abort ()
      |              ^~
/home/user42/directed-compiler-fuzzing-code/scripts/8-crash-testing/tar-data/clang-fuzzer-3/segment_1/209f31c8b2dfe55cd6bc36bfa4ef8c93e5c2f4e3.c:312:3: note: in expansion of macro â€˜Aâ€™
  312 |   A (yv7.pv7 == dp7.pv7;
      |   ^
/home/user42/directed-compiler-fuzzing-code/scripts/8-crash-testing/tar-data/clang-fuzzer-3/segment_1/209f31c8b2dfe55cd6bc36bfa4ef8c93e5c2f4e3.c:315:6: error: expected â€˜=â€™, â€˜,â€™, â€˜;â€™, â€˜asmâ€™ or â€˜__attribute__â€™ before â€˜.â€™ token
  315 |   res.v = k6;
      |      ^
/home/user42/directed-compiler-fuzzing-code/scripts/8-crash-testing/tar-data/clang-fuzzer-3/segment_1/209f31c8b2dfe55cd6bc36bfa4ef8c93e5c2f4e3.c:3:20: note: in definition of macro â€˜Aâ€™
    3 | #define A(x) if (!(x)) abort ()
      |                    ^
/home/user42/directed-compiler-fuzzing-code/scripts/8-crash-testing/tar-data/clang-fuzzer-3/segment_1/209f31c8b2dfe55cd6bc36bfa4ef8c93e5c2f4e3.c:316:14: error: expected â€˜)â€™ before â€˜.â€™ token
  316 |   verify (res.i[0], res.i[1], -150, -100, big);
      |              ^
/home/user42/directed-compiler-fuzzing-code/scripts/8-crash-testing/tar-data/clang-fuzzer-3/segment_1/209f31c8b2dfe55cd6bc36bfa4ef8c93e5c2f4e3.c:3:20: note: in definition of macro â€˜Aâ€™
    3 | #define A(x) if (!(x)) abort ()
      |                    ^
/home/user42/directed-compiler-fuzzing-code/scripts/8-crash-testing/tar-data/clang-fuzzer-3/segment_1/209f31c8b2dfe55cd6bc36bfa4ef8c93e5c2f4e3.c:319:6: error: expected â€˜=â€™, â€˜,â€™, â€˜;â€™, â€˜asmâ€™ or â€˜__attribute__â€™ before â€˜.â€™ token
  319 |   res.v = k7;
      |      ^
/home/user42/directed-compiler-fuzzing-code/scripts/8-crash-testing/tar-data/clang-fuzzer-3/segment_1/209f31c8b2dfe55cd6bc36bfa4ef8c93e5c2f4e3.c:3:20: note: in definition of macro â€˜Aâ€™
    3 | #define A(x) if (!(x)) abort ()
      |                    ^
/home/user42/directed-compiler-fuzzing-code/scripts/8-crash-testing/tar-data/clang-fuzzer-3/segment_1/209f31c8b2dfe55cd6bc36bfa4ef8c93e5c2f4e3.c:320:14: error: expected â€˜)â€™ before â€˜.â€™ token
  320 |   verify (res.i[0], res.i[1], -151, -101, big);
      |              ^
/home/user42/directed-compiler-fuzzing-code/scripts/8-crash-testing/tar-data/clang-fuzzer-3/segment_1/209f31c8b2dfe55cd6bc36bfa4ef8c93e5c2f4e3.c:3:20: note: in definition of macro â€˜Aâ€™
    3 | #define A(x) if (!(x)) abort ()
      |                    ^
/home/user42/directed-compiler-fuzzing-code/scripts/8-crash-testing/tar-data/clang-fuzzer-3/segment_1/209f31c8b2dfe55cd6bc36bfa4ef8c93e5c2f4e3.c:322:7: error: â€˜k0â€™ undeclared here (not in a function); did you mean â€˜kâ€™?
  322 |   k = k0 + k1 + k3 + k4 + k5 + k6 + k7;
      |       ^~
/home/user42/directed-compiler-fuzzing-code/scripts/8-crash-testing/tar-data/clang-fuzzer-3/segment_1/209f31c8b2dfe55cd6bc36bfa4ef8c93e5c2f4e3.c:3:20: note: in definition of macro â€˜Aâ€™
    3 | #define A(x) if (!(x)) abort ()
      |                    ^
/home/user42/directed-compiler-fuzzing-code/scripts/8-crash-testing/tar-data/clang-fuzzer-3/segment_1/209f31c8b2dfe55cd6bc36bfa4ef8c93e5c2f4e3.c:322:12: error: â€˜k1â€™ undeclared here (not in a function); did you mean â€˜kâ€™?
  322 |   k = k0 + k1 + k3 + k4 + k5 + k6 + k7;
      |            ^~
/home/user42/directed-compiler-fuzzing-code/scripts/8-crash-testing/tar-data/clang-fuzzer-3/segment_1/209f31c8b2dfe55cd6bc36bfa4ef8c93e5c2f4e3.c:3:20: note: in definition of macro â€˜Aâ€™
    3 | #define A(x) if (!(x)) abort ()
      |                    ^
/home/user42/directed-compiler-fuzzing-code/scripts/8-crash-testing/tar-data/clang-fuzzer-3/segment_1/209f31c8b2dfe55cd6bc36bfa4ef8c93e5c2f4e3.c:323:6: error: expected â€˜=â€™, â€˜,â€™, â€˜;â€™, â€˜asmâ€™ or â€˜__attribute__â€™ before â€˜.â€™ token
  323 |   res.v = k;
      |      ^
/home/user42/directed-compiler-fuzzing-code/scripts/8-crash-testing/tar-data/clang-fuzzer-3/segment_1/209f31c8b2dfe55cd6bc36bfa4ef8c93e5c2f4e3.c:3:20: note: in definition of macro â€˜Aâ€™
    3 | #define A(x) if (!(x)) abort ()
      |                    ^
/home/user42/directed-compiler-fuzzing-code/scripts/8-crash-testing/tar-data/clang-fuzzer-3/segment_1/209f31c8b2dfe55cd6bc36bfa4ef8c93e5c2f4e3.c:324:14: error: expected â€˜)â€™ before â€˜.â€™ token
  324 |   verify (res.i[0], res.i[1], 1675, 1430, big);
      |              ^
/home/user42/directed-compiler-fuzzing-code/scripts/8-crash-testing/tar-data/clang-fuzzer-3/segment_1/209f31c8b2dfe55cd6bc36bfa4ef8c93e5c2f4e3.c:3:20: note: in definition of macro â€˜Aâ€™
    3 | #define A(x) if (!(x)) abort ()
      |                    ^
/home/user42/directed-compiler-fuzzing-code/scripts/8-crash-testing/tar-data/clang-fuzzer-3/segment_1/209f31c8b2dfe55cd6bc36bfa4ef8c93e5c2f4e3.c:326:3: error: redefinition of â€˜kâ€™
  326 |   k = k0 * k1 * k3 * k4 * k5 * k6 * k7;
      |   ^
/home/user42/directed-compiler-fuzzing-code/scripts/8-crash-testing/tar-data/clang-fuzzer-3/segment_1/209f31c8b2dfe55cd6bc36bfa4ef8c93e5c2f4e3.c:3:20: note: in definition of macro â€˜Aâ€™
    3 | #define A(x) if (!(x)) abort ()
      |                    ^
/home/user42/directed-compiler-fuzzing-code/scripts/8-crash-testing/tar-data/clang-fuzzer-3/segment_1/209f31c8b2dfe55cd6bc36bfa4ef8c93e5c2f4e3.c:322:3: note: previous definition of â€˜kâ€™ with type â€˜intâ€™
  322 |   k = k0 + k1 + k3 + k4 + k5 + k6 + k7;
      |   ^
/home/user42/directed-compiler-fuzzing-code/scripts/8-crash-testing/tar-data/clang-fuzzer-3/segment_1/209f31c8b2dfe55cd6bc36bfa4ef8c93e5c2f4e3.c:3:20: note: in definition of macro â€˜Aâ€™
    3 | #define A(x) if (!(x)) abort ()
      |                    ^
/home/user42/directed-compiler-fuzzing-code/scripts/8-crash-testing/tar-data/clang-fuzzer-3/segment_1/209f31c8b2dfe55cd6bc36bfa4ef8c93e5c2f4e3.c:327:6: error: expected â€˜=â€™, â€˜,â€™, â€˜;â€™, â€˜asmâ€™ or â€˜__attribute__â€™ before â€˜.â€™ token
  327 |   res.v = k;
      |      ^
/home/user42/directed-compiler-fuzzing-code/scripts/8-crash-testing/tar-data/clang-fuzzer-3/segment_1/209f31c8b2dfe55cd6bc36bfa4ef8c93e5c2f4e3.c:3:20: note: in definition of macro â€˜Aâ€™
    3 | #define A(x) if (!(x)) abort ()
      |                    ^
/home/user42/directed-compiler-fuzzing-code/scripts/8-crash-testing/tar-data/clang-fuzzer-3/segment_1/209f31c8b2dfe55cd6bc36bfa4ef8c93e5c2f4e3.c:328:14: error: expected â€˜)â€™ before â€˜.â€™ token
  328 |   verify (res.i[0], res.i[1], 1456467968, -1579586240, big);
      |              ^
/home/user42/directed-compiler-fuzzing-code/scripts/8-crash-testing/tar-data/clang-fuzzer-3/segment_1/209f31c8b2dfe55cd6bc36bfa4ef8c93e5c2f4e3.c:3:20: note: in definition of macro â€˜Aâ€™
    3 | #define A(x) if (!(x)) abort ()
      |                    ^
/home/user42/directed-compiler-fuzzing-code/scripts/8-crash-testing/tar-data/clang-fuzzer-3/segment_1/209f31c8b2dfe55cd6bc36bfa4ef8c93e5c2f4e3.c:330:3: error: redefinition of â€˜kâ€™
  330 |   k = k0 / k1 / k2 / k3 / k4 / k5 / k6 / k7;
      |   ^
/home/user42/directed-compiler-fuzzing-code/scripts/8-crash-testing/tar-data/clang-fuzzer-3/segment_1/209f31c8b2dfe55cd6bc36bfa4ef8c93e5c2f4e3.c:3:20: note: in definition of macro â€˜Aâ€™
    3 | #define A(x) if (!(x)) abort ()
      |                    ^
/home/user42/directed-compiler-fuzzing-code/scripts/8-crash-testing/tar-data/clang-fuzzer-3/segment_1/209f31c8b2dfe55cd6bc36bfa4ef8c93e5c2f4e3.c:322:3: note: previous definition of â€˜kâ€™ with type â€˜intâ€™
  322 |   k = k0 + k1 + k3 + k4 + k5 + k6 + k7;
      |   ^
/home/user42/directed-compiler-fuzzing-code/scripts/8-crash-testing/tar-data/clang-fuzzer-3/segment_1/209f31c8b2dfe55cd6bc36bfa4ef8c93e5c2f4e3.c:3:20: note: in definition of macro â€˜Aâ€™
    3 | #define A(x) if (!(x)) abort ()
      |                    ^
/home/user42/directed-compiler-fuzzing-code/scripts/8-crash-testing/tar-data/clang-fuzzer-3/segment_1/209f31c8b2dfe55cd6bc36bfa4ef8c93e5c2f4e3.c:330:17: error: â€˜k2â€™ undeclared here (not in a function); did you mean â€˜kâ€™?
  330 |   k = k0 / k1 / k2 / k3 / k4 / k5 / k6 / k7;
      |                 ^~
/home/user42/directed-compiler-fuzzing-code/scripts/8-crash-testing/tar-data/clang-fuzzer-3/segment_1/209f31c8b2dfe55cd6bc36bfa4ef8c93e5c2f4e3.c:3:20: note: in definition of macro â€˜Aâ€™
    3 | #define A(x) if (!(x)) abort ()
      |                    ^
/home/user42/directed-compiler-fuzzing-code/scripts/8-crash-testing/tar-data/clang-fuzzer-3/segment_1/209f31c8b2dfe55cd6bc36bfa4ef8c93e5c2f4e3.c:331:6: error: expected â€˜=â€™, â€˜,â€™, â€˜;â€™, â€˜asmâ€™ or â€˜__attribute__â€™ before â€˜.â€™ token
  331 |   res.v = k;
      |      ^
/home/user42/directed-compiler-fuzzing-code/scripts/8-crash-testing/tar-data/clang-fuzzer-3/segment_1/209f31c8b2dfe55cd6bc36bfa4ef8c93e5c2f4e3.c:3:20: note: in definition of macro â€˜Aâ€™
    3 | #define A(x) if (!(x)) abort ()
      |                    ^
/home/user42/directed-compiler-fuzzing-code/scripts/8-crash-testing/tar-data/clang-fuzzer-3/segment_1/209f31c8b2dfe55cd6bc36bfa4ef8c93e5c2f4e3.c:3:21: error: expected identifier or â€˜(â€™ before â€˜)â€™ token
    3 | #define A(x) if (!(x)) abort ()
      |                     ^
/home/user42/directed-compiler-fuzzing-code/scripts/8-crash-testing/tar-data/clang-fuzzer-3/segment_1/209f31c8b2dfe55cd6bc36bfa4ef8c93e5c2f4e3.c:312:3: note: in expansion of macro â€˜Aâ€™
  312 |   A (yv7.pv7 == dp7.pv7;
      |   ^
/home/user42/directed-compiler-fuzzing-code/scripts/8-crash-testing/tar-data/clang-fuzzer-3/segment_1/209f31c8b2dfe55cd6bc36bfa4ef8c93e5c2f4e3.c:3:14: error: expected identifier or â€˜(â€™ before â€˜ifâ€™
    3 | #define A(x) if (!(x)) abort ()
      |              ^~
/home/user42/directed-compiler-fuzzing-code/scripts/8-crash-testing/tar-data/clang-fuzzer-3/segment_1/209f31c8b2dfe55cd6bc36bfa4ef8c93e5c2f4e3.c:333:3: note: in expansion of macro â€˜Aâ€™
  333 |   A (zv7.qv7 == ep7.qv7);
      |   ^
/home/user42/directed-compiler-fuzzing-code/scripts/8-crash-testing/tar-data/clang-fuzzer-3/segment_1/209f31c8b2dfe55cd6bc36bfa4ef8c93e5c2f4e3.c:3:14: error: expected identifier or â€˜(â€™ before â€˜ifâ€™
    3 | #define A(x) if (!(x)) abort ()
      |              ^~
/home/user42/directed-compiler-fuzzing-code/scripts/8-crash-testing/tar-data/clang-fuzzer-3/segment_1/209f31c8b2dfe55cd6bc36bfa4ef8c93e5c2f4e3.c:334:3: note: in expansion of macro â€˜Aâ€™
  334 |   A (bav7 == fp7);
      |   ^
/home/user42/directed-compiler-fuzzing-code/scripts/8-crash-testing/tar-data/clang-fuzzer-3/segment_1/209f31c8b2dfe55cd6bc36bfa4ef8c93e5c2f4e3.c:336:2: error: invalid preprocessing directive #incl7; did you mean #include?
  336 | #incl7.tv7);
      |  ^~~~~
      |  include
/home/user42/directed-compiler-fuzzing-code/scripts/8-crash-testing/tar-data/clang-fuzzer-3/segment_1/209f31c8b2dfe55cd6bc36bfa4ef8c93e5c2f4e3.c:364:2: error: unterminated argument list invoking macro "A"
  364 | /
      |  ^
/home/user42/directed-compiler-fuzzing-code/scripts/8-crash-testing/tar-data/clang-fuzzer-3/segment_1/209f31c8b2dfe55cd6bc36bfa4ef8c93e5c2f4e3.c:335:3: error: expected â€˜=â€™, â€˜,â€™, â€˜;â€™, â€˜asmâ€™ or â€˜__attribute__â€™ at end of input
  335 |   A (bbv7. */
      |   ^
/home/user42/directed-compiler-fuzzing-code/scripts/8-crash-testing/tar-data/clang-fuzzer-3/segment_1/209f31c8b2dfe55cd6bc36bfa4ef8c93e5c2f4e3.c: In function â€˜mlainâ€™:
/home/user42/directed-compiler-fuzzing-code/scripts/8-crash-testing/tar-data/clang-fuzzer-3/segment_1/209f31c8b2dfe55cd6bc36bfa4ef8c93e5c2f4e3.c:145:10: internal compiler error: tree check: expected array_type, have error_mark in array_ref_low_bound, at tree.cc:12479
  145 | Š   if (b[0] != '1' || b[1] != '2' || b[2] !} */
      |         ~^~~
0x7e3fd0 tree_check_failed(tree_node const*, char const*, int, char const*, ...)
	.././../gcc-source/gcc/tree.cc:8688
0x7edb6d tree_check(tree_node*, char const*, int, char const*, tree_code)
	.././../gcc-source/gcc/tree.h:3450
0x7edb6d array_ref_low_bound(tree_node*)
	.././../gcc-source/gcc/tree.cc:12479
0xc310ef gimplify_compound_lval
	.././../gcc-source/gcc/gimplify.cc:3204
0xc2a904 gimplify_expr(tree_node**, gimple**, gimple**, bool (*)(tree_node*), int)
	.././../gcc-source/gcc/gimplify.cc:15008
0xc2ad71 gimplify_expr(tree_node**, gimple**, gimple**, bool (*)(tree_node*), int)
	.././../gcc-source/gcc/gimplify.cc:15833
0xc3a02b gimplify_cond_expr
	.././../gcc-source/gcc/gimplify.cc:4404
0xc2b840 gimplify_expr(tree_node**, gimple**, gimple**, bool (*)(tree_node*), int)
	.././../gcc-source/gcc/gimplify.cc:15013
0xc2e7f6 gimplify_stmt(tree_node**, gimple**)
	.././../gcc-source/gcc/gimplify.cc:7111
0xc3a51f gimplify_cond_expr
	.././../gcc-source/gcc/gimplify.cc:4393
0xc2b840 gimplify_expr(tree_node**, gimple**, gimple**, bool (*)(tree_node*), int)
	.././../gcc-source/gcc/gimplify.cc:15013
0xc2e7f6 gimplify_stmt(tree_node**, gimple**)
	.././../gcc-source/gcc/gimplify.cc:7111
0xc2b8eb gimplify_statement_list
	.././../gcc-source/gcc/gimplify.cc:2019
0xc2b8eb gimplify_expr(tree_node**, gimple**, gimple**, bool (*)(tree_node*), int)
	.././../gcc-source/gcc/gimplify.cc:15501
0xc2e7f6 gimplify_stmt(tree_node**, gimple**)
	.././../gcc-source/gcc/gimplify.cc:7111
0xc2efb4 gimplify_bind_expr
	.././../gcc-source/gcc/gimplify.cc:1428
0xc2b891 gimplify_expr(tree_node**, gimple**, gimple**, bool (*)(tree_node*), int)
	.././../gcc-source/gcc/gimplify.cc:15257
0xc3d02f gimplify_stmt(tree_node**, gimple**)
	.././../gcc-source/gcc/gimplify.cc:7111
0xc3d02f gimplify_body(tree_node*, bool)
	.././../gcc-source/gcc/gimplify.cc:16313
0xc3d47d gimplify_function_tree(tree_node*)
	.././../gcc-source/gcc/gimplify.cc:16467
Please submit a full bug report, with preprocessed source (by using -freport-bug).
Please include the complete backtrace with any bug report.
See <https://gcc.gnu.org/bugs/> for instructions.
