/home/user42/directed-compiler-fuzzing-code/scripts/8-crash-testing/input/segment_15/190a561eb26a75ee6c6fda8d97cde02b73a002b1.c:108:1: error: type name requires a specifier or qualifier
/c-testsuite/c-testsuite */
^
/home/user42/directed-compiler-fuzzing-code/scripts/8-crash-testing/input/segment_15/190a561eb26a75ee6c6fda8d97cde02b73a002b1.c:108:1: error: expected member name or ';' after declaration specifiers
/home/user42/directed-compiler-fuzzing-code/scripts/8-crash-testing/input/segment_15/190a561eb26a75ee6c6fda8d97cde02b73a002b1.c:107:16: error: expected ';' at end of declaration list
struct flowi6 {
               ^
               ;
/home/user42/directed-compiler-fuzzing-code/scripts/8-crash-testing/input/segment_15/190a561eb26a75ee6c6fda8d97cde02b73a002b1.c:110:1: error: type name does not allow storage class to be specified
typedef struct {} empty_s;
^
/home/user42/directed-compiler-fuzzing-code/scripts/8-crash-testing/input/segment_15/190a561eb26a75ee6c6fda8d97cde02b73a002b1.c:111:8: error: redefinition of 'contains_empty'
struct contains_empty {
       ^
/home/user42/directed-compiler-fuzzing-code/scripts/8-crash-testing/input/segment_15/190a561eb26a75ee6c6fda8d97cde02b73a002b1.c:5:8: note: previous definition is here
struct contains_empty {
       ^
/home/user42/directed-compiler-fuzzing-code/scripts/8-crash-testing/input/segment_15/190a561eb26a75ee6c6fda8d97cde02b73a002b1.c:116:25: error: expected ';' at end of declaration list
struct contains_empty ce = { { (1) }, (empty_s){}, 022, };
                        ^
                        ;
/home/user42/directed-compiler-fuzzing-code/scripts/8-crash-testing/input/segment_15/190a561eb26a75ee6c6fda8d97cde02b73a002b1.c:122:8: error: redefinition of 'SS'
struct SS {u8 a[3], b; };
       ^
/home/user42/directed-compiler-fuzzing-code/scripts/8-crash-testing/input/segment_15/190a561eb26a75ee6c6fda8d97cde02b73a002b1.c:16:8: note: previous definition is here
struct SS {u8 a[3], b; };
       ^
/home/user42/directed-compiler-fuzzing-code/scripts/8-crash-testing/input/segment_15/190a561eb26a75ee6c6fda8d97cde02b73a002b1.c:123:20: error: expected ';' at end of declaration list
struct SS sinit16[] = { { 1 }, 2 };
                   ^
                   ;
/home/user42/directed-compiler-fuzzing-code/scripts/8-crash-testing/input/segment_15/190a561eb26a75ee6c6fda8d97cde02b73a002b1.c:124:8: error: redefinition of 'S'
struct S
       ^
/home/user42/directed-compiler-fuzzing-code/scripts/8-crash-testing/input/segment_15/190a561eb26a75ee6c6fda8d97cde02b73a002b1.c:18:8: note: previous definition is here
struct S
       ^
/home/user42/directed-compiler-fuzzing-code/scripts/8-crash-testing/input/segment_15/190a561eb26a75ee6c6fda8d97cde02b73a002b1.c:130:8: error: redefinition of 'T'
struct T
       ^
/home/user42/directed-compiler-fuzzing-code/scripts/8-crash-testing/input/segment_15/190a561eb26a75ee6c6fda8d97cde02b73a002b1.c:24:8: note: previous definition is here
struct T
       ^
/home/user42/directed-compiler-fuzzing-code/scripts/8-crash-testing/input/segment_15/190a561eb26a75ee6c6fda8d97cde02b73a002b1.c:136:8: error: redefinition of 'U'
struct U
       ^
/home/user42/directed-compiler-fuzzing-code/scripts/8-crash-testing/input/segment_15/190a561eb26a75ee6c6fda8d97cde02b73a002b1.c:30:8: note: previous definition is here
struct U
       ^
/home/user42/directed-compiler-fuzzing-code/scripts/8-crash-testing/input/segment_15/190a561eb26a75ee6c6fda8d97cde02b73a002b1.c:144:8: error: redefinition of 'V'
struct V
       ^
/home/user42/directed-compiler-fuzzing-code/scripts/8-crash-testing/input/segment_15/190a561eb26a75ee6c6fda8d97cde02b73a002b1.c:38:8: note: previous definition is here
struct V
       ^
/home/user42/directed-compiler-fuzzing-code/scripts/8-crash-testing/input/segment_15/190a561eb26a75ee6c6fda8d97cde02b73a002b1.c:151:8: error: redefinition of 'W'
struct W
       ^
/home/user42/directed-compiler-fuzzing-code/scripts/8-crash-testing/input/segment_15/190a561eb26a75ee6c6fda8d97cde02b73a002b1.c:45:8: note: previous definition is here
struct W
       ^
/home/user42/directed-compiler-fuzzing-code/scripts/8-crash-testing/input/segment_15/190a561eb26a75ee6c6fda8d97cde02b73a002b1.c:157:12: error: expected ';' at end of declaration list
struct S gs = ((struct S){1, 2, 3, 4});
           ^
           ;
/home/user42/directed-compiler-fuzzing-code/scripts/8-crash-testing/input/segment_15/190a561eb26a75ee6c6fda8d97cde02b73a002b1.c:158:13: error: expected ';' at end of declaration list
struct S gs2 = {1, 2, {3, 4}};
            ^
            ;
/home/user42/directed-compiler-fuzzing-code/scripts/8-crash-testing/input/segment_15/190a561eb26a75ee6c6fda8d97cde02b73a002b1.c:159:12: error: expected ';' at end of declaration list
struct T gt = {"hello", 42};
           ^
           ;
/home/user42/directed-compiler-fuzzing-code/scripts/8-crash-testing/input/segment_15/190a561eb26a75ee6c6fda8d97cde02b73a002b1.c:160:12: error: expected ';' at end of declaration list
struct U gu = {3, 5,6,7,8, 4, "huhu", 43};
           ^
           ;
/home/user42/directed-compiler-fuzzing-code/scripts/8-crash-testing/input/segment_15/190a561eb26a75ee6c6fda8d97cde02b73a002b1.c:161:13: error: expected ';' at end of declaration list
struct U gu2 = {3, {5,6,7,8}, 4, {"huhu", 43}};
            ^
            ;
/home/user42/directed-compiler-fuzzing-code/scripts/8-crash-testing/input/segment_15/190a561eb26a75ee6c6fda8d97cde02b73a002b1.c:164:13: error: expected ';' at end of declaration list
struct U gu3 = { {3}, {5,6,7,8,}, 4, {"huhu", 43}};
            ^
            ;
fatal error: too many errors emitted, stopping now [-ferror-limit=]
PLEASE submit a bug report to https://bugs.llvm.org/ and include the crash backtrace, preprocessed source, and associated run script.
Stack dump:
0.	Program arguments: /usr/lib/llvm-12/bin/clang -cc1 -triple x86_64-pc-linux-gnu -emit-obj -mrelax-all --mrelax-relocations -disable-free -disable-llvm-verifier -discard-value-names -main-file-name 190a561eb26a75ee6c6fda8d97cde02b73a002b1.c -mrelocation-model static -mframe-pointer=all -fmath-errno -fno-rounding-math -mconstructor-aliases -munwind-tables -target-cpu x86-64 -tune-cpu generic -fno-split-dwarf-inlining -debugger-tuning=gdb -resource-dir /usr/lib/llvm-12/lib/clang/12.0.1 -internal-isystem /usr/local/include -internal-isystem /usr/lib/llvm-12/lib/clang/12.0.1/include -internal-externc-isystem /usr/include/x86_64-linux-gnu -internal-externc-isystem /include -internal-externc-isystem /usr/include -O0 -pedantic -w -fdebug-compilation-dir /home/user42/directed-compiler-fuzzing-code/scripts/8-crash-testing/diagnostic -ferror-limit 19 -fgnuc-version=4.2.1 -faddrsig -o /tmp/190a561eb26a75ee6c6fda8d97cde02b73a002b1-a7c9fd.o -x c /home/user42/directed-compiler-fuzzing-code/scripts/8-crash-testing/input/segment_15/190a561eb26a75ee6c6fda8d97cde02b73a002b1.c
1.	/home/user42/directed-compiler-fuzzing-code/scripts/8-crash-testing/input/segment_15/190a561eb26a75ee6c6fda8d97cde02b73a002b1.c:930:11: current parser token '{'
2.	/home/user42/directed-compiler-fuzzing-code/scripts/8-crash-testing/input/segment_15/190a561eb26a75ee6c6fda8d97cde02b73a002b1.c:475:1: parsing function body 'foo'
3.	/home/user42/directed-compiler-fuzzing-code/scripts/8-crash-testing/input/segment_15/190a561eb26a75ee6c6fda8d97cde02b73a002b1.c:475:1: in compound statement ('{}')
4.	/home/user42/directed-compiler-fuzzing-code/scripts/8-crash-testing/input/segment_15/190a561eb26a75ee6c6fda8d97cde02b73a002b1.c:929:1: parsing struct/union body
 #0 0x00007ff0d1ab3001 llvm::sys::PrintStackTrace(llvm::raw_ostream&, int) (/usr/lib/x86_64-linux-gnu/libLLVM-12.so.1+0xd1a001)
 #1 0x00007ff0d1ab1140 llvm::sys::RunSignalHandlers() (/usr/lib/x86_64-linux-gnu/libLLVM-12.so.1+0xd18140)
 #2 0x00007ff0d1ab3712 (/usr/lib/x86_64-linux-gnu/libLLVM-12.so.1+0xd1a712)
 #3 0x00007ff0d96c9980 __restore_rt (/lib/x86_64-linux-gnu/libpthread.so.0+0x12980)
 #4 0x00007ff0d7487e33 clang::Decl::castFromDeclContext(clang::DeclContext const*) (/usr/lib/x86_64-linux-gnu/libclang-cpp.so.12+0xb71e33)
 #5 0x00007ff0d7a4235b clang::Sema::ActOnTag(clang::Scope*, unsigned int, clang::Sema::TagUseKind, clang::SourceLocation, clang::CXXScopeSpec&, clang::IdentifierInfo*, clang::SourceLocation, clang::ParsedAttributesView const&, clang::AccessSpecifier, clang::SourceLocation, llvm::MutableArrayRef<clang::TemplateParameterList*>, bool&, bool&, clang::SourceLocation, bool, clang::ActionResult<clang::OpaquePtr<clang::QualType>, false>, bool, bool, clang::Sema::SkipBodyInfo*) (/usr/lib/x86_64-linux-gnu/libclang-cpp.so.12+0x112c35b)
 #6 0x00007ff0d728c4ce clang::Parser::ParseClassSpecifier(clang::tok::TokenKind, clang::SourceLocation, clang::DeclSpec&, clang::Parser::ParsedTemplateInfo const&, clang::AccessSpecifier, bool, clang::Parser::DeclSpecContext, clang::Parser::ParsedAttributesWithRange&) (/usr/lib/x86_64-linux-gnu/libclang-cpp.so.12+0x9764ce)
 #7 0x00007ff0d726b3de clang::Parser::ParseDeclarationSpecifiers(clang::DeclSpec&, clang::Parser::ParsedTemplateInfo const&, clang::AccessSpecifier, clang::Parser::DeclSpecContext, clang::Parser::LateParsedAttrList*) (/usr/lib/x86_64-linux-gnu/libclang-cpp.so.12+0x9553de)
 #8 0x00007ff0d7260706 clang::Parser::ParseSpecifierQualifierList(clang::DeclSpec&, clang::AccessSpecifier, clang::Parser::DeclSpecContext) (/usr/lib/x86_64-linux-gnu/libclang-cpp.so.12+0x94a706)
 #9 0x00007ff0d72773d9 clang::Parser::ParseStructDeclaration(clang::ParsingDeclSpec&, llvm::function_ref<void (clang::ParsingFieldDeclarator&)>) (/usr/lib/x86_64-linux-gnu/libclang-cpp.so.12+0x9613d9)
#10 0x00007ff0d7277d29 clang::Parser::ParseStructUnionBody(clang::SourceLocation, clang::TypeSpecifierType, clang::RecordDecl*) (/usr/lib/x86_64-linux-gnu/libclang-cpp.so.12+0x961d29)
#11 0x00007ff0d728b648 clang::Parser::ParseClassSpecifier(clang::tok::TokenKind, clang::SourceLocation, clang::DeclSpec&, clang::Parser::ParsedTemplateInfo const&, clang::AccessSpecifier, bool, clang::Parser::DeclSpecContext, clang::Parser::ParsedAttributesWithRange&) (/usr/lib/x86_64-linux-gnu/libclang-cpp.so.12+0x975648)
#12 0x00007ff0d726b3de clang::Parser::ParseDeclarationSpecifiers(clang::DeclSpec&, clang::Parser::ParsedTemplateInfo const&, clang::AccessSpecifier, clang::Parser::DeclSpecContext, clang::Parser::LateParsedAttrList*) (/usr/lib/x86_64-linux-gnu/libclang-cpp.so.12+0x9553de)
#13 0x00007ff0d726ae26 clang::Parser::ParseSimpleDeclaration(clang::DeclaratorContext, clang::SourceLocation&, clang::Parser::ParsedAttributesWithRange&, bool, clang::Parser::ForRangeInit*, clang::SourceLocation*) (/usr/lib/x86_64-linux-gnu/libclang-cpp.so.12+0x954e26)
#14 0x00007ff0d726abf7 clang::Parser::ParseDeclaration(clang::DeclaratorContext, clang::SourceLocation&, clang::Parser::ParsedAttributesWithRange&, clang::SourceLocation*) (/usr/lib/x86_64-linux-gnu/libclang-cpp.so.12+0x954bf7)
#15 0x00007ff0d72f5503 clang::Parser::ParseStatementOrDeclarationAfterAttributes(llvm::SmallVector<clang::Stmt*, 32u>&, clang::Parser::ParsedStmtContext, clang::SourceLocation*, clang::Parser::ParsedAttributesWithRange&) (/usr/lib/x86_64-linux-gnu/libclang-cpp.so.12+0x9df503)
#16 0x00007ff0d72f47ed clang::Parser::ParseStatementOrDeclaration(llvm::SmallVector<clang::Stmt*, 32u>&, clang::Parser::ParsedStmtContext, clang::SourceLocation*) (/usr/lib/x86_64-linux-gnu/libclang-cpp.so.12+0x9de7ed)
#17 0x00007ff0d72fc880 clang::Parser::ParseCompoundStatementBody(bool) (/usr/lib/x86_64-linux-gnu/libclang-cpp.so.12+0x9e6880)
#18 0x00007ff0d72fd7a0 clang::Parser::ParseFunctionStatementBody(clang::Decl*, clang::Parser::ParseScope&) (/usr/lib/x86_64-linux-gnu/libclang-cpp.so.12+0x9e77a0)
#19 0x00007ff0d73169e3 clang::Parser::ParseFunctionDefinition(clang::ParsingDeclarator&, clang::Parser::ParsedTemplateInfo const&, clang::Parser::LateParsedAttrList*) (/usr/lib/x86_64-linux-gnu/libclang-cpp.so.12+0xa009e3)
#20 0x00007ff0d7270fb0 clang::Parser::ParseDeclGroup(clang::ParsingDeclSpec&, clang::DeclaratorContext, clang::SourceLocation*, clang::Parser::ForRangeInit*) (/usr/lib/x86_64-linux-gnu/libclang-cpp.so.12+0x95afb0)
#21 0x00007ff0d7315c0d clang::Parser::ParseDeclOrFunctionDefInternal(clang::Parser::ParsedAttributesWithRange&, clang::ParsingDeclSpec&, clang::AccessSpecifier) (/usr/lib/x86_64-linux-gnu/libclang-cpp.so.12+0x9ffc0d)
#22 0x00007ff0d7315600 clang::Parser::ParseDeclarationOrFunctionDefinition(clang::Parser::ParsedAttributesWithRange&, clang::ParsingDeclSpec*, clang::AccessSpecifier) (/usr/lib/x86_64-linux-gnu/libclang-cpp.so.12+0x9ff600)
#23 0x00007ff0d73146f5 clang::Parser::ParseExternalDeclaration(clang::Parser::ParsedAttributesWithRange&, clang::ParsingDeclSpec*) (/usr/lib/x86_64-linux-gnu/libclang-cpp.so.12+0x9fe6f5)
#24 0x00007ff0d7312e64 clang::Parser::ParseTopLevelDecl(clang::OpaquePtr<clang::DeclGroupRef>&, bool) (/usr/lib/x86_64-linux-gnu/libclang-cpp.so.12+0x9fce64)
#25 0x00007ff0d7259f5d clang::ParseAST(clang::Sema&, bool, bool) (/usr/lib/x86_64-linux-gnu/libclang-cpp.so.12+0x943f5d)
#26 0x00007ff0d81b13b3 clang::CodeGenAction::ExecuteAction() (/usr/lib/x86_64-linux-gnu/libclang-cpp.so.12+0x189b3b3)
#27 0x00007ff0d88e6446 clang::FrontendAction::Execute() (/usr/lib/x86_64-linux-gnu/libclang-cpp.so.12+0x1fd0446)
#28 0x00007ff0d886fc11 clang::CompilerInstance::ExecuteAction(clang::FrontendAction&) (/usr/lib/x86_64-linux-gnu/libclang-cpp.so.12+0x1f59c11)
#29 0x00007ff0d894d576 clang::ExecuteCompilerInvocation(clang::CompilerInstance*) (/usr/lib/x86_64-linux-gnu/libclang-cpp.so.12+0x2037576)
#30 0x0000000000412a7a cc1_main(llvm::ArrayRef<char const*>, char const*, void*) (/usr/lib/llvm-12/bin/clang+0x412a7a)
#31 0x0000000000410dbf (/usr/lib/llvm-12/bin/clang+0x410dbf)
#32 0x0000000000410bb6 main (/usr/lib/llvm-12/bin/clang+0x410bb6)
#33 0x00007ff0d0006c87 __libc_start_main (/lib/x86_64-linux-gnu/libc.so.6+0x21c87)
#34 0x000000000040ddfa _start (/usr/lib/llvm-12/bin/clang+0x40ddfa)
clang: error: unable to execute command: Segmentation fault (core dumped)
clang: error: clang frontend command failed due to signal (use -v to see invocation)
Ubuntu clang version 12.0.1-++20211102090516+fed41342a82f-1~exp1~20211102211019.11
Target: x86_64-pc-linux-gnu
Thread model: posix
InstalledDir: /usr/bin
clang: note: diagnostic msg: Error generating preprocessed source(s).
